<?xml version="1.0" encoding="UTF-8"?>
<coverage generated="1767645716118" clover="3.2.0">
  <project timestamp="1767645716118" name="All files">
    <metrics statements="1165" coveredstatements="626" conditionals="768" coveredconditionals="331" methods="210" coveredmethods="107" elements="2143" coveredelements="1064" complexity="0" loc="1165" ncloc="1165" packages="1" files="9" classes="9"/>
    <file name="api.js" path="H:\DEV\Projects\_FOXMIND\Python_Web\task16_weather\_djwr\frontend\src\js\api.js">
      <metrics statements="68" coveredstatements="64" conditionals="35" coveredconditionals="28" methods="14" coveredmethods="14"/>
      <line num="8" count="1" type="stmt"/>
      <line num="11" count="1" type="stmt"/>
      <line num="12" count="1" type="stmt"/>
      <line num="19" count="18" type="stmt"/>
      <line num="27" count="2" type="stmt"/>
      <line num="35" count="3" type="stmt"/>
      <line num="43" count="1" type="stmt"/>
      <line num="50" count="2" type="stmt"/>
      <line num="51" count="2" type="stmt"/>
      <line num="52" count="2" type="stmt"/>
      <line num="60" count="2" type="stmt"/>
      <line num="68" count="2" type="stmt"/>
      <line num="69" count="2" type="cond" truecount="1" falsecount="1"/>
      <line num="70" count="0" type="stmt"/>
      <line num="73" count="2" type="stmt"/>
      <line num="74" count="2" type="stmt"/>
      <line num="80" count="2" type="cond" truecount="2" falsecount="0"/>
      <line num="81" count="1" type="stmt"/>
      <line num="82" count="1" type="cond" truecount="1" falsecount="1"/>
      <line num="83" count="1" type="stmt"/>
      <line num="84" count="1" type="cond" truecount="1" falsecount="1"/>
      <line num="85" count="0" type="stmt"/>
      <line num="87" count="1" type="stmt"/>
      <line num="91" count="0" type="stmt"/>
      <line num="94" count="1" type="stmt"/>
      <line num="104" count="3" type="cond" truecount="1" falsecount="3"/>
      <line num="109" count="3" type="stmt"/>
      <line num="110" count="3" type="stmt"/>
      <line num="111" count="3" type="stmt"/>
      <line num="112" count="3" type="stmt"/>
      <line num="122" count="13" type="stmt"/>
      <line num="123" count="13" type="cond" truecount="2" falsecount="0"/>
      <line num="125" count="13" type="stmt"/>
      <line num="130" count="13" type="cond" truecount="2" falsecount="0"/>
      <line num="131" count="4" type="stmt"/>
      <line num="134" count="13" type="stmt"/>
      <line num="139" count="13" type="stmt"/>
      <line num="141" count="13" type="stmt"/>
      <line num="142" count="13" type="stmt"/>
      <line num="145" count="12" type="cond" truecount="4" falsecount="0"/>
      <line num="146" count="2" type="stmt"/>
      <line num="148" count="2" type="cond" truecount="2" falsecount="0"/>
      <line num="150" count="1" type="stmt"/>
      <line num="151" count="1" type="stmt"/>
      <line num="154" count="1" type="stmt"/>
      <line num="155" count="1" type="stmt"/>
      <line num="160" count="11" type="stmt"/>
      <line num="161" count="11" type="stmt"/>
      <line num="163" count="11" type="cond" truecount="2" falsecount="0"/>
      <line num="164" count="9" type="stmt"/>
      <line num="165" count="9" type="stmt"/>
      <line num="167" count="0" type="stmt"/>
      <line num="172" count="11" type="cond" truecount="2" falsecount="0"/>
      <line num="173" count="2" type="cond" truecount="2" falsecount="0"/>
      <line num="176" count="9" type="stmt"/>
      <line num="179" count="4" type="cond" truecount="2" falsecount="0"/>
      <line num="180" count="3" type="stmt"/>
      <line num="184" count="1" type="stmt"/>
      <line num="185" count="1" type="cond" truecount="1" falsecount="1"/>
      <line num="186" count="1" type="stmt"/>
      <line num="187" count="1" type="stmt"/>
      <line num="188" count="1" type="stmt"/>
      <line num="198" count="1" type="stmt"/>
      <line num="208" count="1" type="stmt"/>
      <line num="221" count="1" type="stmt"/>
      <line num="233" count="1" type="stmt"/>
      <line num="242" count="3" type="stmt"/>
      <line num="244" count="3" type="stmt"/>
    </file>
    <file name="auth.js" path="H:\DEV\Projects\_FOXMIND\Python_Web\task16_weather\_djwr\frontend\src\js\auth.js">
      <metrics statements="142" coveredstatements="42" conditionals="83" coveredconditionals="7" methods="22" coveredmethods="9"/>
      <line num="27" count="3" type="stmt"/>
      <line num="28" count="3" type="stmt"/>
      <line num="30" count="2" type="cond" truecount="2" falsecount="0"/>
      <line num="31" count="1" type="stmt"/>
      <line num="32" count="1" type="stmt"/>
      <line num="35" count="2" type="stmt"/>
      <line num="37" count="1" type="stmt"/>
      <line num="38" count="1" type="stmt"/>
      <line num="48" count="2" type="stmt"/>
      <line num="49" count="2" type="stmt"/>
      <line num="51" count="1" type="cond" truecount="1" falsecount="1"/>
      <line num="52" count="1" type="stmt"/>
      <line num="53" count="1" type="stmt"/>
      <line num="56" count="1" type="stmt"/>
      <line num="58" count="1" type="stmt"/>
      <line num="59" count="1" type="stmt"/>
      <line num="67" count="3" type="stmt"/>
      <line num="68" count="3" type="stmt"/>
      <line num="69" count="3" type="cond" truecount="2" falsecount="0"/>
      <line num="70" count="2" type="stmt"/>
      <line num="75" count="3" type="stmt"/>
      <line num="76" count="3" type="stmt"/>
      <line num="77" count="3" type="stmt"/>
      <line num="86" count="2" type="stmt"/>
      <line num="87" count="2" type="stmt"/>
      <line num="89" count="1" type="stmt"/>
      <line num="90" count="1" type="stmt"/>
      <line num="99" count="2" type="stmt"/>
      <line num="100" count="2" type="stmt"/>
      <line num="102" count="1" type="stmt"/>
      <line num="103" count="1" type="stmt"/>
      <line num="113" count="2" type="stmt"/>
      <line num="114" count="2" type="stmt"/>
      <line num="116" count="1" type="stmt"/>
      <line num="117" count="1" type="stmt"/>
      <line num="126" count="2" type="stmt"/>
      <line num="134" count="2" type="stmt"/>
      <line num="141" count="2" type="stmt"/>
      <line num="142" count="2" type="stmt"/>
      <line num="144" count="2" type="cond" truecount="2" falsecount="0"/>
      <line num="145" count="1" type="stmt"/>
      <line num="146" count="1" type="stmt"/>
      <line num="154" count="0" type="stmt"/>
      <line num="155" count="0" type="cond" truecount="0" falsecount="2"/>
      <line num="156" count="0" type="stmt"/>
      <line num="160" count="0" type="stmt"/>
      <line num="161" count="0" type="stmt"/>
      <line num="164" count="0" type="stmt"/>
      <line num="166" count="0" type="stmt"/>
      <line num="169" count="0" type="cond" truecount="0" falsecount="2"/>
      <line num="170" count="0" type="stmt"/>
      <line num="171" count="0" type="cond" truecount="0" falsecount="2"/>
      <line num="172" count="0" type="stmt"/>
      <line num="182" count="0" type="cond" truecount="0" falsecount="2"/>
      <line num="183" count="0" type="stmt"/>
      <line num="184" count="0" type="stmt"/>
      <line num="186" count="0" type="stmt"/>
      <line num="187" count="0" type="stmt"/>
      <line num="188" count="0" type="stmt"/>
      <line num="192" count="0" type="cond" truecount="0" falsecount="2"/>
      <line num="193" count="0" type="cond" truecount="0" falsecount="2"/>
      <line num="194" count="0" type="cond" truecount="0" falsecount="2"/>
      <line num="195" count="0" type="cond" truecount="0" falsecount="2"/>
      <line num="196" count="0" type="cond" truecount="0" falsecount="2"/>
      <line num="199" count="0" type="stmt"/>
      <line num="202" count="0" type="stmt"/>
      <line num="203" count="0" type="stmt"/>
      <line num="205" count="0" type="stmt"/>
      <line num="206" count="0" type="cond" truecount="0" falsecount="2"/>
      <line num="208" count="0" type="stmt"/>
      <line num="209" count="0" type="stmt"/>
      <line num="217" count="0" type="stmt"/>
      <line num="218" count="0" type="cond" truecount="0" falsecount="2"/>
      <line num="219" count="0" type="stmt"/>
      <line num="221" count="0" type="stmt"/>
      <line num="228" count="0" type="stmt"/>
      <line num="229" count="0" type="stmt"/>
      <line num="230" count="0" type="stmt"/>
      <line num="233" count="0" type="cond" truecount="0" falsecount="2"/>
      <line num="234" count="0" type="stmt"/>
      <line num="235" count="0" type="stmt"/>
      <line num="239" count="0" type="stmt"/>
      <line num="240" count="0" type="stmt"/>
      <line num="241" count="0" type="stmt"/>
      <line num="243" count="0" type="cond" truecount="0" falsecount="2"/>
      <line num="244" count="0" type="stmt"/>
      <line num="247" count="0" type="cond" truecount="0" falsecount="2"/>
      <line num="248" count="0" type="stmt"/>
      <line num="251" count="0" type="cond" truecount="0" falsecount="2"/>
      <line num="252" count="0" type="stmt"/>
      <line num="256" count="0" type="stmt"/>
      <line num="257" count="0" type="cond" truecount="0" falsecount="2"/>
      <line num="258" count="0" type="stmt"/>
      <line num="259" count="0" type="cond" truecount="0" falsecount="2"/>
      <line num="260" count="0" type="stmt"/>
      <line num="270" count="0" type="stmt"/>
      <line num="272" count="0" type="stmt"/>
      <line num="273" count="0" type="cond" truecount="0" falsecount="2"/>
      <line num="274" count="0" type="stmt"/>
      <line num="275" count="0" type="stmt"/>
      <line num="278" count="0" type="stmt"/>
      <line num="280" count="0" type="stmt"/>
      <line num="282" count="0" type="stmt"/>
      <line num="289" count="0" type="stmt"/>
      <line num="290" count="0" type="cond" truecount="0" falsecount="4"/>
      <line num="291" count="0" type="stmt"/>
      <line num="295" count="0" type="stmt"/>
      <line num="297" count="0" type="stmt"/>
      <line num="300" count="0" type="stmt"/>
      <line num="303" count="0" type="stmt"/>
      <line num="304" count="0" type="stmt"/>
      <line num="307" count="0" type="stmt"/>
      <line num="308" count="0" type="cond" truecount="0" falsecount="3"/>
      <line num="309" count="0" type="stmt"/>
      <line num="311" count="0" type="cond" truecount="0" falsecount="2"/>
      <line num="312" count="0" type="stmt"/>
      <line num="313" count="0" type="stmt"/>
      <line num="322" count="0" type="stmt"/>
      <line num="323" count="0" type="stmt"/>
      <line num="324" count="0" type="cond" truecount="0" falsecount="2"/>
      <line num="325" count="0" type="stmt"/>
      <line num="326" count="0" type="cond" truecount="0" falsecount="2"/>
      <line num="327" count="0" type="cond" truecount="0" falsecount="4"/>
      <line num="328" count="0" type="stmt"/>
      <line num="329" count="0" type="cond" truecount="0" falsecount="2"/>
      <line num="333" count="0" type="stmt"/>
      <line num="341" count="0" type="stmt"/>
      <line num="342" count="0" type="cond" truecount="0" falsecount="4"/>
      <line num="346" count="0" type="stmt"/>
      <line num="347" count="0" type="cond" truecount="0" falsecount="2"/>
      <line num="351" count="0" type="stmt"/>
      <line num="352" count="0" type="cond" truecount="0" falsecount="2"/>
      <line num="353" count="0" type="stmt"/>
      <line num="354" count="0" type="stmt"/>
      <line num="359" count="0" type="stmt"/>
      <line num="360" count="0" type="cond" truecount="0" falsecount="2"/>
      <line num="361" count="0" type="stmt"/>
      <line num="362" count="0" type="stmt"/>
      <line num="367" count="0" type="stmt"/>
      <line num="368" count="0" type="stmt"/>
      <line num="369" count="0" type="cond" truecount="0" falsecount="2"/>
      <line num="370" count="0" type="cond" truecount="0" falsecount="2"/>
    </file>
    <file name="cache.js" path="H:\DEV\Projects\_FOXMIND\Python_Web\task16_weather\_djwr\frontend\src\js\cache.js">
      <metrics statements="31" coveredstatements="30" conditionals="11" coveredconditionals="11" methods="11" coveredmethods="10"/>
      <line num="8" count="1" type="stmt"/>
      <line num="9" count="1" type="stmt"/>
      <line num="19" count="16" type="stmt"/>
      <line num="27" count="1" type="stmt"/>
      <line num="36" count="29" type="stmt"/>
      <line num="38" count="29" type="cond" truecount="2" falsecount="0"/>
      <line num="39" count="6" type="stmt"/>
      <line num="43" count="23" type="cond" truecount="2" falsecount="0"/>
      <line num="44" count="4" type="stmt"/>
      <line num="45" count="4" type="stmt"/>
      <line num="48" count="19" type="stmt"/>
      <line num="58" count="28" type="cond" truecount="2" falsecount="0"/>
      <line num="60" count="28" type="stmt"/>
      <line num="73" count="4" type="stmt"/>
      <line num="81" count="2" type="stmt"/>
      <line num="88" count="24" type="stmt"/>
      <line num="95" count="2" type="stmt"/>
      <line num="96" count="2" type="stmt"/>
      <line num="97" count="4" type="cond" truecount="2" falsecount="0"/>
      <line num="98" count="1" type="stmt"/>
      <line num="108" count="2" type="stmt"/>
      <line num="109" count="2" type="stmt"/>
      <line num="110" count="2" type="stmt"/>
      <line num="112" count="2" type="stmt"/>
      <line num="113" count="3" type="cond" truecount="2" falsecount="0"/>
      <line num="114" count="1" type="stmt"/>
      <line num="116" count="2" type="stmt"/>
      <line num="120" count="2" type="stmt"/>
      <line num="129" count="1" type="stmt"/>
      <line num="132" count="1" type="stmt"/>
      <line num="133" count="0" type="stmt"/>
    </file>
    <file name="config.js" path="H:\DEV\Projects\_FOXMIND\Python_Web\task16_weather\_djwr\frontend\src\js\config.js">
      <metrics statements="13" coveredstatements="12" conditionals="3" coveredconditionals="3" methods="6" coveredmethods="5"/>
      <line num="7" count="1" type="stmt"/>
      <line num="17" count="1" type="stmt"/>
      <line num="20" count="1" type="stmt"/>
      <line num="30" count="1" type="stmt"/>
      <line num="41" count="1" type="stmt"/>
      <line num="44" count="3" type="cond" truecount="1" falsecount="0"/>
      <line num="45" count="0" type="stmt"/>
      <line num="49" count="1" type="stmt"/>
      <line num="56" count="1" type="stmt"/>
      <line num="66" count="1" type="stmt"/>
      <line num="74" count="1" type="stmt"/>
      <line num="86" count="13" type="stmt"/>
      <line num="95" count="6" type="cond" truecount="2" falsecount="0"/>
    </file>
    <file name="icons.js" path="H:\DEV\Projects\_FOXMIND\Python_Web\task16_weather\_djwr\frontend\src\js\icons.js">
      <metrics statements="79" coveredstatements="52" conditionals="71" coveredconditionals="47" methods="11" coveredmethods="7"/>
      <line num="9" count="9" type="stmt"/>
      <line num="15" count="9" type="cond" truecount="1" falsecount="1"/>
      <line num="16" count="9" type="stmt"/>
      <line num="18" count="9" type="stmt"/>
      <line num="26" count="9" type="cond" truecount="1" falsecount="1"/>
      <line num="29" count="9" type="cond" truecount="4" falsecount="0"/>
      <line num="30" count="4" type="stmt"/>
      <line num="38" count="5" type="cond" truecount="5" falsecount="0"/>
      <line num="39" count="1" type="stmt"/>
      <line num="47" count="4" type="cond" truecount="4" falsecount="0"/>
      <line num="48" count="1" type="stmt"/>
      <line num="56" count="3" type="cond" truecount="4" falsecount="0"/>
      <line num="57" count="1" type="stmt"/>
      <line num="65" count="2" type="cond" truecount="5" falsecount="1"/>
      <line num="66" count="0" type="stmt"/>
      <line num="74" count="2" type="cond" truecount="4" falsecount="0"/>
      <line num="75" count="1" type="stmt"/>
      <line num="83" count="1" type="stmt"/>
      <line num="94" count="9" type="stmt"/>
      <line num="95" count="9" type="stmt"/>
      <line num="96" count="9" type="stmt"/>
      <line num="97" count="9" type="stmt"/>
      <line num="98" count="9" type="stmt"/>
      <line num="100" count="9" type="stmt"/>
      <line num="101" count="9" type="stmt"/>
      <line num="103" count="9" type="stmt"/>
      <line num="110" count="9" type="stmt"/>
      <line num="119" count="9" type="cond" truecount="1" falsecount="1"/>
      <line num="126" count="8" type="cond" truecount="4" falsecount="0"/>
      <line num="127" count="6" type="stmt"/>
      <line num="137" count="6" type="cond" truecount="2" falsecount="0"/>
      <line num="140" count="4" type="cond" truecount="2" falsecount="0"/>
      <line num="141" count="1" type="stmt"/>
      <line num="142" count="3" type="cond" truecount="1" falsecount="1"/>
      <line num="144" count="0" type="cond" truecount="0" falsecount="2"/>
      <line num="145" count="0" type="stmt"/>
      <line num="147" count="0" type="stmt"/>
      <line num="150" count="3" type="stmt"/>
      <line num="156" count="4" type="stmt"/>
      <line num="159" count="4" type="stmt"/>
      <line num="160" count="4" type="stmt"/>
      <line num="161" count="4" type="stmt"/>
      <line num="164" count="4" type="stmt"/>
      <line num="165" count="4" type="stmt"/>
      <line num="166" count="4" type="cond" truecount="2" falsecount="0"/>
      <line num="167" count="4" type="cond" truecount="1" falsecount="1"/>
      <line num="169" count="4" type="stmt"/>
      <line num="176" count="6" type="cond" truecount="2" falsecount="0"/>
      <line num="178" count="4" type="stmt"/>
      <line num="179" count="4" type="stmt"/>
      <line num="180" count="4" type="stmt"/>
      <line num="181" count="4" type="stmt"/>
      <line num="182" count="4" type="stmt"/>
      <line num="183" count="4" type="cond" truecount="1" falsecount="1"/>
      <line num="184" count="4" type="cond" truecount="1" falsecount="1"/>
      <line num="186" count="4" type="stmt"/>
      <line num="196" count="0" type="stmt"/>
      <line num="202" count="0" type="cond" truecount="0" falsecount="2"/>
      <line num="203" count="0" type="stmt"/>
      <line num="205" count="0" type="stmt"/>
      <line num="212" count="0" type="cond" truecount="0" falsecount="2"/>
      <line num="214" count="0" type="stmt"/>
      <line num="233" count="0" type="cond" truecount="0" falsecount="2"/>
      <line num="234" count="0" type="stmt"/>
      <line num="238" count="0" type="stmt"/>
      <line num="239" count="0" type="cond" truecount="0" falsecount="4"/>
      <line num="240" count="0" type="stmt"/>
      <line num="245" count="0" type="stmt"/>
      <line num="252" count="0" type="stmt"/>
      <line num="253" count="0" type="stmt"/>
      <line num="254" count="0" type="stmt"/>
      <line num="255" count="0" type="stmt"/>
      <line num="256" count="0" type="stmt"/>
      <line num="257" count="0" type="stmt"/>
      <line num="259" count="0" type="stmt"/>
      <line num="260" count="0" type="stmt"/>
      <line num="262" count="0" type="stmt"/>
      <line num="269" count="0" type="stmt"/>
      <line num="283" count="0" type="cond" truecount="0" falsecount="2"/>
    </file>
    <file name="search.js" path="H:\DEV\Projects\_FOXMIND\Python_Web\task16_weather\_djwr\frontend\src\js\search.js">
      <metrics statements="83" coveredstatements="75" conditionals="48" coveredconditionals="33" methods="14" coveredmethods="10"/>
      <line num="15" count="1" type="stmt"/>
      <line num="16" count="1" type="stmt"/>
      <line num="17" count="1" type="stmt"/>
      <line num="18" count="1" type="stmt"/>
      <line num="26" count="6" type="cond" truecount="2" falsecount="0"/>
      <line num="27" count="5" type="stmt"/>
      <line num="28" count="5" type="stmt"/>
      <line num="29" count="5" type="stmt"/>
      <line num="38" count="6" type="cond" truecount="2" falsecount="0"/>
      <line num="39" count="5" type="stmt"/>
      <line num="42" count="6" type="cond" truecount="4" falsecount="0"/>
      <line num="43" count="1" type="stmt"/>
      <line num="44" count="1" type="stmt"/>
      <line num="47" count="5" type="stmt"/>
      <line num="48" count="4" type="stmt"/>
      <line num="49" count="4" type="stmt"/>
      <line num="50" count="3" type="cond" truecount="2" falsecount="1"/>
      <line num="52" count="3" type="cond" truecount="2" falsecount="0"/>
      <line num="53" count="2" type="stmt"/>
      <line num="55" count="1" type="stmt"/>
      <line num="58" count="1" type="stmt"/>
      <line num="59" count="1" type="stmt"/>
      <line num="69" count="4" type="stmt"/>
      <line num="70" count="4" type="cond" truecount="1" falsecount="1"/>
      <line num="72" count="4" type="cond" truecount="4" falsecount="0"/>
      <line num="73" count="2" type="stmt"/>
      <line num="74" count="2" type="stmt"/>
      <line num="75" count="2" type="stmt"/>
      <line num="78" count="2" type="stmt"/>
      <line num="80" count="2" type="stmt"/>
      <line num="81" count="3" type="stmt"/>
      <line num="82" count="3" type="stmt"/>
      <line num="83" count="3" type="stmt"/>
      <line num="94" count="3" type="stmt"/>
      <line num="95" count="3" type="stmt"/>
      <line num="98" count="2" type="stmt"/>
      <line num="105" count="7" type="stmt"/>
      <line num="106" count="7" type="cond" truecount="1" falsecount="1"/>
      <line num="107" count="7" type="stmt"/>
      <line num="117" count="4" type="stmt"/>
      <line num="120" count="4" type="stmt"/>
      <line num="121" count="4" type="cond" truecount="1" falsecount="1"/>
      <line num="122" count="4" type="stmt"/>
      <line num="125" count="4" type="cond" truecount="2" falsecount="0"/>
      <line num="126" count="3" type="stmt"/>
      <line num="127" count="3" type="cond" truecount="2" falsecount="0"/>
      <line num="128" count="1" type="stmt"/>
      <line num="129" count="1" type="stmt"/>
      <line num="132" count="2" type="stmt"/>
      <line num="133" count="2" type="cond" truecount="2" falsecount="0"/>
      <line num="134" count="1" type="stmt"/>
      <line num="136" count="1" type="stmt"/>
      <line num="139" count="1" type="stmt"/>
      <line num="150" count="1" type="stmt"/>
      <line num="151" count="1" type="stmt"/>
      <line num="153" count="1" type="stmt"/>
      <line num="154" count="1" type="stmt"/>
      <line num="156" count="1" type="stmt"/>
      <line num="158" count="1" type="stmt"/>
      <line num="162" count="0" type="cond" truecount="0" falsecount="2"/>
      <line num="170" count="4" type="stmt"/>
      <line num="171" count="4" type="cond" truecount="2" falsecount="0"/>
      <line num="174" count="3" type="cond" truecount="4" falsecount="0"/>
      <line num="175" count="2" type="stmt"/>
      <line num="179" count="3" type="cond" truecount="2" falsecount="0"/>
      <line num="180" count="2" type="stmt"/>
      <line num="181" count="0" type="stmt"/>
      <line num="182" count="0" type="cond" truecount="0" falsecount="2"/>
      <line num="183" count="0" type="stmt"/>
      <line num="185" count="0" type="stmt"/>
      <line num="188" count="2" type="stmt"/>
      <line num="192" count="3" type="stmt"/>
      <line num="193" count="0" type="stmt"/>
      <line num="194" count="0" type="cond" truecount="0" falsecount="5"/>
      <line num="195" count="0" type="stmt"/>
      <line num="199" count="3" type="stmt"/>
      <line num="200" count="3" type="stmt"/>
      <line num="207" count="2" type="stmt"/>
      <line num="213" count="2" type="stmt"/>
      <line num="214" count="2" type="stmt"/>
      <line num="215" count="2" type="stmt"/>
      <line num="217" count="2" type="stmt"/>
      <line num="218" count="2" type="stmt"/>
    </file>
    <file name="subscriptions.js" path="H:\DEV\Projects\_FOXMIND\Python_Web\task16_weather\_djwr\frontend\src\js\subscriptions.js">
      <metrics statements="261" coveredstatements="165" conditionals="190" coveredconditionals="90" methods="39" coveredmethods="20"/>
      <line num="14" count="1" type="stmt"/>
      <line num="15" count="1" type="stmt"/>
      <line num="16" count="1" type="stmt"/>
      <line num="24" count="10" type="stmt"/>
      <line num="26" count="10" type="cond" truecount="2" falsecount="0"/>
      <line num="27" count="9" type="stmt"/>
      <line num="28" count="9" type="cond" truecount="2" falsecount="0"/>
      <line num="31" count="9" type="stmt"/>
      <line num="32" count="9" type="stmt"/>
      <line num="33" count="7" type="cond" truecount="3" falsecount="1"/>
      <line num="36" count="7" type="stmt"/>
      <line num="38" count="7" type="stmt"/>
      <line num="40" count="2" type="cond" truecount="2" falsecount="0"/>
      <line num="41" count="1" type="stmt"/>
      <line num="43" count="1" type="stmt"/>
      <line num="44" count="1" type="stmt"/>
      <line num="53" count="3" type="stmt"/>
      <line num="54" count="3" type="stmt"/>
      <line num="56" count="3" type="cond" truecount="4" falsecount="0"/>
      <line num="57" count="1" type="stmt"/>
      <line num="61" count="2" type="stmt"/>
      <line num="63" count="3" type="stmt"/>
      <line num="64" count="3" type="stmt"/>
      <line num="65" count="2" type="stmt"/>
      <line num="72" count="1" type="stmt"/>
      <line num="73" count="1" type="stmt"/>
      <line num="83" count="2" type="stmt"/>
      <line num="85" count="0" type="stmt"/>
      <line num="86" count="0" type="stmt"/>
      <line num="95" count="3" type="stmt"/>
      <line num="96" count="3" type="cond" truecount="1" falsecount="1"/>
      <line num="98" count="3" type="stmt"/>
      <line num="99" count="3" type="cond" truecount="1" falsecount="1"/>
      <line num="100" count="3" type="stmt"/>
      <line num="103" count="3" type="cond" truecount="4" falsecount="0"/>
      <line num="104" count="1" type="stmt"/>
      <line num="105" count="1" type="stmt"/>
      <line num="108" count="2" type="stmt"/>
      <line num="109" count="2" type="cond" truecount="2" falsecount="0"/>
      <line num="111" count="1" type="stmt"/>
      <line num="113" count="1" type="stmt"/>
      <line num="114" count="1" type="stmt"/>
      <line num="115" count="1" type="stmt"/>
      <line num="117" count="1" type="cond" truecount="1" falsecount="1"/>
      <line num="118" count="1" type="stmt"/>
      <line num="120" count="1" type="cond" truecount="1" falsecount="1"/>
      <line num="121" count="0" type="stmt"/>
      <line num="125" count="1" type="stmt"/>
      <line num="126" count="0" type="stmt"/>
      <line num="130" count="1" type="stmt"/>
      <line num="140" count="1" type="stmt"/>
      <line num="141" count="1" type="cond" truecount="1" falsecount="1"/>
      <line num="142" count="1" type="stmt"/>
      <line num="143" count="1" type="cond" truecount="1" falsecount="1"/>
      <line num="144" count="1" type="cond" truecount="1" falsecount="1"/>
      <line num="145" count="1" type="cond" truecount="1" falsecount="1"/>
      <line num="146" count="0" type="stmt"/>
      <line num="151" count="1" type="stmt"/>
      <line num="152" count="1" type="cond" truecount="1" falsecount="1"/>
      <line num="153" count="1" type="cond" truecount="2" falsecount="0"/>
      <line num="155" count="1" type="stmt"/>
      <line num="156" count="1" type="stmt"/>
      <line num="160" count="1" type="stmt"/>
      <line num="161" count="1" type="cond" truecount="3" falsecount="1"/>
      <line num="162" count="1" type="stmt"/>
      <line num="163" count="1" type="stmt"/>
      <line num="164" count="1" type="stmt"/>
      <line num="168" count="1" type="stmt"/>
      <line num="169" count="1" type="cond" truecount="1" falsecount="1"/>
      <line num="170" count="1" type="cond" truecount="1" falsecount="1"/>
      <line num="176" count="1" type="stmt"/>
      <line num="177" count="1" type="cond" truecount="3" falsecount="1"/>
      <line num="178" count="1" type="stmt"/>
      <line num="179" count="1" type="stmt"/>
      <line num="180" count="0" type="stmt"/>
      <line num="181" count="0" type="stmt"/>
      <line num="185" count="1" type="cond" truecount="3" falsecount="1"/>
      <line num="186" count="1" type="stmt"/>
      <line num="189" count="1" type="stmt"/>
      <line num="193" count="1" type="stmt"/>
      <line num="194" count="0" type="stmt"/>
      <line num="203" count="1" type="cond" truecount="3" falsecount="1"/>
      <line num="204" count="0" type="stmt"/>
      <line num="207" count="1" type="stmt"/>
      <line num="208" count="1" type="stmt"/>
      <line num="210" count="1" type="stmt"/>
      <line num="212" count="1" type="stmt"/>
      <line num="213" count="2" type="stmt"/>
      <line num="214" count="2" type="stmt"/>
      <line num="218" count="1" type="stmt"/>
      <line num="219" count="1" type="stmt"/>
      <line num="221" count="1" type="stmt"/>
      <line num="228" count="1" type="stmt"/>
      <line num="229" count="0" type="stmt"/>
      <line num="251" count="6" type="cond" truecount="2" falsecount="0"/>
      <line num="252" count="1" type="stmt"/>
      <line num="255" count="6" type="stmt"/>
      <line num="262" count="6" type="cond" truecount="2" falsecount="0"/>
      <line num="263" count="3" type="stmt"/>
      <line num="264" count="3" type="cond" truecount="2" falsecount="0"/>
      <line num="265" count="2" type="cond" truecount="2" falsecount="0"/>
      <line num="266" count="1" type="stmt"/>
      <line num="268" count="1" type="stmt"/>
      <line num="276" count="1" type="stmt"/>
      <line num="279" count="5" type="stmt"/>
      <line num="280" count="5" type="stmt"/>
      <line num="282" count="4" type="stmt"/>
      <line num="283" count="4" type="stmt"/>
      <line num="285" count="1" type="stmt"/>
      <line num="286" count="1" type="stmt"/>
      <line num="297" count="2" type="stmt"/>
      <line num="298" count="2" type="stmt"/>
      <line num="299" count="1" type="stmt"/>
      <line num="300" count="1" type="stmt"/>
      <line num="302" count="1" type="stmt"/>
      <line num="303" count="1" type="stmt"/>
      <line num="313" count="2" type="stmt"/>
      <line num="314" count="2" type="stmt"/>
      <line num="315" count="1" type="stmt"/>
      <line num="316" count="1" type="stmt"/>
      <line num="318" count="1" type="stmt"/>
      <line num="319" count="1" type="stmt"/>
      <line num="329" count="0" type="stmt"/>
      <line num="330" count="0" type="stmt"/>
      <line num="331" count="0" type="stmt"/>
      <line num="338" count="0" type="stmt"/>
      <line num="339" count="0" type="cond" truecount="0" falsecount="2"/>
      <line num="340" count="0" type="cond" truecount="0" falsecount="2"/>
      <line num="341" count="0" type="cond" truecount="0" falsecount="2"/>
      <line num="343" count="0" type="stmt"/>
      <line num="345" count="0" type="stmt"/>
      <line num="355" count="0" type="cond" truecount="0" falsecount="2"/>
      <line num="357" count="0" type="stmt"/>
      <line num="360" count="0" type="stmt"/>
      <line num="379" count="0" type="cond" truecount="0" falsecount="2"/>
      <line num="380" count="0" type="stmt"/>
      <line num="381" count="0" type="cond" truecount="0" falsecount="4"/>
      <line num="382" count="0" type="cond" truecount="0" falsecount="4"/>
      <line num="383" count="0" type="cond" truecount="0" falsecount="4"/>
      <line num="384" count="0" type="stmt"/>
      <line num="387" count="0" type="cond" truecount="0" falsecount="2"/>
      <line num="394" count="3" type="stmt"/>
      <line num="395" count="0" type="stmt"/>
      <line num="396" count="0" type="cond" truecount="0" falsecount="2"/>
      <line num="398" count="0" type="stmt"/>
      <line num="399" count="0" type="stmt"/>
      <line num="400" count="0" type="stmt"/>
      <line num="401" count="0" type="cond" truecount="0" falsecount="2"/>
      <line num="403" count="0" type="cond" truecount="0" falsecount="2"/>
      <line num="404" count="0" type="stmt"/>
      <line num="405" count="0" type="stmt"/>
      <line num="415" count="2" type="stmt"/>
      <line num="416" count="2" type="stmt"/>
      <line num="417" count="2" type="stmt"/>
      <line num="424" count="3" type="cond" truecount="2" falsecount="0"/>
      <line num="425" count="2" type="stmt"/>
      <line num="426" count="2" type="stmt"/>
      <line num="434" count="2" type="stmt"/>
      <line num="435" count="2" type="cond" truecount="2" falsecount="0"/>
      <line num="436" count="1" type="stmt"/>
      <line num="445" count="1" type="stmt"/>
      <line num="454" count="2" type="stmt"/>
      <line num="455" count="2" type="cond" truecount="2" falsecount="0"/>
      <line num="458" count="1" type="stmt"/>
      <line num="459" count="1" type="cond" truecount="3" falsecount="1"/>
      <line num="460" count="1" type="stmt"/>
      <line num="464" count="1" type="cond" truecount="1" falsecount="1"/>
      <line num="465" count="1" type="cond" truecount="2" falsecount="0"/>
      <line num="466" count="1" type="cond" truecount="2" falsecount="0"/>
      <line num="468" count="1" type="stmt"/>
      <line num="469" count="1" type="cond" truecount="1" falsecount="1"/>
      <line num="470" count="1" type="cond" truecount="2" falsecount="0"/>
      <line num="473" count="1" type="stmt"/>
      <line num="474" count="1" type="cond" truecount="1" falsecount="1"/>
      <line num="475" count="1" type="stmt"/>
      <line num="479" count="1" type="stmt"/>
      <line num="480" count="1" type="cond" truecount="1" falsecount="1"/>
      <line num="481" count="1" type="cond" truecount="1" falsecount="1"/>
      <line num="485" count="1" type="stmt"/>
      <line num="486" count="1" type="cond" truecount="1" falsecount="1"/>
      <line num="487" count="1" type="stmt"/>
      <line num="490" count="1" type="stmt"/>
      <line num="491" count="1" type="stmt"/>
      <line num="498" count="3" type="stmt"/>
      <line num="499" count="3" type="cond" truecount="1" falsecount="1"/>
      <line num="506" count="1" type="stmt"/>
      <line num="507" count="1" type="stmt"/>
      <line num="508" count="1" type="stmt"/>
      <line num="509" count="1" type="stmt"/>
      <line num="512" count="1" type="stmt"/>
      <line num="513" count="4" type="cond" truecount="1" falsecount="1"/>
      <line num="514" count="4" type="stmt"/>
      <line num="515" count="4" type="stmt"/>
      <line num="520" count="1" type="stmt"/>
      <line num="521" count="1" type="stmt"/>
      <line num="522" count="1" type="stmt"/>
      <line num="523" count="1" type="stmt"/>
      <line num="525" count="1" type="cond" truecount="1" falsecount="1"/>
      <line num="526" count="1" type="cond" truecount="0" falsecount="2"/>
      <line num="531" count="1" type="cond" truecount="1" falsecount="1"/>
      <line num="532" count="1" type="cond" truecount="1" falsecount="1"/>
      <line num="534" count="1" type="cond" truecount="3" falsecount="1"/>
      <line num="535" count="1" type="stmt"/>
      <line num="543" count="0" type="stmt"/>
      <line num="544" count="0" type="stmt"/>
      <line num="546" count="0" type="stmt"/>
      <line num="547" count="0" type="cond" truecount="0" falsecount="2"/>
      <line num="548" count="0" type="stmt"/>
      <line num="549" count="0" type="stmt"/>
      <line num="552" count="0" type="stmt"/>
      <line num="553" count="0" type="stmt"/>
      <line num="555" count="0" type="stmt"/>
      <line num="556" count="0" type="stmt"/>
      <line num="557" count="0" type="stmt"/>
      <line num="559" count="0" type="cond" truecount="0" falsecount="2"/>
      <line num="561" count="0" type="cond" truecount="0" falsecount="2"/>
      <line num="562" count="0" type="stmt"/>
      <line num="563" count="0" type="stmt"/>
      <line num="572" count="0" type="stmt"/>
      <line num="573" count="0" type="stmt"/>
      <line num="575" count="0" type="stmt"/>
      <line num="576" count="0" type="cond" truecount="0" falsecount="2"/>
      <line num="577" count="0" type="stmt"/>
      <line num="578" count="0" type="stmt"/>
      <line num="581" count="0" type="stmt"/>
      <line num="582" count="0" type="stmt"/>
      <line num="584" count="0" type="stmt"/>
      <line num="585" count="0" type="stmt"/>
      <line num="586" count="0" type="stmt"/>
      <line num="588" count="0" type="stmt"/>
      <line num="592" count="0" type="cond" truecount="0" falsecount="2"/>
      <line num="594" count="0" type="cond" truecount="0" falsecount="2"/>
      <line num="595" count="0" type="stmt"/>
      <line num="596" count="0" type="stmt"/>
      <line num="605" count="0" type="cond" truecount="0" falsecount="2"/>
      <line num="607" count="0" type="cond" truecount="0" falsecount="2"/>
      <line num="608" count="0" type="stmt"/>
      <line num="611" count="0" type="stmt"/>
      <line num="613" count="0" type="stmt"/>
      <line num="614" count="0" type="cond" truecount="0" falsecount="2"/>
      <line num="615" count="0" type="stmt"/>
      <line num="616" count="0" type="stmt"/>
      <line num="619" count="0" type="stmt"/>
      <line num="620" count="0" type="stmt"/>
      <line num="622" count="0" type="stmt"/>
      <line num="623" count="0" type="stmt"/>
      <line num="624" count="0" type="stmt"/>
      <line num="626" count="0" type="cond" truecount="0" falsecount="2"/>
      <line num="628" count="0" type="cond" truecount="0" falsecount="2"/>
      <line num="629" count="0" type="stmt"/>
      <line num="630" count="0" type="stmt"/>
      <line num="639" count="0" type="stmt"/>
      <line num="651" count="0" type="stmt"/>
      <line num="652" count="0" type="cond" truecount="0" falsecount="2"/>
      <line num="653" count="0" type="stmt"/>
      <line num="663" count="0" type="stmt"/>
      <line num="669" count="0" type="stmt"/>
      <line num="670" count="0" type="stmt"/>
      <line num="671" count="0" type="stmt"/>
      <line num="673" count="0" type="stmt"/>
      <line num="674" count="0" type="stmt"/>
    </file>
    <file name="ui.js" path="H:\DEV\Projects\_FOXMIND\Python_Web\task16_weather\_djwr\frontend\src\js\ui.js">
      <metrics statements="141" coveredstatements="59" conditionals="81" coveredconditionals="38" methods="31" coveredmethods="15"/>
      <line num="13" count="2" type="stmt"/>
      <line num="14" count="2" type="stmt"/>
      <line num="16" count="2" type="stmt"/>
      <line num="17" count="2" type="stmt"/>
      <line num="20" count="2" type="cond" truecount="3" falsecount="1"/>
      <line num="21" count="2" type="stmt"/>
      <line num="22" count="0" type="cond" truecount="0" falsecount="2"/>
      <line num="23" count="0" type="stmt"/>
      <line num="26" count="2" type="stmt"/>
      <line num="27" count="0" type="stmt"/>
      <line num="28" count="0" type="stmt"/>
      <line num="38" count="1" type="stmt"/>
      <line num="39" count="2" type="stmt"/>
      <line num="47" count="1" type="stmt"/>
      <line num="48" count="1" type="stmt"/>
      <line num="49" count="0" type="stmt"/>
      <line num="50" count="0" type="stmt"/>
      <line num="61" count="1" type="stmt"/>
      <line num="62" count="2" type="stmt"/>
      <line num="66" count="1" type="stmt"/>
      <line num="74" count="1" type="stmt"/>
      <line num="83" count="3" type="stmt"/>
      <line num="84" count="3" type="cond" truecount="4" falsecount="0"/>
      <line num="86" count="2" type="stmt"/>
      <line num="87" count="2" type="cond" truecount="1" falsecount="1"/>
      <line num="89" count="2" type="stmt"/>
      <line num="90" count="2" type="cond" truecount="2" falsecount="0"/>
      <line num="92" count="1" type="stmt"/>
      <line num="95" count="1" type="cond" truecount="1" falsecount="1"/>
      <line num="98" count="1" type="cond" truecount="1" falsecount="1"/>
      <line num="101" count="1" type="cond" truecount="1" falsecount="1"/>
      <line num="104" count="1" type="cond" truecount="1" falsecount="1"/>
      <line num="107" count="1" type="cond" truecount="1" falsecount="1"/>
      <line num="108" count="1" type="stmt"/>
      <line num="110" count="1" type="cond" truecount="1" falsecount="1"/>
      <line num="111" count="1" type="stmt"/>
      <line num="115" count="1" type="stmt"/>
      <line num="116" count="1" type="cond" truecount="3" falsecount="1"/>
      <line num="117" count="1" type="stmt"/>
      <line num="118" count="1" type="stmt"/>
      <line num="119" count="1" type="stmt"/>
      <line num="122" count="1" type="stmt"/>
      <line num="123" count="1" type="stmt"/>
      <line num="132" count="2" type="stmt"/>
      <line num="133" count="2" type="cond" truecount="4" falsecount="0"/>
      <line num="135" count="1" type="stmt"/>
      <line num="136" count="1" type="cond" truecount="1" falsecount="1"/>
      <line num="139" count="1" type="stmt"/>
      <line num="140" count="1" type="cond" truecount="3" falsecount="1"/>
      <line num="141" count="1" type="stmt"/>
      <line num="142" count="1" type="stmt"/>
      <line num="143" count="1" type="stmt"/>
      <line num="147" count="1" type="stmt"/>
      <line num="148" count="1" type="cond" truecount="3" falsecount="1"/>
      <line num="149" count="1" type="stmt"/>
      <line num="160" count="6" type="stmt"/>
      <line num="161" count="6" type="cond" truecount="1" falsecount="1"/>
      <line num="169" count="3" type="stmt"/>
      <line num="170" count="3" type="cond" truecount="2" falsecount="0"/>
      <line num="172" count="2" type="stmt"/>
      <line num="173" count="2" type="stmt"/>
      <line num="183" count="2" type="stmt"/>
      <line num="184" count="2" type="cond" truecount="2" falsecount="0"/>
      <line num="185" count="1" type="stmt"/>
      <line num="198" count="3" type="stmt"/>
      <line num="207" count="0" type="stmt"/>
      <line num="208" count="0" type="cond" truecount="0" falsecount="2"/>
      <line num="211" count="0" type="cond" truecount="0" falsecount="5"/>
      <line num="213" count="0" type="stmt"/>
      <line num="217" count="0" type="cond" truecount="0" falsecount="5"/>
      <line num="218" count="0" type="stmt"/>
      <line num="221" count="0" type="stmt"/>
      <line num="226" count="0" type="stmt"/>
      <line num="227" count="0" type="stmt"/>
      <line num="228" count="0" type="stmt"/>
      <line num="229" count="0" type="stmt"/>
      <line num="230" count="0" type="stmt"/>
      <line num="231" count="0" type="stmt"/>
      <line num="234" count="0" type="stmt"/>
      <line num="235" count="0" type="stmt"/>
      <line num="236" count="0" type="stmt"/>
      <line num="239" count="0" type="stmt"/>
      <line num="240" count="0" type="stmt"/>
      <line num="241" count="0" type="stmt"/>
      <line num="244" count="0" type="stmt"/>
      <line num="245" count="0" type="cond" truecount="0" falsecount="2"/>
      <line num="246" count="0" type="stmt"/>
      <line num="247" count="0" type="stmt"/>
      <line num="248" count="0" type="stmt"/>
      <line num="249" count="0" type="stmt"/>
      <line num="252" count="0" type="stmt"/>
      <line num="253" count="0" type="cond" truecount="0" falsecount="2"/>
      <line num="254" count="0" type="stmt"/>
      <line num="259" count="0" type="stmt"/>
      <line num="268" count="0" type="stmt"/>
      <line num="269" count="0" type="stmt"/>
      <line num="272" count="0" type="stmt"/>
      <line num="273" count="0" type="stmt"/>
      <line num="276" count="0" type="stmt"/>
      <line num="277" count="0" type="stmt"/>
      <line num="278" count="0" type="stmt"/>
      <line num="279" count="0" type="stmt"/>
      <line num="280" count="0" type="stmt"/>
      <line num="283" count="0" type="stmt"/>
      <line num="284" count="0" type="stmt"/>
      <line num="291" count="0" type="cond" truecount="0" falsecount="4"/>
      <line num="292" count="0" type="stmt"/>
      <line num="293" count="0" type="stmt"/>
      <line num="294" count="0" type="stmt"/>
      <line num="295" count="0" type="stmt"/>
      <line num="296" count="0" type="stmt"/>
      <line num="303" count="0" type="stmt"/>
      <line num="304" count="0" type="cond" truecount="0" falsecount="2"/>
      <line num="307" count="0" type="cond" truecount="0" falsecount="2"/>
      <line num="308" count="0" type="stmt"/>
      <line num="310" count="0" type="stmt"/>
      <line num="315" count="0" type="stmt"/>
      <line num="316" count="0" type="stmt"/>
      <line num="319" count="0" type="stmt"/>
      <line num="320" count="0" type="stmt"/>
      <line num="322" count="0" type="stmt"/>
      <line num="323" count="0" type="stmt"/>
      <line num="324" count="0" type="stmt"/>
      <line num="325" count="0" type="stmt"/>
      <line num="326" count="0" type="stmt"/>
      <line num="327" count="0" type="stmt"/>
      <line num="330" count="0" type="stmt"/>
      <line num="331" count="0" type="stmt"/>
      <line num="332" count="0" type="stmt"/>
      <line num="335" count="0" type="stmt"/>
      <line num="336" count="0" type="stmt"/>
      <line num="337" count="0" type="stmt"/>
      <line num="340" count="0" type="stmt"/>
      <line num="341" count="0" type="cond" truecount="0" falsecount="2"/>
      <line num="342" count="0" type="stmt"/>
      <line num="343" count="0" type="stmt"/>
      <line num="344" count="0" type="stmt"/>
      <line num="345" count="0" type="stmt"/>
      <line num="349" count="0" type="stmt"/>
      <line num="350" count="0" type="cond" truecount="0" falsecount="2"/>
      <line num="351" count="0" type="stmt"/>
    </file>
    <file name="weather.js" path="H:\DEV\Projects\_FOXMIND\Python_Web\task16_weather\_djwr\frontend\src\js\weather.js">
      <metrics statements="347" coveredstatements="127" conditionals="246" coveredconditionals="74" methods="62" coveredmethods="17"/>
      <line num="32" count="1" type="stmt"/>
      <line num="33" count="1" type="stmt"/>
      <line num="48" count="9" type="cond" truecount="2" falsecount="0"/>
      <line num="49" count="1" type="stmt"/>
      <line num="50" count="1" type="stmt"/>
      <line num="54" count="9" type="stmt"/>
      <line num="55" count="9" type="cond" truecount="2" falsecount="0"/>
      <line num="56" count="8" type="stmt"/>
      <line num="57" count="8" type="cond" truecount="2" falsecount="0"/>
      <line num="58" count="1" type="stmt"/>
      <line num="62" count="8" type="stmt"/>
      <line num="63" count="8" type="stmt"/>
      <line num="66" count="7" type="cond" truecount="2" falsecount="0"/>
      <line num="67" count="7" type="stmt"/>
      <line num="69" count="7" type="stmt"/>
      <line num="71" count="1" type="stmt"/>
      <line num="72" count="1" type="stmt"/>
      <line num="82" count="1" type="stmt"/>
      <line num="91" count="1" type="stmt"/>
      <line num="100" count="1" type="stmt"/>
      <line num="109" count="11" type="cond" truecount="2" falsecount="0"/>
      <line num="110" count="5" type="stmt"/>
      <line num="111" count="5" type="stmt"/>
      <line num="113" count="6" type="cond" truecount="2" falsecount="0"/>
      <line num="114" count="6" type="stmt"/>
      <line num="123" count="6" type="stmt"/>
      <line num="124" count="6" type="cond" truecount="2" falsecount="0"/>
      <line num="136" count="3" type="stmt"/>
      <line num="137" count="3" type="cond" truecount="2" falsecount="0"/>
      <line num="139" count="2" type="stmt"/>
      <line num="140" count="2" type="cond" truecount="1" falsecount="1"/>
      <line num="142" count="2" type="stmt"/>
      <line num="143" count="2" type="cond" truecount="2" falsecount="0"/>
      <line num="144" count="1" type="stmt"/>
      <line num="146" count="1" type="stmt"/>
      <line num="149" count="1" type="stmt"/>
      <line num="152" count="1" type="stmt"/>
      <line num="153" count="1" type="cond" truecount="3" falsecount="1"/>
      <line num="154" count="1" type="stmt"/>
      <line num="158" count="1" type="stmt"/>
      <line num="159" count="1" type="cond" truecount="3" falsecount="1"/>
      <line num="160" count="1" type="stmt"/>
      <line num="161" count="1" type="cond" truecount="2" falsecount="0"/>
      <line num="162" count="1" type="cond" truecount="1" falsecount="1"/>
      <line num="168" count="1" type="stmt"/>
      <line num="169" count="1" type="cond" truecount="2" falsecount="0"/>
      <line num="170" count="1" type="stmt"/>
      <line num="171" count="1" type="cond" truecount="1" falsecount="1"/>
      <line num="172" count="1" type="stmt"/>
      <line num="173" count="1" type="stmt"/>
      <line num="177" count="1" type="stmt"/>
      <line num="178" count="1" type="cond" truecount="3" falsecount="1"/>
      <line num="179" count="1" type="stmt"/>
      <line num="183" count="1" type="stmt"/>
      <line num="184" count="1" type="cond" truecount="3" falsecount="1"/>
      <line num="185" count="1" type="stmt"/>
      <line num="189" count="1" type="stmt"/>
      <line num="190" count="1" type="stmt"/>
      <line num="191" count="1" type="stmt"/>
      <line num="193" count="1" type="cond" truecount="4" falsecount="1"/>
      <line num="194" count="0" type="cond" truecount="0" falsecount="2"/>
      <line num="200" count="0" type="stmt"/>
      <line num="201" count="0" type="stmt"/>
      <line num="202" count="0" type="stmt"/>
      <line num="204" count="0" type="stmt"/>
      <line num="209" count="1" type="stmt"/>
      <line num="210" count="1" type="cond" truecount="3" falsecount="1"/>
      <line num="211" count="1" type="stmt"/>
      <line num="212" count="1" type="stmt"/>
      <line num="213" count="1" type="stmt"/>
      <line num="217" count="1" type="stmt"/>
      <line num="219" count="1" type="stmt"/>
      <line num="220" count="1" type="stmt"/>
      <line num="223" count="1" type="stmt"/>
      <line num="231" count="1" type="cond" truecount="1" falsecount="1"/>
      <line num="232" count="0" type="stmt"/>
      <line num="236" count="1" type="stmt"/>
      <line num="237" count="0" type="stmt"/>
      <line num="238" count="0" type="cond" truecount="0" falsecount="4"/>
      <line num="239" count="0" type="stmt"/>
      <line num="240" count="0" type="stmt"/>
      <line num="249" count="0" type="cond" truecount="0" falsecount="2"/>
      <line num="250" count="0" type="stmt"/>
      <line num="251" count="0" type="stmt"/>
      <line num="267" count="6" type="stmt"/>
      <line num="285" count="6" type="cond" truecount="1" falsecount="1"/>
      <line num="286" count="6" type="cond" truecount="1" falsecount="1"/>
      <line num="291" count="1" type="stmt"/>
      <line num="297" count="0" type="cond" truecount="0" falsecount="1"/>
      <line num="299" count="11" type="stmt"/>
      <line num="300" count="11" type="stmt"/>
      <line num="301" count="11" type="stmt"/>
      <line num="303" count="11" type="cond" truecount="3" falsecount="1"/>
      <line num="304" count="11" type="cond" truecount="4" falsecount="0"/>
      <line num="305" count="3" type="stmt"/>
      <line num="306" count="3" type="stmt"/>
      <line num="309" count="3" type="stmt"/>
      <line num="310" count="3" type="stmt"/>
      <line num="313" count="3" type="cond" truecount="1" falsecount="1"/>
      <line num="314" count="3" type="stmt"/>
      <line num="315" count="3" type="stmt"/>
      <line num="316" count="3" type="stmt"/>
      <line num="319" count="8" type="stmt"/>
      <line num="325" count="1" type="stmt"/>
      <line num="331" count="1" type="stmt"/>
      <line num="335" count="1" type="stmt"/>
      <line num="341" count="1" type="stmt"/>
      <line num="345" count="1" type="stmt"/>
      <line num="351" count="0" type="stmt"/>
      <line num="355" count="1" type="stmt"/>
      <line num="361" count="1" type="stmt"/>
      <line num="365" count="1" type="stmt"/>
      <line num="372" count="0" type="stmt"/>
      <line num="390" count="0" type="stmt"/>
      <line num="391" count="0" type="stmt"/>
      <line num="396" count="1" type="stmt"/>
      <line num="403" count="0" type="cond" truecount="0" falsecount="2"/>
      <line num="404" count="0" type="stmt"/>
      <line num="406" count="0" type="stmt"/>
      <line num="411" count="1" type="stmt"/>
      <line num="417" count="0" type="stmt"/>
      <line num="421" count="1" type="stmt"/>
      <line num="427" count="0" type="stmt"/>
      <line num="431" count="1" type="stmt"/>
      <line num="437" count="0" type="stmt"/>
      <line num="441" count="1" type="stmt"/>
      <line num="448" count="0" type="cond" truecount="0" falsecount="4"/>
      <line num="449" count="0" type="stmt"/>
      <line num="451" count="0" type="stmt"/>
      <line num="456" count="1" type="stmt"/>
      <line num="463" count="0" type="cond" truecount="0" falsecount="4"/>
      <line num="464" count="0" type="stmt"/>
      <line num="466" count="0" type="stmt"/>
      <line num="482" count="4" type="stmt"/>
      <line num="483" count="4" type="cond" truecount="2" falsecount="0"/>
      <line num="484" count="1" type="stmt"/>
      <line num="485" count="1" type="stmt"/>
      <line num="488" count="3" type="stmt"/>
      <line num="489" count="3" type="cond" truecount="2" falsecount="0"/>
      <line num="490" count="1" type="stmt"/>
      <line num="491" count="1" type="stmt"/>
      <line num="495" count="2" type="stmt"/>
      <line num="496" count="2" type="stmt"/>
      <line num="498" count="2" type="cond" truecount="2" falsecount="0"/>
      <line num="500" count="1" type="stmt"/>
      <line num="501" count="1" type="cond" truecount="2" falsecount="2"/>
      <line num="503" count="0" type="stmt"/>
      <line num="504" count="0" type="cond" truecount="0" falsecount="2"/>
      <line num="506" count="1" type="stmt"/>
      <line num="510" count="1" type="stmt"/>
      <line num="512" count="1" type="stmt"/>
      <line num="515" count="1" type="cond" truecount="3" falsecount="1"/>
      <line num="516" count="1" type="stmt"/>
      <line num="517" count="1" type="stmt"/>
      <line num="519" count="1" type="stmt"/>
      <line num="523" count="0" type="stmt"/>
      <line num="525" count="0" type="cond" truecount="0" falsecount="2"/>
      <line num="526" count="0" type="stmt"/>
      <line num="528" count="0" type="stmt"/>
      <line num="533" count="0" type="stmt"/>
      <line num="534" count="0" type="stmt"/>
      <line num="538" count="0" type="stmt"/>
      <line num="540" count="0" type="stmt"/>
      <line num="541" count="0" type="stmt"/>
      <line num="542" count="0" type="stmt"/>
      <line num="544" count="0" type="cond" truecount="0" falsecount="2"/>
      <line num="547" count="0" type="stmt"/>
      <line num="548" count="0" type="stmt"/>
      <line num="549" count="0" type="stmt"/>
      <line num="550" count="0" type="stmt"/>
      <line num="551" count="0" type="stmt"/>
      <line num="552" count="0" type="stmt"/>
      <line num="553" count="0" type="stmt"/>
      <line num="554" count="0" type="stmt"/>
      <line num="557" count="0" type="stmt"/>
      <line num="558" count="0" type="cond" truecount="0" falsecount="2"/>
      <line num="559" count="0" type="stmt"/>
      <line num="560" count="0" type="stmt"/>
      <line num="564" count="0" type="stmt"/>
      <line num="565" count="0" type="cond" truecount="0" falsecount="4"/>
      <line num="566" count="0" type="stmt"/>
      <line num="568" count="0" type="stmt"/>
      <line num="569" count="0" type="stmt"/>
      <line num="570" count="0" type="stmt"/>
      <line num="571" count="0" type="stmt"/>
      <line num="572" count="0" type="stmt"/>
      <line num="573" count="0" type="stmt"/>
      <line num="577" count="0" type="stmt"/>
      <line num="578" count="0" type="cond" truecount="0" falsecount="4"/>
      <line num="579" count="0" type="stmt"/>
      <line num="580" count="0" type="stmt"/>
      <line num="581" count="0" type="stmt"/>
      <line num="585" count="0" type="stmt"/>
      <line num="586" count="0" type="cond" truecount="0" falsecount="2"/>
      <line num="587" count="0" type="cond" truecount="0" falsecount="2"/>
      <line num="593" count="0" type="stmt"/>
      <line num="594" count="0" type="stmt"/>
      <line num="597" count="0" type="stmt"/>
      <line num="599" count="0" type="stmt"/>
      <line num="604" count="0" type="stmt"/>
      <line num="606" count="0" type="stmt"/>
      <line num="611" count="0" type="stmt"/>
      <line num="612" count="0" type="stmt"/>
      <line num="623" count="0" type="cond" truecount="0" falsecount="6"/>
      <line num="628" count="0" type="cond" truecount="0" falsecount="4"/>
      <line num="629" count="0" type="stmt"/>
      <line num="630" count="0" type="stmt"/>
      <line num="632" count="0" type="stmt"/>
      <line num="634" count="0" type="cond" truecount="0" falsecount="2"/>
      <line num="640" count="0" type="cond" truecount="0" falsecount="2"/>
      <line num="645" count="0" type="stmt"/>
      <line num="650" count="0" type="stmt"/>
      <line num="652" count="0" type="stmt"/>
      <line num="653" count="0" type="cond" truecount="0" falsecount="2"/>
      <line num="655" count="0" type="stmt"/>
      <line num="658" count="0" type="stmt"/>
      <line num="663" count="0" type="stmt"/>
      <line num="668" count="0" type="stmt"/>
      <line num="672" count="0" type="cond" truecount="0" falsecount="2"/>
      <line num="678" count="0" type="cond" truecount="0" falsecount="2"/>
      <line num="683" count="0" type="stmt"/>
      <line num="688" count="0" type="stmt"/>
      <line num="690" count="0" type="stmt"/>
      <line num="691" count="0" type="cond" truecount="0" falsecount="2"/>
      <line num="693" count="0" type="stmt"/>
      <line num="696" count="0" type="stmt"/>
      <line num="701" count="0" type="stmt"/>
      <line num="706" count="0" type="stmt"/>
      <line num="710" count="0" type="cond" truecount="0" falsecount="2"/>
      <line num="716" count="0" type="cond" truecount="0" falsecount="2"/>
      <line num="721" count="0" type="stmt"/>
      <line num="725" count="0" type="stmt"/>
      <line num="728" count="0" type="stmt"/>
      <line num="739" count="0" type="stmt"/>
      <line num="740" count="0" type="stmt"/>
      <line num="746" count="0" type="stmt"/>
      <line num="747" count="0" type="stmt"/>
      <line num="748" count="0" type="cond" truecount="0" falsecount="2"/>
      <line num="750" count="0" type="stmt"/>
      <line num="755" count="0" type="stmt"/>
      <line num="766" count="0" type="stmt"/>
      <line num="767" count="0" type="stmt"/>
      <line num="768" count="0" type="stmt"/>
      <line num="770" count="0" type="stmt"/>
      <line num="771" count="0" type="stmt"/>
      <line num="772" count="0" type="stmt"/>
      <line num="774" count="0" type="stmt"/>
      <line num="775" count="0" type="stmt"/>
      <line num="776" count="0" type="cond" truecount="0" falsecount="2"/>
      <line num="777" count="0" type="stmt"/>
      <line num="782" count="0" type="stmt"/>
      <line num="787" count="0" type="cond" truecount="0" falsecount="2"/>
      <line num="788" count="0" type="stmt"/>
      <line num="789" count="0" type="stmt"/>
      <line num="794" count="0" type="cond" truecount="0" falsecount="2"/>
      <line num="795" count="0" type="stmt"/>
      <line num="802" count="0" type="stmt"/>
      <line num="812" count="0" type="stmt"/>
      <line num="813" count="0" type="stmt"/>
      <line num="814" count="0" type="stmt"/>
      <line num="816" count="0" type="stmt"/>
      <line num="817" count="0" type="stmt"/>
      <line num="818" count="0" type="cond" truecount="0" falsecount="2"/>
      <line num="821" count="0" type="stmt"/>
      <line num="822" count="0" type="stmt"/>
      <line num="827" count="0" type="stmt"/>
      <line num="828" count="0" type="stmt"/>
      <line num="830" count="0" type="cond" truecount="0" falsecount="5"/>
      <line num="831" count="0" type="stmt"/>
      <line num="838" count="0" type="stmt"/>
      <line num="839" count="0" type="stmt"/>
      <line num="849" count="0" type="cond" truecount="0" falsecount="2"/>
      <line num="851" count="0" type="cond" truecount="0" falsecount="2"/>
      <line num="852" count="0" type="stmt"/>
      <line num="854" count="0" type="cond" truecount="0" falsecount="2"/>
      <line num="855" count="0" type="stmt"/>
      <line num="857" count="0" type="stmt"/>
      <line num="868" count="0" type="cond" truecount="0" falsecount="2"/>
      <line num="869" count="0" type="cond" truecount="0" falsecount="2"/>
      <line num="871" count="0" type="cond" truecount="0" falsecount="2"/>
      <line num="872" count="0" type="stmt"/>
      <line num="873" count="0" type="stmt"/>
      <line num="887" count="0" type="stmt"/>
      <line num="894" count="0" type="cond" truecount="0" falsecount="4"/>
      <line num="895" count="0" type="stmt"/>
      <line num="904" count="0" type="cond" truecount="0" falsecount="2"/>
      <line num="905" count="0" type="stmt"/>
      <line num="912" count="0" type="cond" truecount="0" falsecount="2"/>
      <line num="913" count="0" type="stmt"/>
      <line num="921" count="0" type="stmt"/>
      <line num="936" count="0" type="cond" truecount="0" falsecount="2"/>
      <line num="938" count="0" type="cond" truecount="0" falsecount="2"/>
      <line num="939" count="0" type="cond" truecount="0" falsecount="2"/>
      <line num="940" count="0" type="cond" truecount="0" falsecount="2"/>
      <line num="942" count="0" type="stmt"/>
      <line num="943" count="0" type="stmt"/>
      <line num="956" count="0" type="stmt"/>
      <line num="962" count="0" type="cond" truecount="0" falsecount="1"/>
      <line num="964" count="0" type="stmt"/>
      <line num="965" count="0" type="stmt"/>
      <line num="966" count="0" type="stmt"/>
      <line num="968" count="0" type="cond" truecount="0" falsecount="4"/>
      <line num="969" count="0" type="cond" truecount="0" falsecount="4"/>
      <line num="970" count="0" type="stmt"/>
      <line num="971" count="0" type="stmt"/>
      <line num="972" count="0" type="stmt"/>
      <line num="975" count="0" type="stmt"/>
      <line num="976" count="0" type="stmt"/>
      <line num="979" count="0" type="cond" truecount="0" falsecount="2"/>
      <line num="980" count="0" type="stmt"/>
      <line num="981" count="0" type="stmt"/>
      <line num="982" count="0" type="stmt"/>
      <line num="985" count="0" type="stmt"/>
      <line num="991" count="0" type="stmt"/>
      <line num="997" count="0" type="stmt"/>
      <line num="1001" count="0" type="stmt"/>
      <line num="1007" count="0" type="stmt"/>
      <line num="1011" count="0" type="stmt"/>
      <line num="1017" count="0" type="stmt"/>
      <line num="1021" count="0" type="stmt"/>
      <line num="1027" count="0" type="stmt"/>
      <line num="1031" count="0" type="stmt"/>
      <line num="1038" count="0" type="stmt"/>
      <line num="1056" count="0" type="stmt"/>
      <line num="1057" count="0" type="stmt"/>
      <line num="1062" count="0" type="stmt"/>
      <line num="1069" count="0" type="cond" truecount="0" falsecount="2"/>
      <line num="1070" count="0" type="stmt"/>
      <line num="1072" count="0" type="stmt"/>
      <line num="1077" count="0" type="stmt"/>
      <line num="1083" count="0" type="stmt"/>
      <line num="1087" count="0" type="stmt"/>
      <line num="1093" count="0" type="stmt"/>
      <line num="1097" count="0" type="stmt"/>
      <line num="1103" count="0" type="stmt"/>
      <line num="1107" count="0" type="stmt"/>
      <line num="1114" count="0" type="cond" truecount="0" falsecount="4"/>
      <line num="1115" count="0" type="stmt"/>
      <line num="1117" count="0" type="stmt"/>
      <line num="1122" count="0" type="stmt"/>
      <line num="1129" count="0" type="cond" truecount="0" falsecount="4"/>
      <line num="1130" count="0" type="stmt"/>
      <line num="1132" count="0" type="stmt"/>
      <line num="1142" count="2" type="cond" truecount="2" falsecount="0"/>
      <line num="1143" count="1" type="stmt"/>
      <line num="1144" count="6" type="stmt"/>
      <line num="1147" count="1" type="stmt"/>
    </file>
  </project>
</coverage>
