{"H:\\DEV\\Projects\\_FOXMIND\\Python_Web\\task16_weather\\_djwr\\frontend\\src\\js\\api.js": {"path":"H:\\DEV\\Projects\\_FOXMIND\\Python_Web\\task16_weather\\_djwr\\frontend\\src\\js\\api.js","statementMap":{"0":{"start":{"line":8,"column":21},"end":{"line":8,"column":28}},"1":{"start":{"line":11,"column":25},"end":{"line":11,"column":39}},"2":{"start":{"line":12,"column":26},"end":{"line":12,"column":41}},"3":{"start":{"line":19,"column":2},"end":{"line":19,"column":48}},"4":{"start":{"line":27,"column":2},"end":{"line":27,"column":48}},"5":{"start":{"line":35,"column":2},"end":{"line":35,"column":49}},"6":{"start":{"line":43,"column":2},"end":{"line":43,"column":49}},"7":{"start":{"line":50,"column":2},"end":{"line":50,"column":44}},"8":{"start":{"line":51,"column":2},"end":{"line":51,"column":45}},"9":{"start":{"line":52,"column":2},"end":{"line":52,"column":16}},"10":{"start":{"line":60,"column":2},"end":{"line":60,"column":26}},"11":{"start":{"line":68,"column":18},"end":{"line":68,"column":35}},"12":{"start":{"line":69,"column":2},"end":{"line":71,"column":3}},"13":{"start":{"line":70,"column":4},"end":{"line":70,"column":17}},"14":{"start":{"line":73,"column":2},"end":{"line":92,"column":3}},"15":{"start":{"line":74,"column":21},"end":{"line":78,"column":6}},"16":{"start":{"line":80,"column":4},"end":{"line":89,"column":5}},"17":{"start":{"line":81,"column":19},"end":{"line":81,"column":40}},"18":{"start":{"line":82,"column":6},"end":{"line":88,"column":7}},"19":{"start":{"line":83,"column":8},"end":{"line":83,"column":34}},"20":{"start":{"line":84,"column":8},"end":{"line":86,"column":9}},"21":{"start":{"line":85,"column":10},"end":{"line":85,"column":40}},"22":{"start":{"line":87,"column":8},"end":{"line":87,"column":20}},"23":{"start":{"line":91,"column":4},"end":{"line":91,"column":50}},"24":{"start":{"line":94,"column":2},"end":{"line":94,"column":15}},"25":{"start":{"line":104,"column":18},"end":{"line":107,"column":32}},"26":{"start":{"line":109,"column":16},"end":{"line":109,"column":34}},"27":{"start":{"line":110,"column":2},"end":{"line":110,"column":33}},"28":{"start":{"line":111,"column":2},"end":{"line":111,"column":29}},"29":{"start":{"line":112,"column":2},"end":{"line":112,"column":15}},"30":{"start":{"line":122,"column":16},"end":{"line":122,"column":30}},"31":{"start":{"line":123,"column":25},"end":{"line":123,"column":84}},"32":{"start":{"line":125,"column":18},"end":{"line":128,"column":3}},"33":{"start":{"line":130,"column":2},"end":{"line":132,"column":3}},"34":{"start":{"line":131,"column":4},"end":{"line":131,"column":49}},"35":{"start":{"line":134,"column":17},"end":{"line":137,"column":3}},"36":{"start":{"line":139,"column":18},"end":{"line":139,"column":41}},"37":{"start":{"line":141,"column":2},"end":{"line":189,"column":3}},"38":{"start":{"line":142,"column":19},"end":{"line":142,"column":47}},"39":{"start":{"line":145,"column":4},"end":{"line":157,"column":5}},"40":{"start":{"line":146,"column":24},"end":{"line":146,"column":50}},"41":{"start":{"line":148,"column":6},"end":{"line":156,"column":7}},"42":{"start":{"line":150,"column":8},"end":{"line":150,"column":62}},"43":{"start":{"line":151,"column":8},"end":{"line":151,"column":64}},"44":{"start":{"line":154,"column":8},"end":{"line":154,"column":26}},"45":{"start":{"line":155,"column":8},"end":{"line":155,"column":78}},"46":{"start":{"line":160,"column":24},"end":{"line":160,"column":60}},"47":{"start":{"line":161,"column":15},"end":{"line":161,"column":19}},"48":{"start":{"line":163,"column":4},"end":{"line":169,"column":5}},"49":{"start":{"line":164,"column":6},"end":{"line":168,"column":7}},"50":{"start":{"line":165,"column":8},"end":{"line":165,"column":37}},"51":{"start":{"line":167,"column":8},"end":{"line":167,"column":20}},"52":{"start":{"line":172,"column":4},"end":{"line":174,"column":5}},"53":{"start":{"line":173,"column":6},"end":{"line":173,"column":78}},"54":{"start":{"line":176,"column":4},"end":{"line":176,"column":16}},"55":{"start":{"line":179,"column":4},"end":{"line":181,"column":5}},"56":{"start":{"line":180,"column":6},"end":{"line":180,"column":18}},"57":{"start":{"line":184,"column":4},"end":{"line":184,"column":48}},"58":{"start":{"line":185,"column":21},"end":{"line":185,"column":64}},"59":{"start":{"line":186,"column":4},"end":{"line":186,"column":24}},"60":{"start":{"line":187,"column":4},"end":{"line":187,"column":50}},"61":{"start":{"line":188,"column":4},"end":{"line":188,"column":19}},"62":{"start":{"line":198,"column":2},"end":{"line":198,"column":44}},"63":{"start":{"line":208,"column":2},"end":{"line":211,"column":5}},"64":{"start":{"line":221,"column":2},"end":{"line":224,"column":5}},"65":{"start":{"line":233,"column":2},"end":{"line":233,"column":47}},"66":{"start":{"line":242,"column":2},"end":{"line":242,"column":61}},"67":{"start":{"line":244,"column":2},"end":{"line":248,"column":4}}},"fnMap":{"0":{"name":"getAuthToken","decl":{"start":{"line":18,"column":16},"end":{"line":18,"column":28}},"loc":{"start":{"line":18,"column":31},"end":{"line":20,"column":1}},"line":18},"1":{"name":"setAuthToken","decl":{"start":{"line":26,"column":16},"end":{"line":26,"column":28}},"loc":{"start":{"line":26,"column":36},"end":{"line":28,"column":1}},"line":26},"2":{"name":"getRefreshToken","decl":{"start":{"line":34,"column":16},"end":{"line":34,"column":31}},"loc":{"start":{"line":34,"column":34},"end":{"line":36,"column":1}},"line":34},"3":{"name":"setRefreshToken","decl":{"start":{"line":42,"column":16},"end":{"line":42,"column":31}},"loc":{"start":{"line":42,"column":39},"end":{"line":44,"column":1}},"line":42},"4":{"name":"removeAuthToken","decl":{"start":{"line":49,"column":16},"end":{"line":49,"column":31}},"loc":{"start":{"line":49,"column":34},"end":{"line":53,"column":1}},"line":49},"5":{"name":"isAuthenticated","decl":{"start":{"line":59,"column":16},"end":{"line":59,"column":31}},"loc":{"start":{"line":59,"column":34},"end":{"line":61,"column":1}},"line":59},"6":{"name":"refreshAccessToken","decl":{"start":{"line":67,"column":15},"end":{"line":67,"column":33}},"loc":{"start":{"line":67,"column":36},"end":{"line":95,"column":1}},"line":67},"7":{"name":"createApiError","decl":{"start":{"line":103,"column":9},"end":{"line":103,"column":23}},"loc":{"start":{"line":103,"column":45},"end":{"line":113,"column":1}},"line":103},"8":{"name":"apiRequest","decl":{"start":{"line":121,"column":22},"end":{"line":121,"column":32}},"loc":{"start":{"line":121,"column":52},"end":{"line":190,"column":1}},"line":121},"9":{"name":"apiGet","decl":{"start":{"line":197,"column":16},"end":{"line":197,"column":22}},"loc":{"start":{"line":197,"column":28},"end":{"line":199,"column":1}},"line":197},"10":{"name":"apiPost","decl":{"start":{"line":207,"column":16},"end":{"line":207,"column":23}},"loc":{"start":{"line":207,"column":35},"end":{"line":212,"column":1}},"line":207},"11":{"name":"apiPatch","decl":{"start":{"line":220,"column":16},"end":{"line":220,"column":24}},"loc":{"start":{"line":220,"column":36},"end":{"line":225,"column":1}},"line":220},"12":{"name":"apiDelete","decl":{"start":{"line":232,"column":16},"end":{"line":232,"column":25}},"loc":{"start":{"line":232,"column":31},"end":{"line":234,"column":1}},"line":232},"13":{"name":"handleApiError","decl":{"start":{"line":241,"column":16},"end":{"line":241,"column":30}},"loc":{"start":{"line":241,"column":38},"end":{"line":249,"column":1}},"line":241}},"branchMap":{"0":{"loc":{"start":{"line":69,"column":2},"end":{"line":71,"column":3}},"type":"if","locations":[{"start":{"line":69,"column":2},"end":{"line":71,"column":3}},{"start":{},"end":{}}],"line":69},"1":{"loc":{"start":{"line":80,"column":4},"end":{"line":89,"column":5}},"type":"if","locations":[{"start":{"line":80,"column":4},"end":{"line":89,"column":5}},{"start":{},"end":{}}],"line":80},"2":{"loc":{"start":{"line":82,"column":6},"end":{"line":88,"column":7}},"type":"if","locations":[{"start":{"line":82,"column":6},"end":{"line":88,"column":7}},{"start":{},"end":{}}],"line":82},"3":{"loc":{"start":{"line":84,"column":8},"end":{"line":86,"column":9}},"type":"if","locations":[{"start":{"line":84,"column":8},"end":{"line":86,"column":9}},{"start":{},"end":{}}],"line":84},"4":{"loc":{"start":{"line":104,"column":18},"end":{"line":107,"column":32}},"type":"binary-expr","locations":[{"start":{"line":104,"column":18},"end":{"line":104,"column":34}},{"start":{"line":105,"column":7},"end":{"line":105,"column":24}},{"start":{"line":106,"column":7},"end":{"line":106,"column":22}},{"start":{"line":107,"column":7},"end":{"line":107,"column":32}}],"line":104},"5":{"loc":{"start":{"line":121,"column":38},"end":{"line":121,"column":50}},"type":"default-arg","locations":[{"start":{"line":121,"column":48},"end":{"line":121,"column":50}}],"line":121},"6":{"loc":{"start":{"line":123,"column":25},"end":{"line":123,"column":84}},"type":"binary-expr","locations":[{"start":{"line":123,"column":25},"end":{"line":123,"column":51}},{"start":{"line":123,"column":55},"end":{"line":123,"column":84}}],"line":123},"7":{"loc":{"start":{"line":130,"column":2},"end":{"line":132,"column":3}},"type":"if","locations":[{"start":{"line":130,"column":2},"end":{"line":132,"column":3}},{"start":{},"end":{}}],"line":130},"8":{"loc":{"start":{"line":145,"column":4},"end":{"line":157,"column":5}},"type":"if","locations":[{"start":{"line":145,"column":4},"end":{"line":157,"column":5}},{"start":{},"end":{}}],"line":145},"9":{"loc":{"start":{"line":145,"column":8},"end":{"line":145,"column":50}},"type":"binary-expr","locations":[{"start":{"line":145,"column":8},"end":{"line":145,"column":31}},{"start":{"line":145,"column":35},"end":{"line":145,"column":50}}],"line":145},"10":{"loc":{"start":{"line":148,"column":6},"end":{"line":156,"column":7}},"type":"if","locations":[{"start":{"line":148,"column":6},"end":{"line":156,"column":7}},{"start":{"line":152,"column":13},"end":{"line":156,"column":7}}],"line":148},"11":{"loc":{"start":{"line":163,"column":4},"end":{"line":169,"column":5}},"type":"if","locations":[{"start":{"line":163,"column":4},"end":{"line":169,"column":5}},{"start":{},"end":{}}],"line":163},"12":{"loc":{"start":{"line":172,"column":4},"end":{"line":174,"column":5}},"type":"if","locations":[{"start":{"line":172,"column":4},"end":{"line":174,"column":5}},{"start":{},"end":{}}],"line":172},"13":{"loc":{"start":{"line":173,"column":37},"end":{"line":173,"column":76}},"type":"binary-expr","locations":[{"start":{"line":173,"column":37},"end":{"line":173,"column":41}},{"start":{"line":173,"column":45},"end":{"line":173,"column":76}}],"line":173},"14":{"loc":{"start":{"line":179,"column":4},"end":{"line":181,"column":5}},"type":"if","locations":[{"start":{"line":179,"column":4},"end":{"line":181,"column":5}},{"start":{},"end":{}}],"line":179},"15":{"loc":{"start":{"line":185,"column":31},"end":{"line":185,"column":63}},"type":"binary-expr","locations":[{"start":{"line":185,"column":31},"end":{"line":185,"column":44}},{"start":{"line":185,"column":48},"end":{"line":185,"column":63}}],"line":185},"16":{"loc":{"start":{"line":245,"column":13},"end":{"line":245,"column":49}},"type":"binary-expr","locations":[{"start":{"line":245,"column":13},"end":{"line":245,"column":26}},{"start":{"line":245,"column":30},"end":{"line":245,"column":49}}],"line":245}},"s":{"0":1,"1":1,"2":1,"3":18,"4":2,"5":3,"6":1,"7":2,"8":2,"9":2,"10":2,"11":2,"12":2,"13":0,"14":2,"15":2,"16":2,"17":1,"18":1,"19":1,"20":1,"21":0,"22":1,"23":0,"24":1,"25":3,"26":3,"27":3,"28":3,"29":3,"30":13,"31":13,"32":13,"33":13,"34":4,"35":13,"36":13,"37":13,"38":13,"39":12,"40":2,"41":2,"42":1,"43":1,"44":1,"45":1,"46":11,"47":11,"48":11,"49":9,"50":9,"51":0,"52":11,"53":2,"54":9,"55":4,"56":3,"57":1,"58":1,"59":1,"60":1,"61":1,"62":1,"63":1,"64":1,"65":1,"66":3,"67":3},"f":{"0":18,"1":2,"2":3,"3":1,"4":2,"5":2,"6":2,"7":3,"8":13,"9":1,"10":1,"11":1,"12":1,"13":3},"b":{"0":[0,2],"1":[1,1],"2":[1,0],"3":[0,1],"4":[3,0,0,0],"5":[8],"6":[13,13],"7":[4,9],"8":[2,10],"9":[12,2],"10":[1,1],"11":[9,2],"12":[2,9],"13":[2,1],"14":[3,1],"15":[1,0],"16":[3,1]},"_coverageSchema":"1a1c01bbd47fc00a2c39e90264f33305004495a9","hash":"316ad00f5b228268a9f99b3c98667b4ce5248244"}
,"H:\\DEV\\Projects\\_FOXMIND\\Python_Web\\task16_weather\\_djwr\\frontend\\src\\js\\auth.js": {"path":"H:\\DEV\\Projects\\_FOXMIND\\Python_Web\\task16_weather\\_djwr\\frontend\\src\\js\\auth.js","statementMap":{"0":{"start":{"line":27,"column":2},"end":{"line":39,"column":3}},"1":{"start":{"line":28,"column":17},"end":{"line":28,"column":72}},"2":{"start":{"line":30,"column":4},"end":{"line":33,"column":5}},"3":{"start":{"line":31,"column":6},"end":{"line":31,"column":39}},"4":{"start":{"line":32,"column":6},"end":{"line":32,"column":43}},"5":{"start":{"line":35,"column":4},"end":{"line":35,"column":16}},"6":{"start":{"line":37,"column":4},"end":{"line":37,"column":26}},"7":{"start":{"line":38,"column":4},"end":{"line":38,"column":16}},"8":{"start":{"line":48,"column":2},"end":{"line":60,"column":3}},"9":{"start":{"line":49,"column":17},"end":{"line":49,"column":64}},"10":{"start":{"line":51,"column":4},"end":{"line":54,"column":5}},"11":{"start":{"line":52,"column":6},"end":{"line":52,"column":39}},"12":{"start":{"line":53,"column":6},"end":{"line":53,"column":43}},"13":{"start":{"line":56,"column":4},"end":{"line":56,"column":16}},"14":{"start":{"line":58,"column":4},"end":{"line":58,"column":26}},"15":{"start":{"line":59,"column":4},"end":{"line":59,"column":16}},"16":{"start":{"line":67,"column":2},"end":{"line":78,"column":3}},"17":{"start":{"line":68,"column":25},"end":{"line":68,"column":62}},"18":{"start":{"line":69,"column":4},"end":{"line":71,"column":5}},"19":{"start":{"line":70,"column":6},"end":{"line":70,"column":69}},"20":{"start":{"line":75,"column":4},"end":{"line":75,"column":22}},"21":{"start":{"line":76,"column":4},"end":{"line":76,"column":18}},"22":{"start":{"line":77,"column":4},"end":{"line":77,"column":29}},"23":{"start":{"line":86,"column":2},"end":{"line":91,"column":3}},"24":{"start":{"line":87,"column":4},"end":{"line":87,"column":42}},"25":{"start":{"line":89,"column":4},"end":{"line":89,"column":26}},"26":{"start":{"line":90,"column":4},"end":{"line":90,"column":16}},"27":{"start":{"line":99,"column":2},"end":{"line":104,"column":3}},"28":{"start":{"line":100,"column":4},"end":{"line":100,"column":51}},"29":{"start":{"line":102,"column":4},"end":{"line":102,"column":26}},"30":{"start":{"line":103,"column":4},"end":{"line":103,"column":16}},"31":{"start":{"line":113,"column":2},"end":{"line":118,"column":3}},"32":{"start":{"line":114,"column":4},"end":{"line":114,"column":59}},"33":{"start":{"line":116,"column":4},"end":{"line":116,"column":26}},"34":{"start":{"line":117,"column":4},"end":{"line":117,"column":16}},"35":{"start":{"line":126,"column":2},"end":{"line":126,"column":26}},"36":{"start":{"line":134,"column":2},"end":{"line":134,"column":53}},"37":{"start":{"line":141,"column":20},"end":{"line":141,"column":63}},"38":{"start":{"line":142,"column":16},"end":{"line":142,"column":38}},"39":{"start":{"line":144,"column":2},"end":{"line":147,"column":3}},"40":{"start":{"line":145,"column":4},"end":{"line":145,"column":24}},"41":{"start":{"line":146,"column":4},"end":{"line":146,"column":31}}},"fnMap":{"0":{"name":"login","decl":{"start":{"line":26,"column":22},"end":{"line":26,"column":27}},"loc":{"start":{"line":26,"column":45},"end":{"line":40,"column":1}},"line":26},"1":{"name":"register","decl":{"start":{"line":47,"column":22},"end":{"line":47,"column":30}},"loc":{"start":{"line":47,"column":41},"end":{"line":61,"column":1}},"line":47},"2":{"name":"logout","decl":{"start":{"line":66,"column":22},"end":{"line":66,"column":28}},"loc":{"start":{"line":66,"column":31},"end":{"line":79,"column":1}},"line":66},"3":{"name":"getCurrentUser","decl":{"start":{"line":85,"column":22},"end":{"line":85,"column":36}},"loc":{"start":{"line":85,"column":39},"end":{"line":92,"column":1}},"line":85},"4":{"name":"getUserProfile","decl":{"start":{"line":98,"column":22},"end":{"line":98,"column":36}},"loc":{"start":{"line":98,"column":39},"end":{"line":105,"column":1}},"line":98},"5":{"name":"updateUserProfile","decl":{"start":{"line":112,"column":22},"end":{"line":112,"column":39}},"loc":{"start":{"line":112,"column":46},"end":{"line":119,"column":1}},"line":112},"6":{"name":"isAuthenticated","decl":{"start":{"line":125,"column":16},"end":{"line":125,"column":31}},"loc":{"start":{"line":125,"column":34},"end":{"line":127,"column":1}},"line":125},"7":{"name":"oauthLogin","decl":{"start":{"line":133,"column":16},"end":{"line":133,"column":26}},"loc":{"start":{"line":133,"column":37},"end":{"line":135,"column":1}},"line":133},"8":{"name":"handleOAuthCallback","decl":{"start":{"line":140,"column":16},"end":{"line":140,"column":35}},"loc":{"start":{"line":140,"column":38},"end":{"line":148,"column":1}},"line":140}},"branchMap":{"0":{"loc":{"start":{"line":30,"column":4},"end":{"line":33,"column":5}},"type":"if","locations":[{"start":{"line":30,"column":4},"end":{"line":33,"column":5}},{"start":{},"end":{}}],"line":30},"1":{"loc":{"start":{"line":51,"column":4},"end":{"line":54,"column":5}},"type":"if","locations":[{"start":{"line":51,"column":4},"end":{"line":54,"column":5}},{"start":{},"end":{}}],"line":51},"2":{"loc":{"start":{"line":69,"column":4},"end":{"line":71,"column":5}},"type":"if","locations":[{"start":{"line":69,"column":4},"end":{"line":71,"column":5}},{"start":{},"end":{}}],"line":69},"3":{"loc":{"start":{"line":144,"column":2},"end":{"line":147,"column":3}},"type":"if","locations":[{"start":{"line":144,"column":2},"end":{"line":147,"column":3}},{"start":{},"end":{}}],"line":144}},"s":{"0":3,"1":3,"2":2,"3":1,"4":1,"5":2,"6":1,"7":1,"8":2,"9":2,"10":1,"11":1,"12":1,"13":1,"14":1,"15":1,"16":3,"17":3,"18":3,"19":2,"20":3,"21":3,"22":3,"23":2,"24":2,"25":1,"26":1,"27":2,"28":2,"29":1,"30":1,"31":2,"32":2,"33":1,"34":1,"35":2,"36":2,"37":2,"38":2,"39":2,"40":1,"41":1},"f":{"0":3,"1":2,"2":3,"3":2,"4":2,"5":2,"6":2,"7":2,"8":2},"b":{"0":[1,1],"1":[1,0],"2":[2,1],"3":[1,1]},"_coverageSchema":"1a1c01bbd47fc00a2c39e90264f33305004495a9","hash":"60276a8db16d5aa196812fa59e186188aa77ff21"}
,"H:\\DEV\\Projects\\_FOXMIND\\Python_Web\\task16_weather\\_djwr\\frontend\\src\\js\\cache.js": {"path":"H:\\DEV\\Projects\\_FOXMIND\\Python_Web\\task16_weather\\_djwr\\frontend\\src\\js\\cache.js","statementMap":{"0":{"start":{"line":8,"column":4},"end":{"line":8,"column":27}},"1":{"start":{"line":9,"column":4},"end":{"line":9,"column":26}},"2":{"start":{"line":19,"column":4},"end":{"line":19,"column":41}},"3":{"start":{"line":27,"column":4},"end":{"line":27,"column":27}},"4":{"start":{"line":36,"column":18},"end":{"line":36,"column":37}},"5":{"start":{"line":38,"column":4},"end":{"line":40,"column":5}},"6":{"start":{"line":39,"column":6},"end":{"line":39,"column":18}},"7":{"start":{"line":43,"column":4},"end":{"line":46,"column":5}},"8":{"start":{"line":44,"column":6},"end":{"line":44,"column":29}},"9":{"start":{"line":45,"column":6},"end":{"line":45,"column":18}},"10":{"start":{"line":48,"column":4},"end":{"line":48,"column":23}},"11":{"start":{"line":58,"column":18},"end":{"line":58,"column":49}},"12":{"start":{"line":60,"column":4},"end":{"line":64,"column":7}},"13":{"start":{"line":73,"column":4},"end":{"line":73,"column":34}},"14":{"start":{"line":81,"column":4},"end":{"line":81,"column":27}},"15":{"start":{"line":88,"column":4},"end":{"line":88,"column":23}},"16":{"start":{"line":95,"column":16},"end":{"line":95,"column":26}},"17":{"start":{"line":96,"column":4},"end":{"line":100,"column":5}},"18":{"start":{"line":97,"column":6},"end":{"line":99,"column":7}},"19":{"start":{"line":98,"column":8},"end":{"line":98,"column":31}},"20":{"start":{"line":108,"column":16},"end":{"line":108,"column":17}},"21":{"start":{"line":109,"column":18},"end":{"line":109,"column":19}},"22":{"start":{"line":110,"column":16},"end":{"line":110,"column":26}},"23":{"start":{"line":112,"column":4},"end":{"line":118,"column":5}},"24":{"start":{"line":113,"column":6},"end":{"line":117,"column":7}},"25":{"start":{"line":114,"column":8},"end":{"line":114,"column":18}},"26":{"start":{"line":116,"column":8},"end":{"line":116,"column":16}},"27":{"start":{"line":120,"column":4},"end":{"line":124,"column":6}},"28":{"start":{"line":129,"column":14},"end":{"line":129,"column":25}},"29":{"start":{"line":132,"column":0},"end":{"line":134,"column":18}},"30":{"start":{"line":133,"column":2},"end":{"line":133,"column":18}}},"fnMap":{"0":{"name":"(anonymous_0)","decl":{"start":{"line":7,"column":2},"end":{"line":7,"column":3}},"loc":{"start":{"line":7,"column":16},"end":{"line":10,"column":3}},"line":7},"1":{"name":"(anonymous_1)","decl":{"start":{"line":18,"column":2},"end":{"line":18,"column":3}},"loc":{"start":{"line":18,"column":36},"end":{"line":20,"column":3}},"line":18},"2":{"name":"(anonymous_2)","decl":{"start":{"line":26,"column":2},"end":{"line":26,"column":3}},"loc":{"start":{"line":26,"column":28},"end":{"line":28,"column":3}},"line":26},"3":{"name":"(anonymous_3)","decl":{"start":{"line":35,"column":2},"end":{"line":35,"column":3}},"loc":{"start":{"line":35,"column":11},"end":{"line":49,"column":3}},"line":35},"4":{"name":"(anonymous_4)","decl":{"start":{"line":57,"column":2},"end":{"line":57,"column":3}},"loc":{"start":{"line":57,"column":30},"end":{"line":65,"column":3}},"line":57},"5":{"name":"(anonymous_5)","decl":{"start":{"line":72,"column":2},"end":{"line":72,"column":3}},"loc":{"start":{"line":72,"column":11},"end":{"line":74,"column":3}},"line":72},"6":{"name":"(anonymous_6)","decl":{"start":{"line":80,"column":2},"end":{"line":80,"column":3}},"loc":{"start":{"line":80,"column":14},"end":{"line":82,"column":3}},"line":80},"7":{"name":"(anonymous_7)","decl":{"start":{"line":87,"column":2},"end":{"line":87,"column":3}},"loc":{"start":{"line":87,"column":10},"end":{"line":89,"column":3}},"line":87},"8":{"name":"(anonymous_8)","decl":{"start":{"line":94,"column":2},"end":{"line":94,"column":3}},"loc":{"start":{"line":94,"column":12},"end":{"line":101,"column":3}},"line":94},"9":{"name":"(anonymous_9)","decl":{"start":{"line":107,"column":2},"end":{"line":107,"column":3}},"loc":{"start":{"line":107,"column":10},"end":{"line":125,"column":3}},"line":107},"10":{"name":"(anonymous_10)","decl":{"start":{"line":132,"column":12},"end":{"line":132,"column":13}},"loc":{"start":{"line":132,"column":18},"end":{"line":134,"column":1}},"line":132}},"branchMap":{"0":{"loc":{"start":{"line":38,"column":4},"end":{"line":40,"column":5}},"type":"if","locations":[{"start":{"line":38,"column":4},"end":{"line":40,"column":5}},{"start":{},"end":{}}],"line":38},"1":{"loc":{"start":{"line":43,"column":4},"end":{"line":46,"column":5}},"type":"if","locations":[{"start":{"line":43,"column":4},"end":{"line":46,"column":5}},{"start":{},"end":{}}],"line":43},"2":{"loc":{"start":{"line":57,"column":18},"end":{"line":57,"column":28}},"type":"default-arg","locations":[{"start":{"line":57,"column":24},"end":{"line":57,"column":28}}],"line":57},"3":{"loc":{"start":{"line":58,"column":19},"end":{"line":58,"column":41}},"type":"binary-expr","locations":[{"start":{"line":58,"column":19},"end":{"line":58,"column":22}},{"start":{"line":58,"column":26},"end":{"line":58,"column":41}}],"line":58},"4":{"loc":{"start":{"line":97,"column":6},"end":{"line":99,"column":7}},"type":"if","locations":[{"start":{"line":97,"column":6},"end":{"line":99,"column":7}},{"start":{},"end":{}}],"line":97},"5":{"loc":{"start":{"line":113,"column":6},"end":{"line":117,"column":7}},"type":"if","locations":[{"start":{"line":113,"column":6},"end":{"line":117,"column":7}},{"start":{"line":115,"column":13},"end":{"line":117,"column":7}}],"line":113}},"s":{"0":1,"1":1,"2":16,"3":1,"4":29,"5":29,"6":6,"7":23,"8":4,"9":4,"10":19,"11":28,"12":28,"13":4,"14":2,"15":24,"16":2,"17":2,"18":4,"19":1,"20":2,"21":2,"22":2,"23":2,"24":3,"25":1,"26":2,"27":2,"28":1,"29":1,"30":0},"f":{"0":1,"1":16,"2":1,"3":29,"4":28,"5":4,"6":2,"7":24,"8":2,"9":2,"10":0},"b":{"0":[6,23],"1":[4,19],"2":[17],"3":[28,17],"4":[1,3],"5":[1,2]},"_coverageSchema":"1a1c01bbd47fc00a2c39e90264f33305004495a9","hash":"b226d9b0c2c990cf0b7032434d0016b47f97335f"}
,"H:\\DEV\\Projects\\_FOXMIND\\Python_Web\\task16_weather\\_djwr\\frontend\\src\\js\\config.js": {"path":"H:\\DEV\\Projects\\_FOXMIND\\Python_Web\\task16_weather\\_djwr\\frontend\\src\\js\\config.js","statementMap":{"0":{"start":{"line":7,"column":29},"end":{"line":15,"column":1}},"1":{"start":{"line":18,"column":30},"end":{"line":18,"column":39}},"2":{"start":{"line":21,"column":25},"end":{"line":29,"column":1}},"3":{"start":{"line":32,"column":29},"end":{"line":55,"column":1}},"4":{"start":{"line":43,"column":22},"end":{"line":43,"column":37}},"5":{"start":{"line":46,"column":43},"end":{"line":46,"column":80}},"6":{"start":{"line":47,"column":30},"end":{"line":47,"column":58}},"7":{"start":{"line":51,"column":30},"end":{"line":51,"column":52}},"8":{"start":{"line":58,"column":29},"end":{"line":66,"column":1}},"9":{"start":{"line":69,"column":36},"end":{"line":74,"column":1}},"10":{"start":{"line":77,"column":34},"end":{"line":81,"column":1}},"11":{"start":{"line":89,"column":2},"end":{"line":89,"column":40}},"12":{"start":{"line":98,"column":2},"end":{"line":98,"column":48}}},"fnMap":{"0":{"name":"(anonymous_0)","decl":{"start":{"line":43,"column":14},"end":{"line":43,"column":15}},"loc":{"start":{"line":43,"column":22},"end":{"line":43,"column":37}},"line":43},"1":{"name":"(anonymous_1)","decl":{"start":{"line":46,"column":11},"end":{"line":46,"column":12}},"loc":{"start":{"line":46,"column":43},"end":{"line":46,"column":80}},"line":46},"2":{"name":"(anonymous_2)","decl":{"start":{"line":47,"column":18},"end":{"line":47,"column":19}},"loc":{"start":{"line":47,"column":30},"end":{"line":47,"column":58}},"line":47},"3":{"name":"(anonymous_3)","decl":{"start":{"line":51,"column":22},"end":{"line":51,"column":23}},"loc":{"start":{"line":51,"column":30},"end":{"line":51,"column":52}},"line":51},"4":{"name":"isValidPeriod","decl":{"start":{"line":88,"column":16},"end":{"line":88,"column":29}},"loc":{"start":{"line":88,"column":38},"end":{"line":90,"column":1}},"line":88},"5":{"name":"getCacheTTL","decl":{"start":{"line":97,"column":16},"end":{"line":97,"column":27}},"loc":{"start":{"line":97,"column":36},"end":{"line":99,"column":1}},"line":97}},"branchMap":{"0":{"loc":{"start":{"line":46,"column":20},"end":{"line":46,"column":38}},"type":"default-arg","locations":[{"start":{"line":46,"column":29},"end":{"line":46,"column":38}}],"line":46},"1":{"loc":{"start":{"line":98,"column":9},"end":{"line":98,"column":47}},"type":"binary-expr","locations":[{"start":{"line":98,"column":9},"end":{"line":98,"column":26}},{"start":{"line":98,"column":30},"end":{"line":98,"column":47}}],"line":98}},"s":{"0":1,"1":1,"2":1,"3":1,"4":1,"5":3,"6":0,"7":1,"8":1,"9":1,"10":1,"11":14,"12":6},"f":{"0":1,"1":3,"2":0,"3":1,"4":14,"5":6},"b":{"0":[1],"1":[6,3]},"_coverageSchema":"1a1c01bbd47fc00a2c39e90264f33305004495a9","hash":"785e661c5f2ac8d55afa5f53511861c46347fb5e"}
,"H:\\DEV\\Projects\\_FOXMIND\\Python_Web\\task16_weather\\_djwr\\frontend\\src\\js\\icons.js": {"path":"H:\\DEV\\Projects\\_FOXMIND\\Python_Web\\task16_weather\\_djwr\\frontend\\src\\js\\icons.js","statementMap":{"0":{"start":{"line":9,"column":18},"end":{"line":13,"column":3}},"1":{"start":{"line":15,"column":20},"end":{"line":15,"column":51}},"2":{"start":{"line":16,"column":19},"end":{"line":16,"column":41}},"3":{"start":{"line":18,"column":2},"end":{"line":18,"column":44}},"4":{"start":{"line":26,"column":25},"end":{"line":26,"column":56}},"5":{"start":{"line":29,"column":2},"end":{"line":35,"column":3}},"6":{"start":{"line":30,"column":4},"end":{"line":34,"column":6}},"7":{"start":{"line":38,"column":2},"end":{"line":44,"column":3}},"8":{"start":{"line":39,"column":4},"end":{"line":43,"column":6}},"9":{"start":{"line":47,"column":2},"end":{"line":53,"column":3}},"10":{"start":{"line":48,"column":4},"end":{"line":52,"column":6}},"11":{"start":{"line":56,"column":2},"end":{"line":62,"column":3}},"12":{"start":{"line":57,"column":4},"end":{"line":61,"column":6}},"13":{"start":{"line":65,"column":2},"end":{"line":71,"column":3}},"14":{"start":{"line":66,"column":4},"end":{"line":70,"column":6}},"15":{"start":{"line":74,"column":2},"end":{"line":80,"column":3}},"16":{"start":{"line":75,"column":4},"end":{"line":79,"column":6}},"17":{"start":{"line":83,"column":2},"end":{"line":87,"column":4}},"18":{"start":{"line":94,"column":14},"end":{"line":94,"column":75}},"19":{"start":{"line":95,"column":2},"end":{"line":95,"column":62}},"20":{"start":{"line":96,"column":2},"end":{"line":96,"column":35}},"21":{"start":{"line":97,"column":2},"end":{"line":97,"column":45}},"22":{"start":{"line":98,"column":2},"end":{"line":98,"column":43}},"23":{"start":{"line":100,"column":15},"end":{"line":100,"column":41}},"24":{"start":{"line":101,"column":2},"end":{"line":101,"column":23}},"25":{"start":{"line":103,"column":2},"end":{"line":103,"column":13}},"26":{"start":{"line":110,"column":16},"end":{"line":117,"column":3}},"27":{"start":{"line":119,"column":2},"end":{"line":119,"column":36}},"28":{"start":{"line":126,"column":2},"end":{"line":126,"column":55}},"29":{"start":{"line":126,"column":43},"end":{"line":126,"column":55}},"30":{"start":{"line":127,"column":2},"end":{"line":127,"column":38}},"31":{"start":{"line":134,"column":2},"end":{"line":134,"column":28}},"32":{"start":{"line":134,"column":18},"end":{"line":134,"column":28}},"33":{"start":{"line":136,"column":15},"end":{"line":136,"column":34}},"34":{"start":{"line":137,"column":16},"end":{"line":137,"column":31}},"35":{"start":{"line":138,"column":18},"end":{"line":138,"column":35}},"36":{"start":{"line":139,"column":15},"end":{"line":139,"column":40}},"37":{"start":{"line":140,"column":23},"end":{"line":140,"column":39}},"38":{"start":{"line":142,"column":2},"end":{"line":142,"column":74}},"39":{"start":{"line":149,"column":2},"end":{"line":149,"column":28}},"40":{"start":{"line":149,"column":18},"end":{"line":149,"column":28}},"41":{"start":{"line":151,"column":15},"end":{"line":151,"column":34}},"42":{"start":{"line":152,"column":15},"end":{"line":152,"column":93}},"43":{"start":{"line":153,"column":18},"end":{"line":153,"column":37}},"44":{"start":{"line":154,"column":16},"end":{"line":154,"column":31}},"45":{"start":{"line":155,"column":18},"end":{"line":155,"column":35}},"46":{"start":{"line":156,"column":15},"end":{"line":156,"column":40}},"47":{"start":{"line":157,"column":23},"end":{"line":157,"column":39}},"48":{"start":{"line":159,"column":2},"end":{"line":159,"column":85}}},"fnMap":{"0":{"name":"getWeatherIcon","decl":{"start":{"line":8,"column":16},"end":{"line":8,"column":30}},"loc":{"start":{"line":8,"column":59},"end":{"line":19,"column":1}},"line":8},"1":{"name":"getIconData","decl":{"start":{"line":25,"column":9},"end":{"line":25,"column":20}},"loc":{"start":{"line":25,"column":32},"end":{"line":88,"column":1}},"line":25},"2":{"name":"createIconSVG","decl":{"start":{"line":93,"column":9},"end":{"line":93,"column":22}},"loc":{"start":{"line":93,"column":44},"end":{"line":104,"column":1}},"line":93},"3":{"name":"getIconPath","decl":{"start":{"line":109,"column":9},"end":{"line":109,"column":20}},"loc":{"start":{"line":109,"column":27},"end":{"line":120,"column":1}},"line":109},"4":{"name":"formatTemperature","decl":{"start":{"line":125,"column":16},"end":{"line":125,"column":33}},"loc":{"start":{"line":125,"column":53},"end":{"line":128,"column":1}},"line":125},"5":{"name":"formatTime","decl":{"start":{"line":133,"column":16},"end":{"line":133,"column":26}},"loc":{"start":{"line":133,"column":38},"end":{"line":143,"column":1}},"line":133},"6":{"name":"formatDate","decl":{"start":{"line":148,"column":16},"end":{"line":148,"column":26}},"loc":{"start":{"line":148,"column":38},"end":{"line":160,"column":1}},"line":148}},"branchMap":{"0":{"loc":{"start":{"line":8,"column":42},"end":{"line":8,"column":57}},"type":"default-arg","locations":[{"start":{"line":8,"column":49},"end":{"line":8,"column":57}}],"line":8},"1":{"loc":{"start":{"line":15,"column":20},"end":{"line":15,"column":51}},"type":"binary-expr","locations":[{"start":{"line":15,"column":20},"end":{"line":15,"column":33}},{"start":{"line":15,"column":37},"end":{"line":15,"column":51}}],"line":15},"2":{"loc":{"start":{"line":26,"column":26},"end":{"line":26,"column":41}},"type":"binary-expr","locations":[{"start":{"line":26,"column":26},"end":{"line":26,"column":35}},{"start":{"line":26,"column":39},"end":{"line":26,"column":41}}],"line":26},"3":{"loc":{"start":{"line":29,"column":2},"end":{"line":35,"column":3}},"type":"if","locations":[{"start":{"line":29,"column":2},"end":{"line":35,"column":3}},{"start":{},"end":{}}],"line":29},"4":{"loc":{"start":{"line":29,"column":6},"end":{"line":29,"column":74}},"type":"binary-expr","locations":[{"start":{"line":29,"column":6},"end":{"line":29,"column":38}},{"start":{"line":29,"column":42},"end":{"line":29,"column":74}}],"line":29},"5":{"loc":{"start":{"line":38,"column":2},"end":{"line":44,"column":3}},"type":"if","locations":[{"start":{"line":38,"column":2},"end":{"line":44,"column":3}},{"start":{},"end":{}}],"line":38},"6":{"loc":{"start":{"line":38,"column":6},"end":{"line":38,"column":112}},"type":"binary-expr","locations":[{"start":{"line":38,"column":6},"end":{"line":38,"column":37}},{"start":{"line":38,"column":41},"end":{"line":38,"column":75}},{"start":{"line":38,"column":79},"end":{"line":38,"column":112}}],"line":38},"7":{"loc":{"start":{"line":47,"column":2},"end":{"line":53,"column":3}},"type":"if","locations":[{"start":{"line":47,"column":2},"end":{"line":53,"column":3}},{"start":{},"end":{}}],"line":47},"8":{"loc":{"start":{"line":47,"column":6},"end":{"line":47,"column":76}},"type":"binary-expr","locations":[{"start":{"line":47,"column":6},"end":{"line":47,"column":38}},{"start":{"line":47,"column":42},"end":{"line":47,"column":76}}],"line":47},"9":{"loc":{"start":{"line":56,"column":2},"end":{"line":62,"column":3}},"type":"if","locations":[{"start":{"line":56,"column":2},"end":{"line":62,"column":3}},{"start":{},"end":{}}],"line":56},"10":{"loc":{"start":{"line":56,"column":6},"end":{"line":56,"column":73}},"type":"binary-expr","locations":[{"start":{"line":56,"column":6},"end":{"line":56,"column":37}},{"start":{"line":56,"column":41},"end":{"line":56,"column":73}}],"line":56},"11":{"loc":{"start":{"line":65,"column":2},"end":{"line":71,"column":3}},"type":"if","locations":[{"start":{"line":65,"column":2},"end":{"line":71,"column":3}},{"start":{},"end":{}}],"line":65},"12":{"loc":{"start":{"line":65,"column":6},"end":{"line":65,"column":142}},"type":"binary-expr","locations":[{"start":{"line":65,"column":6},"end":{"line":65,"column":37}},{"start":{"line":65,"column":41},"end":{"line":65,"column":71}},{"start":{"line":65,"column":75},"end":{"line":65,"column":106}},{"start":{"line":65,"column":110},"end":{"line":65,"column":142}}],"line":65},"13":{"loc":{"start":{"line":74,"column":2},"end":{"line":80,"column":3}},"type":"if","locations":[{"start":{"line":74,"column":2},"end":{"line":80,"column":3}},{"start":{},"end":{}}],"line":74},"14":{"loc":{"start":{"line":74,"column":6},"end":{"line":74,"column":77}},"type":"binary-expr","locations":[{"start":{"line":74,"column":6},"end":{"line":74,"column":38}},{"start":{"line":74,"column":42},"end":{"line":74,"column":77}}],"line":74},"15":{"loc":{"start":{"line":119,"column":9},"end":{"line":119,"column":35}},"type":"binary-expr","locations":[{"start":{"line":119,"column":9},"end":{"line":119,"column":20}},{"start":{"line":119,"column":24},"end":{"line":119,"column":35}}],"line":119},"16":{"loc":{"start":{"line":125,"column":40},"end":{"line":125,"column":51}},"type":"default-arg","locations":[{"start":{"line":125,"column":47},"end":{"line":125,"column":51}}],"line":125},"17":{"loc":{"start":{"line":126,"column":2},"end":{"line":126,"column":55}},"type":"if","locations":[{"start":{"line":126,"column":2},"end":{"line":126,"column":55}},{"start":{},"end":{}}],"line":126},"18":{"loc":{"start":{"line":126,"column":6},"end":{"line":126,"column":41}},"type":"binary-expr","locations":[{"start":{"line":126,"column":6},"end":{"line":126,"column":19}},{"start":{"line":126,"column":23},"end":{"line":126,"column":41}}],"line":126},"19":{"loc":{"start":{"line":134,"column":2},"end":{"line":134,"column":28}},"type":"if","locations":[{"start":{"line":134,"column":2},"end":{"line":134,"column":28}},{"start":{},"end":{}}],"line":134},"20":{"loc":{"start":{"line":139,"column":15},"end":{"line":139,"column":40}},"type":"cond-expr","locations":[{"start":{"line":139,"column":29},"end":{"line":139,"column":33}},{"start":{"line":139,"column":36},"end":{"line":139,"column":40}}],"line":139},"21":{"loc":{"start":{"line":140,"column":23},"end":{"line":140,"column":39}},"type":"binary-expr","locations":[{"start":{"line":140,"column":23},"end":{"line":140,"column":33}},{"start":{"line":140,"column":37},"end":{"line":140,"column":39}}],"line":140},"22":{"loc":{"start":{"line":149,"column":2},"end":{"line":149,"column":28}},"type":"if","locations":[{"start":{"line":149,"column":2},"end":{"line":149,"column":28}},{"start":{},"end":{}}],"line":149},"23":{"loc":{"start":{"line":156,"column":15},"end":{"line":156,"column":40}},"type":"cond-expr","locations":[{"start":{"line":156,"column":29},"end":{"line":156,"column":33}},{"start":{"line":156,"column":36},"end":{"line":156,"column":40}}],"line":156},"24":{"loc":{"start":{"line":157,"column":23},"end":{"line":157,"column":39}},"type":"binary-expr","locations":[{"start":{"line":157,"column":23},"end":{"line":157,"column":33}},{"start":{"line":157,"column":37},"end":{"line":157,"column":39}}],"line":157}},"s":{"0":9,"1":9,"2":9,"3":9,"4":9,"5":9,"6":4,"7":5,"8":1,"9":4,"10":1,"11":3,"12":1,"13":2,"14":0,"15":2,"16":1,"17":1,"18":9,"19":9,"20":9,"21":9,"22":9,"23":9,"24":9,"25":9,"26":9,"27":9,"28":8,"29":2,"30":6,"31":6,"32":2,"33":4,"34":4,"35":4,"36":4,"37":4,"38":4,"39":6,"40":2,"41":4,"42":4,"43":4,"44":4,"45":4,"46":4,"47":4,"48":4},"f":{"0":9,"1":9,"2":9,"3":9,"4":8,"5":6,"6":6},"b":{"0":[0],"1":[9,0],"2":[9,0],"3":[4,5],"4":[9,8],"5":[1,4],"6":[5,4,4],"7":[1,3],"8":[4,3],"9":[1,2],"10":[3,2],"11":[0,2],"12":[2,2,2,2],"13":[1,1],"14":[2,1],"15":[9,0],"16":[7],"17":[2,6],"18":[8,7],"19":[2,4],"20":[3,1],"21":[4,0],"22":[2,4],"23":[4,0],"24":[4,0]},"_coverageSchema":"1a1c01bbd47fc00a2c39e90264f33305004495a9","hash":"95d0510c96796c65fcb5ef607096be9a78e6300a"}
,"H:\\DEV\\Projects\\_FOXMIND\\Python_Web\\task16_weather\\_djwr\\frontend\\src\\js\\search.js": {"path":"H:\\DEV\\Projects\\_FOXMIND\\Python_Web\\task16_weather\\_djwr\\frontend\\src\\js\\search.js","statementMap":{"0":{"start":{"line":15,"column":23},"end":{"line":15,"column":26}},"1":{"start":{"line":16,"column":20},"end":{"line":16,"column":24}},"2":{"start":{"line":17,"column":24},"end":{"line":17,"column":29}},"3":{"start":{"line":18,"column":19},"end":{"line":18,"column":23}},"4":{"start":{"line":26,"column":2},"end":{"line":26,"column":23}},"5":{"start":{"line":26,"column":13},"end":{"line":26,"column":23}},"6":{"start":{"line":27,"column":14},"end":{"line":27,"column":43}},"7":{"start":{"line":28,"column":2},"end":{"line":28,"column":25}},"8":{"start":{"line":29,"column":2},"end":{"line":29,"column":23}},"9":{"start":{"line":38,"column":2},"end":{"line":40,"column":3}},"10":{"start":{"line":39,"column":4},"end":{"line":39,"column":32}},"11":{"start":{"line":42,"column":2},"end":{"line":45,"column":3}},"12":{"start":{"line":43,"column":4},"end":{"line":43,"column":24}},"13":{"start":{"line":44,"column":4},"end":{"line":44,"column":11}},"14":{"start":{"line":47,"column":2},"end":{"line":61,"column":21}},"15":{"start":{"line":48,"column":4},"end":{"line":60,"column":5}},"16":{"start":{"line":49,"column":23},"end":{"line":49,"column":97}},"17":{"start":{"line":50,"column":22},"end":{"line":50,"column":56}},"18":{"start":{"line":52,"column":6},"end":{"line":56,"column":7}},"19":{"start":{"line":53,"column":8},"end":{"line":53,"column":26}},"20":{"start":{"line":55,"column":8},"end":{"line":55,"column":38}},"21":{"start":{"line":58,"column":6},"end":{"line":58,"column":28}},"22":{"start":{"line":59,"column":6},"end":{"line":59,"column":26}},"23":{"start":{"line":69,"column":20},"end":{"line":69,"column":61}},"24":{"start":{"line":70,"column":2},"end":{"line":70,"column":25}},"25":{"start":{"line":70,"column":18},"end":{"line":70,"column":25}},"26":{"start":{"line":72,"column":2},"end":{"line":76,"column":3}},"27":{"start":{"line":73,"column":4},"end":{"line":73,"column":104}},"28":{"start":{"line":74,"column":4},"end":{"line":74,"column":41}},"29":{"start":{"line":75,"column":4},"end":{"line":75,"column":11}},"30":{"start":{"line":78,"column":2},"end":{"line":78,"column":27}},"31":{"start":{"line":80,"column":2},"end":{"line":96,"column":5}},"32":{"start":{"line":81,"column":17},"end":{"line":81,"column":46}},"33":{"start":{"line":82,"column":4},"end":{"line":82,"column":135}},"34":{"start":{"line":83,"column":4},"end":{"line":93,"column":6}},"35":{"start":{"line":94,"column":4},"end":{"line":94,"column":65}},"36":{"start":{"line":94,"column":41},"end":{"line":94,"column":63}},"37":{"start":{"line":95,"column":4},"end":{"line":95,"column":32}},"38":{"start":{"line":98,"column":2},"end":{"line":98,"column":39}},"39":{"start":{"line":105,"column":20},"end":{"line":105,"column":61}},"40":{"start":{"line":106,"column":2},"end":{"line":108,"column":3}},"41":{"start":{"line":107,"column":4},"end":{"line":107,"column":38}},"42":{"start":{"line":117,"column":2},"end":{"line":117,"column":22}},"43":{"start":{"line":120,"column":22},"end":{"line":120,"column":60}},"44":{"start":{"line":121,"column":2},"end":{"line":123,"column":3}},"45":{"start":{"line":122,"column":4},"end":{"line":122,"column":27}},"46":{"start":{"line":125,"column":2},"end":{"line":142,"column":3}},"47":{"start":{"line":126,"column":18},"end":{"line":126,"column":32}},"48":{"start":{"line":127,"column":4},"end":{"line":130,"column":5}},"49":{"start":{"line":128,"column":6},"end":{"line":128,"column":63}},"50":{"start":{"line":129,"column":6},"end":{"line":129,"column":13}},"51":{"start":{"line":132,"column":18},"end":{"line":132,"column":63}},"52":{"start":{"line":133,"column":4},"end":{"line":137,"column":5}},"53":{"start":{"line":134,"column":6},"end":{"line":134,"column":48}},"54":{"start":{"line":136,"column":6},"end":{"line":136,"column":37}},"55":{"start":{"line":139,"column":4},"end":{"line":141,"column":8}},"56":{"start":{"line":150,"column":2},"end":{"line":163,"column":3}},"57":{"start":{"line":151,"column":4},"end":{"line":151,"column":65}},"58":{"start":{"line":153,"column":23},"end":{"line":153,"column":62}},"59":{"start":{"line":154,"column":4},"end":{"line":154,"column":43}},"60":{"start":{"line":156,"column":4},"end":{"line":156,"column":84}},"61":{"start":{"line":158,"column":4},"end":{"line":160,"column":8}},"62":{"start":{"line":162,"column":4},"end":{"line":162,"column":69}},"63":{"start":{"line":170,"column":22},"end":{"line":170,"column":60}},"64":{"start":{"line":171,"column":2},"end":{"line":171,"column":27}},"65":{"start":{"line":171,"column":20},"end":{"line":171,"column":27}},"66":{"start":{"line":174,"column":2},"end":{"line":176,"column":3}},"67":{"start":{"line":175,"column":4},"end":{"line":175,"column":56}},"68":{"start":{"line":179,"column":2},"end":{"line":189,"column":3}},"69":{"start":{"line":180,"column":4},"end":{"line":187,"column":7}},"70":{"start":{"line":181,"column":20},"end":{"line":181,"column":41}},"71":{"start":{"line":182,"column":6},"end":{"line":186,"column":7}},"72":{"start":{"line":183,"column":8},"end":{"line":183,"column":28}},"73":{"start":{"line":185,"column":8},"end":{"line":185,"column":28}},"74":{"start":{"line":188,"column":4},"end":{"line":188,"column":64}},"75":{"start":{"line":192,"column":2},"end":{"line":197,"column":4}},"76":{"start":{"line":193,"column":29},"end":{"line":193,"column":70}},"77":{"start":{"line":194,"column":4},"end":{"line":196,"column":5}},"78":{"start":{"line":195,"column":6},"end":{"line":195,"column":26}},"79":{"start":{"line":199,"column":2},"end":{"line":199,"column":51}},"80":{"start":{"line":200,"column":2},"end":{"line":200,"column":27}},"81":{"start":{"line":207,"column":17},"end":{"line":211,"column":3}},"82":{"start":{"line":213,"column":23},"end":{"line":213,"column":52}},"83":{"start":{"line":214,"column":2},"end":{"line":214,"column":106}},"84":{"start":{"line":215,"column":2},"end":{"line":215,"column":37}},"85":{"start":{"line":217,"column":2},"end":{"line":217,"column":42}},"86":{"start":{"line":218,"column":2},"end":{"line":218,"column":48}},"87":{"start":{"line":218,"column":19},"end":{"line":218,"column":40}}},"fnMap":{"0":{"name":"escapeHtml","decl":{"start":{"line":25,"column":9},"end":{"line":25,"column":19}},"loc":{"start":{"line":25,"column":26},"end":{"line":30,"column":1}},"line":25},"1":{"name":"searchCities","decl":{"start":{"line":37,"column":16},"end":{"line":37,"column":28}},"loc":{"start":{"line":37,"column":46},"end":{"line":62,"column":1}},"line":37},"2":{"name":"(anonymous_2)","decl":{"start":{"line":47,"column":29},"end":{"line":47,"column":30}},"loc":{"start":{"line":47,"column":41},"end":{"line":61,"column":3}},"line":47},"3":{"name":"displaySearchResults","decl":{"start":{"line":68,"column":16},"end":{"line":68,"column":36}},"loc":{"start":{"line":68,"column":46},"end":{"line":99,"column":1}},"line":68},"4":{"name":"(anonymous_4)","decl":{"start":{"line":80,"column":18},"end":{"line":80,"column":19}},"loc":{"start":{"line":80,"column":28},"end":{"line":96,"column":3}},"line":80},"5":{"name":"(anonymous_5)","decl":{"start":{"line":94,"column":35},"end":{"line":94,"column":36}},"loc":{"start":{"line":94,"column":41},"end":{"line":94,"column":63}},"line":94},"6":{"name":"hideSearchResults","decl":{"start":{"line":104,"column":16},"end":{"line":104,"column":33}},"loc":{"start":{"line":104,"column":36},"end":{"line":109,"column":1}},"line":104},"7":{"name":"selectCity","decl":{"start":{"line":116,"column":16},"end":{"line":116,"column":26}},"loc":{"start":{"line":116,"column":58},"end":{"line":143,"column":1}},"line":116},"8":{"name":"createSubscriptionDirect","decl":{"start":{"line":149,"column":15},"end":{"line":149,"column":39}},"loc":{"start":{"line":149,"column":46},"end":{"line":164,"column":1}},"line":149},"9":{"name":"initSearch","decl":{"start":{"line":169,"column":16},"end":{"line":169,"column":26}},"loc":{"start":{"line":169,"column":29},"end":{"line":201,"column":1}},"line":169},"10":{"name":"(anonymous_10)","decl":{"start":{"line":180,"column":42},"end":{"line":180,"column":43}},"loc":{"start":{"line":180,"column":49},"end":{"line":187,"column":5}},"line":180},"11":{"name":"(anonymous_11)","decl":{"start":{"line":192,"column":17},"end":{"line":192,"column":18}},"loc":{"start":{"line":192,"column":24},"end":{"line":197,"column":3}},"line":192},"12":{"name":"showNotification","decl":{"start":{"line":206,"column":9},"end":{"line":206,"column":25}},"loc":{"start":{"line":206,"column":50},"end":{"line":219,"column":1}},"line":206},"13":{"name":"(anonymous_13)","decl":{"start":{"line":218,"column":13},"end":{"line":218,"column":14}},"loc":{"start":{"line":218,"column":19},"end":{"line":218,"column":40}},"line":218}},"branchMap":{"0":{"loc":{"start":{"line":26,"column":2},"end":{"line":26,"column":23}},"type":"if","locations":[{"start":{"line":26,"column":2},"end":{"line":26,"column":23}},{"start":{},"end":{}}],"line":26},"1":{"loc":{"start":{"line":38,"column":2},"end":{"line":40,"column":3}},"type":"if","locations":[{"start":{"line":38,"column":2},"end":{"line":40,"column":3}},{"start":{},"end":{}}],"line":38},"2":{"loc":{"start":{"line":42,"column":2},"end":{"line":45,"column":3}},"type":"if","locations":[{"start":{"line":42,"column":2},"end":{"line":45,"column":3}},{"start":{},"end":{}}],"line":42},"3":{"loc":{"start":{"line":42,"column":6},"end":{"line":42,"column":32}},"type":"binary-expr","locations":[{"start":{"line":42,"column":6},"end":{"line":42,"column":12}},{"start":{"line":42,"column":16},"end":{"line":42,"column":32}}],"line":42},"4":{"loc":{"start":{"line":50,"column":22},"end":{"line":50,"column":56}},"type":"binary-expr","locations":[{"start":{"line":50,"column":22},"end":{"line":50,"column":38}},{"start":{"line":50,"column":42},"end":{"line":50,"column":50}},{"start":{"line":50,"column":54},"end":{"line":50,"column":56}}],"line":50},"5":{"loc":{"start":{"line":52,"column":6},"end":{"line":56,"column":7}},"type":"if","locations":[{"start":{"line":52,"column":6},"end":{"line":56,"column":7}},{"start":{"line":54,"column":13},"end":{"line":56,"column":7}}],"line":52},"6":{"loc":{"start":{"line":70,"column":2},"end":{"line":70,"column":25}},"type":"if","locations":[{"start":{"line":70,"column":2},"end":{"line":70,"column":25}},{"start":{},"end":{}}],"line":70},"7":{"loc":{"start":{"line":72,"column":2},"end":{"line":76,"column":3}},"type":"if","locations":[{"start":{"line":72,"column":2},"end":{"line":76,"column":3}},{"start":{},"end":{}}],"line":72},"8":{"loc":{"start":{"line":72,"column":6},"end":{"line":72,"column":38}},"type":"binary-expr","locations":[{"start":{"line":72,"column":6},"end":{"line":72,"column":14}},{"start":{"line":72,"column":18},"end":{"line":72,"column":38}}],"line":72},"9":{"loc":{"start":{"line":106,"column":2},"end":{"line":108,"column":3}},"type":"if","locations":[{"start":{"line":106,"column":2},"end":{"line":108,"column":3}},{"start":{},"end":{}}],"line":106},"10":{"loc":{"start":{"line":116,"column":33},"end":{"line":116,"column":56}},"type":"default-arg","locations":[{"start":{"line":116,"column":51},"end":{"line":116,"column":56}}],"line":116},"11":{"loc":{"start":{"line":121,"column":2},"end":{"line":123,"column":3}},"type":"if","locations":[{"start":{"line":121,"column":2},"end":{"line":123,"column":3}},{"start":{},"end":{}}],"line":121},"12":{"loc":{"start":{"line":125,"column":2},"end":{"line":142,"column":3}},"type":"if","locations":[{"start":{"line":125,"column":2},"end":{"line":142,"column":3}},{"start":{"line":138,"column":9},"end":{"line":142,"column":3}}],"line":125},"13":{"loc":{"start":{"line":127,"column":4},"end":{"line":130,"column":5}},"type":"if","locations":[{"start":{"line":127,"column":4},"end":{"line":130,"column":5}},{"start":{},"end":{}}],"line":127},"14":{"loc":{"start":{"line":133,"column":4},"end":{"line":137,"column":5}},"type":"if","locations":[{"start":{"line":133,"column":4},"end":{"line":137,"column":5}},{"start":{"line":135,"column":11},"end":{"line":137,"column":5}}],"line":133},"15":{"loc":{"start":{"line":162,"column":21},"end":{"line":162,"column":58}},"type":"binary-expr","locations":[{"start":{"line":162,"column":21},"end":{"line":162,"column":34}},{"start":{"line":162,"column":38},"end":{"line":162,"column":58}}],"line":162},"16":{"loc":{"start":{"line":171,"column":2},"end":{"line":171,"column":27}},"type":"if","locations":[{"start":{"line":171,"column":2},"end":{"line":171,"column":27}},{"start":{},"end":{}}],"line":171},"17":{"loc":{"start":{"line":174,"column":2},"end":{"line":176,"column":3}},"type":"if","locations":[{"start":{"line":174,"column":2},"end":{"line":176,"column":3}},{"start":{},"end":{}}],"line":174},"18":{"loc":{"start":{"line":174,"column":6},"end":{"line":174,"column":39}},"type":"binary-expr","locations":[{"start":{"line":174,"column":6},"end":{"line":174,"column":23}},{"start":{"line":174,"column":27},"end":{"line":174,"column":39}}],"line":174},"19":{"loc":{"start":{"line":179,"column":2},"end":{"line":189,"column":3}},"type":"if","locations":[{"start":{"line":179,"column":2},"end":{"line":189,"column":3}},{"start":{},"end":{}}],"line":179},"20":{"loc":{"start":{"line":182,"column":6},"end":{"line":186,"column":7}},"type":"if","locations":[{"start":{"line":182,"column":6},"end":{"line":186,"column":7}},{"start":{"line":184,"column":13},"end":{"line":186,"column":7}}],"line":182},"21":{"loc":{"start":{"line":194,"column":4},"end":{"line":196,"column":5}},"type":"if","locations":[{"start":{"line":194,"column":4},"end":{"line":196,"column":5}},{"start":{},"end":{}}],"line":194},"22":{"loc":{"start":{"line":194,"column":8},"end":{"line":194,"column":92}},"type":"binary-expr","locations":[{"start":{"line":194,"column":8},"end":{"line":194,"column":24}},{"start":{"line":194,"column":28},"end":{"line":194,"column":64}},{"start":{"line":194,"column":68},"end":{"line":194,"column":92}}],"line":194},"23":{"loc":{"start":{"line":206,"column":35},"end":{"line":206,"column":48}},"type":"default-arg","locations":[{"start":{"line":206,"column":42},"end":{"line":206,"column":48}}],"line":206}},"s":{"0":1,"1":1,"2":1,"3":1,"4":6,"5":1,"6":5,"7":5,"8":5,"9":6,"10":5,"11":6,"12":1,"13":1,"14":5,"15":4,"16":4,"17":3,"18":3,"19":2,"20":1,"21":1,"22":1,"23":4,"24":4,"25":0,"26":4,"27":2,"28":2,"29":2,"30":2,"31":2,"32":3,"33":3,"34":3,"35":3,"36":0,"37":3,"38":2,"39":7,"40":7,"41":7,"42":4,"43":4,"44":4,"45":4,"46":4,"47":3,"48":3,"49":1,"50":1,"51":2,"52":2,"53":1,"54":1,"55":1,"56":1,"57":1,"58":1,"59":1,"60":1,"61":1,"62":0,"63":4,"64":4,"65":1,"66":3,"67":2,"68":3,"69":2,"70":0,"71":0,"72":0,"73":0,"74":2,"75":3,"76":0,"77":0,"78":0,"79":3,"80":3,"81":2,"82":2,"83":2,"84":2,"85":2,"86":2,"87":0},"f":{"0":6,"1":6,"2":4,"3":4,"4":3,"5":0,"6":7,"7":4,"8":1,"9":4,"10":0,"11":0,"12":2,"13":0},"b":{"0":[1,5],"1":[5,1],"2":[1,5],"3":[6,6],"4":[3,2,0],"5":[2,1],"6":[0,4],"7":[2,2],"8":[4,3],"9":[7,0],"10":[0],"11":[4,0],"12":[3,1],"13":[1,2],"14":[1,1],"15":[0,0],"16":[1,3],"17":[2,1],"18":[3,2],"19":[2,1],"20":[0,0],"21":[0,0],"22":[0,0,0],"23":[0]},"_coverageSchema":"1a1c01bbd47fc00a2c39e90264f33305004495a9","hash":"c16dcc15fe99f97c5ac01f292514ec6e048257ed"}
,"H:\\DEV\\Projects\\_FOXMIND\\Python_Web\\task16_weather\\_djwr\\frontend\\src\\js\\subscriptions.js": {"path":"H:\\DEV\\Projects\\_FOXMIND\\Python_Web\\task16_weather\\_djwr\\frontend\\src\\js\\subscriptions.js","statementMap":{"0":{"start":{"line":13,"column":28},"end":{"line":13,"column":32}},"1":{"start":{"line":14,"column":22},"end":{"line":14,"column":27}},"2":{"start":{"line":15,"column":25},"end":{"line":15,"column":29}},"3":{"start":{"line":23,"column":19},"end":{"line":23,"column":43}},"4":{"start":{"line":25,"column":2},"end":{"line":28,"column":3}},"5":{"start":{"line":26,"column":19},"end":{"line":26,"column":38}},"6":{"start":{"line":27,"column":4},"end":{"line":27,"column":30}},"7":{"start":{"line":27,"column":16},"end":{"line":27,"column":30}},"8":{"start":{"line":30,"column":2},"end":{"line":44,"column":3}},"9":{"start":{"line":31,"column":21},"end":{"line":31,"column":62}},"10":{"start":{"line":32,"column":26},"end":{"line":32,"column":87}},"11":{"start":{"line":35,"column":4},"end":{"line":35,"column":43}},"12":{"start":{"line":37,"column":4},"end":{"line":37,"column":25}},"13":{"start":{"line":39,"column":4},"end":{"line":41,"column":5}},"14":{"start":{"line":40,"column":6},"end":{"line":40,"column":16}},"15":{"start":{"line":42,"column":4},"end":{"line":42,"column":26}},"16":{"start":{"line":43,"column":4},"end":{"line":43,"column":14}},"17":{"start":{"line":52,"column":2},"end":{"line":84,"column":3}},"18":{"start":{"line":53,"column":26},"end":{"line":53,"column":54}},"19":{"start":{"line":55,"column":4},"end":{"line":57,"column":5}},"20":{"start":{"line":56,"column":6},"end":{"line":56,"column":16}},"21":{"start":{"line":60,"column":23},"end":{"line":78,"column":5}},"22":{"start":{"line":62,"column":8},"end":{"line":76,"column":9}},"23":{"start":{"line":63,"column":34},"end":{"line":63,"column":81}},"24":{"start":{"line":64,"column":10},"end":{"line":68,"column":12}},"25":{"start":{"line":70,"column":10},"end":{"line":70,"column":91}},"26":{"start":{"line":71,"column":10},"end":{"line":75,"column":12}},"27":{"start":{"line":80,"column":4},"end":{"line":80,"column":22}},"28":{"start":{"line":82,"column":4},"end":{"line":82,"column":26}},"29":{"start":{"line":83,"column":4},"end":{"line":83,"column":14}},"30":{"start":{"line":92,"column":24},"end":{"line":92,"column":73}},"31":{"start":{"line":93,"column":2},"end":{"line":93,"column":29}},"32":{"start":{"line":93,"column":22},"end":{"line":93,"column":29}},"33":{"start":{"line":95,"column":18},"end":{"line":95,"column":57}},"34":{"start":{"line":96,"column":2},"end":{"line":98,"column":3}},"35":{"start":{"line":97,"column":4},"end":{"line":97,"column":44}},"36":{"start":{"line":100,"column":2},"end":{"line":103,"column":3}},"37":{"start":{"line":101,"column":4},"end":{"line":101,"column":122}},"38":{"start":{"line":102,"column":4},"end":{"line":102,"column":11}},"39":{"start":{"line":105,"column":19},"end":{"line":105,"column":69}},"40":{"start":{"line":106,"column":2},"end":{"line":106,"column":24}},"41":{"start":{"line":106,"column":17},"end":{"line":106,"column":24}},"42":{"start":{"line":108,"column":2},"end":{"line":108,"column":31}},"43":{"start":{"line":110,"column":2},"end":{"line":181,"column":5}},"44":{"start":{"line":111,"column":18},"end":{"line":111,"column":50}},"45":{"start":{"line":112,"column":21},"end":{"line":112,"column":59}},"46":{"start":{"line":114,"column":4},"end":{"line":133,"column":5}},"47":{"start":{"line":115,"column":6},"end":{"line":115,"column":58}},"48":{"start":{"line":117,"column":6},"end":{"line":119,"column":7}},"49":{"start":{"line":118,"column":8},"end":{"line":118,"column":41}},"50":{"start":{"line":122,"column":6},"end":{"line":124,"column":9}},"51":{"start":{"line":123,"column":8},"end":{"line":123,"column":41}},"52":{"start":{"line":127,"column":6},"end":{"line":132,"column":10}},"53":{"start":{"line":136,"column":19},"end":{"line":136,"column":57}},"54":{"start":{"line":137,"column":4},"end":{"line":142,"column":5}},"55":{"start":{"line":138,"column":6},"end":{"line":138,"column":42}},"56":{"start":{"line":139,"column":6},"end":{"line":141,"column":7}},"57":{"start":{"line":140,"column":8},"end":{"line":140,"column":71}},"58":{"start":{"line":145,"column":19},"end":{"line":145,"column":57}},"59":{"start":{"line":146,"column":4},"end":{"line":148,"column":5}},"60":{"start":{"line":147,"column":6},"end":{"line":147,"column":55}},"61":{"start":{"line":151,"column":19},"end":{"line":151,"column":57}},"62":{"start":{"line":152,"column":4},"end":{"line":156,"column":5}},"63":{"start":{"line":153,"column":19},"end":{"line":153,"column":68}},"64":{"start":{"line":154,"column":6},"end":{"line":154,"column":28}},"65":{"start":{"line":155,"column":6},"end":{"line":155,"column":31}},"66":{"start":{"line":159,"column":19},"end":{"line":159,"column":57}},"67":{"start":{"line":160,"column":4},"end":{"line":164,"column":5}},"68":{"start":{"line":161,"column":6},"end":{"line":163,"column":15}},"69":{"start":{"line":167,"column":24},"end":{"line":167,"column":60}},"70":{"start":{"line":168,"column":4},"end":{"line":174,"column":5}},"71":{"start":{"line":169,"column":6},"end":{"line":169,"column":77}},"72":{"start":{"line":170,"column":6},"end":{"line":173,"column":9}},"73":{"start":{"line":171,"column":8},"end":{"line":171,"column":28}},"74":{"start":{"line":172,"column":8},"end":{"line":172,"column":68}},"75":{"start":{"line":176,"column":4},"end":{"line":178,"column":5}},"76":{"start":{"line":177,"column":6},"end":{"line":177,"column":74}},"77":{"start":{"line":180,"column":4},"end":{"line":180,"column":37}},"78":{"start":{"line":189,"column":2},"end":{"line":191,"column":3}},"79":{"start":{"line":190,"column":4},"end":{"line":190,"column":11}},"80":{"start":{"line":193,"column":2},"end":{"line":193,"column":25}},"81":{"start":{"line":194,"column":2},"end":{"line":194,"column":33}},"82":{"start":{"line":196,"column":2},"end":{"line":217,"column":3}},"83":{"start":{"line":198,"column":4},"end":{"line":201,"column":7}},"84":{"start":{"line":199,"column":21},"end":{"line":199,"column":64}},"85":{"start":{"line":200,"column":6},"end":{"line":200,"column":57}},"86":{"start":{"line":204,"column":26},"end":{"line":204,"column":54}},"87":{"start":{"line":205,"column":25},"end":{"line":205,"column":75}},"88":{"start":{"line":205,"column":51},"end":{"line":205,"column":74}},"89":{"start":{"line":207,"column":4},"end":{"line":212,"column":8}},"90":{"start":{"line":214,"column":4},"end":{"line":216,"column":12}},"91":{"start":{"line":215,"column":6},"end":{"line":215,"column":30}},"92":{"start":{"line":237,"column":2},"end":{"line":239,"column":3}},"93":{"start":{"line":238,"column":4},"end":{"line":238,"column":31}},"94":{"start":{"line":241,"column":22},"end":{"line":246,"column":3}},"95":{"start":{"line":248,"column":2},"end":{"line":263,"column":3}},"96":{"start":{"line":249,"column":4},"end":{"line":249,"column":39}},"97":{"start":{"line":250,"column":9},"end":{"line":263,"column":3}},"98":{"start":{"line":251,"column":4},"end":{"line":260,"column":5}},"99":{"start":{"line":252,"column":6},"end":{"line":252,"column":44}},"100":{"start":{"line":254,"column":6},"end":{"line":259,"column":8}},"101":{"start":{"line":262,"column":4},"end":{"line":262,"column":41}},"102":{"start":{"line":265,"column":2},"end":{"line":273,"column":3}},"103":{"start":{"line":266,"column":19},"end":{"line":266,"column":74}},"104":{"start":{"line":268,"column":4},"end":{"line":268,"column":43}},"105":{"start":{"line":269,"column":4},"end":{"line":269,"column":18}},"106":{"start":{"line":271,"column":4},"end":{"line":271,"column":26}},"107":{"start":{"line":272,"column":4},"end":{"line":272,"column":16}},"108":{"start":{"line":283,"column":2},"end":{"line":290,"column":3}},"109":{"start":{"line":284,"column":19},"end":{"line":284,"column":89}},"110":{"start":{"line":285,"column":4},"end":{"line":285,"column":43}},"111":{"start":{"line":286,"column":4},"end":{"line":286,"column":18}},"112":{"start":{"line":288,"column":4},"end":{"line":288,"column":26}},"113":{"start":{"line":289,"column":4},"end":{"line":289,"column":16}},"114":{"start":{"line":299,"column":2},"end":{"line":306,"column":3}},"115":{"start":{"line":300,"column":4},"end":{"line":300,"column":70}},"116":{"start":{"line":301,"column":4},"end":{"line":301,"column":43}},"117":{"start":{"line":302,"column":4},"end":{"line":302,"column":16}},"118":{"start":{"line":304,"column":4},"end":{"line":304,"column":26}},"119":{"start":{"line":305,"column":4},"end":{"line":305,"column":16}},"120":{"start":{"line":315,"column":2},"end":{"line":332,"column":3}},"121":{"start":{"line":316,"column":21},"end":{"line":316,"column":45}},"122":{"start":{"line":317,"column":22},"end":{"line":322,"column":6}},"123":{"start":{"line":324,"column":18},"end":{"line":324,"column":53}},"124":{"start":{"line":325,"column":17},"end":{"line":325,"column":66}},"125":{"start":{"line":325,"column":33},"end":{"line":325,"column":50}},"126":{"start":{"line":326,"column":19},"end":{"line":326,"column":70}},"127":{"start":{"line":326,"column":35},"end":{"line":326,"column":54}},"128":{"start":{"line":327,"column":22},"end":{"line":327,"column":76}},"129":{"start":{"line":327,"column":38},"end":{"line":327,"column":60}},"130":{"start":{"line":329,"column":4},"end":{"line":329,"column":44}},"131":{"start":{"line":331,"column":4},"end":{"line":331,"column":90}},"132":{"start":{"line":341,"column":2},"end":{"line":341,"column":35}},"133":{"start":{"line":341,"column":22},"end":{"line":341,"column":35}},"134":{"start":{"line":343,"column":18},"end":{"line":343,"column":44}},"135":{"start":{"line":346,"column":20},"end":{"line":362,"column":3}},"136":{"start":{"line":365,"column":2},"end":{"line":371,"column":3}},"137":{"start":{"line":366,"column":16},"end":{"line":366,"column":42}},"138":{"start":{"line":367,"column":4},"end":{"line":367,"column":64}},"139":{"start":{"line":367,"column":35},"end":{"line":367,"column":64}},"140":{"start":{"line":368,"column":4},"end":{"line":368,"column":58}},"141":{"start":{"line":368,"column":34},"end":{"line":368,"column":58}},"142":{"start":{"line":369,"column":4},"end":{"line":369,"column":58}},"143":{"start":{"line":369,"column":33},"end":{"line":369,"column":58}},"144":{"start":{"line":370,"column":4},"end":{"line":370,"column":30}},"145":{"start":{"line":373,"column":2},"end":{"line":373,"column":37}},"146":{"start":{"line":380,"column":2},"end":{"line":391,"column":5}},"147":{"start":{"line":381,"column":21},"end":{"line":381,"column":51}},"148":{"start":{"line":382,"column":4},"end":{"line":382,"column":26}},"149":{"start":{"line":382,"column":19},"end":{"line":382,"column":26}},"150":{"start":{"line":384,"column":4},"end":{"line":390,"column":14}},"151":{"start":{"line":385,"column":19},"end":{"line":385,"column":39}},"152":{"start":{"line":386,"column":21},"end":{"line":386,"column":58}},"153":{"start":{"line":387,"column":6},"end":{"line":389,"column":7}},"154":{"start":{"line":388,"column":8},"end":{"line":388,"column":52}},"155":{"start":{"line":398,"column":2},"end":{"line":398,"column":20}},"156":{"start":{"line":399,"column":2},"end":{"line":399,"column":21}},"157":{"start":{"line":400,"column":2},"end":{"line":400,"column":60}},"158":{"start":{"line":407,"column":2},"end":{"line":410,"column":3}},"159":{"start":{"line":408,"column":4},"end":{"line":408,"column":38}},"160":{"start":{"line":409,"column":4},"end":{"line":409,"column":30}},"161":{"start":{"line":417,"column":22},"end":{"line":417,"column":60}},"162":{"start":{"line":418,"column":2},"end":{"line":420,"column":3}},"163":{"start":{"line":419,"column":4},"end":{"line":419,"column":24}},"164":{"start":{"line":428,"column":2},"end":{"line":428,"column":31}},"165":{"start":{"line":437,"column":16},"end":{"line":437,"column":61}},"166":{"start":{"line":438,"column":2},"end":{"line":438,"column":21}},"167":{"start":{"line":438,"column":14},"end":{"line":438,"column":21}},"168":{"start":{"line":441,"column":21},"end":{"line":441,"column":63}},"169":{"start":{"line":442,"column":2},"end":{"line":444,"column":3}},"170":{"start":{"line":443,"column":4},"end":{"line":443,"column":61}},"171":{"start":{"line":447,"column":2},"end":{"line":447,"column":61}},"172":{"start":{"line":448,"column":2},"end":{"line":448,"column":87}},"173":{"start":{"line":449,"column":2},"end":{"line":449,"column":89}},"174":{"start":{"line":451,"column":21},"end":{"line":451,"column":63}},"175":{"start":{"line":452,"column":2},"end":{"line":454,"column":3}},"176":{"start":{"line":453,"column":4},"end":{"line":453,"column":58}},"177":{"start":{"line":456,"column":24},"end":{"line":456,"column":71}},"178":{"start":{"line":457,"column":2},"end":{"line":459,"column":3}},"179":{"start":{"line":458,"column":4},"end":{"line":458,"column":42}},"180":{"start":{"line":462,"column":20},"end":{"line":462,"column":66}},"181":{"start":{"line":463,"column":2},"end":{"line":465,"column":3}},"182":{"start":{"line":464,"column":4},"end":{"line":464,"column":66}},"183":{"start":{"line":468,"column":25},"end":{"line":468,"column":73}},"184":{"start":{"line":469,"column":2},"end":{"line":471,"column":3}},"185":{"start":{"line":470,"column":4},"end":{"line":470,"column":65}},"186":{"start":{"line":473,"column":2},"end":{"line":473,"column":35}},"187":{"start":{"line":474,"column":2},"end":{"line":474,"column":41}},"188":{"start":{"line":481,"column":13},"end":{"line":481,"column":40}},"189":{"start":{"line":482,"column":2},"end":{"line":482,"column":27}},"190":{"start":{"line":482,"column":10},"end":{"line":482,"column":27}},"191":{"start":{"line":489,"column":20},"end":{"line":489,"column":66}},"192":{"start":{"line":490,"column":20},"end":{"line":490,"column":63}},"193":{"start":{"line":491,"column":19},"end":{"line":491,"column":61}},"194":{"start":{"line":492,"column":25},"end":{"line":492,"column":73}},"195":{"start":{"line":495,"column":2},"end":{"line":500,"column":5}},"196":{"start":{"line":496,"column":4},"end":{"line":499,"column":5}},"197":{"start":{"line":497,"column":21},"end":{"line":497,"column":40}},"198":{"start":{"line":498,"column":6},"end":{"line":498,"column":47}},"199":{"start":{"line":503,"column":23},"end":{"line":503,"column":69}},"200":{"start":{"line":504,"column":23},"end":{"line":504,"column":66}},"201":{"start":{"line":505,"column":22},"end":{"line":505,"column":64}},"202":{"start":{"line":506,"column":28},"end":{"line":506,"column":76}},"203":{"start":{"line":508,"column":2},"end":{"line":512,"column":3}},"204":{"start":{"line":509,"column":4},"end":{"line":511,"column":27}},"205":{"start":{"line":509,"column":33},"end":{"line":511,"column":26}},"206":{"start":{"line":514,"column":2},"end":{"line":514,"column":53}},"207":{"start":{"line":514,"column":20},"end":{"line":514,"column":53}},"208":{"start":{"line":515,"column":2},"end":{"line":515,"column":51}},"209":{"start":{"line":515,"column":19},"end":{"line":515,"column":51}},"210":{"start":{"line":517,"column":2},"end":{"line":519,"column":3}},"211":{"start":{"line":518,"column":4},"end":{"line":518,"column":79}},"212":{"start":{"line":518,"column":38},"end":{"line":518,"column":78}},"213":{"start":{"line":526,"column":15},"end":{"line":526,"column":33}},"214":{"start":{"line":527,"column":20},"end":{"line":527,"column":66}},"215":{"start":{"line":529,"column":2},"end":{"line":548,"column":3}},"216":{"start":{"line":530,"column":4},"end":{"line":533,"column":5}},"217":{"start":{"line":531,"column":6},"end":{"line":531,"column":32}},"218":{"start":{"line":532,"column":6},"end":{"line":532,"column":44}},"219":{"start":{"line":535,"column":4},"end":{"line":535,"column":51}},"220":{"start":{"line":536,"column":4},"end":{"line":536,"column":16}},"221":{"start":{"line":538,"column":23},"end":{"line":538,"column":62}},"222":{"start":{"line":539,"column":4},"end":{"line":539,"column":43}},"223":{"start":{"line":540,"column":4},"end":{"line":540,"column":73}},"224":{"start":{"line":542,"column":4},"end":{"line":542,"column":80}},"225":{"start":{"line":544,"column":4},"end":{"line":547,"column":5}},"226":{"start":{"line":545,"column":6},"end":{"line":545,"column":33}},"227":{"start":{"line":546,"column":6},"end":{"line":546,"column":39}},"228":{"start":{"line":555,"column":15},"end":{"line":555,"column":33}},"229":{"start":{"line":556,"column":20},"end":{"line":556,"column":66}},"230":{"start":{"line":558,"column":2},"end":{"line":581,"column":3}},"231":{"start":{"line":559,"column":4},"end":{"line":562,"column":5}},"232":{"start":{"line":560,"column":6},"end":{"line":560,"column":32}},"233":{"start":{"line":561,"column":6},"end":{"line":561,"column":47}},"234":{"start":{"line":564,"column":4},"end":{"line":564,"column":110}},"235":{"start":{"line":565,"column":4},"end":{"line":565,"column":16}},"236":{"start":{"line":567,"column":23},"end":{"line":567,"column":62}},"237":{"start":{"line":568,"column":4},"end":{"line":568,"column":43}},"238":{"start":{"line":569,"column":4},"end":{"line":569,"column":75}},"239":{"start":{"line":571,"column":4},"end":{"line":573,"column":8}},"240":{"start":{"line":575,"column":4},"end":{"line":575,"column":80}},"241":{"start":{"line":577,"column":4},"end":{"line":580,"column":5}},"242":{"start":{"line":578,"column":6},"end":{"line":578,"column":33}},"243":{"start":{"line":579,"column":6},"end":{"line":579,"column":42}},"244":{"start":{"line":588,"column":19},"end":{"line":588,"column":71}},"245":{"start":{"line":590,"column":2},"end":{"line":592,"column":3}},"246":{"start":{"line":591,"column":4},"end":{"line":591,"column":11}},"247":{"start":{"line":594,"column":25},"end":{"line":594,"column":73}},"248":{"start":{"line":596,"column":2},"end":{"line":615,"column":3}},"249":{"start":{"line":597,"column":4},"end":{"line":600,"column":5}},"250":{"start":{"line":598,"column":6},"end":{"line":598,"column":37}},"251":{"start":{"line":599,"column":6},"end":{"line":599,"column":54}},"252":{"start":{"line":602,"column":4},"end":{"line":602,"column":45}},"253":{"start":{"line":603,"column":4},"end":{"line":603,"column":16}},"254":{"start":{"line":605,"column":23},"end":{"line":605,"column":62}},"255":{"start":{"line":606,"column":4},"end":{"line":606,"column":43}},"256":{"start":{"line":607,"column":4},"end":{"line":607,"column":65}},"257":{"start":{"line":609,"column":4},"end":{"line":609,"column":72}},"258":{"start":{"line":611,"column":4},"end":{"line":614,"column":5}},"259":{"start":{"line":612,"column":6},"end":{"line":612,"column":38}},"260":{"start":{"line":613,"column":6},"end":{"line":613,"column":49}},"261":{"start":{"line":622,"column":2},"end":{"line":627,"column":4}},"262":{"start":{"line":634,"column":16},"end":{"line":634,"column":61}},"263":{"start":{"line":635,"column":2},"end":{"line":637,"column":3}},"264":{"start":{"line":636,"column":4},"end":{"line":636,"column":34}},"265":{"start":{"line":646,"column":17},"end":{"line":650,"column":3}},"266":{"start":{"line":652,"column":23},"end":{"line":652,"column":52}},"267":{"start":{"line":653,"column":2},"end":{"line":653,"column":106}},"268":{"start":{"line":654,"column":2},"end":{"line":654,"column":37}},"269":{"start":{"line":656,"column":2},"end":{"line":656,"column":42}},"270":{"start":{"line":657,"column":2},"end":{"line":657,"column":48}},"271":{"start":{"line":657,"column":19},"end":{"line":657,"column":40}}},"fnMap":{"0":{"name":"getUserSubscriptions","decl":{"start":{"line":22,"column":22},"end":{"line":22,"column":42}},"loc":{"start":{"line":22,"column":60},"end":{"line":45,"column":1}},"line":22},"1":{"name":"loadSubscribedCitiesWithWeather","decl":{"start":{"line":51,"column":22},"end":{"line":51,"column":53}},"loc":{"start":{"line":51,"column":56},"end":{"line":85,"column":1}},"line":51},"2":{"name":"(anonymous_2)","decl":{"start":{"line":61,"column":24},"end":{"line":61,"column":25}},"loc":{"start":{"line":61,"column":48},"end":{"line":77,"column":7}},"line":61},"3":{"name":"renderSubscribedCitiesList","decl":{"start":{"line":91,"column":16},"end":{"line":91,"column":42}},"loc":{"start":{"line":91,"column":55},"end":{"line":182,"column":1}},"line":91},"4":{"name":"(anonymous_4)","decl":{"start":{"line":110,"column":21},"end":{"line":110,"column":22}},"loc":{"start":{"line":110,"column":31},"end":{"line":181,"column":3}},"line":110},"5":{"name":"(anonymous_5)","decl":{"start":{"line":122,"column":41},"end":{"line":122,"column":42}},"loc":{"start":{"line":122,"column":47},"end":{"line":124,"column":7}},"line":122},"6":{"name":"(anonymous_6)","decl":{"start":{"line":170,"column":44},"end":{"line":170,"column":45}},"loc":{"start":{"line":170,"column":51},"end":{"line":173,"column":7}},"line":170},"7":{"name":"selectCityFromList","decl":{"start":{"line":188,"column":22},"end":{"line":188,"column":40}},"loc":{"start":{"line":188,"column":49},"end":{"line":218,"column":1}},"line":188},"8":{"name":"(anonymous_8)","decl":{"start":{"line":198,"column":57},"end":{"line":198,"column":58}},"loc":{"start":{"line":198,"column":67},"end":{"line":201,"column":5}},"line":198},"9":{"name":"(anonymous_9)","decl":{"start":{"line":205,"column":44},"end":{"line":205,"column":45}},"loc":{"start":{"line":205,"column":51},"end":{"line":205,"column":74}},"line":205},"10":{"name":"(anonymous_10)","decl":{"start":{"line":214,"column":15},"end":{"line":214,"column":16}},"loc":{"start":{"line":214,"column":21},"end":{"line":216,"column":5}},"line":214},"11":{"name":"createSubscription","decl":{"start":{"line":229,"column":22},"end":{"line":229,"column":40}},"loc":{"start":{"line":235,"column":2},"end":{"line":274,"column":1}},"line":235},"12":{"name":"updateSubscription","decl":{"start":{"line":282,"column":22},"end":{"line":282,"column":40}},"loc":{"start":{"line":282,"column":63},"end":{"line":291,"column":1}},"line":282},"13":{"name":"deleteSubscription","decl":{"start":{"line":298,"column":22},"end":{"line":298,"column":40}},"loc":{"start":{"line":298,"column":57},"end":{"line":307,"column":1}},"line":298},"14":{"name":"getCityLocalTime","decl":{"start":{"line":314,"column":9},"end":{"line":314,"column":25}},"loc":{"start":{"line":314,"column":32},"end":{"line":333,"column":1}},"line":314},"15":{"name":"(anonymous_15)","decl":{"start":{"line":325,"column":28},"end":{"line":325,"column":29}},"loc":{"start":{"line":325,"column":33},"end":{"line":325,"column":50}},"line":325},"16":{"name":"(anonymous_16)","decl":{"start":{"line":326,"column":30},"end":{"line":326,"column":31}},"loc":{"start":{"line":326,"column":35},"end":{"line":326,"column":54}},"line":326},"17":{"name":"(anonymous_17)","decl":{"start":{"line":327,"column":33},"end":{"line":327,"column":34}},"loc":{"start":{"line":327,"column":38},"end":{"line":327,"column":60}},"line":327},"18":{"name":"getTimezoneForCity","decl":{"start":{"line":340,"column":9},"end":{"line":340,"column":27}},"loc":{"start":{"line":340,"column":34},"end":{"line":374,"column":1}},"line":340},"19":{"name":"updateCitiesTime","decl":{"start":{"line":379,"column":9},"end":{"line":379,"column":25}},"loc":{"start":{"line":379,"column":28},"end":{"line":392,"column":1}},"line":379},"20":{"name":"(anonymous_20)","decl":{"start":{"line":380,"column":55},"end":{"line":380,"column":56}},"loc":{"start":{"line":380,"column":65},"end":{"line":391,"column":3}},"line":380},"21":{"name":"initTimeUpdates","decl":{"start":{"line":397,"column":16},"end":{"line":397,"column":31}},"loc":{"start":{"line":397,"column":34},"end":{"line":401,"column":1}},"line":397},"22":{"name":"stopTimeUpdates","decl":{"start":{"line":406,"column":16},"end":{"line":406,"column":31}},"loc":{"start":{"line":406,"column":34},"end":{"line":411,"column":1}},"line":406},"23":{"name":"addNewLocation","decl":{"start":{"line":416,"column":16},"end":{"line":416,"column":30}},"loc":{"start":{"line":416,"column":33},"end":{"line":421,"column":1}},"line":416},"24":{"name":"getCurrentSelectedCityId","decl":{"start":{"line":427,"column":16},"end":{"line":427,"column":40}},"loc":{"start":{"line":427,"column":43},"end":{"line":429,"column":1}},"line":427},"25":{"name":"showSubscriptionSettingsModal","decl":{"start":{"line":436,"column":16},"end":{"line":436,"column":45}},"loc":{"start":{"line":436,"column":66},"end":{"line":475,"column":1}},"line":436},"26":{"name":"setElementValue","decl":{"start":{"line":480,"column":9},"end":{"line":480,"column":24}},"loc":{"start":{"line":480,"column":36},"end":{"line":483,"column":1}},"line":480},"27":{"name":"setupModalHandlers","decl":{"start":{"line":488,"column":9},"end":{"line":488,"column":27}},"loc":{"start":{"line":488,"column":48},"end":{"line":520,"column":1}},"line":488},"28":{"name":"(anonymous_28)","decl":{"start":{"line":495,"column":59},"end":{"line":495,"column":60}},"loc":{"start":{"line":495,"column":68},"end":{"line":500,"column":3}},"line":495},"29":{"name":"(anonymous_29)","decl":{"start":{"line":509,"column":27},"end":{"line":509,"column":28}},"loc":{"start":{"line":509,"column":33},"end":{"line":511,"column":26}},"line":509},"30":{"name":"(anonymous_30)","decl":{"start":{"line":518,"column":32},"end":{"line":518,"column":33}},"loc":{"start":{"line":518,"column":38},"end":{"line":518,"column":78}},"line":518},"31":{"name":"handleUpdate","decl":{"start":{"line":525,"column":15},"end":{"line":525,"column":27}},"loc":{"start":{"line":525,"column":50},"end":{"line":549,"column":1}},"line":525},"32":{"name":"handleCreate","decl":{"start":{"line":554,"column":15},"end":{"line":554,"column":27}},"loc":{"start":{"line":554,"column":34},"end":{"line":582,"column":1}},"line":554},"33":{"name":"handleUnsubscribe","decl":{"start":{"line":587,"column":15},"end":{"line":587,"column":32}},"loc":{"start":{"line":587,"column":55},"end":{"line":616,"column":1}},"line":587},"34":{"name":"getModalFormData","decl":{"start":{"line":621,"column":9},"end":{"line":621,"column":25}},"loc":{"start":{"line":621,"column":28},"end":{"line":628,"column":1}},"line":621},"35":{"name":"hid
[...]
":"binary-expr","locations":[{"start":{"line":46,"column":16},"end":{"line":46,"column":41}},{"start":{"line":46,"column":45},"end":{"line":46,"column":64}}],"line":46},"6":{"loc":{"start":{"line":89,"column":2},"end":{"line":89,"column":33}},"type":"if","locations":[{"start":{"line":89,"column":2},"end":{"line":89,"column":33}},{"start":{},"end":{}}],"line":89},"7":{"loc":{"start":{"line":90,"column":9},"end":{"line":90,"column":58}},"type":"cond-expr","locations":[{"start":{"line":90,"column":40},"end":{"line":90,"column":53}},{"start":{"line":90,"column":56},"end":{"line":90,"column":58}}],"line":90},"8":{"loc":{"start":{"line":100,"column":9},"end":{"line":100,"column":41}},"type":"cond-expr","locations":[{"start":{"line":100,"column":27},"end":{"line":100,"column":34}},{"start":{"line":100,"column":37},"end":{"line":100,"column":41}}],"line":100},"9":{"loc":{"start":{"line":108,"column":47},"end":{"line":108,"column":86}},"type":"default-arg","locations":[{"start":{"line":108,"column":61},"end":{"line":108,"column":86}}],"line":108},"10":{"loc":{"start":{"line":110,"column":2},"end":{"line":110,"column":25}},"type":"if","locations":[{"start":{"line":110,"column":2},"end":{"line":110,"column":25}},{"start":{},"end":{}}],"line":110},"11":{"loc":{"start":{"line":113,"column":2},"end":{"line":113,"column":24}},"type":"if","locations":[{"start":{"line":113,"column":2},"end":{"line":113,"column":24}},{"start":{},"end":{}}],"line":113},"12":{"loc":{"start":{"line":116,"column":2},"end":{"line":119,"column":3}},"type":"if","locations":[{"start":{"line":116,"column":2},"end":{"line":119,"column":3}},{"start":{},"end":{}}],"line":116},"13":{"loc":{"start":{"line":125,"column":2},"end":{"line":127,"column":3}},"type":"if","locations":[{"start":{"line":125,"column":2},"end":{"line":127,"column":3}},{"start":{},"end":{}}],"line":125},"14":{"loc":{"start":{"line":125,"column":6},"end":{"line":125,"column":41}},"type":"binary-expr","locations":[{"start":{"line":125,"column":6},"end":{"line":125,"column":12}},{"start":{"line":125,"column":16},"end":{"line":125,"column":41}}],"line":125},"15":{"loc":{"start":{"line":131,"column":2},"end":{"line":133,"column":3}},"type":"if","locations":[{"start":{"line":131,"column":2},"end":{"line":133,"column":3}},{"start":{},"end":{}}],"line":131},"16":{"loc":{"start":{"line":131,"column":6},"end":{"line":131,"column":29}},"type":"binary-expr","locations":[{"start":{"line":131,"column":6},"end":{"line":131,"column":12}},{"start":{"line":131,"column":16},"end":{"line":131,"column":29}}],"line":131},"17":{"loc":{"start":{"line":137,"column":2},"end":{"line":139,"column":3}},"type":"if","locations":[{"start":{"line":137,"column":2},"end":{"line":139,"column":3}},{"start":{},"end":{}}],"line":137},"18":{"loc":{"start":{"line":137,"column":6},"end":{"line":137,"column":39}},"type":"binary-expr","locations":[{"start":{"line":137,"column":6},"end":{"line":137,"column":12}},{"start":{"line":137,"column":16},"end":{"line":137,"column":39}}],"line":137},"19":{"loc":{"start":{"line":143,"column":2},"end":{"line":145,"column":3}},"type":"if","locations":[{"start":{"line":143,"column":2},"end":{"line":145,"column":3}},{"start":{},"end":{}}],"line":143},"20":{"loc":{"start":{"line":143,"column":6},"end":{"line":143,"column":46}},"type":"binary-expr","locations":[{"start":{"line":143,"column":6},"end":{"line":143,"column":12}},{"start":{"line":143,"column":16},"end":{"line":143,"column":46}}],"line":143},"21":{"loc":{"start":{"line":150,"column":2},"end":{"line":152,"column":3}},"type":"if","locations":[{"start":{"line":150,"column":2},"end":{"line":152,"column":3}},{"start":{},"end":{}}],"line":150},"22":{"loc":{"start":{"line":150,"column":6},"end":{"line":150,"column":50}},"type":"binary-expr","locations":[{"start":{"line":150,"column":6},"end":{"line":150,"column":12}},{"start":{"line":150,"column":16},"end":{"line":150,"column":50}}],"line":150},"23":{"loc":{"start":{"line":153,"column":2},"end":{"line":155,"column":3}},"type":"if","locations":[{"start":{"line":153,"column":2},"end":{"line":155,"column":3}},{"start":{},"end":{}}],"line":153},"24":{"loc":{"start":{"line":153,"column":6},"end":{"line":153,"column":49}},"type":"binary-expr","locations":[{"start":{"line":153,"column":6},"end":{"line":153,"column":11}},{"start":{"line":153,"column":15},"end":{"line":153,"column":49}}],"line":153},"25":{"loc":{"start":{"line":159,"column":2},"end":{"line":163,"column":3}},"type":"if","locations":[{"start":{"line":159,"column":2},"end":{"line":163,"column":3}},{"start":{},"end":{}}],"line":159},"26":{"loc":{"start":{"line":159,"column":6},"end":{"line":159,"column":39}},"type":"binary-expr","locations":[{"start":{"line":159,"column":6},"end":{"line":159,"column":12}},{"start":{"line":159,"column":16},"end":{"line":159,"column":39}}],"line":159},"27":{"loc":{"start":{"line":167,"column":2},"end":{"line":169,"column":3}},"type":"if","locations":[{"start":{"line":167,"column":2},"end":{"line":169,"column":3}},{"start":{},"end":{}}],"line":167},"28":{"loc":{"start":{"line":167,"column":6},"end":{"line":167,"column":57}},"type":"binary-expr","locations":[{"start":{"line":167,"column":6},"end":{"line":167,"column":17}},{"start":{"line":167,"column":21},"end":{"line":167,"column":57}}],"line":167},"29":{"loc":{"start":{"line":172,"column":2},"end":{"line":175,"column":3}},"type":"if","locations":[{"start":{"line":172,"column":2},"end":{"line":175,"column":3}},{"start":{},"end":{}}],"line":172},"30":{"loc":{"start":{"line":173,"column":16},"end":{"line":173,"column":36}},"type":"binary-expr","locations":[{"start":{"line":173,"column":16},"end":{"line":173,"column":31}},{"start":{"line":173,"column":35},"end":{"line":173,"column":36}}],"line":173},"31":{"loc":{"start":{"line":178,"column":2},"end":{"line":180,"column":3}},"type":"if","locations":[{"start":{"line":178,"column":2},"end":{"line":180,"column":3}},{"start":{},"end":{}}],"line":178},"32":{"loc":{"start":{"line":178,"column":6},"end":{"line":178,"column":52}},"type":"binary-expr","locations":[{"start":{"line":178,"column":6},"end":{"line":178,"column":12}},{"start":{"line":178,"column":16},"end":{"line":178,"column":52}}],"line":178},"33":{"loc":{"start":{"line":183,"column":2},"end":{"line":185,"column":3}},"type":"if","locations":[{"start":{"line":183,"column":2},"end":{"line":185,"column":3}},{"start":{},"end":{}}],"line":183},"34":{"loc":{"start":{"line":184,"column":23},"end":{"line":184,"column":46}},"type":"binary-expr","locations":[{"start":{"line":184,"column":23},"end":{"line":184,"column":38}},{"start":{"line":184,"column":42},"end":{"line":184,"column":46}}],"line":184},"35":{"loc":{"start":{"line":197,"column":53},"end":{"line":197,"column":69}},"type":"default-arg","locations":[{"start":{"line":197,"column":62},"end":{"line":197,"column":69}}],"line":197},"36":{"loc":{"start":{"line":197,"column":71},"end":{"line":197,"column":112}},"type":"default-arg","locations":[{"start":{"line":197,"column":85},"end":{"line":197,"column":112}}],"line":197},"37":{"loc":{"start":{"line":199,"column":2},"end":{"line":199,"column":25}},"type":"if","locations":[{"start":{"line":199,"column":2},"end":{"line":199,"column":25}},{"start":{},"end":{}}],"line":199},"38":{"loc":{"start":{"line":202,"column":2},"end":{"line":202,"column":24}},"type":"if","locations":[{"start":{"line":202,"column":2},"end":{"line":202,"column":24}},{"start":{},"end":{}}],"line":202},"39":{"loc":{"start":{"line":205,"column":15},"end":{"line":207,"column":41}},"type":"cond-expr","locations":[{"start":{"line":206,"column":6},"end":{"line":206,"column":20}},{"start":{"line":207,"column":6},"end":{"line":207,"column":41}}],"line":205},"40":{"loc":{"start":{"line":209,"column":2},"end":{"line":212,"column":3}},"type":"if","locations":[{"start":{"line":209,"column":2},"end":{"line":212,"column":3}},{"start":{},"end":{}}],"line":209},"41":{"loc":{"start":{"line":209,"column":6},"end":{"line":209,"column":32}},"type":"binary-expr","locations":[{"start":{"line":209,"column":6},"end":{"line":209,"column":11}},{"start":{"line":209,"column":15},"end":{"line":209,"column":32}}],"line":209},"42":{"loc":{"start":{"line":217,"column":2},"end":{"line":220,"column":3}},"type":"if","locations":[{"start":{"line":217,"column":2},"end":{"line":220,"column":3}},{"start":{},"end":{}}],"line":217},"43":{"loc":{"start":{"line":231,"column":4},"end":{"line":231,"column":24}},"type":"if","locations":[{"start":{"line":231,"column":4},"end":{"line":231,"column":24}},{"start":{},"end":{}}],"line":231},"44":{"loc":{"start":{"line":238,"column":4},"end":{"line":241,"column":5}},"type":"if","locations":[{"start":{"line":238,"column":4},"end":{"line":241,"column":5}},{"start":{},"end":{}}],"line":238},"45":{"loc":{"start":{"line":245,"column":4},"end":{"line":250,"column":5}},"type":"if","locations":[{"start":{"line":245,"column":4},"end":{"line":250,"column":5}},{"start":{},"end":{}}],"line":245},"46":{"loc":{"start":{"line":245,"column":8},"end":{"line":245,"column":34}},"type":"binary-expr","locations":[{"start":{"line":245,"column":8},"end":{"line":245,"column":14}},{"start":{"line":245,"column":18},"end":{"line":245,"column":34}}],"line":245},"47":{"loc":{"start":{"line":254,"column":4},"end":{"line":257,"column":5}},"type":"if","locations":[{"start":{"line":254,"column":4},"end":{"line":257,"column":5}},{"start":{},"end":{}}],"line":254},"48":{"loc":{"start":{"line":254,"column":8},"end":{"line":254,"column":41}},"type":"binary-expr","locations":[{"start":{"line":254,"column":8},"end":{"line":254,"column":14}},{"start":{"line":254,"column":18},"end":{"line":254,"column":41}}],"line":254},"49":{"loc":{"start":{"line":276,"column":2},"end":{"line":295,"column":3}},"type":"switch","locations":[{"start":{"line":277,"column":4},"end":{"line":277,"column":17}},{"start":{"line":278,"column":4},"end":{"line":279,"column":62}},{"start":{"line":281,"column":4},"end":{"line":282,"column":40}},{"start":{"line":284,"column":4},"end":{"line":285,"column":40}},{"start":{"line":287,"column":4},"end":{"line":288,"column":40}},{"start":{"line":290,"column":4},"end":{"line":291,"column":31}},{"start":{"line":293,"column":4},"end":{"line":294,"column":31}}],"line":276},"50":{"loc":{"start":{"line":279,"column":31},"end":{"line":279,"column":60}},"type":"cond-expr","locations":[{"start":{"line":279,"column":55},"end":{"line":279,"column":56}},{"start":{"line":279,"column":59},"end":{"line":279,"column":60}}],"line":279},"51":{"loc":{"start":{"line":311,"column":4},"end":{"line":311,"column":32}},"type":"if","locations":[{"start":{"line":311,"column":4},"end":{"line":311,"column":32}},{"start":{},"end":{}}],"line":311},"52":{"loc":{"start":{"line":314,"column":4},"end":{"line":314,"column":65}},"type":"if","locations":[{"start":{"line":314,"column":4},"end":{"line":314,"column":65}},{"start":{},"end":{}}],"line":314},"53":{"loc":{"start":{"line":337,"column":6},"end":{"line":337,"column":34}},"type":"if","locations":[{"start":{"line":337,"column":6},"end":{"line":337,"column":34}},{"start":{},"end":{}}],"line":337},"54":{"loc":{"start":{"line":343,"column":27},"end":{"line":346,"column":20}},"type":"binary-expr","locations":[{"start":{"line":343,"column":27},"end":{"line":346,"column":6}},{"start":{"line":346,"column":10},"end":{"line":346,"column":20}}],"line":343},"55":{"loc":{"start":{"line":345,"column":13},"end":{"line":345,"column":79}},"type":"binary-expr","locations":[{"start":{"line":345,"column":13},"end":{"line":345,"column":21}},{"start":{"line":345,"column":25},"end":{"line":345,"column":50}},{"start":{"line":345,"column":54},"end":{"line":345,"column":79}}],"line":345},"56":{"loc":{"start":{"line":348,"column":4},"end":{"line":353,"column":5}},"type":"if","locations":[{"start":{"line":348,"column":4},"end":{"line":353,"column":5}},{"start":{},"end":{}}],"line":348},"57":{"loc":{"start":{"line":372,"column":4},"end":{"line":372,"column":26}},"type":"if","locations":[{"start":{"line":372,"column":4},"end":{"line":372,"column":26}},{"start":{},"end":{}}],"line":372},"58":{"loc":{"start":{"line":378,"column":4},"end":{"line":383,"column":5}},"type":"if","locations":[{"start":{"line":378,"column":4},"end":{"line":383,"column":5}},{"start":{},"end":{}}],"line":378},"59":{"loc":{"start":{"line":378,"column":8},"end":{"line":378,"column":63}},"type":"binary-expr","locations":[{"start":{"line":378,"column":8},"end":{"line":378,"column":21}},{"start":{"line":378,"column":25},"end":{"line":378,"column":40}},{"start":{"line":378,"column":44},"end":{"line":378,"column":63}}],"line":378},"60":{"loc":{"start":{"line":397,"column":2},"end":{"line":397,"column":28}},"type":"if","locations":[{"start":{"line":397,"column":2},"end":{"line":397,"column":28}},{"start":{},"end":{}}],"line":397},"61":{"loc":{"start":{"line":399,"column":2},"end":{"line":401,"column":3}},"type":"if","locations":[{"start":{"line":399,"column":2},"end":{"line":401,"column":3}},{"start":{},"end":{}}],"line":399},"62":{"loc":{"start":{"line":402,"column":2},"end":{"line":404,"column":3}},"type":"if","locations":[{"start":{"line":402,"column":2},"end":{"line":404,"column":3}},{"start":{},"end":{}}],"line":402},"63":{"loc":{"start":{"line":415,"column":15},"end":{"line":415,"column":53}},"type":"binary-expr","locations":[{"start":{"line":415,"column":15},"end":{"line":415,"column":32}},{"start":{"line":415,"column":36},"end":{"line":415,"column":53}}],"line":415},"64":{"loc":{"start":{"line":416,"column":2},"end":{"line":416,"column":25}},"type":"if","locations":[{"start":{"line":416,"column":2},"end":{"line":416,"column":25}},{"start":{},"end":{}}],"line":416},"65":{"loc":{"start":{"line":418,"column":2},"end":{"line":422,"column":3}},"type":"if","locations":[{"start":{"line":418,"column":2},"end":{"line":422,"column":3}},{"start":{},"end":{}}],"line":418},"66":{"loc":{"start":{"line":433,"column":2},"end":{"line":449,"column":3}},"type":"if","locations":[{"start":{"line":433,"column":2},"end":{"line":449,"column":3}},{"start":{"line":441,"column":9},"end":{"line":449,"column":3}}],"line":433},"67":{"loc":{"start":{"line":441,"column":9},"end":{"line":449,"column":3}},"type":"if","locations":[{"start":{"line":441,"column":9},"end":{"line":449,"column":3}},{"start":{},"end":{}}],"line":441},"68":{"loc":{"start":{"line":465,"column":2},"end":{"line":465,"column":20}},"type":"if","locations":[{"start":{"line":465,"column":2},"end":{"line":465,"column":20}},{"start":{},"end":{}}],"line":465},"69":{"loc":{"start":{"line":467,"column":14},"end":{"line":467,"column":71}},"type":"cond-expr","locations":[{"start":{"line":467,"column":39},"end":{"line":467,"column":43}},{"start":{"line":467,"column":46},"end":{"line":467,"column":71}}],"line":467},"70":{"loc":{"start":{"line":468,"column":2},"end":{"line":472,"column":3}},"type":"if","locations":[{"start":{"line":468,"column":2},"end":{"line":472,"column":3}},{"start":{},"end":{}}],"line":468},"71":{"loc":{"start":{"line":469,"column":25},"end":{"line":469,"column":56}},"type":"binary-expr","locations":[{"start":{"line":469,"column":25},"end":{"line":469,"column":50}},{"start":{"line":469,"column":54},"end":{"line":469,"column":56}}],"line":469},"72":{"loc":{"start":{"line":483,"column":2},"end":{"line":486,"column":3}},"type":"if","locations":[{"start":{"line":483,"column":2},"end":{"line":486,"column":3}},{"start":{},"end":{}}],"line":483},"73":{"loc":{"start":{"line":485,"column":48},"end":{"line":485,"column":76}},"type":"binary-expr","locations":[{"start":{"line":485,"column":48},"end":{"line":485,"column":63}},{"start":{"line":485,"column":67},"end":{"line":485,"column":76}}],"line":485},"74":{"loc":{"start":{"line":489,"column":2},"end":{"line":492,"column":3}},"type":"if","locations":[{"start":{"line":489,"column":2},"end":{"line":492,"column":3}},{"start":{},"end":{}}],"line":489},"75":{"loc":{"start":{"line":491,"column":40},"end":{"line":491,"column":53}},"type":"binary-expr","locations":[{"start":{"line":491,"column":40},"end":{"line":491,"column":48}},{"start":{"line":491,"column":52},"end":{"line":491,"column":53}}],"line":491},"76":{"loc":{"start":{"line":495,"column":2},"end":{"line":498,"column":3}},"type":"if","locations":[{"start":{"line":495,"column":2},"end":{"line":498,"column":3}},{"start":{},"end":{}}],"line":495},"77":{"loc":{"start":{"line":497,"column":28},"end":{"line":497,"column":48}},"type":"binary-expr","locations":[{"start":{"line":497,"column":28},"end":{"line":497,"column":43}},{"start":{"line":497,"column":47},"end":{"line":497,"column":48}}],"line":497},"78":{"loc":{"start":{"line":504,"column":4},"end":{"line":506,"column":5}},"type":"if","locations":[{"start":{"line":504,"column":4},"end":{"line":506,"column":5}},{"start":{},"end":{}}],"line":504},"79":{"loc":{"start":{"line":514,"column":34},"end":{"line":514,"column":47}},"type":"default-arg","locations":[{"start":{"line":514,"column":43},"end":{"line":514,"column":47}}],"line":514},"80":{"loc":{"start":{"line":515,"column":2},"end":{"line":521,"column":3}},"type":"if","locations":[{"start":{"line":515,"column":2},"end":{"line":521,"column":3}},{"start":{"line":519,"column":9},"end":{"line":521,"column":3}}],"line":515}},"s":{"0":9,"1":1,"2":1,"3":9,"4":9,"5":8,"6":8,"7":1,"8":8,"9":8,"10":7,"11":7,"12":7,"13":1,"14":1,"15":1,"16":1,"17":1,"18":12,"19":6,"20":6,"21":6,"22":6,"23":3,"24":3,"25":1,"26":2,"27":2,"28":0,"29":2,"30":2,"31":1,"32":1,"33":1,"34":1,"35":1,"36":1,"37":1,"38":1,"39":1,"40":1,"41":1,"42":1,"43":1,"44":1,"45":1,"46":1,"47":1,"48":1,"49":0,"50":1,"51":0,"52":1,"53":1,"54":1,"55":1,"56":1,"57":1,"58":1,"59":1,"60":1,"61":1,"62":1,"63":1,"64":1,"65":1,"66":1,"67":1,"68":1,"69":1,"70":1,"71":1,"72":4,"73":4,"74":1,"75":3,"76":3,"77":1,"78":2,"79":2,"80":2,"81":2,"82":0,"83":0,"84":0,"85":0,"86":0,"87":0,"88":0,"89":0,"90":0,"91":0,"92":0,"93":0,"94":0,"95":0,"96":0,"97":0,"98":0,"99":0,"100":0,"101":0,"102":0,"103":0,"104":0,"105":0,"106":0,"107":0,"108":0,"109":0,"110":0,"111":0,"112":0,"113":0,"114":0,"115":0,"116":0,"117":0,"118":0,"119":0,"120":0,"121":0,"122":0,"123":0,"124":0,"125":0,"126":0,"127":0,"128":0,"129":0,"130":0,"131":0,"132":0,"133":0,"134":0,"135":0,"136":0,"137":0,"138":0,"139":0,"140":0,"141":0,"142":0,"143":0,"144":0,"145":0,"146":0,"147":0,"148":0,"149":0,"150":0,"151":0,"152":0,"153":0,"154":0,"155":0,"156":0,"157":0,"158":0,"159":0,"160":0,"161":0,"162":0,"163":0,"164":0,"165":0,"166":0,"167":0,"168":0,"169":0,"170":0,"171":0,"172":0,"173":0,"174":0,"175":0,"176":0,"177":0,"178":0,"179":0,"180":0,"181":0,"182":0,"183":0,"184":0,"185":0,"186":0,"187":0,"188":0,"189":0,"190":0,"191":0,"192":0,"193":0,"194":0,"195":0,"196":0,"197":0,"198":0,"199":0,"200":0,"201":0,"202":0,"203":0,"204":0,"205":0,"206":0,"207":2,"208":1,"209":7,"210":1},"f":{"0":9,"1":1,"2":1,"3":1,"4":12,"5":6,"6":3,"7":4,"8":0,"9":0,"10":0,"11":0,"12":0,"13":0,"14":0,"15":0,"16":0,"17":0,"18":0,"19":0,"20":0,"21":0,"22":0,"23":0,"24":2,"25":7},"b":{"0":[2],"1":[8],"2":[1,8],"3":[8,1],"4":[1,7],"5":[7,5],"6":[6,6],"7":[5,1],"8":[2,4],"9":[3],"10":[1,2],"11":[0,2],"12":[1,1],"13":[1,0],"14":[1,1],"15":[1,0],"16":[1,1],"17":[1,0],"18":[1,1],"19":[1,0],"20":[1,1],"21":[0,1],"22":[1,1],"23":[0,1],"24":[1,1],"25":[1,0],"26":[1,1],"27":[1,0],"28":[1,1],"29":[1,0],"30":[1,1],"31":[1,0],"32":[1,1],"33":[1,0],"34":[1,1],"35":[4],"36":[4],"37":[1,3],"38":[1,2],"39":[1,1],"40":[2,0],"41":[2,2],"42":[0,0],"43":[0,0],"44":[0,0],"45":[0,0],"46":[0,0],"47":[0,0],"48":[0,0],"49":[0,0,0,0,0,0,0],"50":[0,0],"51":[0,0],"52":[0,0],"53":[0,0],"54":[0,0],"55":[0,0,0],"56":[0,0],"57":[0,0],"58":[0,0],"59":[0,0,0],"60":[0,0],"61":[0,0],"62":[0,0],"63":[0,0],"64":[0,0],"65":[0,0],"66":[0,0],"67":[0,0],"68":[0,0],"69":[0,0],"70":[0,0],"71":[0,0],"72":[0,0],"73":[0,0],"74":[0,0],"75":[0,0],"76":[0,0],"77":[0,0],"78":[0,0],"79":[1],"80":[1,1]},"_coverageSchema":"1a1c01bbd47fc00a2c39e90264f33305004495a9","hash":"00237cec0fd98ab57cf31e10f1e30ebf646e6355"}
}
