{"H:\\DEV\\Projects\\_FOXMIND\\Python_Web\\task16_weather\\_djwr\\frontend\\src\\js\\api.js": {"path":"H:\\DEV\\Projects\\_FOXMIND\\Python_Web\\task16_weather\\_djwr\\frontend\\src\\js\\api.js","statementMap":{"0":{"start":{"line":8,"column":21},"end":{"line":8,"column":28}},"1":{"start":{"line":11,"column":25},"end":{"line":11,"column":39}},"2":{"start":{"line":12,"column":26},"end":{"line":12,"column":41}},"3":{"start":{"line":19,"column":2},"end":{"line":19,"column":48}},"4":{"start":{"line":27,"column":2},"end":{"line":27,"column":48}},"5":{"start":{"line":35,"column":2},"end":{"line":35,"column":49}},"6":{"start":{"line":43,"column":2},"end":{"line":43,"column":49}},"7":{"start":{"line":50,"column":2},"end":{"line":50,"column":44}},"8":{"start":{"line":51,"column":2},"end":{"line":51,"column":45}},"9":{"start":{"line":52,"column":2},"end":{"line":52,"column":16}},"10":{"start":{"line":60,"column":2},"end":{"line":60,"column":26}},"11":{"start":{"line":68,"column":18},"end":{"line":68,"column":35}},"12":{"start":{"line":69,"column":2},"end":{"line":71,"column":3}},"13":{"start":{"line":70,"column":4},"end":{"line":70,"column":17}},"14":{"start":{"line":73,"column":2},"end":{"line":92,"column":3}},"15":{"start":{"line":74,"column":21},"end":{"line":78,"column":6}},"16":{"start":{"line":80,"column":4},"end":{"line":89,"column":5}},"17":{"start":{"line":81,"column":19},"end":{"line":81,"column":40}},"18":{"start":{"line":82,"column":6},"end":{"line":88,"column":7}},"19":{"start":{"line":83,"column":8},"end":{"line":83,"column":34}},"20":{"start":{"line":84,"column":8},"end":{"line":86,"column":9}},"21":{"start":{"line":85,"column":10},"end":{"line":85,"column":40}},"22":{"start":{"line":87,"column":8},"end":{"line":87,"column":20}},"23":{"start":{"line":91,"column":4},"end":{"line":91,"column":50}},"24":{"start":{"line":94,"column":2},"end":{"line":94,"column":15}},"25":{"start":{"line":104,"column":18},"end":{"line":107,"column":32}},"26":{"start":{"line":109,"column":16},"end":{"line":109,"column":34}},"27":{"start":{"line":110,"column":2},"end":{"line":110,"column":33}},"28":{"start":{"line":111,"column":2},"end":{"line":111,"column":29}},"29":{"start":{"line":112,"column":2},"end":{"line":112,"column":15}},"30":{"start":{"line":122,"column":16},"end":{"line":122,"column":30}},"31":{"start":{"line":123,"column":25},"end":{"line":123,"column":84}},"32":{"start":{"line":125,"column":18},"end":{"line":128,"column":3}},"33":{"start":{"line":130,"column":2},"end":{"line":132,"column":3}},"34":{"start":{"line":131,"column":4},"end":{"line":131,"column":49}},"35":{"start":{"line":134,"column":17},"end":{"line":137,"column":3}},"36":{"start":{"line":139,"column":18},"end":{"line":139,"column":41}},"37":{"start":{"line":141,"column":2},"end":{"line":189,"column":3}},"38":{"start":{"line":142,"column":19},"end":{"line":142,"column":47}},"39":{"start":{"line":145,"column":4},"end":{"line":157,"column":5}},"40":{"start":{"line":146,"column":24},"end":{"line":146,"column":50}},"41":{"start":{"line":148,"column":6},"end":{"line":156,"column":7}},"42":{"start":{"line":150,"column":8},"end":{"line":150,"column":62}},"43":{"start":{"line":151,"column":8},"end":{"line":151,"column":64}},"44":{"start":{"line":154,"column":8},"end":{"line":154,"column":26}},"45":{"start":{"line":155,"column":8},"end":{"line":155,"column":78}},"46":{"start":{"line":160,"column":24},"end":{"line":160,"column":60}},"47":{"start":{"line":161,"column":15},"end":{"line":161,"column":19}},"48":{"start":{"line":163,"column":4},"end":{"line":169,"column":5}},"49":{"start":{"line":164,"column":6},"end":{"line":168,"column":7}},"50":{"start":{"line":165,"column":8},"end":{"line":165,"column":37}},"51":{"start":{"line":167,"column":8},"end":{"line":167,"column":20}},"52":{"start":{"line":172,"column":4},"end":{"line":174,"column":5}},"53":{"start":{"line":173,"column":6},"end":{"line":173,"column":78}},"54":{"start":{"line":176,"column":4},"end":{"line":176,"column":16}},"55":{"start":{"line":179,"column":4},"end":{"line":181,"column":5}},"56":{"start":{"line":180,"column":6},"end":{"line":180,"column":18}},"57":{"start":{"line":184,"column":4},"end":{"line":184,"column":48}},"58":{"start":{"line":185,"column":21},"end":{"line":185,"column":64}},"59":{"start":{"line":186,"column":4},"end":{"line":186,"column":24}},"60":{"start":{"line":187,"column":4},"end":{"line":187,"column":50}},"61":{"start":{"line":188,"column":4},"end":{"line":188,"column":19}},"62":{"start":{"line":198,"column":2},"end":{"line":198,"column":44}},"63":{"start":{"line":208,"column":2},"end":{"line":211,"column":5}},"64":{"start":{"line":221,"column":2},"end":{"line":224,"column":5}},"65":{"start":{"line":233,"column":2},"end":{"line":233,"column":47}},"66":{"start":{"line":242,"column":2},"end":{"line":242,"column":61}},"67":{"start":{"line":244,"column":2},"end":{"line":248,"column":4}}},"fnMap":{"0":{"name":"getAuthToken","decl":{"start":{"line":18,"column":16},"end":{"line":18,"column":28}},"loc":{"start":{"line":18,"column":31},"end":{"line":20,"column":1}},"line":18},"1":{"name":"setAuthToken","decl":{"start":{"line":26,"column":16},"end":{"line":26,"column":28}},"loc":{"start":{"line":26,"column":36},"end":{"line":28,"column":1}},"line":26},"2":{"name":"getRefreshToken","decl":{"start":{"line":34,"column":16},"end":{"line":34,"column":31}},"loc":{"start":{"line":34,"column":34},"end":{"line":36,"column":1}},"line":34},"3":{"name":"setRefreshToken","decl":{"start":{"line":42,"column":16},"end":{"line":42,"column":31}},"loc":{"start":{"line":42,"column":39},"end":{"line":44,"column":1}},"line":42},"4":{"name":"removeAuthToken","decl":{"start":{"line":49,"column":16},"end":{"line":49,"column":31}},"loc":{"start":{"line":49,"column":34},"end":{"line":53,"column":1}},"line":49},"5":{"name":"isAuthenticated","decl":{"start":{"line":59,"column":16},"end":{"line":59,"column":31}},"loc":{"start":{"line":59,"column":34},"end":{"line":61,"column":1}},"line":59},"6":{"name":"refreshAccessToken","decl":{"start":{"line":67,"column":15},"end":{"line":67,"column":33}},"loc":{"start":{"line":67,"column":36},"end":{"line":95,"column":1}},"line":67},"7":{"name":"createApiError","decl":{"start":{"line":103,"column":9},"end":{"line":103,"column":23}},"loc":{"start":{"line":103,"column":45},"end":{"line":113,"column":1}},"line":103},"8":{"name":"apiRequest","decl":{"start":{"line":121,"column":22},"end":{"line":121,"column":32}},"loc":{"start":{"line":121,"column":52},"end":{"line":190,"column":1}},"line":121},"9":{"name":"apiGet","decl":{"start":{"line":197,"column":16},"end":{"line":197,"column":22}},"loc":{"start":{"line":197,"column":28},"end":{"line":199,"column":1}},"line":197},"10":{"name":"apiPost","decl":{"start":{"line":207,"column":16},"end":{"line":207,"column":23}},"loc":{"start":{"line":207,"column":35},"end":{"line":212,"column":1}},"line":207},"11":{"name":"apiPatch","decl":{"start":{"line":220,"column":16},"end":{"line":220,"column":24}},"loc":{"start":{"line":220,"column":36},"end":{"line":225,"column":1}},"line":220},"12":{"name":"apiDelete","decl":{"start":{"line":232,"column":16},"end":{"line":232,"column":25}},"loc":{"start":{"line":232,"column":31},"end":{"line":234,"column":1}},"line":232},"13":{"name":"handleApiError","decl":{"start":{"line":241,"column":16},"end":{"line":241,"column":30}},"loc":{"start":{"line":241,"column":38},"end":{"line":249,"column":1}},"line":241}},"branchMap":{"0":{"loc":{"start":{"line":69,"column":2},"end":{"line":71,"column":3}},"type":"if","locations":[{"start":{"line":69,"column":2},"end":{"line":71,"column":3}},{"start":{},"end":{}}],"line":69},"1":{"loc":{"start":{"line":80,"column":4},"end":{"line":89,"column":5}},"type":"if","locations":[{"start":{"line":80,"column":4},"end":{"line":89,"column":5}},{"start":{},"end":{}}],"line":80},"2":{"loc":{"start":{"line":82,"column":6},"end":{"line":88,"column":7}},"type":"if","locations":[{"start":{"line":82,"column":6},"end":{"line":88,"column":7}},{"start":{},"end":{}}],"line":82},"3":{"loc":{"start":{"line":84,"column":8},"end":{"line":86,"column":9}},"type":"if","locations":[{"start":{"line":84,"column":8},"end":{"line":86,"column":9}},{"start":{},"end":{}}],"line":84},"4":{"loc":{"start":{"line":104,"column":18},"end":{"line":107,"column":32}},"type":"binary-expr","locations":[{"start":{"line":104,"column":18},"end":{"line":104,"column":34}},{"start":{"line":105,"column":7},"end":{"line":105,"column":24}},{"start":{"line":106,"column":7},"end":{"line":106,"column":22}},{"start":{"line":107,"column":7},"end":{"line":107,"column":32}}],"line":104},"5":{"loc":{"start":{"line":121,"column":38},"end":{"line":121,"column":50}},"type":"default-arg","locations":[{"start":{"line":121,"column":48},"end":{"line":121,"column":50}}],"line":121},"6":{"loc":{"start":{"line":123,"column":25},"end":{"line":123,"column":84}},"type":"binary-expr","locations":[{"start":{"line":123,"column":25},"end":{"line":123,"column":51}},{"start":{"line":123,"column":55},"end":{"line":123,"column":84}}],"line":123},"7":{"loc":{"start":{"line":130,"column":2},"end":{"line":132,"column":3}},"type":"if","locations":[{"start":{"line":130,"column":2},"end":{"line":132,"column":3}},{"start":{},"end":{}}],"line":130},"8":{"loc":{"start":{"line":145,"column":4},"end":{"line":157,"column":5}},"type":"if","locations":[{"start":{"line":145,"column":4},"end":{"line":157,"column":5}},{"start":{},"end":{}}],"line":145},"9":{"loc":{"start":{"line":145,"column":8},"end":{"line":145,"column":50}},"type":"binary-expr","locations":[{"start":{"line":145,"column":8},"end":{"line":145,"column":31}},{"start":{"line":145,"column":35},"end":{"line":145,"column":50}}],"line":145},"10":{"loc":{"start":{"line":148,"column":6},"end":{"line":156,"column":7}},"type":"if","locations":[{"start":{"line":148,"column":6},"end":{"line":156,"column":7}},{"start":{"line":152,"column":13},"end":{"line":156,"column":7}}],"line":148},"11":{"loc":{"start":{"line":163,"column":4},"end":{"line":169,"column":5}},"type":"if","locations":[{"start":{"line":163,"column":4},"end":{"line":169,"column":5}},{"start":{},"end":{}}],"line":163},"12":{"loc":{"start":{"line":172,"column":4},"end":{"line":174,"column":5}},"type":"if","locations":[{"start":{"line":172,"column":4},"end":{"line":174,"column":5}},{"start":{},"end":{}}],"line":172},"13":{"loc":{"start":{"line":173,"column":37},"end":{"line":173,"column":76}},"type":"binary-expr","locations":[{"start":{"line":173,"column":37},"end":{"line":173,"column":41}},{"start":{"line":173,"column":45},"end":{"line":173,"column":76}}],"line":173},"14":{"loc":{"start":{"line":179,"column":4},"end":{"line":181,"column":5}},"type":"if","locations":[{"start":{"line":179,"column":4},"end":{"line":181,"column":5}},{"start":{},"end":{}}],"line":179},"15":{"loc":{"start":{"line":185,"column":31},"end":{"line":185,"column":63}},"type":"binary-expr","locations":[{"start":{"line":185,"column":31},"end":{"line":185,"column":44}},{"start":{"line":185,"column":48},"end":{"line":185,"column":63}}],"line":185},"16":{"loc":{"start":{"line":245,"column":13},"end":{"line":245,"column":49}},"type":"binary-expr","locations":[{"start":{"line":245,"column":13},"end":{"line":245,"column":26}},{"start":{"line":245,"column":30},"end":{"line":245,"column":49}}],"line":245}},"s":{"0":1,"1":1,"2":1,"3":18,"4":2,"5":3,"6":1,"7":2,"8":2,"9":2,"10":2,"11":2,"12":2,"13":0,"14":2,"15":2,"16":2,"17":1,"18":1,"19":1,"20":1,"21":0,"22":1,"23":0,"24":1,"25":3,"26":3,"27":3,"28":3,"29":3,"30":13,"31":13,"32":13,"33":13,"34":4,"35":13,"36":13,"37":13,"38":13,"39":12,"40":2,"41":2,"42":1,"43":1,"44":1,"45":1,"46":11,"47":11,"48":11,"49":9,"50":9,"51":0,"52":11,"53":2,"54":9,"55":4,"56":3,"57":1,"58":1,"59":1,"60":1,"61":1,"62":1,"63":1,"64":1,"65":1,"66":3,"67":3},"f":{"0":18,"1":2,"2":3,"3":1,"4":2,"5":2,"6":2,"7":3,"8":13,"9":1,"10":1,"11":1,"12":1,"13":3},"b":{"0":[0,2],"1":[1,1],"2":[1,0],"3":[0,1],"4":[3,0,0,0],"5":[8],"6":[13,13],"7":[4,9],"8":[2,10],"9":[12,2],"10":[1,1],"11":[9,2],"12":[2,9],"13":[2,1],"14":[3,1],"15":[1,0],"16":[3,1]},"_coverageSchema":"1a1c01bbd47fc00a2c39e90264f33305004495a9","hash":"316ad00f5b228268a9f99b3c98667b4ce5248244"}
,"H:\\DEV\\Projects\\_FOXMIND\\Python_Web\\task16_weather\\_djwr\\frontend\\src\\js\\auth.js": {"path":"H:\\DEV\\Projects\\_FOXMIND\\Python_Web\\task16_weather\\_djwr\\frontend\\src\\js\\auth.js","statementMap":{"0":{"start":{"line":27,"column":2},"end":{"line":39,"column":3}},"1":{"start":{"line":28,"column":17},"end":{"line":28,"column":72}},"2":{"start":{"line":30,"column":4},"end":{"line":33,"column":5}},"3":{"start":{"line":31,"column":6},"end":{"line":31,"column":39}},"4":{"start":{"line":32,"column":6},"end":{"line":32,"column":43}},"5":{"start":{"line":35,"column":4},"end":{"line":35,"column":16}},"6":{"start":{"line":37,"column":4},"end":{"line":37,"column":26}},"7":{"start":{"line":38,"column":4},"end":{"line":38,"column":16}},"8":{"start":{"line":48,"column":2},"end":{"line":60,"column":3}},"9":{"start":{"line":49,"column":17},"end":{"line":49,"column":64}},"10":{"start":{"line":51,"column":4},"end":{"line":54,"column":5}},"11":{"start":{"line":52,"column":6},"end":{"line":52,"column":39}},"12":{"start":{"line":53,"column":6},"end":{"line":53,"column":43}},"13":{"start":{"line":56,"column":4},"end":{"line":56,"column":16}},"14":{"start":{"line":58,"column":4},"end":{"line":58,"column":26}},"15":{"start":{"line":59,"column":4},"end":{"line":59,"column":16}},"16":{"start":{"line":67,"column":2},"end":{"line":78,"column":3}},"17":{"start":{"line":68,"column":25},"end":{"line":68,"column":62}},"18":{"start":{"line":69,"column":4},"end":{"line":71,"column":5}},"19":{"start":{"line":70,"column":6},"end":{"line":70,"column":69}},"20":{"start":{"line":75,"column":4},"end":{"line":75,"column":22}},"21":{"start":{"line":76,"column":4},"end":{"line":76,"column":18}},"22":{"start":{"line":77,"column":4},"end":{"line":77,"column":29}},"23":{"start":{"line":86,"column":2},"end":{"line":91,"column":3}},"24":{"start":{"line":87,"column":4},"end":{"line":87,"column":42}},"25":{"start":{"line":89,"column":4},"end":{"line":89,"column":26}},"26":{"start":{"line":90,"column":4},"end":{"line":90,"column":16}},"27":{"start":{"line":99,"column":2},"end":{"line":104,"column":3}},"28":{"start":{"line":100,"column":4},"end":{"line":100,"column":51}},"29":{"start":{"line":102,"column":4},"end":{"line":102,"column":26}},"30":{"start":{"line":103,"column":4},"end":{"line":103,"column":16}},"31":{"start":{"line":113,"column":2},"end":{"line":118,"column":3}},"32":{"start":{"line":114,"column":4},"end":{"line":114,"column":59}},"33":{"start":{"line":116,"column":4},"end":{"line":116,"column":26}},"34":{"start":{"line":117,"column":4},"end":{"line":117,"column":16}},"35":{"start":{"line":126,"column":2},"end":{"line":126,"column":26}},"36":{"start":{"line":134,"column":2},"end":{"line":134,"column":53}},"37":{"start":{"line":141,"column":20},"end":{"line":141,"column":63}},"38":{"start":{"line":142,"column":16},"end":{"line":142,"column":38}},"39":{"start":{"line":144,"column":2},"end":{"line":147,"column":3}},"40":{"start":{"line":145,"column":4},"end":{"line":145,"column":24}},"41":{"start":{"line":146,"column":4},"end":{"line":146,"column":31}},"42":{"start":{"line":154,"column":16},"end":{"line":154,"column":56}},"43":{"start":{"line":155,"column":2},"end":{"line":162,"column":3}},"44":{"start":{"line":156,"column":4},"end":{"line":159,"column":7}},"45":{"start":{"line":160,"column":4},"end":{"line":160,"column":63}},"46":{"start":{"line":161,"column":4},"end":{"line":161,"column":11}},"47":{"start":{"line":164,"column":2},"end":{"line":210,"column":3}},"48":{"start":{"line":166,"column":18},"end":{"line":166,"column":40}},"49":{"start":{"line":169,"column":4},"end":{"line":180,"column":5}},"50":{"start":{"line":170,"column":19},"end":{"line":170,"column":41}},"51":{"start":{"line":171,"column":6},"end":{"line":179,"column":7}},"52":{"start":{"line":172,"column":8},"end":{"line":178,"column":10}},"53":{"start":{"line":182,"column":4},"end":{"line":189,"column":5}},"54":{"start":{"line":183,"column":6},"end":{"line":183,"column":100}},"55":{"start":{"line":184,"column":6},"end":{"line":184,"column":54}},"56":{"start":{"line":186,"column":6},"end":{"line":186,"column":39}},"57":{"start":{"line":187,"column":6},"end":{"line":187,"column":34}},"58":{"start":{"line":188,"column":6},"end":{"line":188,"column":13}},"59":{"start":{"line":192,"column":4},"end":{"line":192,"column":63}},"60":{"start":{"line":193,"column":4},"end":{"line":193,"column":69}},"61":{"start":{"line":194,"column":4},"end":{"line":194,"column":73}},"62":{"start":{"line":195,"column":4},"end":{"line":195,"column":71}},"63":{"start":{"line":196,"column":4},"end":{"line":196,"column":75}},"64":{"start":{"line":199,"column":4},"end":{"line":199,"column":26}},"65":{"start":{"line":202,"column":4},"end":{"line":202,"column":37}},"66":{"start":{"line":203,"column":4},"end":{"line":203,"column":32}},"67":{"start":{"line":205,"column":4},"end":{"line":205,"column":52}},"68":{"start":{"line":206,"column":4},"end":{"line":206,"column":91}},"69":{"start":{"line":208,"column":4},"end":{"line":208,"column":37}},"70":{"start":{"line":209,"column":4},"end":{"line":209,"column":32}},"71":{"start":{"line":217,"column":16},"end":{"line":217,"column":56}},"72":{"start":{"line":218,"column":2},"end":{"line":220,"column":3}},"73":{"start":{"line":219,"column":4},"end":{"line":219,"column":34}},"74":{"start":{"line":221,"column":2},"end":{"line":221,"column":24}},"75":{"start":{"line":228,"column":15},"end":{"line":228,"column":54}},"76":{"start":{"line":229,"column":19},"end":{"line":229,"column":69}},"77":{"start":{"line":230,"column":20},"end":{"line":230,"column":65}},"78":{"start":{"line":233,"column":2},"end":{"line":236,"column":3}},"79":{"start":{"line":234,"column":20},"end":{"line":234,"column":40}},"80":{"start":{"line":235,"column":4},"end":{"line":235,"column":48}},"81":{"start":{"line":239,"column":18},"end":{"line":239,"column":57}},"82":{"start":{"line":240,"column":22},"end":{"line":240,"column":72}},"83":{"start":{"line":241,"column":23},"end":{"line":241,"column":68}},"84":{"start":{"line":243,"column":2},"end":{"line":245,"column":3}},"85":{"start":{"line":244,"column":4},"end":{"line":244,"column":60}},"86":{"start":{"line":247,"column":2},"end":{"line":249,"column":3}},"87":{"start":{"line":248,"column":4},"end":{"line":248,"column":47}},"88":{"start":{"line":251,"column":2},"end":{"line":253,"column":3}},"89":{"start":{"line":252,"column":4},"end":{"line":252,"column":48}},"90":{"start":{"line":256,"column":16},"end":{"line":256,"column":56}},"91":{"start":{"line":257,"column":2},"end":{"line":263,"column":3}},"92":{"start":{"line":258,"column":4},"end":{"line":262,"column":6}},"93":{"start":{"line":259,"column":6},"end":{"line":261,"column":7}},"94":{"start":{"line":260,"column":8},"end":{"line":260,"column":31}},"95":{"start":{"line":270,"column":2},"end":{"line":270,"column":21}},"96":{"start":{"line":272,"column":18},"end":{"line":272,"column":61}},"97":{"start":{"line":273,"column":2},"end":{"line":276,"column":3}},"98":{"start":{"line":274,"column":4},"end":{"line":274,"column":28}},"99":{"start":{"line":275,"column":4},"end":{"line":275,"column":38}},"100":{"start":{"line":278,"column":2},"end":{"line":278,"column":24}},"101":{"start":{"line":280,"column":2},"end":{"line":315,"column":3}},"102":{"start":{"line":282,"column":21},"end":{"line":286,"column":5}},"103":{"start":{"line":289,"column":4},"end":{"line":293,"column":7}},"104":{"start":{"line":290,"column":6},"end":{"line":292,"column":7}},"105":{"start":{"line":291,"column":8},"end":{"line":291,"column":29}},"106":{"start":{"line":295,"column":4},"end":{"line":295,"column":38}},"107":{"start":{"line":297,"column":4},"end":{"line":297,"column":56}},"108":{"start":{"line":300,"column":4},"end":{"line":300,"column":36}},"109":{"start":{"line":303,"column":4},"end":{"line":305,"column":13}},"110":{"start":{"line":304,"column":6},"end":{"line":304,"column":29}},"111":{"start":{"line":307,"column":4},"end":{"line":307,"column":54}},"112":{"start":{"line":308,"column":25},"end":{"line":308,"column":96}},"113":{"start":{"line":309,"column":4},"end":{"line":309,"column":35}},"114":{"start":{"line":311,"column":4},"end":{"line":314,"column":5}},"115":{"start":{"line":312,"column":6},"end":{"line":312,"column":31}},"116":{"start":{"line":313,"column":6},"end":{"line":313,"column":35}},"117":{"start":{"line":322,"column":2},"end":{"line":334,"column":3}},"118":{"start":{"line":323,"column":17},"end":{"line":323,"column":39}},"119":{"start":{"line":324,"column":4},"end":{"line":331,"column":5}},"120":{"start":{"line":325,"column":25},"end":{"line":325,"column":61}},"121":{"start":{"line":326,"column":6},"end":{"line":330,"column":7}},"122":{"start":{"line":327,"column":28},"end":{"line":327,"column":84}},"123":{"start":{"line":328,"column":8},"end":{"line":328,"column":45}},"124":{"start":{"line":329,"column":8},"end":{"line":329,"column":59}},"125":{"start":{"line":333,"column":4},"end":{"line":333,"column":56}},"126":{"start":{"line":341,"column":13},"end":{"line":341,"column":40}},"127":{"start":{"line":342,"column":2},"end":{"line":342,"column":33}},"128":{"start":{"line":342,"column":10},"end":{"line":342,"column":33}},"129":{"start":{"line":346,"column":13},"end":{"line":346,"column":40}},"130":{"start":{"line":347,"column":2},"end":{"line":347,"column":35}},"131":{"start":{"line":351,"column":18},"end":{"line":351,"column":66}},"132":{"start":{"line":352,"column":2},"end":{"line":355,"column":3}},"133":{"start":{"line":353,"column":4},"end":{"line":353,"column":34}},"134":{"start":{"line":354,"column":4},"end":{"line":354,"column":39}},"135":{"start":{"line":359,"column":20},"end":{"line":359,"column":70}},"136":{"start":{"line":360,"column":2},"end":{"line":363,"column":3}},"137":{"start":{"line":361,"column":4},"end":{"line":361,"column":36}},"138":{"start":{"line":362,"column":4},"end":{"line":362,"column":41}},"139":{"start":{"line":367,"column":18},"end":{"line":367,"column":66}},"140":{"start":{"line":368,"column":20},"end":{"line":368,"column":70}},"141":{"start":{"line":369,"column":2},"end":{"line":369,"column":47}},"142":{"start":{"line":369,"column":15},"end":{"line":369,"column":47}},"143":{"start":{"line":370,"column":2},"end":{"line":370,"column":51}},"144":{"start":{"line":370,"column":17},"end":{"line":370,"column":51}}},"fnMap":{"0":{"name":"login","decl":{"start":{"line":26,"column":22},"end":{"line":26,"column":27}},"loc":{"start":{"line":26,"column":45},"end":{"line":40,"column":1}},"line":26},"1":{"name":"register","decl":{"start":{"line":47,"column":22},"end":{"line":47,"column":30}},"loc":{"start":{"line":47,"column":41},"end":{"line":61,"column":1}},"line":47},"2":{"name":"logout","decl":{"start":{"line":66,"column":22},"end":{"line":66,"column":28}},"loc":{"start":{"line":66,"column":31},"end":{"line":79,"column":1}},"line":66},"3":{"name":"getCurrentUser","decl":{"start":{"line":85,"column":22},"end":{"line":85,"column":36}},"loc":{"start":{"line":85,"column":39},"end":{"line":92,"column":1}},"line":85},"4":{"name":"getUserProfile","decl":{"start":{"line":98,"column":22},"end":{"line":98,"column":36}},"loc":{"start":{"line":98,"column":39},"end":{"line":105,"column":1}},"line":98},"5":{"name":"updateUserProfile","decl":{"start":{"line":112,"column":22},"end":{"line":112,"column":39}},"loc":{"start":{"line":112,"column":46},"end":{"line":119,"column":1}},"line":112},"6":{"name":"isAuthenticated","decl":{"start":{"line":125,"column":16},"end":{"line":125,"column":31}},"loc":{"start":{"line":125,"column":34},"end":{"line":127,"column":1}},"line":125},"7":{"name":"oauthLogin","decl":{"start":{"line":133,"column":16},"end":{"line":133,"column":26}},"loc":{"start":{"line":133,"column":37},"end":{"line":135,"column":1}},"line":133},"8":{"name":"handleOAuthCallback","decl":{"start":{"line":140,"column":16},"end":{"line":140,"column":35}},"loc":{"start":{"line":140,"column":38},"end":{"line":148,"column":1}},"line":140},"9":{"name":"showUserProfileModal","decl":{"start":{"line":153,"column":22},"end":{"line":153,"column":42}},"loc":{"start":{"line":153,"column":45},"end":{"line":211,"column":1}},"line":153},"10":{"name":"hideUserProfileModal","decl":{"start":{"line":216,"column":16},"end":{"line":216,"column":36}},"loc":{"start":{"line":216,"column":39},"end":{"line":222,"column":1}},"line":216},"11":{"name":"setupProfileModalHandlers","decl":{"start":{"line":227,"column":9},"end":{"line":227,"column":34}},"loc":{"start":{"line":227,"column":37},"end":{"line":264,"column":1}},"line":227},"12":{"name":"(anonymous_12)","decl":{"start":{"line":258,"column":20},"end":{"line":258,"column":21}},"loc":{"start":{"line":258,"column":27},"end":{"line":262,"column":5}},"line":258},"13":{"name":"handleProfileSubmit","decl":{"start":{"line":269,"column":15},"end":{"line":269,"column":34}},"loc":{"start":{"line":269,"column":38},"end":{"line":316,"column":1}},"line":269},"14":{"name":"(anonymous_14)","decl":{"start":{"line":289,"column":34},"end":{"line":289,"column":35}},"loc":{"start":{"line":289,"column":43},"end":{"line":293,"column":5}},"line":289},"15":{"name":"(anonymous_15)","decl":{"start":{"line":303,"column":15},"end":{"line":303,"column":16}},"loc":{"start":{"line":303,"column":21},"end":{"line":305,"column":5}},"line":303},"16":{"name":"updateUserInfoInSidebar","decl":{"start":{"line":321,"column":15},"end":{"line":321,"column":38}},"loc":{"start":{"line":321,"column":41},"end":{"line":335,"column":1}},"line":321},"17":{"name":"setProfileFieldValue","decl":{"start":{"line":340,"column":9},"end":{"line":340,"column":29}},"loc":{"start":{"line":340,"column":41},"end":{"line":343,"column":1}},"line":340},"18":{"name":"getProfileFieldValue","decl":{"start":{"line":345,"column":9},"end":{"line":345,"column":29}},"loc":{"start":{"line":345,"column":34},"end":{"line":348,"column":1}},"line":345},"19":{"name":"showProfileError","decl":{"start":{"line":350,"column":9},"end":{"line":350,"column":25}},"loc":{"start":{"line":350,"column":35},"end":{"line":356,"column":1}},"line":350},"20":{"name":"showProfileSuccess","decl":{"start":{"line":358,"column":9},"end":{"line":358,"column":27}},"loc":{"start":{"line":358,"column":37},"end":{"line":364,"column":1}},"line":358},"21":{"name":"hideProfileMessages","decl":{"start":{"line":366,"column":9},"end":{"line":366,"column":28}},"loc":{"start":{"line":366,"column":31},"end":{"line":371,"column":1}},"line":366}},"branchMap":{"0":{"loc":{"start":{"line":30,"column":4},"end":{"line":33,"column":5}},"type":"if","locations":[{"start":{"line":30,"column":4},"end":{"line":33,"column":5}},{"start":{},"end":{}}],"line":30},"1":{"loc":{"start":{"line":51,"column":4},"end":{"line":54,"column":5}},"type":"if","locations":[{"start":{"line":51,"column":4},"end":{"line":54,"column":5}},{"start":{},"end":{}}],"line":51},"2":{"loc":{"start":{"line":69,"column":4},"end":{"line":71,"column":5}},"type":"if","locations":[{"start":{"line":69,"column":4},"end":{"line":71,"column":5}},{"start":{},"end":{}}],"line":69},"3":{"loc":{"start":{"line":144,"column":2},"end":{"line":147,"column":3}},"type":"if","locations":[{"start":{"line":144,"column":2},"end":{"line":147,"column":3}},{"start":{},"end":{}}],"line":144},"4":{"loc":{"start":{"line":155,"column":2},"end":{"line":162,"column":3}},"type":"if","locations":[{"start":{"line":155,"column":2},"end":{"line":162,"column":3}},{"start":{},"end":{}}],"line":155},"5":{"loc":{"start":{"line":169,"column":4},"end":{"line":180,"column":5}},"type":"if","locations":[{"start":{"line":169,"column":4},"end":{"line":180,"column":5}},{"start":{},"end":{}}],"line":169},"6":{"loc":{"start":{"line":171,"column":6},"end":{"line":179,"column":7}},"type":"if","locations":[{"start":{"line":171,"column":6},"end":{"line":179,"column":7}},{"start":{},"end":{}}],"line":171},"7":{"loc":{"start":{"line":182,"column":4},"end":{"line":189,"column":5}},"type":"if","locations":[{"start":{"line":182,"column":4},"end":{"line":189,"column":5}},{"start":{},"end":{}}],"line":182},"8":{"loc":{"start":{"line":192,"column":42},"end":{"line":192,"column":61}},"type":"binary-expr","locations":[{"start":{"line":192,"column":42},"end":{"line":192,"column":55}},{"start":{"line":192,"column":59},"end":{"line":192,"column":61}}],"line":192},"9":{"loc":{"start":{"line":193,"column":45},"end":{"line":193,"column":67}},"type":"binary-expr","locations":[{"start":{"line":193,"column":45},"end":{"line":193,"column":61}},{"start":{"line":193,"column":65},"end":{"line":193,"column":67}}],"line":193},"10":{"loc":{"start":{"line":194,"column":47},"end":{"line":194,"column":71}},"type":"binary-expr","locations":[{"start":{"line":194,"column":47},"end":{"line":194,"column":65}},{"start":{"line":194,"column":69},"end":{"line":194,"column":71}}],"line":194},"11":{"loc":{"start":{"line":195,"column":46},"end":{"line":195,"column":69}},"type":"binary-expr","locations":[{"start":{"line":195,"column":46},"end":{"line":195,"column":63}},{"start":{"line":195,"column":67},"end":{"line":195,"column":69}}],"line":195},"12":{"loc":{"start":{"line":196,"column":48},"end":{"line":196,"column":73}},"type":"binary-expr","locations":[{"start":{"line":196,"column":48},"end":{"line":196,"column":67}},{"start":{"line":196,"column":71},"end":{"line":196,"column":73}}],"line":196},"13":{"loc":{"start":{"line":206,"column":56},"end":{"line":206,"column":88}},"type":"binary-expr","locations":[{"start":{"line":206,"column":56},"end":{"line":206,"column":69}},{"start":{"line":206,"column":73},"end":{"line":206,"column":88}}],"line":206},"14":{"loc":{"start":{"line":218,"column":2},"end":{"line":220,"column":3}},"type":"if","locations":[{"start":{"line":218,"column":2},"end":{"line":220,"column":3}},{"start":{},"end":{}}],"line":218},"15":{"loc":{"start":{"line":233,"column":2},"end":{"line":236,"column":3}},"type":"if","locations":[{"start":{"line":233,"column":2},"end":{"line":236,"column":3}},{"start":{},"end":{}}],"line":233},"16":{"loc":{"start":{"line":243,"column":2},"end":{"line":245,"column":3}},"type":"if","locations":[{"start":{"line":243,"column":2},"end":{"line":245,"column":3}},{"start":{},"end":{}}],"line":243},"17":{"loc":{"start":{"line":247,"column":2},"end":{"line":249,"column":3}},"type":"if","locations":[{"start":{"line":247,"column":2},"end":{"line":249,"column":3}},{"start":{},"end":{}}],"line":247},"18":{"loc":{"start":{"line":251,"column":2},"end":{"line":253,"column":3}},"type":"if","locations":[{"start":{"line":251,"column":2},"end":{"line":253,"column":3}},{"start":{},"end":{}}],"line":251},"19":{"loc":{"start":{"line":257,"column":2},"end":{"line":263,"column":3}},"type":"if","locations":[{"start":{"line":257,"column":2},"end":{"line":263,"column":3}},{"start":{},"end":{}}],"line":257},"20":{"loc":{"start":{"line":259,"column":6},"end":{"line":261,"column":7}},"type":"if","locations":[{"start":{"line":259,"column":6},"end":{"line":261,"column":7}},{"start":{},"end":{}}],"line":259},"21":{"loc":{"start":{"line":273,"column":2},"end":{"line":276,"column":3}},"type":"if","locations":[{"start":{"line":273,"column":2},"end":{"line":276,"column":3}},{"start":{},"end":{}}],"line":273},"22":{"loc":{"start":{"line":283,"column":18},"end":{"line":283,"column":68}},"type":"binary-expr","locations":[{"start":{"line":283,"column":18},"end":{"line":283,"column":60}},{"start":{"line":283,"column":64},"end":{"line":283,"column":68}}],"line":283},"23":{"loc":{"start":{"line":284,"column":17},"end":{"line":284,"column":66}},"type":"binary-expr","locations":[{"start":{"line":284,"column":17},"end":{"line":284,"column":58}},{"start":{"line":284,"column":62},"end":{"line":284,"column":66}}],"line":284},"24":{"loc":{"start":{"line":285,"column":19},"end":{"line":285,"column":70}},"type":"binary-expr","locations":[{"start":{"line":285,"column":19},"end":{"line":285,"column":62}},{"start":{"line":285,"column":66},"end":{"line":285,"column":70}}],"line":285},"25":{"loc":{"start":{"line":290,"column":6},"end":{"line":292,"column":7}},"type":"if","locations":[{"start":{"line":290,"column":6},"end":{"line":292,"column":7}},{"start":{},"end":{}}],"line":290},"26":{"loc":{"start":{"line":290,"column":10},"end":{"line":290,"column":56}},"type":"binary-expr","locations":[{"start":{"line":290,"column":10},"end":{"line":290,"column":32}},{"start":{"line":290,"column":36},"end":{"line":290,"column":56}}],"line":290},"27":{"loc":{"start":{"line":308,"column":25},"end":{"line":308,"column":96}},"type":"binary-expr","locations":[{"start":{"line":308,"column":25},"end":{"line":308,"column":48}},{"start":{"line":308,"column":52},"end":{"line":308,"column":66}},{"start":{"line":308,"column":70},"end":{"line":308,"column":96}}],"line":308},"28":{"loc":{"start":{"line":311,"column":4},"end":{"line":314,"column":5}},"type":"if","locations":[{"start":{"line":311,"column":4},"end":{"line":314,"column":5}},{"start":{},"end":{}}],"line":311},"29":{"loc":{"start":{"line":324,"column":4},"end":{"line":331,"column":5}},"type":"if","locations":[{"start":{"line":324,"column":4},"end":{"line":331,"column":5}},{"start":{},"end":{}}],"line":324},"30":{"loc":{"start":{"line":326,"column":6},"end":{"line":330,"column":7}},"type":"if","locations":[{"start":{"line":326,"column":6},"end":{"line":330,"column":7}},{"start":{},"end":{}}],"line":326},"31":{"loc":{"start":{"line":327,"column":28},"end":{"line":327,"column":84}},"type":"binary-expr","locations":[{"start":{"line":327,"column":28},"end":{"line":327,"column":41}},{"start":{"line":327,"column":45},"end":{"line":327,"column":60}},{"start":{"line":327,"column":64},"end":{"line":327,"column":74}},{"start":{"line":327,"column":78},"end":{"line":327,"column":84}}],"line":327},"32":{"loc":{"start":{"line":329,"column":41},"end":{"line":329,"column":57}},"type":"binary-expr","locations":[{"start":{"line":329,"column":41},"end":{"line":329,"column":51}},{"start":{"line":329,"column":55},"end":{"line":329,"column":57}}],"line":329},"33":{"loc":{"start":{"line":342,"column":2},"end":{"line":342,"column":33}},"type":"if","locations":[{"start":{"line":342,"column":2},"end":{"line":342,"column":33}},{"start":{},"end":{}}],"line":342},"34":{"loc":{"start":{"line":342,"column":21},"end":{"line":342,"column":32}},"type":"binary-expr","locations":[{"start":{"line":342,"column":21},"end":{"line":342,"column":26}},{"start":{"line":342,"column":30},"end":{"line":342,"column":32}}],"line":342},"35":{"loc":{"start":{"line":347,"column":9},"end":{"line":347,"column":34}},"type":"cond-expr","locations":[{"start":{"line":347,"column":14},"end":{"line":347,"column":29}},{"start":{"line":347,"column":32},"end":{"line":347,"column":34}}],"line":347},"36":{"loc":{"start":{"line":352,"column":2},"end":{"line":355,"column":3}},"type":"if","locations":[{"start":{"line":352,"column":2},"end":{"line":355,"column":3}},{"start":{},"end":{}}],"line":352},"37":{"loc":{"start":{"line":360,"column":2},"end":{"line":363,"column":3}},"type":"if","locations":[{"start":{"line":360,"column":2},"end":{"line":363,"column":3}},{"start":{},"end":{}}],"line":360},"38":{"loc":{"start":{"line":369,"column":2},"end":{"line":369,"column":47}},"type":"if","locations":[{"start":{"line":369,"column":2},"end":{"line":369,"column":47}},{"start":{},"end":{}}],"line":369},"39":{"loc":{"start":{"line":370,"column":2},"end":{"line":370,"column":51}},"type":"if","locations":[{"start":{"line":370,"column":2},"end":{"line":370,"column":51}},{"start":{},"end":{}}],"line":370}},"s":{"0":3,"1":3,"2":2,"3":1,"4":1,"5":2,"6":1,"7":1,"8":2,"9":2,"10":1,"11":1,"12":1,"13":1,"14":1,"15":1,"16":3,"17":3,"18":3,"19":2,"20":3,"21":3,"22":3,"23":2,"24":2,"25":1,"26":1,"27":2,"28":2,"29":1,"30":1,"31":2,"32":2,"33":1,"34":1,"35":2,"36":2,"37":2,"38":2,"39":2,"40":1,"41":1,"42":0,"43":0,"44":0,"45":0,"46":0,"47":0,"48":0,"49":0,"50":0,"51":0,"52":0,"53":0,"54":0,"55":0,"56":0,"57":0,"58":0,"59":0,"60":0,"61":0,"62":0,"63":0,"64":0,"65":0,"66":0,"67":0,"68":0,"69":0,"70":0,"71":0,"72":0,"73":0,"74":0,"75":0,"76":0,"77":0,"78":0,"79":0,"80":0,"81":0,"82":0,"83":0,"84":0,"85":0,"86":0,"87":0,"88":0,"89":0,"90":0,"91":0,"92":0,"93":0,"94":0,"95":0,"96":0,"97":0,"98":0,"99":0,"100":0,"101":0,"102":0,"103":0,"104":0,"105":0,"106":0,"107":0,"108":0,"109":0,"110":0,"111":0,"112":0,"113":0,"114":0,"115":0,"116":0,"117":0,"118":0,"119":0,"120":0,"121":0,"122":0,"123":0,"124":0,"125":0,"126":0,"127":0,"128":0,"129":0,"130":0,"131":0,"132":0,"133":0,"134":0,"135":0,"136":0,"137":0,"138":0,"139":0,"140":0,"141":0,"142":0,"143":0,"144":0},"f":{"0":3,"1":2,"2":3,"3":2,"4":2,"5":2,"6":2,"7":2,"8":2,"9":0,"10":0,"11":0,"12":0,"13":0,"14":0,"15":0,"16":0,"17":0,"18":0,"19":0,"20":0,"21":0},"b":{"0":[1,1],"1":[1,0],"2":[2,1],"3":[1,1],"4":[0,0],"5":[0,0],"6":[0,0],"7":[0,0],"8":[0,0],"9":[0,0],"10":[0,0],"11":[0,0],"12":[0,0],"13":[0,0],"14":[0,0],"15":[0,0],"16":[0,0],"17":[0,0],"18":[0,0],"19":[0,0],"20":[0,0],"21":[0,0],"22":[0,0],"23":[0,0],"24":[0,0],"25":[0,0],"26":[0,0],"27":[0,0,0],"28":[0,0],"29":[0,0],"30":[0,0],"31":[0,0,0,0],"32":[0,0],"33":[0,0],"34":[0,0],"35":[0,0],"36":[0,0],"37":[0,0],"38":[0,0],"39":[0,0]},"_coverageSchema":"1a1c01bbd47fc00a2c39e90264f33305004495a9","hash":"e47b637638ed1c628b56408a651d15e686e2d287"}
,"H:\\DEV\\Projects\\_FOXMIND\\Python_Web\\task16_weather\\_djwr\\frontend\\src\\js\\cache.js": {"path":"H:\\DEV\\Projects\\_FOXMIND\\Python_Web\\task16_weather\\_djwr\\frontend\\src\\js\\cache.js","statementMap":{"0":{"start":{"line":8,"column":4},"end":{"line":8,"column":27}},"1":{"start":{"line":9,"column":4},"end":{"line":9,"column":26}},"2":{"start":{"line":19,"column":4},"end":{"line":19,"column":41}},"3":{"start":{"line":27,"column":4},"end":{"line":27,"column":27}},"4":{"start":{"line":36,"column":18},"end":{"line":36,"column":37}},"5":{"start":{"line":38,"column":4},"end":{"line":40,"column":5}},"6":{"start":{"line":39,"column":6},"end":{"line":39,"column":18}},"7":{"start":{"line":43,"column":4},"end":{"line":46,"column":5}},"8":{"start":{"line":44,"column":6},"end":{"line":44,"column":29}},"9":{"start":{"line":45,"column":6},"end":{"line":45,"column":18}},"10":{"start":{"line":48,"column":4},"end":{"line":48,"column":23}},"11":{"start":{"line":58,"column":18},"end":{"line":58,"column":49}},"12":{"start":{"line":60,"column":4},"end":{"line":64,"column":7}},"13":{"start":{"line":73,"column":4},"end":{"line":73,"column":34}},"14":{"start":{"line":81,"column":4},"end":{"line":81,"column":27}},"15":{"start":{"line":88,"column":4},"end":{"line":88,"column":23}},"16":{"start":{"line":95,"column":16},"end":{"line":95,"column":26}},"17":{"start":{"line":96,"column":4},"end":{"line":100,"column":5}},"18":{"start":{"line":97,"column":6},"end":{"line":99,"column":7}},"19":{"start":{"line":98,"column":8},"end":{"line":98,"column":31}},"20":{"start":{"line":108,"column":16},"end":{"line":108,"column":17}},"21":{"start":{"line":109,"column":18},"end":{"line":109,"column":19}},"22":{"start":{"line":110,"column":16},"end":{"line":110,"column":26}},"23":{"start":{"line":112,"column":4},"end":{"line":118,"column":5}},"24":{"start":{"line":113,"column":6},"end":{"line":117,"column":7}},"25":{"start":{"line":114,"column":8},"end":{"line":114,"column":18}},"26":{"start":{"line":116,"column":8},"end":{"line":116,"column":16}},"27":{"start":{"line":120,"column":4},"end":{"line":124,"column":6}},"28":{"start":{"line":129,"column":14},"end":{"line":129,"column":25}},"29":{"start":{"line":132,"column":0},"end":{"line":134,"column":18}},"30":{"start":{"line":133,"column":2},"end":{"line":133,"column":18}}},"fnMap":{"0":{"name":"(anonymous_0)","decl":{"start":{"line":7,"column":2},"end":{"line":7,"column":3}},"loc":{"start":{"line":7,"column":16},"end":{"line":10,"column":3}},"line":7},"1":{"name":"(anonymous_1)","decl":{"start":{"line":18,"column":2},"end":{"line":18,"column":3}},"loc":{"start":{"line":18,"column":36},"end":{"line":20,"column":3}},"line":18},"2":{"name":"(anonymous_2)","decl":{"start":{"line":26,"column":2},"end":{"line":26,"column":3}},"loc":{"start":{"line":26,"column":28},"end":{"line":28,"column":3}},"line":26},"3":{"name":"(anonymous_3)","decl":{"start":{"line":35,"column":2},"end":{"line":35,"column":3}},"loc":{"start":{"line":35,"column":11},"end":{"line":49,"column":3}},"line":35},"4":{"name":"(anonymous_4)","decl":{"start":{"line":57,"column":2},"end":{"line":57,"column":3}},"loc":{"start":{"line":57,"column":30},"end":{"line":65,"column":3}},"line":57},"5":{"name":"(anonymous_5)","decl":{"start":{"line":72,"column":2},"end":{"line":72,"column":3}},"loc":{"start":{"line":72,"column":11},"end":{"line":74,"column":3}},"line":72},"6":{"name":"(anonymous_6)","decl":{"start":{"line":80,"column":2},"end":{"line":80,"column":3}},"loc":{"start":{"line":80,"column":14},"end":{"line":82,"column":3}},"line":80},"7":{"name":"(anonymous_7)","decl":{"start":{"line":87,"column":2},"end":{"line":87,"column":3}},"loc":{"start":{"line":87,"column":10},"end":{"line":89,"column":3}},"line":87},"8":{"name":"(anonymous_8)","decl":{"start":{"line":94,"column":2},"end":{"line":94,"column":3}},"loc":{"start":{"line":94,"column":12},"end":{"line":101,"column":3}},"line":94},"9":{"name":"(anonymous_9)","decl":{"start":{"line":107,"column":2},"end":{"line":107,"column":3}},"loc":{"start":{"line":107,"column":10},"end":{"line":125,"column":3}},"line":107},"10":{"name":"(anonymous_10)","decl":{"start":{"line":132,"column":12},"end":{"line":132,"column":13}},"loc":{"start":{"line":132,"column":18},"end":{"line":134,"column":1}},"line":132}},"branchMap":{"0":{"loc":{"start":{"line":38,"column":4},"end":{"line":40,"column":5}},"type":"if","locations":[{"start":{"line":38,"column":4},"end":{"line":40,"column":5}},{"start":{},"end":{}}],"line":38},"1":{"loc":{"start":{"line":43,"column":4},"end":{"line":46,"column":5}},"type":"if","locations":[{"start":{"line":43,"column":4},"end":{"line":46,"column":5}},{"start":{},"end":{}}],"line":43},"2":{"loc":{"start":{"line":57,"column":18},"end":{"line":57,"column":28}},"type":"default-arg","locations":[{"start":{"line":57,"column":24},"end":{"line":57,"column":28}}],"line":57},"3":{"loc":{"start":{"line":58,"column":19},"end":{"line":58,"column":41}},"type":"binary-expr","locations":[{"start":{"line":58,"column":19},"end":{"line":58,"column":22}},{"start":{"line":58,"column":26},"end":{"line":58,"column":41}}],"line":58},"4":{"loc":{"start":{"line":97,"column":6},"end":{"line":99,"column":7}},"type":"if","locations":[{"start":{"line":97,"column":6},"end":{"line":99,"column":7}},{"start":{},"end":{}}],"line":97},"5":{"loc":{"start":{"line":113,"column":6},"end":{"line":117,"column":7}},"type":"if","locations":[{"start":{"line":113,"column":6},"end":{"line":117,"column":7}},{"start":{"line":115,"column":13},"end":{"line":117,"column":7}}],"line":113}},"s":{"0":1,"1":1,"2":16,"3":1,"4":29,"5":29,"6":6,"7":23,"8":4,"9":4,"10":19,"11":28,"12":28,"13":4,"14":2,"15":24,"16":2,"17":2,"18":4,"19":1,"20":2,"21":2,"22":2,"23":2,"24":3,"25":1,"26":2,"27":2,"28":1,"29":1,"30":0},"f":{"0":1,"1":16,"2":1,"3":29,"4":28,"5":4,"6":2,"7":24,"8":2,"9":2,"10":0},"b":{"0":[6,23],"1":[4,19],"2":[17],"3":[28,17],"4":[1,3],"5":[1,2]},"_coverageSchema":"1a1c01bbd47fc00a2c39e90264f33305004495a9","hash":"b226d9b0c2c990cf0b7032434d0016b47f97335f"}
,"H:\\DEV\\Projects\\_FOXMIND\\Python_Web\\task16_weather\\_djwr\\frontend\\src\\js\\config.js": {"path":"H:\\DEV\\Projects\\_FOXMIND\\Python_Web\\task16_weather\\_djwr\\frontend\\src\\js\\config.js","statementMap":{"0":{"start":{"line":7,"column":29},"end":{"line":14,"column":1}},"1":{"start":{"line":17,"column":30},"end":{"line":17,"column":39}},"2":{"start":{"line":20,"column":25},"end":{"line":27,"column":1}},"3":{"start":{"line":30,"column":29},"end":{"line":53,"column":1}},"4":{"start":{"line":41,"column":22},"end":{"line":41,"column":37}},"5":{"start":{"line":44,"column":43},"end":{"line":44,"column":80}},"6":{"start":{"line":45,"column":30},"end":{"line":45,"column":58}},"7":{"start":{"line":49,"column":30},"end":{"line":49,"column":52}},"8":{"start":{"line":56,"column":29},"end":{"line":63,"column":1}},"9":{"start":{"line":66,"column":36},"end":{"line":71,"column":1}},"10":{"start":{"line":74,"column":34},"end":{"line":78,"column":1}},"11":{"start":{"line":86,"column":2},"end":{"line":86,"column":40}},"12":{"start":{"line":95,"column":2},"end":{"line":95,"column":48}}},"fnMap":{"0":{"name":"(anonymous_0)","decl":{"start":{"line":41,"column":14},"end":{"line":41,"column":15}},"loc":{"start":{"line":41,"column":22},"end":{"line":41,"column":37}},"line":41},"1":{"name":"(anonymous_1)","decl":{"start":{"line":44,"column":11},"end":{"line":44,"column":12}},"loc":{"start":{"line":44,"column":43},"end":{"line":44,"column":80}},"line":44},"2":{"name":"(anonymous_2)","decl":{"start":{"line":45,"column":18},"end":{"line":45,"column":19}},"loc":{"start":{"line":45,"column":30},"end":{"line":45,"column":58}},"line":45},"3":{"name":"(anonymous_3)","decl":{"start":{"line":49,"column":22},"end":{"line":49,"column":23}},"loc":{"start":{"line":49,"column":30},"end":{"line":49,"column":52}},"line":49},"4":{"name":"isValidPeriod","decl":{"start":{"line":85,"column":16},"end":{"line":85,"column":29}},"loc":{"start":{"line":85,"column":38},"end":{"line":87,"column":1}},"line":85},"5":{"name":"getCacheTTL","decl":{"start":{"line":94,"column":16},"end":{"line":94,"column":27}},"loc":{"start":{"line":94,"column":36},"end":{"line":96,"column":1}},"line":94}},"branchMap":{"0":{"loc":{"start":{"line":44,"column":20},"end":{"line":44,"column":38}},"type":"default-arg","locations":[{"start":{"line":44,"column":29},"end":{"line":44,"column":38}}],"line":44},"1":{"loc":{"start":{"line":95,"column":9},"end":{"line":95,"column":47}},"type":"binary-expr","locations":[{"start":{"line":95,"column":9},"end":{"line":95,"column":26}},{"start":{"line":95,"column":30},"end":{"line":95,"column":47}}],"line":95}},"s":{"0":1,"1":1,"2":1,"3":1,"4":1,"5":3,"6":0,"7":1,"8":1,"9":1,"10":1,"11":13,"12":6},"f":{"0":1,"1":3,"2":0,"3":1,"4":13,"5":6},"b":{"0":[1],"1":[6,3]},"_coverageSchema":"1a1c01bbd47fc00a2c39e90264f33305004495a9","hash":"ae207aa28011212ab36c024f55842e67126fdd8f"}
,"H:\\DEV\\Projects\\_FOXMIND\\Python_Web\\task16_weather\\_djwr\\frontend\\src\\js\\icons.js": {"path":"H:\\DEV\\Projects\\_FOXMIND\\Python_Web\\task16_weather\\_djwr\\frontend\\src\\js\\icons.js","statementMap":{"0":{"start":{"line":9,"column":18},"end":{"line":13,"column":3}},"1":{"start":{"line":15,"column":20},"end":{"line":15,"column":51}},"2":{"start":{"line":16,"column":19},"end":{"line":16,"column":41}},"3":{"start":{"line":18,"column":2},"end":{"line":18,"column":44}},"4":{"start":{"line":26,"column":25},"end":{"line":26,"column":56}},"5":{"start":{"line":29,"column":2},"end":{"line":35,"column":3}},"6":{"start":{"line":30,"column":4},"end":{"line":34,"column":6}},"7":{"start":{"line":38,"column":2},"end":{"line":44,"column":3}},"8":{"start":{"line":39,"column":4},"end":{"line":43,"column":6}},"9":{"start":{"line":47,"column":2},"end":{"line":53,"column":3}},"10":{"start":{"line":48,"column":4},"end":{"line":52,"column":6}},"11":{"start":{"line":56,"column":2},"end":{"line":62,"column":3}},"12":{"start":{"line":57,"column":4},"end":{"line":61,"column":6}},"13":{"start":{"line":65,"column":2},"end":{"line":71,"column":3}},"14":{"start":{"line":66,"column":4},"end":{"line":70,"column":6}},"15":{"start":{"line":74,"column":2},"end":{"line":80,"column":3}},"16":{"start":{"line":75,"column":4},"end":{"line":79,"column":6}},"17":{"start":{"line":83,"column":2},"end":{"line":87,"column":4}},"18":{"start":{"line":94,"column":14},"end":{"line":94,"column":75}},"19":{"start":{"line":95,"column":2},"end":{"line":95,"column":62}},"20":{"start":{"line":96,"column":2},"end":{"line":96,"column":35}},"21":{"start":{"line":97,"column":2},"end":{"line":97,"column":45}},"22":{"start":{"line":98,"column":2},"end":{"line":98,"column":43}},"23":{"start":{"line":100,"column":15},"end":{"line":100,"column":41}},"24":{"start":{"line":101,"column":2},"end":{"line":101,"column":23}},"25":{"start":{"line":103,"column":2},"end":{"line":103,"column":13}},"26":{"start":{"line":110,"column":16},"end":{"line":117,"column":3}},"27":{"start":{"line":119,"column":2},"end":{"line":119,"column":36}},"28":{"start":{"line":126,"column":2},"end":{"line":126,"column":55}},"29":{"start":{"line":126,"column":43},"end":{"line":126,"column":55}},"30":{"start":{"line":127,"column":2},"end":{"line":127,"column":38}},"31":{"start":{"line":137,"column":2},"end":{"line":137,"column":28}},"32":{"start":{"line":137,"column":18},"end":{"line":137,"column":28}},"33":{"start":{"line":140,"column":2},"end":{"line":151,"column":3}},"34":{"start":{"line":141,"column":4},"end":{"line":141,"column":31}},"35":{"start":{"line":142,"column":9},"end":{"line":151,"column":3}},"36":{"start":{"line":144,"column":4},"end":{"line":148,"column":5}},"37":{"start":{"line":145,"column":6},"end":{"line":145,"column":40}},"38":{"start":{"line":147,"column":6},"end":{"line":147,"column":33}},"39":{"start":{"line":150,"column":4},"end":{"line":150,"column":31}},"40":{"start":{"line":156,"column":19},"end":{"line":156,"column":40}},"41":{"start":{"line":159,"column":18},"end":{"line":159,"column":32}},"42":{"start":{"line":160,"column":20},"end":{"line":160,"column":38}},"43":{"start":{"line":161,"column":20},"end":{"line":161,"column":39}},"44":{"start":{"line":164,"column":16},"end":{"line":164,"column":39}},"45":{"start":{"line":165,"column":18},"end":{"line":165,"column":43}},"46":{"start":{"line":166,"column":15},"end":{"line":166,"column":40}},"47":{"start":{"line":167,"column":23},"end":{"line":167,"column":39}},"48":{"start":{"line":169,"column":2},"end":{"line":169,"column":74}},"49":{"start":{"line":176,"column":2},"end":{"line":176,"column":28}},"50":{"start":{"line":176,"column":18},"end":{"line":176,"column":28}},"51":{"start":{"line":178,"column":15},"end":{"line":178,"column":34}},"52":{"start":{"line":179,"column":15},"end":{"line":179,"column":93}},"53":{"start":{"line":180,"column":18},"end":{"line":180,"column":37}},"54":{"start":{"line":181,"column":16},"end":{"line":181,"column":31}},"55":{"start":{"line":182,"column":18},"end":{"line":182,"column":35}},"56":{"start":{"line":183,"column":15},"end":{"line":183,"column":40}},"57":{"start":{"line":184,"column":23},"end":{"line":184,"column":39}},"58":{"start":{"line":186,"column":2},"end":{"line":186,"column":85}},"59":{"start":{"line":196,"column":18},"end":{"line":200,"column":3}},"60":{"start":{"line":202,"column":20},"end":{"line":202,"column":50}},"61":{"start":{"line":203,"column":19},"end":{"line":203,"column":50}},"62":{"start":{"line":205,"column":2},"end":{"line":205,"column":53}},"63":{"start":{"line":212,"column":21},"end":{"line":212,"column":52}},"64":{"start":{"line":214,"column":18},"end":{"line":230,"column":3}},"65":{"start":{"line":233,"column":2},"end":{"line":235,"column":3}},"66":{"start":{"line":234,"column":4},"end":{"line":234,"column":31}},"67":{"start":{"line":238,"column":2},"end":{"line":242,"column":3}},"68":{"start":{"line":239,"column":4},"end":{"line":241,"column":5}},"69":{"start":{"line":240,"column":6},"end":{"line":240,"column":19}},"70":{"start":{"line":245,"column":2},"end":{"line":245,"column":61}},"71":{"start":{"line":252,"column":14},"end":{"line":252,"column":75}},"72":{"start":{"line":253,"column":2},"end":{"line":253,"column":76}},"73":{"start":{"line":254,"column":2},"end":{"line":254,"column":35}},"74":{"start":{"line":255,"column":2},"end":{"line":255,"column":45}},"75":{"start":{"line":256,"column":2},"end":{"line":256,"column":43}},"76":{"start":{"line":257,"column":2},"end":{"line":257,"column":40}},"77":{"start":{"line":259,"column":15},"end":{"line":259,"column":50}},"78":{"start":{"line":260,"column":2},"end":{"line":260,"column":23}},"79":{"start":{"line":262,"column":2},"end":{"line":262,"column":13}},"80":{"start":{"line":269,"column":16},"end":{"line":281,"column":3}},"81":{"start":{"line":283,"column":2},"end":{"line":283,"column":35}}},"fnMap":{"0":{"name":"getWeatherIcon","decl":{"start":{"line":8,"column":16},"end":{"line":8,"column":30}},"loc":{"start":{"line":8,"column":59},"end":{"line":19,"column":1}},"line":8},"1":{"name":"getIconData","decl":{"start":{"line":25,"column":9},"end":{"line":25,"column":20}},"loc":{"start":{"line":25,"column":32},"end":{"line":88,"column":1}},"line":25},"2":{"name":"createIconSVG","decl":{"start":{"line":93,"column":9},"end":{"line":93,"column":22}},"loc":{"start":{"line":93,"column":44},"end":{"line":104,"column":1}},"line":93},"3":{"name":"getIconPath","decl":{"start":{"line":109,"column":9},"end":{"line":109,"column":20}},"loc":{"start":{"line":109,"column":27},"end":{"line":120,"column":1}},"line":109},"4":{"name":"formatTemperature","decl":{"start":{"line":125,"column":16},"end":{"line":125,"column":33}},"loc":{"start":{"line":125,"column":53},"end":{"line":128,"column":1}},"line":125},"5":{"name":"formatTime","decl":{"start":{"line":136,"column":16},"end":{"line":136,"column":26}},"loc":{"start":{"line":136,"column":58},"end":{"line":170,"column":1}},"line":136},"6":{"name":"formatDate","decl":{"start":{"line":175,"column":16},"end":{"line":175,"column":26}},"loc":{"start":{"line":175,"column":38},"end":{"line":187,"column":1}},"line":175},"7":{"name":"getParameterIcon","decl":{"start":{"line":195,"column":16},"end":{"line":195,"column":32}},"loc":{"start":{"line":195,"column":60},"end":{"line":206,"column":1}},"line":195},"8":{"name":"getParameterIconData","decl":{"start":{"line":211,"column":9},"end":{"line":211,"column":29}},"loc":{"start":{"line":211,"column":41},"end":{"line":246,"column":1}},"line":211},"9":{"name":"createParameterIconSVG","decl":{"start":{"line":251,"column":9},"end":{"line":251,"column":31}},"loc":{"start":{"line":251,"column":53},"end":{"line":263,"column":1}},"line":251},"10":{"name":"getParameterIconPath","decl":{"start":{"line":268,"column":9},"end":{"line":268,"column":29}},"loc":{"start":{"line":268,"column":36},"end":{"line":284,"column":1}},"line":268}},"branchMap":{"0":{"loc":{"start":{"line":8,"column":42},"end":{"line":8,"column":57}},"type":"default-arg","locations":[{"start":{"line":8,"column":49},"end":{"line":8,"column":57}}],"line":8},"1":{"loc":{"start":{"line":15,"column":20},"end":{"line":15,"column":51}},"type":"binary-expr","locations":[{"start":{"line":15,"column":20},"end":{"line":15,"column":33}},{"start":{"line":15,"column":37},"end":{"line":15,"column":51}}],"line":15},"2":{"loc":{"start":{"line":26,"column":26},"end":{"line":26,"column":41}},"type":"binary-expr","locations":[{"start":{"line":26,"column":26},"end":{"line":26,"column":35}},{"start":{"line":26,"column":39},"end":{"line":26,"column":41}}],"line":26},"3":{"loc":{"start":{"line":29,"column":2},"end":{"line":35,"column":3}},"type":"if","locations":[{"start":{"line":29,"column":2},"end":{"line":35,"column":3}},{"start":{},"end":{}}],"line":29},"4":{"loc":{"start":{"line":29,"column":6},"end":{"line":29,"column":74}},"type":"binary-expr","locations":[{"start":{"line":29,"column":6},"end":{"line":29,"column":38}},{"start":{"line":29,"column":42},"end":{"line":29,"column":74}}],"line":29},"5":{"loc":{"start":{"line":38,"column":2},"end":{"line":44,"column":3}},"type":"if","locations":[{"start":{"line":38,"column":2},"end":{"line":44,"column":3}},{"start":{},"end":{}}],"line":38},"6":{"loc":{"start":{"line":38,"column":6},"end":{"line":38,"column":112}},"type":"binary-expr","locations":[{"start":{"line":38,"column":6},"end":{"line":38,"column":37}},{"start":{"line":38,"column":41},"end":{"line":38,"column":75}},{"start":{"line":38,"column":79},"end":{"line":38,"column":112}}],"line":38},"7":{"loc":{"start":{"line":47,"column":2},"end":{"line":53,"column":3}},"type":"if","locations":[{"start":{"line":47,"column":2},"end":{"line":53,"column":3}},{"start":{},"end":{}}],"line":47},"8":{"loc":{"start":{"line":47,"column":6},"end":{"line":47,"column":76}},"type":"binary-expr","locations":[{"start":{"line":47,"column":6},"end":{"line":47,"column":38}},{"start":{"line":47,"column":42},"end":{"line":47,"column":76}}],"line":47},"9":{"loc":{"start":{"line":56,"column":2},"end":{"line":62,"column":3}},"type":"if","locations":[{"start":{"line":56,"column":2},"end":{"line":62,"column":3}},{"start":{},"end":{}}],"line":56},"10":{"loc":{"start":{"line":56,"column":6},"end":{"line":56,"column":73}},"type":"binary-expr","locations":[{"start":{"line":56,"column":6},"end":{"line":56,"column":37}},{"start":{"line":56,"column":41},"end":{"line":56,"column":73}}],"line":56},"11":{"loc":{"start":{"line":65,"column":2},"end":{"line":71,"column":3}},"type":"if","locations":[{"start":{"line":65,"column":2},"end":{"line":71,"column":3}},{"start":{},"end":{}}],"line":65},"12":{"loc":{"start":{"line":65,"column":6},"end":{"line":65,"column":142}},"type":"binary-expr","locations":[{"start":{"line":65,"column":6},"end":{"line":65,"column":37}},{"start":{"line":65,"column":41},"end":{"line":65,"column":71}},{"start":{"line":65,"column":75},"end":{"line":65,"column":106}},{"start":{"line":65,"column":110},"end":{"line":65,"column":142}}],"line":65},"13":{"loc":{"start":{"line":74,"column":2},"end":{"line":80,"column":3}},"type":"if","locations":[{"start":{"line":74,"column":2},"end":{"line":80,"column":3}},{"start":{},"end":{}}],"line":74},"14":{"loc":{"start":{"line":74,"column":6},"end":{"line":74,"column":77}},"type":"binary-expr","locations":[{"start":{"line":74,"column":6},"end":{"line":74,"column":38}},{"start":{"line":74,"column":42},"end":{"line":74,"column":77}}],"line":74},"15":{"loc":{"start":{"line":119,"column":9},"end":{"line":119,"column":35}},"type":"binary-expr","locations":[{"start":{"line":119,"column":9},"end":{"line":119,"column":20}},{"start":{"line":119,"column":24},"end":{"line":119,"column":35}}],"line":119},"16":{"loc":{"start":{"line":125,"column":40},"end":{"line":125,"column":51}},"type":"default-arg","locations":[{"start":{"line":125,"column":47},"end":{"line":125,"column":51}}],"line":125},"17":{"loc":{"start":{"line":126,"column":2},"end":{"line":126,"column":55}},"type":"if","locations":[{"start":{"line":126,"column":2},"end":{"line":126,"column":55}},{"start":{},"end":{}}],"line":126},"18":{"loc":{"start":{"line":126,"column":6},"end":{"line":126,"column":41}},"type":"binary-expr","locations":[{"start":{"line":126,"column":6},"end":{"line":126,"column":19}},{"start":{"line":126,"column":23},"end":{"line":126,"column":41}}],"line":126},"19":{"loc":{"start":{"line":136,"column":38},"end":{"line":136,"column":56}},"type":"default-arg","locations":[{"start":{"line":136,"column":55},"end":{"line":136,"column":56}}],"line":136},"20":{"loc":{"start":{"line":137,"column":2},"end":{"line":137,"column":28}},"type":"if","locations":[{"start":{"line":137,"column":2},"end":{"line":137,"column":28}},{"start":{},"end":{}}],"line":137},"21":{"loc":{"start":{"line":140,"column":2},"end":{"line":151,"column":3}},"type":"if","locations":[{"start":{"line":140,"column":2},"end":{"line":151,"column":3}},{"start":{"line":142,"column":9},"end":{"line":151,"column":3}}],"line":140},"22":{"loc":{"start":{"line":142,"column":9},"end":{"line":151,"column":3}},"type":"if","locations":[{"start":{"line":142,"column":9},"end":{"line":151,"column":3}},{"start":{"line":149,"column":9},"end":{"line":151,"column":3}}],"line":142},"23":{"loc":{"start":{"line":144,"column":4},"end":{"line":148,"column":5}},"type":"if","locations":[{"start":{"line":144,"column":4},"end":{"line":148,"column":5}},{"start":{"line":146,"column":11},"end":{"line":148,"column":5}}],"line":144},"24":{"loc":{"start":{"line":166,"column":15},"end":{"line":166,"column":40}},"type":"cond-expr","locations":[{"start":{"line":166,"column":29},"end":{"line":166,"column":33}},{"start":{"line":166,"column":36},"end":{"line":166,"column":40}}],"line":166},"25":{"loc":{"start":{"line":167,"column":23},"end":{"line":167,"column":39}},"type":"binary-expr","locations":[{"start":{"line":167,"column":23},"end":{"line":167,"column":33}},{"start":{"line":167,"column":37},"end":{"line":167,"column":39}}],"line":167},"26":{"loc":{"start":{"line":176,"column":2},"end":{"line":176,"column":28}},"type":"if","locations":[{"start":{"line":176,"column":2},"end":{"line":176,"column":28}},{"start":{},"end":{}}],"line":176},"27":{"loc":{"start":{"line":183,"column":15},"end":{"line":183,"column":40}},"type":"cond-expr","locations":[{"start":{"line":183,"column":29},"end":{"line":183,"column":33}},{"start":{"line":183,"column":36},"end":{"line":183,"column":40}}],"line":183},"28":{"loc":{"start":{"line":184,"column":23},"end":{"line":184,"column":39}},"type":"binary-expr","locations":[{"start":{"line":184,"column":23},"end":{"line":184,"column":33}},{"start":{"line":184,"column":37},"end":{"line":184,"column":39}}],"line":184},"29":{"loc":{"start":{"line":195,"column":44},"end":{"line":195,"column":58}},"type":"default-arg","locations":[{"start":{"line":195,"column":51},"end":{"line":195,"column":58}}],"line":195},"30":{"loc":{"start":{"line":202,"column":20},"end":{"line":202,"column":50}},"type":"binary-expr","locations":[{"start":{"line":202,"column":20},"end":{"line":202,"column":33}},{"start":{"line":202,"column":37},"end":{"line":202,"column":50}}],"line":202},"31":{"loc":{"start":{"line":212,"column":22},"end":{"line":212,"column":37}},"type":"binary-expr","locations":[{"start":{"line":212,"column":22},"end":{"line":212,"column":31}},{"start":{"line":212,"column":35},"end":{"line":212,"column":37}}],"line":212},"32":{"loc":{"start":{"line":233,"column":2},"end":{"line":235,"column":3}},"type":"if","locations":[{"start":{"line":233,"column":2},"end":{"line":235,"column":3}},{"start":{},"end":{}}],"line":233},"33":{"loc":{"start":{"line":239,"column":4},"end":{"line":241,"column":5}},"type":"if","locations":[{"start":{"line":239,"column":4},"end":{"line":241,"column":5}},{"start":{},"end":{}}],"line":239},"34":{"loc":{"start":{"line":239,"column":8},"end":{"line":239,"column":60}},"type":"binary-expr","locations":[{"start":{"line":239,"column":8},"end":{"line":239,"column":32}},{"start":{"line":239,"column":36},"end":{"line":239,"column":60}}],"line":239},"35":{"loc":{"start":{"line":283,"column":9},"end":{"line":283,"column":34}},"type":"binary-expr","locations":[{"start":{"line":283,"column":9},"end":{"line":283,"column":20}},{"start":{"line":283,"column":24},"end":{"line":283,"column":34}}],"line":283}},"s":{"0":9,"1":9,"2":9,"3":9,"4":9,"5":9,"6":4,"7":5,"8":1,"9":4,"10":1,"11":3,"12":1,"13":2,"14":0,"15":2,"16":1,"17":1,"18":9,"19":9,"20":9,"21":9,"22":9,"23":9,"24":9,"25":9,"26":9,"27":9,"28":8,"29":2,"30":6,"31":6,"32":2,"33":4,"34":1,"35":3,"36":0,"37":0,"38":0,"39":3,"40":4,"41":4,"42":4,"43":4,"44":4,"45":4,"46":4,"47":4,"48":4,"49":6,"50":2,"51":4,"52":4,"53":4,"54":4,"55":4,"56":4,"57":4,"58":4,"59":0,"60":0,"61":0,"62":0,"63":0,"64":0,"65":0,"66":0,"67":0,"68":0,"69":0,"70":0,"71":0,"72":0,"73":0,"74":0,"75":0,"76":0,"77":0,"78":0,"79":0,"80":0,"81":0},"f":{"0":9,"1":9,"2":9,"3":9,"4":8,"5":6,"6":6,"7":0,"8":0,"9":0,"10":0},"b":{"0":[0],"1":[9,0],"2":[9,0],"3":[4,5],"4":[9,8],"5":[1,4],"6":[5,4,4],"7":[1,3],"8":[4,3],"9":[1,2],"10":[3,2],"11":[0,2],"12":[2,2,2,2],"13":[1,1],"14":[2,1],"15":[9,0],"16":[7],"17":[2,6],"18":[8,7],"19":[6],"20":[2,4],"21":[1,3],"22":[0,3],"23":[0,0],"24":[3,1],"25":[4,0],"26":[2,4],"27":[4,0],"28":[4,0],"29":[0],"30":[0,0],"31":[0,0],"32":[0,0],"33":[0,0],"34":[0,0],"35":[0,0]},"_coverageSchema":"1a1c01bbd47fc00a2c39e90264f33305004495a9","hash":"a43dfb3d89a15386776acd4f0589d7c9504b4300"}
,"H:\\DEV\\Projects\\_FOXMIND\\Python_Web\\task16_weather\\_djwr\\frontend\\src\\js\\search.js": {"path":"H:\\DEV\\Projects\\_FOXMIND\\Python_Web\\task16_weather\\_djwr\\frontend\\src\\js\\search.js","statementMap":{"0":{"start":{"line":15,"column":23},"end":{"line":15,"column":26}},"1":{"start":{"line":16,"column":20},"end":{"line":16,"column":24}},"2":{"start":{"line":17,"column":24},"end":{"line":17,"column":29}},"3":{"start":{"line":18,"column":19},"end":{"line":18,"column":23}},"4":{"start":{"line":26,"column":2},"end":{"line":26,"column":23}},"5":{"start":{"line":26,"column":13},"end":{"line":26,"column":23}},"6":{"start":{"line":27,"column":14},"end":{"line":27,"column":43}},"7":{"start":{"line":28,"column":2},"end":{"line":28,"column":25}},"8":{"start":{"line":29,"column":2},"end":{"line":29,"column":23}},"9":{"start":{"line":38,"column":2},"end":{"line":40,"column":3}},"10":{"start":{"line":39,"column":4},"end":{"line":39,"column":32}},"11":{"start":{"line":42,"column":2},"end":{"line":45,"column":3}},"12":{"start":{"line":43,"column":4},"end":{"line":43,"column":24}},"13":{"start":{"line":44,"column":4},"end":{"line":44,"column":11}},"14":{"start":{"line":47,"column":2},"end":{"line":61,"column":21}},"15":{"start":{"line":48,"column":4},"end":{"line":60,"column":5}},"16":{"start":{"line":49,"column":23},"end":{"line":49,"column":97}},"17":{"start":{"line":50,"column":22},"end":{"line":50,"column":56}},"18":{"start":{"line":52,"column":6},"end":{"line":56,"column":7}},"19":{"start":{"line":53,"column":8},"end":{"line":53,"column":26}},"20":{"start":{"line":55,"column":8},"end":{"line":55,"column":38}},"21":{"start":{"line":58,"column":6},"end":{"line":58,"column":28}},"22":{"start":{"line":59,"column":6},"end":{"line":59,"column":26}},"23":{"start":{"line":69,"column":20},"end":{"line":69,"column":61}},"24":{"start":{"line":70,"column":2},"end":{"line":70,"column":25}},"25":{"start":{"line":70,"column":18},"end":{"line":70,"column":25}},"26":{"start":{"line":72,"column":2},"end":{"line":76,"column":3}},"27":{"start":{"line":73,"column":4},"end":{"line":73,"column":104}},"28":{"start":{"line":74,"column":4},"end":{"line":74,"column":41}},"29":{"start":{"line":75,"column":4},"end":{"line":75,"column":11}},"30":{"start":{"line":78,"column":2},"end":{"line":78,"column":27}},"31":{"start":{"line":80,"column":2},"end":{"line":96,"column":5}},"32":{"start":{"line":81,"column":17},"end":{"line":81,"column":46}},"33":{"start":{"line":82,"column":4},"end":{"line":82,"column":135}},"34":{"start":{"line":83,"column":4},"end":{"line":93,"column":6}},"35":{"start":{"line":94,"column":4},"end":{"line":94,"column":65}},"36":{"start":{"line":94,"column":41},"end":{"line":94,"column":63}},"37":{"start":{"line":95,"column":4},"end":{"line":95,"column":32}},"38":{"start":{"line":98,"column":2},"end":{"line":98,"column":39}},"39":{"start":{"line":105,"column":20},"end":{"line":105,"column":61}},"40":{"start":{"line":106,"column":2},"end":{"line":108,"column":3}},"41":{"start":{"line":107,"column":4},"end":{"line":107,"column":38}},"42":{"start":{"line":117,"column":2},"end":{"line":117,"column":22}},"43":{"start":{"line":120,"column":22},"end":{"line":120,"column":60}},"44":{"start":{"line":121,"column":2},"end":{"line":123,"column":3}},"45":{"start":{"line":122,"column":4},"end":{"line":122,"column":27}},"46":{"start":{"line":125,"column":2},"end":{"line":142,"column":3}},"47":{"start":{"line":126,"column":18},"end":{"line":126,"column":32}},"48":{"start":{"line":127,"column":4},"end":{"line":130,"column":5}},"49":{"start":{"line":128,"column":6},"end":{"line":128,"column":63}},"50":{"start":{"line":129,"column":6},"end":{"line":129,"column":13}},"51":{"start":{"line":132,"column":18},"end":{"line":132,"column":63}},"52":{"start":{"line":133,"column":4},"end":{"line":137,"column":5}},"53":{"start":{"line":134,"column":6},"end":{"line":134,"column":48}},"54":{"start":{"line":136,"column":6},"end":{"line":136,"column":37}},"55":{"start":{"line":139,"column":4},"end":{"line":141,"column":8}},"56":{"start":{"line":150,"column":2},"end":{"line":163,"column":3}},"57":{"start":{"line":151,"column":4},"end":{"line":151,"column":65}},"58":{"start":{"line":153,"column":23},"end":{"line":153,"column":62}},"59":{"start":{"line":154,"column":4},"end":{"line":154,"column":43}},"60":{"start":{"line":156,"column":4},"end":{"line":156,"column":84}},"61":{"start":{"line":158,"column":4},"end":{"line":160,"column":8}},"62":{"start":{"line":162,"column":4},"end":{"line":162,"column":69}},"63":{"start":{"line":170,"column":22},"end":{"line":170,"column":60}},"64":{"start":{"line":171,"column":2},"end":{"line":171,"column":27}},"65":{"start":{"line":171,"column":20},"end":{"line":171,"column":27}},"66":{"start":{"line":174,"column":2},"end":{"line":176,"column":3}},"67":{"start":{"line":175,"column":4},"end":{"line":175,"column":56}},"68":{"start":{"line":179,"column":2},"end":{"line":189,"column":3}},"69":{"start":{"line":180,"column":4},"end":{"line":187,"column":7}},"70":{"start":{"line":181,"column":20},"end":{"line":181,"column":41}},"71":{"start":{"line":182,"column":6},"end":{"line":186,"column":7}},"72":{"start":{"line":183,"column":8},"end":{"line":183,"column":28}},"73":{"start":{"line":185,"column":8},"end":{"line":185,"column":28}},"74":{"start":{"line":188,"column":4},"end":{"line":188,"column":64}},"75":{"start":{"line":192,"column":2},"end":{"line":197,"column":4}},"76":{"start":{"line":193,"column":29},"end":{"line":193,"column":70}},"77":{"start":{"line":194,"column":4},"end":{"line":196,"column":5}},"78":{"start":{"line":195,"column":6},"end":{"line":195,"column":26}},"79":{"start":{"line":199,"column":2},"end":{"line":199,"column":51}},"80":{"start":{"line":200,"column":2},"end":{"line":200,"column":27}},"81":{"start":{"line":207,"column":17},"end":{"line":211,"column":3}},"82":{"start":{"line":213,"column":23},"end":{"line":213,"column":52}},"83":{"start":{"line":214,"column":2},"end":{"line":214,"column":106}},"84":{"start":{"line":215,"column":2},"end":{"line":215,"column":37}},"85":{"start":{"line":217,"column":2},"end":{"line":217,"column":42}},"86":{"start":{"line":218,"column":2},"end":{"line":218,"column":48}},"87":{"start":{"line":218,"column":19},"end":{"line":218,"column":40}}},"fnMap":{"0":{"name":"escapeHtml","decl":{"start":{"line":25,"column":9},"end":{"line":25,"column":19}},"loc":{"start":{"line":25,"column":26},"end":{"line":30,"column":1}},"line":25},"1":{"name":"searchCities","decl":{"start":{"line":37,"column":16},"end":{"line":37,"column":28}},"loc":{"start":{"line":37,"column":46},"end":{"line":62,"column":1}},"line":37},"2":{"name":"(anonymous_2)","decl":{"start":{"line":47,"column":29},"end":{"line":47,"column":30}},"loc":{"start":{"line":47,"column":41},"end":{"line":61,"column":3}},"line":47},"3":{"name":"displaySearchResults","decl":{"start":{"line":68,"column":16},"end":{"line":68,"column":36}},"loc":{"start":{"line":68,"column":46},"end":{"line":99,"column":1}},"line":68},"4":{"name":"(anonymous_4)","decl":{"start":{"line":80,"column":18},"end":{"line":80,"column":19}},"loc":{"start":{"line":80,"column":28},"end":{"line":96,"column":3}},"line":80},"5":{"name":"(anonymous_5)","decl":{"start":{"line":94,"column":35},"end":{"line":94,"column":36}},"loc":{"start":{"line":94,"column":41},"end":{"line":94,"column":63}},"line":94},"6":{"name":"hideSearchResults","decl":{"start":{"line":104,"column":16},"end":{"line":104,"column":33}},"loc":{"start":{"line":104,"column":36},"end":{"line":109,"column":1}},"line":104},"7":{"name":"selectCity","decl":{"start":{"line":116,"column":16},"end":{"line":116,"column":26}},"loc":{"start":{"line":116,"column":58},"end":{"line":143,"column":1}},"line":116},"8":{"name":"createSubscriptionDirect","decl":{"start":{"line":149,"column":15},"end":{"line":149,"column":39}},"loc":{"start":{"line":149,"column":46},"end":{"line":164,"column":1}},"line":149},"9":{"name":"initSearch","decl":{"start":{"line":169,"column":16},"end":{"line":169,"column":26}},"loc":{"start":{"line":169,"column":29},"end":{"line":201,"column":1}},"line":169},"10":{"name":"(anonymous_10)","decl":{"start":{"line":180,"column":42},"end":{"line":180,"column":43}},"loc":{"start":{"line":180,"column":49},"end":{"line":187,"column":5}},"line":180},"11":{"name":"(anonymous_11)","decl":{"start":{"line":192,"column":17},"end":{"line":192,"column":18}},"loc":{"start":{"line":192,"column":24},"end":{"line":197,"column":3}},"line":192},"12":{"name":"showNotification","decl":{"start":{"line":206,"column":9},"end":{"line":206,"column":25}},"loc":{"start":{"line":206,"column":50},"end":{"line":219,"column":1}},"line":206},"13":{"name":"(anonymous_13)","decl":{"start":{"line":218,"column":13},"end":{"line":218,"column":14}},"loc":{"start":{"line":218,"column":19},"end":{"line":218,"column":40}},"line":218}},"branchMap":{"0":{"loc":{"start":{"line":26,"column":2},"end":{"line":26,"column":23}},"type":"if","locations":[{"start":{"line":26,"column":2},"end":{"line":26,"column":23}},{"start":{},"end":{}}],"line":26},"1":{"loc":{"start":{"line":38,"column":2},"end":{"line":40,"column":3}},"type":"if","locations":[{"start":{"line":38,"column":2},"end":{"line":40,"column":3}},{"start":{},"end":{}}],"line":38},"2":{"loc":{"start":{"line":42,"column":2},"end":{"line":45,"column":3}},"type":"if","locations":[{"start":{"line":42,"column":2},"end":{"line":45,"column":3}},{"start":{},"end":{}}],"line":42},"3":{"loc":{"start":{"line":42,"column":6},"end":{"line":42,"column":32}},"type":"binary-expr","locations":[{"start":{"line":42,"column":6},"end":{"line":42,"column":12}},{"start":{"line":42,"column":16},"end":{"line":42,"column":32}}],"line":42},"4":{"loc":{"start":{"line":50,"column":22},"end":{"line":50,"column":56}},"type":"binary-expr","locations":[{"start":{"line":50,"column":22},"end":{"line":50,"column":38}},{"start":{"line":50,"column":42},"end":{"line":50,"column":50}},{"start":{"line":50,"column":54},"end":{"line":50,"column":56}}],"line":50},"5":{"loc":{"start":{"line":52,"column":6},"end":{"line":56,"column":7}},"type":"if","locations":[{"start":{"line":52,"column":6},"end":{"line":56,"column":7}},{"start":{"line":54,"column":13},"end":{"line":56,"column":7}}],"line":52},"6":{"loc":{"start":{"line":70,"column":2},"end":{"line":70,"column":25}},"type":"if","locations":[{"start":{"line":70,"column":2},"end":{"line":70,"column":25}},{"start":{},"end":{}}],"line":70},"7":{"loc":{"start":{"line":72,"column":2},"end":{"line":76,"column":3}},"type":"if","locations":[{"start":{"line":72,"column":2},"end":{"line":76,"column":3}},{"start":{},"end":{}}],"line":72},"8":{"loc":{"start":{"line":72,"column":6},"end":{"line":72,"column":38}},"type":"binary-expr","locations":[{"start":{"line":72,"column":6},"end":{"line":72,"column":14}},{"start":{"line":72,"column":18},"end":{"line":72,"column":38}}],"line":72},"9":{"loc":{"start":{"line":106,"column":2},"end":{"line":108,"column":3}},"type":"if","locations":[{"start":{"line":106,"column":2},"end":{"line":108,"column":3}},{"start":{},"end":{}}],"line":106},"10":{"loc":{"start":{"line":116,"column":33},"end":{"line":116,"column":56}},"type":"default-arg","locations":[{"start":{"line":116,"column":51},"end":{"line":116,"column":56}}],"line":116},"11":{"loc":{"start":{"line":121,"column":2},"end":{"line":123,"column":3}},"type":"if","locations":[{"start":{"line":121,"column":2},"end":{"line":123,"column":3}},{"start":{},"end":{}}],"line":121},"12":{"loc":{"start":{"line":125,"column":2},"end":{"line":142,"column":3}},"type":"if","locations":[{"start":{"line":125,"column":2},"end":{"line":142,"column":3}},{"start":{"line":138,"column":9},"end":{"line":142,"column":3}}],"line":125},"13":{"loc":{"start":{"line":127,"column":4},"end":{"line":130,"column":5}},"type":"if","locations":[{"start":{"line":127,"column":4},"end":{"line":130,"column":5}},{"start":{},"end":{}}],"line":127},"14":{"loc":{"start":{"line":133,"column":4},"end":{"line":137,"column":5}},"type":"if","locations":[{"start":{"line":133,"column":4},"end":{"line":137,"column":5}},{"start":{"line":135,"column":11},"end":{"line":137,"column":5}}],"line":133},"15":{"loc":{"start":{"line":162,"column":21},"end":{"line":162,"column":58}},"type":"binary-expr","locations":[{"start":{"line":162,"column":21},"end":{"line":162,"column":34}},{"start":{"line":162,"column":38},"end":{"line":162,"column":58}}],"line":162},"16":{"loc":{"start":{"line":171,"column":2},"end":{"line":171,"column":27}},"type":"if","locations":[{"start":{"line":171,"column":2},"end":{"line":171,"column":27}},{"start":{},"end":{}}],"line":171},"17":{"loc":{"start":{"line":174,"column":2},"end":{"line":176,"column":3}},"type":"if","locations":[{"start":{"line":174,"column":2},"end":{"line":176,"column":3}},{"start":{},"end":{}}],"line":174},"18":{"loc":{"start":{"line":174,"column":6},"end":{"line":174,"column":39}},"type":"binary-expr","locations":[{"start":{"line":174,"column":6},"end":{"line":174,"column":23}},{"start":{"line":174,"column":27},"end":{"line":174,"column":39}}],"line":174},"19":{"loc":{"start":{"line":179,"column":2},"end":{"line":189,"column":3}},"type":"if","locations":[{"start":{"line":179,"column":2},"end":{"line":189,"column":3}},{"start":{},"end":{}}],"line":179},"20":{"loc":{"start":{"line":182,"column":6},"end":{"line":186,"column":7}},"type":"if","locations":[{"start":{"line":182,"column":6},"end":{"line":186,"column":7}},{"start":{"line":184,"column":13},"end":{"line":186,"column":7}}],"line":182},"21":{"loc":{"start":{"line":194,"column":4},"end":{"line":196,"column":5}},"type":"if","locations":[{"start":{"line":194,"column":4},"end":{"line":196,"column":5}},{"start":{},"end":{}}],"line":194},"22":{"loc":{"start":{"line":194,"column":8},"end":{"line":194,"column":92}},"type":"binary-expr","locations":[{"start":{"line":194,"column":8},"end":{"line":194,"column":24}},{"start":{"line":194,"column":28},"end":{"line":194,"column":64}},{"start":{"line":194,"column":68},"end":{"line":194,"column":92}}],"line":194},"23":{"loc":{"start":{"line":206,"column":35},"end":{"line":206,"column":48}},"type":"default-arg","locations":[{"start":{"line":206,"column":42},"end":{"line":206,"column":48}}],"line":206}},"s":{"0":1,"1":1,"2":1,"3":1,"4":6,"5":1,"6":5,"7":5,"8":5,"9":6,"10":5,"11":6,"12":1,"13":1,"14":5,"15":4,"16":4,"17":3,"18":3,"19":2,"20":1,"21":1,"22":1,"23":4,"24":4,"25":0,"26":4,"27":2,"28":2,"29":2,"30":2,"31":2,"32":3,"33":3,"34":3,"35":3,"36":0,"37":3,"38":2,"39":7,"40":7,"41":7,"42":4,"43":4,"44":4,"45":4,"46":4,"47":3,"48":3,"49":1,"50":1,"51":2,"52":2,"53":1,"54":1,"55":1,"56":1,"57":1,"58":1,"59":1,"60":1,"61":1,"62":0,"63":4,"64":4,"65":1,"66":3,"67":2,"68":3,"69":2,"70":0,"71":0,"72":0,"73":0,"74":2,"75":3,"76":0,"77":0,"78":0,"79":3,"80":3,"81":2,"82":2,"83":2,"84":2,"85":2,"86":2,"87":0},"f":{"0":6,"1":6,"2":4,"3":4,"4":3,"5":0,"6":7,"7":4,"8":1,"9":4,"10":0,"11":0,"12":2,"13":0},"b":{"0":[1,5],"1":[5,1],"2":[1,5],"3":[6,6],"4":[3,2,0],"5":[2,1],"6":[0,4],"7":[2,2],"8":[4,3],"9":[7,0],"10":[0],"11":[4,0],"12":[3,1],"13":[1,2],"14":[1,1],"15":[0,0],"16":[1,3],"17":[2,1],"18":[3,2],"19":[2,1],"20":[0,0],"21":[0,0],"22":[0,0,0],"23":[0]},"_coverageSchema":"1a1c01bbd47fc00a2c39e90264f33305004495a9","hash":"c16dcc15fe99f97c5ac01f292514ec6e048257ed"}
[...]
"start":{"line":525,"column":2},"end":{"line":529,"column":3}},"type":"if","locations":[{"start":{"line":525,"column":2},"end":{"line":529,"column":3}},{"start":{},"end":{}}],"line":525},"59":{"loc":{"start":{"line":544,"column":4},"end":{"line":544,"column":24}},"type":"if","locations":[{"start":{"line":544,"column":4},"end":{"line":544,"column":24}},{"start":{},"end":{}}],"line":544},"60":{"loc":{"start":{"line":558,"column":4},"end":{"line":561,"column":5}},"type":"if","locations":[{"start":{"line":558,"column":4},"end":{"line":561,"column":5}},{"start":{},"end":{}}],"line":558},"61":{"loc":{"start":{"line":565,"column":4},"end":{"line":574,"column":5}},"type":"if","locations":[{"start":{"line":565,"column":4},"end":{"line":574,"column":5}},{"start":{},"end":{}}],"line":565},"62":{"loc":{"start":{"line":565,"column":8},"end":{"line":565,"column":34}},"type":"binary-expr","locations":[{"start":{"line":565,"column":8},"end":{"line":565,"column":14}},{"start":{"line":565,"column":18},"end":{"line":565,"column":34}}],"line":565},"63":{"loc":{"start":{"line":578,"column":4},"end":{"line":582,"column":5}},"type":"if","locations":[{"start":{"line":578,"column":4},"end":{"line":582,"column":5}},{"start":{},"end":{}}],"line":578},"64":{"loc":{"start":{"line":578,"column":8},"end":{"line":578,"column":41}},"type":"binary-expr","locations":[{"start":{"line":578,"column":8},"end":{"line":578,"column":14}},{"start":{"line":578,"column":18},"end":{"line":578,"column":41}}],"line":578},"65":{"loc":{"start":{"line":586,"column":4},"end":{"line":601,"column":5}},"type":"if","locations":[{"start":{"line":586,"column":4},"end":{"line":601,"column":5}},{"start":{},"end":{}}],"line":586},"66":{"loc":{"start":{"line":587,"column":6},"end":{"line":600,"column":7}},"type":"if","locations":[{"start":{"line":587,"column":6},"end":{"line":600,"column":7}},{"start":{"line":598,"column":13},"end":{"line":600,"column":7}}],"line":587},"67":{"loc":{"start":{"line":588,"column":8},"end":{"line":591,"column":35}},"type":"binary-expr","locations":[{"start":{"line":588,"column":8},"end":{"line":588,"column":30}},{"start":{"line":589,"column":8},"end":{"line":589,"column":35}},{"start":{"line":590,"column":8},"end":{"line":590,"column":30}},{"start":{"line":591,"column":8},"end":{"line":591,"column":35}}],"line":588},"68":{"loc":{"start":{"line":622,"column":44},"end":{"line":622,"column":62}},"type":"default-arg","locations":[{"start":{"line":622,"column":61},"end":{"line":622,"column":62}}],"line":622},"69":{"loc":{"start":{"line":623,"column":2},"end":{"line":729,"column":3}},"type":"switch","locations":[{"start":{"line":624,"column":4},"end":{"line":624,"column":17}},{"start":{"line":625,"column":4},"end":{"line":646,"column":9}},{"start":{"line":648,"column":4},"end":{"line":684,"column":11}},{"start":{"line":686,"column":4},"end":{"line":722,"column":11}},{"start":{"line":724,"column":4},"end":{"line":725,"column":31}},{"start":{"line":727,"column":4},"end":{"line":728,"column":31}}],"line":623},"70":{"loc":{"start":{"line":628,"column":6},"end":{"line":631,"column":7}},"type":"if","locations":[{"start":{"line":628,"column":6},"end":{"line":631,"column":7}},{"start":{},"end":{}}],"line":628},"71":{"loc":{"start":{"line":628,"column":10},"end":{"line":628,"column":36}},"type":"binary-expr","locations":[{"start":{"line":628,"column":10},"end":{"line":628,"column":15}},{"start":{"line":628,"column":19},"end":{"line":628,"column":36}}],"line":628},"72":{"loc":{"start":{"line":634,"column":10},"end":{"line":638,"column":15}},"type":"cond-expr","locations":[{"start":{"line":635,"column":14},"end":{"line":635,"column":18}},{"start":{"line":636,"column":14},"end":{"line":638,"column":15}}],"line":634},"73":{"loc":{"start":{"line":636,"column":14},"end":{"line":638,"column":15}},"type":"cond-expr","locations":[{"start":{"line":637,"column":14},"end":{"line":637,"column":45}},{"start":{"line":638,"column":14},"end":{"line":638,"column":15}}],"line":636},"74":{"loc":{"start":{"line":640,"column":10},"end":{"line":644,"column":15}},"type":"cond-expr","locations":[{"start":{"line":641,"column":14},"end":{"line":641,"column":18}},{"start":{"line":642,"column":14},"end":{"line":644,"column":15}}],"line":640},"75":{"loc":{"start":{"line":642,"column":14},"end":{"line":644,"column":15}},"type":"cond-expr","locations":[{"start":{"line":643,"column":14},"end":{"line":643,"column":45}},{"start":{"line":644,"column":14},"end":{"line":644,"column":15}}],"line":642},"76":{"loc":{"start":{"line":653,"column":10},"end":{"line":667,"column":11}},"type":"if","locations":[{"start":{"line":653,"column":10},"end":{"line":667,"column":11}},{"start":{},"end":{}}],"line":653},"77":{"loc":{"start":{"line":672,"column":12},"end":{"line":676,"column":17}},"type":"cond-expr","locations":[{"start":{"line":673,"column":16},"end":{"line":673,"column":20}},{"start":{"line":674,"column":16},"end":{"line":676,"column":17}}],"line":672},"78":{"loc":{"start":{"line":674,"column":16},"end":{"line":676,"column":17}},"type":"cond-expr","locations":[{"start":{"line":675,"column":16},"end":{"line":675,"column":47}},{"start":{"line":676,"column":16},"end":{"line":676,"column":17}}],"line":674},"79":{"loc":{"start":{"line":678,"column":12},"end":{"line":682,"column":17}},"type":"cond-expr","locations":[{"start":{"line":679,"column":16},"end":{"line":679,"column":20}},{"start":{"line":680,"column":16},"end":{"line":682,"column":17}}],"line":678},"80":{"loc":{"start":{"line":680,"column":16},"end":{"line":682,"column":17}},"type":"cond-expr","locations":[{"start":{"line":681,"column":16},"end":{"line":681,"column":47}},{"start":{"line":682,"column":16},"end":{"line":682,"column":17}}],"line":680},"81":{"loc":{"start":{"line":691,"column":10},"end":{"line":705,"column":11}},"type":"if","locations":[{"start":{"line":691,"column":10},"end":{"line":705,"column":11}},{"start":{},"end":{}}],"line":691},"82":{"loc":{"start":{"line":710,"column":12},"end":{"line":714,"column":17}},"type":"cond-expr","locations":[{"start":{"line":711,"column":16},"end":{"line":711,"column":20}},{"start":{"line":712,"column":16},"end":{"line":714,"column":17}}],"line":710},"83":{"loc":{"start":{"line":712,"column":16},"end":{"line":714,"column":17}},"type":"cond-expr","locations":[{"start":{"line":713,"column":16},"end":{"line":713,"column":47}},{"start":{"line":714,"column":16},"end":{"line":714,"column":17}}],"line":712},"84":{"loc":{"start":{"line":716,"column":12},"end":{"line":720,"column":17}},"type":"cond-expr","locations":[{"start":{"line":717,"column":16},"end":{"line":717,"column":20}},{"start":{"line":718,"column":16},"end":{"line":720,"column":17}}],"line":716},"85":{"loc":{"start":{"line":718,"column":16},"end":{"line":720,"column":17}},"type":"cond-expr","locations":[{"start":{"line":719,"column":16},"end":{"line":719,"column":47}},{"start":{"line":720,"column":16},"end":{"line":720,"column":17}}],"line":718},"86":{"loc":{"start":{"line":748,"column":4},"end":{"line":748,"column":32}},"type":"if","locations":[{"start":{"line":748,"column":4},"end":{"line":748,"column":32}},{"start":{},"end":{}}],"line":748},"87":{"loc":{"start":{"line":776,"column":6},"end":{"line":776,"column":34}},"type":"if","locations":[{"start":{"line":776,"column":6},"end":{"line":776,"column":34}},{"start":{},"end":{}}],"line":776},"88":{"loc":{"start":{"line":787,"column":6},"end":{"line":792,"column":22}},"type":"binary-expr","locations":[{"start":{"line":787,"column":6},"end":{"line":792,"column":8}},{"start":{"line":792,"column":12},"end":{"line":792,"column":22}}],"line":787},"89":{"loc":{"start":{"line":790,"column":10},"end":{"line":790,"column":76}},"type":"binary-expr","locations":[{"start":{"line":790,"column":10},"end":{"line":790,"column":18}},{"start":{"line":790,"column":22},"end":{"line":790,"column":47}},{"start":{"line":790,"column":51},"end":{"line":790,"column":76}}],"line":790},"90":{"loc":{"start":{"line":794,"column":4},"end":{"line":799,"column":5}},"type":"if","locations":[{"start":{"line":794,"column":4},"end":{"line":799,"column":5}},{"start":{},"end":{}}],"line":794},"91":{"loc":{"start":{"line":811,"column":39},"end":{"line":811,"column":57}},"type":"default-arg","locations":[{"start":{"line":811,"column":56},"end":{"line":811,"column":57}}],"line":811},"92":{"loc":{"start":{"line":818,"column":4},"end":{"line":818,"column":26}},"type":"if","locations":[{"start":{"line":818,"column":4},"end":{"line":818,"column":26}},{"start":{},"end":{}}],"line":818},"93":{"loc":{"start":{"line":830,"column":4},"end":{"line":835,"column":5}},"type":"if","locations":[{"start":{"line":830,"column":4},"end":{"line":835,"column":5}},{"start":{},"end":{}}],"line":830},"94":{"loc":{"start":{"line":830,"column":8},"end":{"line":830,"column":63}},"type":"binary-expr","locations":[{"start":{"line":830,"column":8},"end":{"line":830,"column":21}},{"start":{"line":830,"column":25},"end":{"line":830,"column":40}},{"start":{"line":830,"column":44},"end":{"line":830,"column":63}}],"line":830},"95":{"loc":{"start":{"line":849,"column":2},"end":{"line":849,"column":28}},"type":"if","locations":[{"start":{"line":849,"column":2},"end":{"line":849,"column":28}},{"start":{},"end":{}}],"line":849},"96":{"loc":{"start":{"line":851,"column":2},"end":{"line":853,"column":3}},"type":"if","locations":[{"start":{"line":851,"column":2},"end":{"line":853,"column":3}},{"start":{},"end":{}}],"line":851},"97":{"loc":{"start":{"line":854,"column":2},"end":{"line":856,"column":3}},"type":"if","locations":[{"start":{"line":854,"column":2},"end":{"line":856,"column":3}},{"start":{},"end":{}}],"line":854},"98":{"loc":{"start":{"line":867,"column":39},"end":{"line":867,"column":57}},"type":"default-arg","locations":[{"start":{"line":867,"column":56},"end":{"line":867,"column":57}}],"line":867},"99":{"loc":{"start":{"line":868,"column":15},"end":{"line":868,"column":53}},"type":"binary-expr","locations":[{"start":{"line":868,"column":15},"end":{"line":868,"column":32}},{"start":{"line":868,"column":36},"end":{"line":868,"column":53}}],"line":868},"100":{"loc":{"start":{"line":869,"column":2},"end":{"line":869,"column":25}},"type":"if","locations":[{"start":{"line":869,"column":2},"end":{"line":869,"column":25}},{"start":{},"end":{}}],"line":869},"101":{"loc":{"start":{"line":871,"column":2},"end":{"line":890,"column":3}},"type":"if","locations":[{"start":{"line":871,"column":2},"end":{"line":890,"column":3}},{"start":{},"end":{}}],"line":871},"102":{"loc":{"start":{"line":894,"column":4},"end":{"line":894,"column":68}},"type":"binary-expr","locations":[{"start":{"line":894,"column":4},"end":{"line":894,"column":11}},{"start":{"line":894,"column":16},"end":{"line":894,"column":67}}],"line":894},"103":{"loc":{"start":{"line":894,"column":16},"end":{"line":894,"column":67}},"type":"cond-expr","locations":[{"start":{"line":894,"column":39},"end":{"line":894,"column":60}},{"start":{"line":894,"column":63},"end":{"line":894,"column":67}}],"line":894},"104":{"loc":{"start":{"line":904,"column":2},"end":{"line":920,"column":3}},"type":"if","locations":[{"start":{"line":904,"column":2},"end":{"line":920,"column":3}},{"start":{"line":912,"column":9},"end":{"line":920,"column":3}}],"line":904},"105":{"loc":{"start":{"line":912,"column":9},"end":{"line":920,"column":3}},"type":"if","locations":[{"start":{"line":912,"column":9},"end":{"line":920,"column":3}},{"start":{},"end":{}}],"line":912},"106":{"loc":{"start":{"line":936,"column":2},"end":{"line":936,"column":20}},"type":"if","locations":[{"start":{"line":936,"column":2},"end":{"line":936,"column":20}},{"start":{},"end":{}}],"line":936},"107":{"loc":{"start":{"line":938,"column":14},"end":{"line":938,"column":71}},"type":"cond-expr","locations":[{"start":{"line":938,"column":39},"end":{"line":938,"column":43}},{"start":{"line":938,"column":46},"end":{"line":938,"column":71}}],"line":938},"108":{"loc":{"start":{"line":939,"column":2},"end":{"line":944,"column":3}},"type":"if","locations":[{"start":{"line":939,"column":2},"end":{"line":944,"column":3}},{"start":{},"end":{}}],"line":939},"109":{"loc":{"start":{"line":940,"column":25},"end":{"line":940,"column":56}},"type":"binary-expr","locations":[{"start":{"line":940,"column":25},"end":{"line":940,"column":50}},{"start":{"line":940,"column":54},"end":{"line":940,"column":56}}],"line":940},"110":{"loc":{"start":{"line":962,"column":4},"end":{"line":962,"column":24}},"type":"default-arg","locations":[{"start":{"line":962,"column":16},"end":{"line":962,"column":24}}],"line":962},"111":{"loc":{"start":{"line":968,"column":4},"end":{"line":987,"column":5}},"type":"if","locations":[{"start":{"line":968,"column":4},"end":{"line":987,"column":5}},{"start":{},"end":{}}],"line":968},"112":{"loc":{"start":{"line":968,"column":8},"end":{"line":968,"column":22}},"type":"binary-expr","locations":[{"start":{"line":968,"column":8},"end":{"line":968,"column":11}},{"start":{"line":968,"column":15},"end":{"line":968,"column":22}}],"line":968},"113":{"loc":{"start":{"line":969,"column":6},"end":{"line":986,"column":7}},"type":"if","locations":[{"start":{"line":969,"column":6},"end":{"line":986,"column":7}},{"start":{"line":984,"column":13},"end":{"line":986,"column":7}}],"line":969},"114":{"loc":{"start":{"line":969,"column":10},"end":{"line":969,"column":47}},"type":"binary-expr","locations":[{"start":{"line":969,"column":10},"end":{"line":969,"column":24}},{"start":{"line":969,"column":28},"end":{"line":969,"column":47}}],"line":969},"115":{"loc":{"start":{"line":979,"column":8},"end":{"line":983,"column":9}},"type":"if","locations":[{"start":{"line":979,"column":8},"end":{"line":983,"column":9}},{"start":{},"end":{}}],"line":979},"116":{"loc":{"start":{"line":1069,"column":6},"end":{"line":1071,"column":7}},"type":"if","locations":[{"start":{"line":1069,"column":6},"end":{"line":1071,"column":7}},{"start":{},"end":{}}],"line":1069},"117":{"loc":{"start":{"line":1114,"column":6},"end":{"line":1116,"column":7}},"type":"if","locations":[{"start":{"line":1114,"column":6},"end":{"line":1116,"column":7}},{"start":{},"end":{}}],"line":1114},"118":{"loc":{"start":{"line":1114,"column":10},"end":{"line":1114,"column":42}},"type":"binary-expr","locations":[{"start":{"line":1114,"column":10},"end":{"line":1114,"column":31}},{"start":{"line":1114,"column":35},"end":{"line":1114,"column":42}}],"line":1114},"119":{"loc":{"start":{"line":1129,"column":6},"end":{"line":1131,"column":7}},"type":"if","locations":[{"start":{"line":1129,"column":6},"end":{"line":1131,"column":7}},{"start":{},"end":{}}],"line":1129},"120":{"loc":{"start":{"line":1129,"column":10},"end":{"line":1129,"column":42}},"type":"binary-expr","locations":[{"start":{"line":1129,"column":10},"end":{"line":1129,"column":31}},{"start":{"line":1129,"column":35},"end":{"line":1129,"column":42}}],"line":1129},"121":{"loc":{"start":{"line":1141,"column":34},"end":{"line":1141,"column":47}},"type":"default-arg","locations":[{"start":{"line":1141,"column":43},"end":{"line":1141,"column":47}}],"line":1141},"122":{"loc":{"start":{"line":1142,"column":2},"end":{"line":1148,"column":3}},"type":"if","locations":[{"start":{"line":1142,"column":2},"end":{"line":1148,"column":3}},{"start":{"line":1146,"column":9},"end":{"line":1148,"column":3}}],"line":1142}},"s":{"0":1,"1":1,"2":9,"3":1,"4":1,"5":9,"6":9,"7":8,"8":8,"9":1,"10":8,"11":8,"12":7,"13":7,"14":7,"15":1,"16":1,"17":1,"18":1,"19":1,"20":11,"21":5,"22":5,"23":6,"24":6,"25":6,"26":6,"27":3,"28":3,"29":1,"30":2,"31":2,"32":0,"33":2,"34":2,"35":1,"36":1,"37":1,"38":1,"39":1,"40":1,"41":1,"42":1,"43":1,"44":1,"45":1,"46":1,"47":1,"48":1,"49":1,"50":1,"51":1,"52":1,"53":1,"54":1,"55":1,"56":1,"57":1,"58":1,"59":1,"60":1,"61":1,"62":0,"63":0,"64":0,"65":0,"66":0,"67":1,"68":1,"69":1,"70":1,"71":1,"72":1,"73":1,"74":1,"75":1,"76":1,"77":0,"78":1,"79":0,"80":0,"81":0,"82":0,"83":0,"84":0,"85":0,"86":6,"87":6,"88":6,"89":1,"90":0,"91":11,"92":11,"93":11,"94":11,"95":11,"96":3,"97":3,"98":3,"99":3,"100":3,"101":3,"102":3,"103":3,"104":8,"105":1,"106":1,"107":1,"108":1,"109":1,"110":0,"111":1,"112":1,"113":1,"114":0,"115":0,"116":0,"117":1,"118":0,"119":0,"120":0,"121":1,"122":0,"123":1,"124":0,"125":1,"126":0,"127":1,"128":0,"129":0,"130":0,"131":1,"132":0,"133":0,"134":0,"135":4,"136":4,"137":1,"138":1,"139":3,"140":3,"141":1,"142":1,"143":2,"144":2,"145":2,"146":1,"147":1,"148":0,"149":0,"150":1,"151":1,"152":1,"153":1,"154":1,"155":1,"156":1,"157":0,"158":0,"159":0,"160":0,"161":0,"162":0,"163":0,"164":0,"165":0,"166":0,"167":0,"168":0,"169":0,"170":0,"171":0,"172":0,"173":0,"174":0,"175":0,"176":0,"177":0,"178":0,"179":0,"180":0,"181":0,"182":0,"183":0,"184":0,"185":0,"186":0,"187":0,"188":0,"189":0,"190":0,"191":0,"192":0,"193":0,"194":0,"195":0,"196":0,"197":0,"198":0,"199":0,"200":0,"201":0,"202":0,"203":0,"204":0,"205":0,"206":0,"207":0,"208":0,"209":0,"210":0,"211":0,"212":0,"213":0,"214":0,"215":0,"216":0,"217":0,"218":0,"219":0,"220":0,"221":0,"222":0,"223":0,"224":0,"225":0,"226":0,"227":0,"228":0,"229":0,"230":0,"231":0,"232":0,"233":0,"234":0,"235":0,"236":0,"237":0,"238":0,"239":0,"240":0,"241":0,"242":0,"243":0,"244":0,"245":0,"246":0,"247":0,"248":0,"249":0,"250":0,"251":0,"252":0,"253":0,"254":0,"255":0,"256":0,"257":0,"258":0,"259":0,"260":0,"261":0,"262":0,"263":0,"264":0,"265":0,"266":0,"267":0,"268":0,"269":0,"270":0,"271":0,"272":0,"273":0,"274":0,"275":0,"276":0,"277":0,"278":0,"279":0,"280":0,"281":0,"282":0,"283":0,"284":0,"285":0,"286":0,"287":0,"288":0,"289":0,"290":0,"291":0,"292":0,"293":0,"294":0,"295":0,"296":0,"297":0,"298":0,"299":0,"300":0,"301":0,"302":0,"303":0,"304":0,"305":0,"306":0,"307":0,"308":0,"309":0,"310":0,"311":0,"312":0,"313":0,"314":0,"315":0,"316":0,"317":0,"318":0,"319":0,"320":0,"321":0,"322":0,"323":0,"324":0,"325":0,"326":0,"327":0,"328":0,"329":0,"330":0,"331":0,"332":0,"333":0,"334":0,"335":0,"336":0,"337":0,"338":0,"339":0,"340":0,"341":0,"342":0,"343":0,"344":0,"345":0,"346":0,"347":0,"348":0,"349":0,"350":0,"351":0,"352":0,"353":2,"354":1,"355":6,"356":1},"f":{"0":9,"1":1,"2":1,"3":1,"4":11,"5":6,"6":3,"7":1,"8":0,"9":0,"10":6,"11":1,"12":11,"13":0,"14":1,"15":1,"16":0,"17":1,"18":0,"19":0,"20":0,"21":0,"22":0,"23":0,"24":0,"25":4,"26":0,"27":0,"28":0,"29":0,"30":0,"31":0,"32":0,"33":0,"34":0,"35":0,"36":0,"37":0,"38":0,"39":0,"40":0,"41":0,"42":0,"43":0,"44":0,"45":0,"46":0,"47":0,"48":0,"49":0,"50":0,"51":0,"52":0,"53":0,"54":0,"55":0,"56":0,"57":0,"58":0,"59":0,"60":2,"61":6},"b":{"0":[2],"1":[8],"2":[1,8],"3":[8,1],"4":[1,7],"5":[7,5],"6":[5,6],"7":[5,1],"8":[2,4],"9":[3],"10":[1,2],"11":[0,2],"12":[1,1],"13":[1,0],"14":[1,1],"15":[1,0],"16":[1,1],"17":[1,1],"18":[0,1],"19":[1,1],"20":[1,0],"21":[1,0],"22":[1,1],"23":[1,0],"24":[1,1],"25":[0,1],"26":[1,1,1],"27":[0,0],"28":[0,0,0,0],"29":[1,0],"30":[1,1],"31":[0,1],"32":[0,0],"33":[0,0],"34":[0,0],"35":[6,0],"36":[6,0],"37":[0],"38":[11,0],"39":[11,11],"40":[3,8],"41":[11,11],"42":[3,0],"43":[0,0],"44":[0,0],"45":[0,0],"46":[0,0],"47":[0,0],"48":[4],"49":[4],"50":[1,3],"51":[1,2],"52":[1,1],"53":[0,1],"54":[1,0],"55":[0,0],"56":[1,0],"57":[1,1],"58":[0,0],"59":[0,0],"60":[0,0],"61":[0,0],"62":[0,0],"63":[0,0],"64":[0,0],"65":[0,0],"66":[0,0],"67":[0,0,0,0],"68":[0],"69":[0,0,0,0,0,0],"70":[0,0],"71":[0,0],"72":[0,0],"73":[0,0],"74":[0,0],"75":[0,0],"76":[0,0],"77":[0,0],"78":[0,0],"79":[0,0],"80":[0,0],"81":[0,0],"82":[0,0],"83":[0,0],"84":[0,0],"85":[0,0],"86":[0,0],"87":[0,0],"88":[0,0],"89":[0,0,0],"90":[0,0],"91":[0],"92":[0,0],"93":[0,0],"94":[0,0,0],"95":[0,0],"96":[0,0],"97":[0,0],"98":[0],"99":[0,0],"100":[0,0],"101":[0,0],"102":[0,0],"103":[0,0],"104":[0,0],"105":[0,0],"106":[0,0],"107":[0,0],"108":[0,0],"109":[0,0],"110":[0],"111":[0,0],"112":[0,0],"113":[0,0],"114":[0,0],"115":[0,0],"116":[0,0],"117":[0,0],"118":[0,0],"119":[0,0],"120":[0,0],"121":[1],"122":[1,1]},"_coverageSchema":"1a1c01bbd47fc00a2c39e90264f33305004495a9","hash":"48d1397af7c17fc3b4d38defc9780f69685a1fb5"}
}
