TN:
SF:frontend\src\js\api.js
FN:18,getAuthToken
FN:26,setAuthToken
FN:34,getRefreshToken
FN:42,setRefreshToken
FN:49,removeAuthToken
FN:59,isAuthenticated
FN:67,refreshAccessToken
FN:103,createApiError
FN:121,apiRequest
FN:197,apiGet
FN:207,apiPost
FN:220,apiPatch
FN:232,apiDelete
FN:241,handleApiError
FNF:14
FNH:14
FNDA:18,getAuthToken
FNDA:2,setAuthToken
FNDA:3,getRefreshToken
FNDA:1,setRefreshToken
FNDA:2,removeAuthToken
FNDA:2,isAuthenticated
FNDA:2,refreshAccessToken
FNDA:3,createApiError
FNDA:13,apiRequest
FNDA:1,apiGet
FNDA:1,apiPost
FNDA:1,apiPatch
FNDA:1,apiDelete
FNDA:3,handleApiError
DA:8,1
DA:11,1
DA:12,1
DA:19,18
DA:27,2
DA:35,3
DA:43,1
DA:50,2
DA:51,2
DA:52,2
DA:60,2
DA:68,2
DA:69,2
DA:70,0
DA:73,2
DA:74,2
DA:80,2
DA:81,1
DA:82,1
DA:83,1
DA:84,1
DA:85,0
DA:87,1
DA:91,0
DA:94,1
DA:104,3
DA:109,3
DA:110,3
DA:111,3
DA:112,3
DA:122,13
DA:123,13
DA:125,13
DA:130,13
DA:131,4
DA:134,13
DA:139,13
DA:141,13
DA:142,13
DA:145,12
DA:146,2
DA:148,2
DA:150,1
DA:151,1
DA:154,1
DA:155,1
DA:160,11
DA:161,11
DA:163,11
DA:164,9
DA:165,9
DA:167,0
DA:172,11
DA:173,2
DA:176,9
DA:179,4
DA:180,3
DA:184,1
DA:185,1
DA:186,1
DA:187,1
DA:188,1
DA:198,1
DA:208,1
DA:221,1
DA:233,1
DA:242,3
DA:244,3
LF:68
LH:64
BRDA:69,0,0,0
BRDA:69,0,1,2
BRDA:80,1,0,1
BRDA:80,1,1,1
BRDA:82,2,0,1
BRDA:82,2,1,0
BRDA:84,3,0,0
BRDA:84,3,1,1
BRDA:104,4,0,3
BRDA:104,4,1,0
BRDA:104,4,2,0
BRDA:104,4,3,0
BRDA:121,5,0,8
BRDA:123,6,0,13
BRDA:123,6,1,13
BRDA:130,7,0,4
BRDA:130,7,1,9
BRDA:145,8,0,2
BRDA:145,8,1,10
BRDA:145,9,0,12
BRDA:145,9,1,2
BRDA:148,10,0,1
BRDA:148,10,1,1
BRDA:163,11,0,9
BRDA:163,11,1,2
BRDA:172,12,0,2
BRDA:172,12,1,9
BRDA:173,13,0,2
BRDA:173,13,1,1
BRDA:179,14,0,3
BRDA:179,14,1,1
BRDA:185,15,0,1
BRDA:185,15,1,0
BRDA:245,16,0,3
BRDA:245,16,1,1
BRF:35
BRH:28
end_of_record
TN:
SF:frontend\src\js\auth.js
FN:26,login
FN:47,register
FN:66,logout
FN:85,getCurrentUser
FN:98,getUserProfile
FN:112,updateUserProfile
FN:125,isAuthenticated
FN:133,oauthLogin
FN:140,handleOAuthCallback
FNF:9
FNH:9
FNDA:3,login
FNDA:2,register
FNDA:3,logout
FNDA:2,getCurrentUser
FNDA:2,getUserProfile
FNDA:2,updateUserProfile
FNDA:2,isAuthenticated
FNDA:2,oauthLogin
FNDA:2,handleOAuthCallback
DA:27,3
DA:28,3
DA:30,2
DA:31,1
DA:32,1
DA:35,2
DA:37,1
DA:38,1
DA:48,2
DA:49,2
DA:51,1
DA:52,1
DA:53,1
DA:56,1
DA:58,1
DA:59,1
DA:67,3
DA:68,3
DA:69,3
DA:70,2
DA:75,3
DA:76,3
DA:77,3
DA:86,2
DA:87,2
DA:89,1
DA:90,1
DA:99,2
DA:100,2
DA:102,1
DA:103,1
DA:113,2
DA:114,2
DA:116,1
DA:117,1
DA:126,2
DA:134,2
DA:141,2
DA:142,2
DA:144,2
DA:145,1
DA:146,1
LF:42
LH:42
BRDA:30,0,0,1
BRDA:30,0,1,1
BRDA:51,1,0,1
BRDA:51,1,1,0
BRDA:69,2,0,2
BRDA:69,2,1,1
BRDA:144,3,0,1
BRDA:144,3,1,1
BRF:8
BRH:7
end_of_record
TN:
SF:frontend\src\js\cache.js
FN:7,(anonymous_0)
FN:18,(anonymous_1)
FN:26,(anonymous_2)
FN:35,(anonymous_3)
FN:57,(anonymous_4)
FN:72,(anonymous_5)
FN:80,(anonymous_6)
FN:87,(anonymous_7)
FN:94,(anonymous_8)
FN:107,(anonymous_9)
FN:132,(anonymous_10)
FNF:11
FNH:10
FNDA:1,(anonymous_0)
FNDA:16,(anonymous_1)
FNDA:1,(anonymous_2)
FNDA:29,(anonymous_3)
FNDA:28,(anonymous_4)
FNDA:4,(anonymous_5)
FNDA:2,(anonymous_6)
FNDA:24,(anonymous_7)
FNDA:2,(anonymous_8)
FNDA:2,(anonymous_9)
FNDA:0,(anonymous_10)
DA:8,1
DA:9,1
DA:19,16
DA:27,1
DA:36,29
DA:38,29
DA:39,6
DA:43,23
DA:44,4
DA:45,4
DA:48,19
DA:58,28
DA:60,28
DA:73,4
DA:81,2
DA:88,24
DA:95,2
DA:96,2
DA:97,4
DA:98,1
DA:108,2
DA:109,2
DA:110,2
DA:112,2
DA:113,3
DA:114,1
DA:116,2
DA:120,2
DA:129,1
DA:132,1
DA:133,0
LF:31
LH:30
BRDA:38,0,0,6
BRDA:38,0,1,23
BRDA:43,1,0,4
BRDA:43,1,1,19
BRDA:57,2,0,17
BRDA:58,3,0,28
BRDA:58,3,1,17
BRDA:97,4,0,1
BRDA:97,4,1,3
BRDA:113,5,0,1
BRDA:113,5,1,2
BRF:11
BRH:11
end_of_record
TN:
SF:frontend\src\js\config.js
FN:43,(anonymous_0)
FN:46,(anonymous_1)
FN:47,(anonymous_2)
FN:51,(anonymous_3)
FN:88,isValidPeriod
FN:97,getCacheTTL
FNF:6
FNH:5
FNDA:1,(anonymous_0)
FNDA:3,(anonymous_1)
FNDA:0,(anonymous_2)
FNDA:1,(anonymous_3)
FNDA:14,isValidPeriod
FNDA:6,getCacheTTL
DA:7,1
DA:18,1
DA:21,1
DA:32,1
DA:43,1
DA:46,3
DA:47,0
DA:51,1
DA:58,1
DA:69,1
DA:77,1
DA:89,14
DA:98,6
LF:13
LH:12
BRDA:46,0,0,1
BRDA:98,1,0,6
BRDA:98,1,1,3
BRF:3
BRH:3
end_of_record
TN:
SF:frontend\src\js\icons.js
FN:8,getWeatherIcon
FN:25,getIconData
FN:93,createIconSVG
FN:109,getIconPath
FN:125,formatTemperature
FN:133,formatTime
FN:148,formatDate
FNF:7
FNH:7
FNDA:9,getWeatherIcon
FNDA:9,getIconData
FNDA:9,createIconSVG
FNDA:9,getIconPath
FNDA:8,formatTemperature
FNDA:6,formatTime
FNDA:6,formatDate
DA:9,9
DA:15,9
DA:16,9
DA:18,9
DA:26,9
DA:29,9
DA:30,4
DA:38,5
DA:39,1
DA:47,4
DA:48,1
DA:56,3
DA:57,1
DA:65,2
DA:66,0
DA:74,2
DA:75,1
DA:83,1
DA:94,9
DA:95,9
DA:96,9
DA:97,9
DA:98,9
DA:100,9
DA:101,9
DA:103,9
DA:110,9
DA:119,9
DA:126,8
DA:127,6
DA:134,6
DA:136,4
DA:137,4
DA:138,4
DA:139,4
DA:140,4
DA:142,4
DA:149,6
DA:151,4
DA:152,4
DA:153,4
DA:154,4
DA:155,4
DA:156,4
DA:157,4
DA:159,4
LF:46
LH:45
BRDA:8,0,0,0
BRDA:15,1,0,9
BRDA:15,1,1,0
BRDA:26,2,0,9
BRDA:26,2,1,0
BRDA:29,3,0,4
BRDA:29,3,1,5
BRDA:29,4,0,9
BRDA:29,4,1,8
BRDA:38,5,0,1
BRDA:38,5,1,4
BRDA:38,6,0,5
BRDA:38,6,1,4
BRDA:38,6,2,4
BRDA:47,7,0,1
BRDA:47,7,1,3
BRDA:47,8,0,4
BRDA:47,8,1,3
BRDA:56,9,0,1
BRDA:56,9,1,2
BRDA:56,10,0,3
BRDA:56,10,1,2
BRDA:65,11,0,0
BRDA:65,11,1,2
BRDA:65,12,0,2
BRDA:65,12,1,2
BRDA:65,12,2,2
BRDA:65,12,3,2
BRDA:74,13,0,1
BRDA:74,13,1,1
BRDA:74,14,0,2
BRDA:74,14,1,1
BRDA:119,15,0,9
BRDA:119,15,1,0
BRDA:125,16,0,7
BRDA:126,17,0,2
BRDA:126,17,1,6
BRDA:126,18,0,8
BRDA:126,18,1,7
BRDA:134,19,0,2
BRDA:134,19,1,4
BRDA:139,20,0,3
BRDA:139,20,1,1
BRDA:140,21,0,4
BRDA:140,21,1,0
BRDA:149,22,0,2
BRDA:149,22,1,4
BRDA:156,23,0,4
BRDA:156,23,1,0
BRDA:157,24,0,4
BRDA:157,24,1,0
BRF:51
BRH:43
end_of_record
TN:
SF:frontend\src\js\search.js
FN:25,escapeHtml
FN:37,searchCities
FN:47,(anonymous_2)
FN:68,displaySearchResults
FN:80,(anonymous_4)
FN:94,(anonymous_5)
FN:104,hideSearchResults
FN:116,selectCity
FN:149,createSubscriptionDirect
FN:169,initSearch
FN:180,(anonymous_10)
FN:192,(anonymous_11)
FN:206,showNotification
FN:218,(anonymous_13)
FNF:14
FNH:10
FNDA:6,escapeHtml
FNDA:6,searchCities
FNDA:4,(anonymous_2)
FNDA:4,displaySearchResults
FNDA:3,(anonymous_4)
FNDA:0,(anonymous_5)
FNDA:7,hideSearchResults
FNDA:4,selectCity
FNDA:1,createSubscriptionDirect
FNDA:4,initSearch
FNDA:0,(anonymous_10)
FNDA:0,(anonymous_11)
FNDA:2,showNotification
FNDA:0,(anonymous_13)
DA:15,1
DA:16,1
DA:17,1
DA:18,1
DA:26,6
DA:27,5
DA:28,5
DA:29,5
DA:38,6
DA:39,5
DA:42,6
DA:43,1
DA:44,1
DA:47,5
DA:48,4
DA:49,4
DA:50,3
DA:52,3
DA:53,2
DA:55,1
DA:58,1
DA:59,1
DA:69,4
DA:70,4
DA:72,4
DA:73,2
DA:74,2
DA:75,2
DA:78,2
DA:80,2
DA:81,3
DA:82,3
DA:83,3
DA:94,3
DA:95,3
DA:98,2
DA:105,7
DA:106,7
DA:107,7
DA:117,4
DA:120,4
DA:121,4
DA:122,4
DA:125,4
DA:126,3
DA:127,3
DA:128,1
DA:129,1
DA:132,2
DA:133,2
DA:134,1
DA:136,1
DA:139,1
DA:150,1
DA:151,1
DA:153,1
DA:154,1
DA:156,1
DA:158,1
DA:162,0
DA:170,4
DA:171,4
DA:174,3
DA:175,2
DA:179,3
DA:180,2
DA:181,0
DA:182,0
DA:183,0
DA:185,0
DA:188,2
DA:192,3
DA:193,0
DA:194,0
DA:195,0
DA:199,3
DA:200,3
DA:207,2
DA:213,2
DA:214,2
DA:215,2
DA:217,2
DA:218,2
LF:83
LH:75
BRDA:26,0,0,1
BRDA:26,0,1,5
BRDA:38,1,0,5
BRDA:38,1,1,1
BRDA:42,2,0,1
BRDA:42,2,1,5
BRDA:42,3,0,6
BRDA:42,3,1,6
BRDA:50,4,0,3
BRDA:50,4,1,2
BRDA:50,4,2,0
BRDA:52,5,0,2
BRDA:52,5,1,1
BRDA:70,6,0,0
BRDA:70,6,1,4
BRDA:72,7,0,2
BRDA:72,7,1,2
BRDA:72,8,0,4
BRDA:72,8,1,3
BRDA:106,9,0,7
BRDA:106,9,1,0
BRDA:116,10,0,0
BRDA:121,11,0,4
BRDA:121,11,1,0
BRDA:125,12,0,3
BRDA:125,12,1,1
BRDA:127,13,0,1
BRDA:127,13,1,2
BRDA:133,14,0,1
BRDA:133,14,1,1
BRDA:162,15,0,0
BRDA:162,15,1,0
BRDA:171,16,0,1
BRDA:171,16,1,3
BRDA:174,17,0,2
BRDA:174,17,1,1
BRDA:174,18,0,3
BRDA:174,18,1,2
BRDA:179,19,0,2
BRDA:179,19,1,1
BRDA:182,20,0,0
BRDA:182,20,1,0
BRDA:194,21,0,0
BRDA:194,21,1,0
BRDA:194,22,0,0
BRDA:194,22,1,0
BRDA:194,22,2,0
BRDA:206,23,0,0
BRF:48
BRH:33
end_of_record
TN:
SF:frontend\src\js\subscriptions.js
FN:22,getUserSubscriptions
FN:51,loadSubscribedCitiesWithWeather
FN:61,(anonymous_2)
FN:91,renderSubscribedCitiesList
FN:110,(anonymous_4)
FN:122,(anonymous_5)
FN:170,(anonymous_6)
FN:188,selectCityFromList
FN:198,(anonymous_8)
FN:205,(anonymous_9)
FN:214,(anonymous_10)
FN:229,createSubscription
FN:282,updateSubscription
FN:298,deleteSubscription
FN:314,getCityLocalTime
FN:325,(anonymous_15)
FN:326,(anonymous_16)
FN:327,(anonymous_17)
FN:340,getTimezoneForCity
FN:379,updateCitiesTime
FN:380,(anonymous_20)
FN:397,initTimeUpdates
FN:406,stopTimeUpdates
FN:416,addNewLocation
FN:427,getCurrentSelectedCityId
FN:436,showSubscriptionSettingsModal
FN:480,setElementValue
FN:488,setupModalHandlers
FN:495,(anonymous_28)
FN:509,(anonymous_29)
FN:518,(anonymous_30)
FN:525,handleUpdate
FN:554,handleCreate
FN:587,handleUnsubscribe
FN:621,getModalFormData
FN:633,hideModal
FN:645,showNotification
FN:657,(anonymous_37)
FNF:38
FNH:25
FNDA:10,getUserSubscriptions
FNDA:3,loadSubscribedCitiesWithWeather
FNDA:3,(anonymous_2)
FNDA:3,renderSubscribedCitiesList
FNDA:1,(anonymous_4)
FNDA:0,(anonymous_5)
FNDA:0,(anonymous_6)
FNDA:1,selectCityFromList
FNDA:2,(anonymous_8)
FNDA:1,(anonymous_9)
FNDA:0,(anonymous_10)
FNDA:6,createSubscription
FNDA:2,updateSubscription
FNDA:2,deleteSubscription
FNDA:1,getCityLocalTime
FNDA:1,(anonymous_15)
FNDA:3,(anonymous_16)
FNDA:5,(anonymous_17)
FNDA:1,getTimezoneForCity
FNDA:3,updateCitiesTime
FNDA:0,(anonymous_20)
FNDA:2,initTimeUpdates
FNDA:3,stopTimeUpdates
FNDA:2,addNewLocation
FNDA:1,getCurrentSelectedCityId
FNDA:2,showSubscriptionSettingsModal
FNDA:3,setElementValue
FNDA:1,setupModalHandlers
FNDA:4,(anonymous_28)
FNDA:0,(anonymous_29)
FNDA:0,(anonymous_30)
FNDA:0,handleUpdate
FNDA:0,handleCreate
FNDA:0,handleUnsubscribe
FNDA:0,getModalFormData
FNDA:0,hideModal
FNDA:0,showNotification
FNDA:0,(anonymous_37)
DA:13,1
DA:14,1
DA:15,1
DA:23,10
DA:25,10
DA:26,9
DA:27,9
DA:30,9
DA:31,9
DA:32,7
DA:35,7
DA:37,7
DA:39,2
DA:40,1
DA:42,1
DA:43,1
DA:52,3
DA:53,3
DA:55,3
DA:56,1
DA:60,2
DA:62,3
DA:63,3
DA:64,2
DA:70,1
DA:71,1
DA:80,2
DA:82,0
DA:83,0
DA:92,3
DA:93,3
DA:95,3
DA:96,3
DA:97,3
DA:100,3
DA:101,1
DA:102,1
DA:105,2
DA:106,2
DA:108,1
DA:110,1
DA:111,1
DA:112,1
DA:114,1
DA:115,1
DA:117,1
DA:118,0
DA:122,1
DA:123,0
DA:127,1
DA:136,1
DA:137,1
DA:138,1
DA:139,1
DA:140,0
DA:145,1
DA:146,1
DA:147,1
DA:151,1
DA:152,1
DA:153,1
DA:154,1
DA:155,1
DA:159,1
DA:160,1
DA:161,1
DA:167,1
DA:168,1
DA:169,1
DA:170,1
DA:171,0
DA:172,0
DA:176,1
DA:177,1
DA:180,1
DA:189,1
DA:190,0
DA:193,1
DA:194,1
DA:196,1
DA:198,1
DA:199,2
DA:200,2
DA:204,1
DA:205,1
DA:207,1
DA:214,1
DA:215,0
DA:237,6
DA:238,1
DA:241,6
DA:248,6
DA:249,3
DA:250,3
DA:251,2
DA:252,1
DA:254,1
DA:262,1
DA:265,5
DA:266,5
DA:268,4
DA:269,4
DA:271,1
DA:272,1
DA:283,2
DA:284,2
DA:285,1
DA:286,1
DA:288,1
DA:289,1
DA:299,2
DA:300,2
DA:301,1
DA:302,1
DA:304,1
DA:305,1
DA:315,1
DA:316,1
DA:317,1
DA:324,1
DA:325,1
DA:326,3
DA:327,5
DA:329,1
DA:331,0
DA:341,1
DA:343,1
DA:346,1
DA:365,1
DA:366,0
DA:367,0
DA:368,0
DA:369,0
DA:370,0
DA:373,1
DA:380,3
DA:381,0
DA:382,0
DA:384,0
DA:385,0
DA:386,0
DA:387,0
DA:388,0
DA:398,2
DA:399,2
DA:400,2
DA:407,3
DA:408,2
DA:409,2
DA:417,2
DA:418,2
DA:419,1
DA:428,1
DA:437,2
DA:438,2
DA:441,1
DA:442,1
DA:443,1
DA:447,1
DA:448,1
DA:449,1
DA:451,1
DA:452,1
DA:453,1
DA:456,1
DA:457,1
DA:458,1
DA:462,1
DA:463,1
DA:464,1
DA:468,1
DA:469,1
DA:470,1
DA:473,1
DA:474,1
DA:481,3
DA:482,3
DA:489,1
DA:490,1
DA:491,1
DA:492,1
DA:495,1
DA:496,4
DA:497,4
DA:498,4
DA:503,1
DA:504,1
DA:505,1
DA:506,1
DA:508,1
DA:509,1
DA:514,1
DA:515,1
DA:517,1
DA:518,1
DA:526,0
DA:527,0
DA:529,0
DA:530,0
DA:531,0
DA:532,0
DA:535,0
DA:536,0
DA:538,0
DA:539,0
DA:540,0
DA:542,0
DA:544,0
DA:545,0
DA:546,0
DA:555,0
DA:556,0
DA:558,0
DA:559,0
DA:560,0
DA:561,0
DA:564,0
DA:565,0
DA:567,0
DA:568,0
DA:569,0
DA:571,0
DA:575,0
DA:577,0
DA:578,0
DA:579,0
DA:588,0
DA:590,0
DA:591,0
DA:594,0
DA:596,0
DA:597,0
DA:598,0
DA:599,0
DA:602,0
DA:603,0
DA:605,0
DA:606,0
DA:607,0
DA:609,0
DA:611,0
DA:612,0
DA:613,0
DA:622,0
DA:634,0
DA:635,0
DA:636,0
DA:646,0
DA:652,0
DA:653,0
DA:654,0
DA:656,0
DA:657,0
LF:253
LH:173
BRDA:22,0,0,8
BRDA:25,1,0,9
BRDA:25,1,1,1
BRDA:27,2,0,1
BRDA:27,2,1,8
BRDA:32,3,0,7
BRDA:32,3,1,1
BRDA:32,4,0,1
BRDA:32,4,1,0
BRDA:39,5,0,1
BRDA:39,5,1,1
BRDA:55,6,0,1
BRDA:55,6,1,2
BRDA:55,7,0,3
BRDA:55,7,1,3
BRDA:93,8,0,0
BRDA:93,8,1,3
BRDA:96,9,0,3
BRDA:96,9,1,0
BRDA:100,10,0,1
BRDA:100,10,1,2
BRDA:100,11,0,3
BRDA:100,11,1,3
BRDA:106,12,0,1
BRDA:106,12,1,1
BRDA:114,13,0,1
BRDA:114,13,1,0
BRDA:117,14,0,0
BRDA:117,14,1,1
BRDA:137,15,0,1
BRDA:137,15,1,0
BRDA:139,16,0,0
BRDA:139,16,1,1
BRDA:146,17,0,1
BRDA:146,17,1,0
BRDA:152,18,0,1
BRDA:152,18,1,0
BRDA:152,19,0,1
BRDA:152,19,1,1
BRDA:160,20,0,1
BRDA:160,20,1,0
BRDA:161,21,0,1
BRDA:161,21,1,0
BRDA:168,22,0,1
BRDA:168,22,1,0
BRDA:168,23,0,1
BRDA:168,23,1,1
BRDA:176,24,0,1
BRDA:176,24,1,0
BRDA:176,25,0,1
BRDA:176,25,1,1
BRDA:189,26,0,0
BRDA:189,26,1,1
BRDA:189,27,0,1
BRDA:189,27,1,1
BRDA:210,28,0,1
BRDA:210,28,1,0
BRDA:231,29,0,0
BRDA:232,30,0,0
BRDA:233,31,0,0
BRDA:234,32,0,5
BRDA:237,33,0,1
BRDA:237,33,1,5
BRDA:248,34,0,3
BRDA:248,34,1,3
BRDA:250,35,0,2
BRDA:250,35,1,1
BRDA:251,36,0,1
BRDA:251,36,1,1
BRDA:257,37,0,1
BRDA:257,37,1,0
BRDA:258,38,0,1
BRDA:258,38,1,0
BRDA:325,39,0,1
BRDA:325,39,1,0
BRDA:326,40,0,1
BRDA:326,40,1,0
BRDA:327,41,0,1
BRDA:327,41,1,0
BRDA:341,42,0,0
BRDA:341,42,1,1
BRDA:365,43,0,0
BRDA:365,43,1,1
BRDA:367,44,0,0
BRDA:367,44,1,0
BRDA:367,45,0,0
BRDA:367,45,1,0
BRDA:368,46,0,0
BRDA:368,46,1,0
BRDA:368,47,0,0
BRDA:368,47,1,0
BRDA:369,48,0,0
BRDA:369,48,1,0
BRDA:369,49,0,0
BRDA:369,49,1,0
BRDA:373,50,0,1
BRDA:373,50,1,0
BRDA:382,51,0,0
BRDA:382,51,1,0
BRDA:387,52,0,0
BRDA:387,52,1,0
BRDA:407,53,0,2
BRDA:407,53,1,1
BRDA:418,54,0,1
BRDA:418,54,1,1
BRDA:438,55,0,1
BRDA:438,55,1,1
BRDA:442,56,0,1
BRDA:442,56,1,0
BRDA:442,57,0,1
BRDA:442,57,1,1
BRDA:447,58,0,1
BRDA:447,58,1,0
BRDA:448,59,0,1
BRDA:448,59,1,1
BRDA:449,60,0,1
BRDA:449,60,1,1
BRDA:452,61,0,1
BRDA:452,61,1,0
BRDA:453,62,0,1
BRDA:453,62,1,1
BRDA:457,63,0,1
BRDA:457,63,1,0
BRDA:463,64,0,1
BRDA:463,64,1,0
BRDA:464,65,0,1
BRDA:464,65,1,0
BRDA:469,66,0,1
BRDA:469,66,1,0
BRDA:482,67,0,3
BRDA:482,67,1,0
BRDA:496,68,0,4
BRDA:496,68,1,0
BRDA:508,69,0,1
BRDA:508,69,1,0
BRDA:509,70,0,0
BRDA:509,70,1,0
BRDA:514,71,0,1
BRDA:514,71,1,0
BRDA:515,72,0,1
BRDA:515,72,1,0
BRDA:517,73,0,1
BRDA:517,73,1,0
BRDA:517,74,0,1
BRDA:517,74,1,1
BRDA:530,75,0,0
BRDA:530,75,1,0
BRDA:542,76,0,0
BRDA:542,76,1,0
BRDA:544,77,0,0
BRDA:544,77,1,0
BRDA:559,78,0,0
BRDA:559,78,1,0
BRDA:575,79,0,0
BRDA:575,79,1,0
BRDA:577,80,0,0
BRDA:577,80,1,0
BRDA:588,81,0,0
BRDA:588,81,1,0
BRDA:590,82,0,0
BRDA:590,82,1,0
BRDA:597,83,0,0
BRDA:597,83,1,0
BRDA:609,84,0,0
BRDA:609,84,1,0
BRDA:611,85,0,0
BRDA:611,85,1,0
BRDA:623,86,0,0
BRDA:623,86,1,0
BRDA:624,87,0,0
BRDA:624,87,1,0
BRDA:625,88,0,0
BRDA:625,88,1,0
BRDA:626,89,0,0
BRDA:626,89,1,0
BRDA:635,90,0,0
BRDA:635,90,1,0
BRDA:645,91,0,0
BRF:178
BRH:88
end_of_record
TN:
SF:frontend\src\js\ui.js
FN:12,initSidebar
FN:16,(anonymous_1)
FN:26,(anonymous_2)
FN:37,handleActiveNav
FN:38,(anonymous_4)
FN:46,initPeriodNavigation
FN:47,(anonymous_6)
FN:48,(anonymous_7)
FN:59,handlePeriodSelect
FN:61,(anonymous_9)
FN:73,handleCitySelect
FN:82,updateSelectedCityDetail
FN:131,updateCityListItem
FN:159,setElementText
FN:168,scrollHourlyForecast
FN:182,toggleAirConditions
FN:185,(anonymous_16)
FN:194,initCityNavigation
FNF:18
FNH:15
FNDA:2,initSidebar
FNDA:2,(anonymous_1)
FNDA:0,(anonymous_2)
FNDA:1,handleActiveNav
FNDA:2,(anonymous_4)
FNDA:1,initPeriodNavigation
FNDA:1,(anonymous_6)
FNDA:0,(anonymous_7)
FNDA:1,handlePeriodSelect
FNDA:2,(anonymous_9)
FNDA:1,handleCitySelect
FNDA:3,updateSelectedCityDetail
FNDA:2,updateCityListItem
FNDA:6,setElementText
FNDA:3,scrollHourlyForecast
FNDA:2,toggleAirConditions
FNDA:0,(anonymous_16)
FNDA:1,initCityNavigation
DA:13,2
DA:14,2
DA:16,2
DA:17,2
DA:20,2
DA:21,2
DA:22,0
DA:23,0
DA:26,2
DA:27,0
DA:28,0
DA:38,1
DA:39,2
DA:47,1
DA:48,1
DA:49,0
DA:50,0
DA:61,1
DA:62,2
DA:66,1
DA:74,1
DA:83,3
DA:84,3
DA:86,2
DA:87,2
DA:89,2
DA:90,2
DA:92,1
DA:95,1
DA:98,1
DA:101,1
DA:104,1
DA:107,1
DA:108,1
DA:110,1
DA:111,1
DA:115,1
DA:116,1
DA:117,1
DA:118,1
DA:119,1
DA:122,1
DA:123,1
DA:132,2
DA:133,2
DA:135,1
DA:136,1
DA:139,1
DA:140,1
DA:141,1
DA:142,1
DA:143,1
DA:147,1
DA:148,1
DA:149,1
DA:160,6
DA:161,6
DA:169,3
DA:170,3
DA:172,2
DA:173,2
DA:183,2
DA:184,2
DA:185,1
DA:186,0
LF:65
LH:58
BRDA:20,0,0,2
BRDA:20,0,1,0
BRDA:20,1,0,2
BRDA:20,1,1,2
BRDA:22,2,0,0
BRDA:22,2,1,0
BRDA:84,3,0,1
BRDA:84,3,1,2
BRDA:84,4,0,3
BRDA:84,4,1,2
BRDA:87,5,0,0
BRDA:87,5,1,2
BRDA:90,6,0,1
BRDA:90,6,1,1
BRDA:95,7,0,1
BRDA:95,7,1,0
BRDA:98,8,0,1
BRDA:98,8,1,0
BRDA:101,9,0,1
BRDA:101,9,1,0
BRDA:104,10,0,1
BRDA:104,10,1,0
BRDA:107,11,0,1
BRDA:107,11,1,0
BRDA:110,12,0,1
BRDA:110,12,1,0
BRDA:116,13,0,1
BRDA:116,13,1,0
BRDA:116,14,0,1
BRDA:116,14,1,1
BRDA:133,15,0,1
BRDA:133,15,1,1
BRDA:133,16,0,2
BRDA:133,16,1,1
BRDA:136,17,0,0
BRDA:136,17,1,1
BRDA:140,18,0,1
BRDA:140,18,1,0
BRDA:140,19,0,1
BRDA:140,19,1,1
BRDA:148,20,0,1
BRDA:148,20,1,0
BRDA:148,21,0,1
BRDA:148,21,1,1
BRDA:161,22,0,6
BRDA:161,22,1,0
BRDA:168,23,0,1
BRDA:170,24,0,1
BRDA:170,24,1,2
BRDA:174,25,0,1
BRDA:174,25,1,1
BRDA:184,26,0,1
BRDA:184,26,1,1
BRF:53
BRH:38
end_of_record
TN:
SF:frontend\src\js\weather.js
FN:26,fetchWeatherForecast
FN:61,fetchCurrentWeather
FN:70,fetchHourlyForecast
FN:79,fetchWeeklyForecast
FN:88,getWeatherDataArray
FN:98,getFirstWeatherItem
FN:108,updateWeatherDisplay
FN:197,updateHourlyForecast
FN:227,(anonymous_8)
FN:272,processDataForPeriod
FN:304,filterByDay
FN:309,(anonymous_11)
FN:326,groupByDayPeriods
FN:335,(anonymous_13)
FN:343,(anonymous_14)
FN:365,getOneDayPerEntry
FN:370,(anonymous_16)
FN:387,(anonymous_17)
FN:396,getItemDate
FN:414,formatTimeLabel
FN:432,getResponsiveSizes
FN:464,applySizeToIcon
FN:481,updateForecastDetails
FN:502,(anonymous_23)
FN:514,clearWeatherCache
FN:516,(anonymous_25)
FNF:26
FNH:10
FNDA:9,fetchWeatherForecast
FNDA:1,fetchCurrentWeather
FNDA:1,fetchHourlyForecast
FNDA:1,fetchWeeklyForecast
FNDA:12,getWeatherDataArray
FNDA:6,getFirstWeatherItem
FNDA:3,updateWeatherDisplay
FNDA:4,updateHourlyForecast
FNDA:0,(anonymous_8)
FNDA:0,processDataForPeriod
FNDA:0,filterByDay
FNDA:0,(anonymous_11)
FNDA:0,groupByDayPeriods
FNDA:0,(anonymous_13)
FNDA:0,(anonymous_14)
FNDA:0,getOneDayPerEntry
FNDA:0,(anonymous_16)
FNDA:0,(anonymous_17)
FNDA:0,getItemDate
FNDA:0,formatTimeLabel
FNDA:0,getResponsiveSizes
FNDA:0,applySizeToIcon
FNDA:0,updateForecastDetails
FNDA:0,(anonymous_23)
FNDA:2,clearWeatherCache
FNDA:7,(anonymous_25)
DA:28,9
DA:29,1
DA:30,1
DA:34,9
DA:35,9
DA:36,8
DA:37,8
DA:38,1
DA:42,8
DA:43,8
DA:46,7
DA:47,7
DA:49,7
DA:51,1
DA:52,1
DA:62,1
DA:71,1
DA:80,1
DA:89,12
DA:90,6
DA:99,6
DA:100,6
DA:109,3
DA:110,3
DA:112,2
DA:113,2
DA:115,2
DA:116,2
DA:117,1
DA:118,1
DA:121,1
DA:124,1
DA:125,1
DA:126,1
DA:130,1
DA:131,1
DA:132,1
DA:136,1
DA:137,1
DA:138,1
DA:142,1
DA:143,1
DA:144,1
DA:148,1
DA:149,1
DA:150,1
DA:151,0
DA:153,1
DA:154,0
DA:158,1
DA:159,1
DA:160,1
DA:161,1
DA:162,1
DA:166,1
DA:167,1
DA:168,1
DA:171,1
DA:172,1
DA:173,1
DA:174,1
DA:177,1
DA:178,1
DA:179,1
DA:182,1
DA:183,1
DA:184,1
DA:187,1
DA:188,1
DA:198,4
DA:199,4
DA:201,3
DA:202,3
DA:205,2
DA:209,2
DA:210,2
DA:211,2
DA:215,0
DA:217,0
DA:218,0
DA:219,0
DA:222,0
DA:225,0
DA:227,0
DA:228,0
DA:229,0
DA:231,0
DA:234,0
DA:237,0
DA:238,0
DA:239,0
DA:240,0
DA:244,0
DA:245,0
DA:246,0
DA:247,0
DA:248,0
DA:249,0
DA:253,0
DA:254,0
DA:255,0
DA:256,0
DA:260,0
DA:262,0
DA:273,0
DA:274,0
DA:276,0
DA:279,0
DA:282,0
DA:285,0
DA:288,0
DA:291,0
DA:294,0
DA:305,0
DA:306,0
DA:307,0
DA:309,0
DA:310,0
DA:311,0
DA:313,0
DA:314,0
DA:316,0
DA:327,0
DA:328,0
DA:329,0
DA:331,0
DA:332,0
DA:333,0
DA:335,0
DA:336,0
DA:337,0
DA:338,0
DA:339,0
DA:343,0
DA:344,0
DA:345,0
DA:348,0
DA:349,0
DA:356,0
DA:366,0
DA:367,0
DA:368,0
DA:370,0
DA:371,0
DA:372,0
DA:374,0
DA:375,0
DA:376,0
DA:378,0
DA:379,0
DA:386,0
DA:387,0
DA:397,0
DA:399,0
DA:400,0
DA:402,0
DA:403,0
DA:405,0
DA:415,0
DA:416,0
DA:418,0
DA:419,0
DA:420,0
DA:421,0
DA:424,0
DA:433,0
DA:434,0
DA:441,0
DA:442,0
DA:450,0
DA:465,0
DA:467,0
DA:468,0
DA:469,0
DA:470,0
DA:471,0
DA:482,0
DA:483,0
DA:484,0
DA:485,0
DA:488,0
DA:489,0
DA:490,0
DA:491,0
DA:494,0
DA:495,0
DA:496,0
DA:497,0
DA:501,0
DA:502,0
DA:503,0
DA:504,0
DA:505,0
DA:515,2
DA:516,1
DA:517,7
DA:520,1
LF:197
LH:79
BRDA:26,0,0,2
BRDA:26,1,0,8
BRDA:28,2,0,1
BRDA:28,2,1,8
BRDA:35,3,0,8
BRDA:35,3,1,1
BRDA:37,4,0,1
BRDA:37,4,1,7
BRDA:46,5,0,7
BRDA:46,5,1,5
BRDA:89,6,0,6
BRDA:89,6,1,6
BRDA:90,7,0,5
BRDA:90,7,1,1
BRDA:100,8,0,2
BRDA:100,8,1,4
BRDA:108,9,0,3
BRDA:110,10,0,1
BRDA:110,10,1,2
BRDA:113,11,0,0
BRDA:113,11,1,2
BRDA:116,12,0,1
BRDA:116,12,1,1
BRDA:125,13,0,1
BRDA:125,13,1,0
BRDA:125,14,0,1
BRDA:125,14,1,1
BRDA:131,15,0,1
BRDA:131,15,1,0
BRDA:131,16,0,1
BRDA:131,16,1,1
BRDA:137,17,0,1
BRDA:137,17,1,0
BRDA:137,18,0,1
BRDA:137,18,1,1
BRDA:143,19,0,1
BRDA:143,19,1,0
BRDA:143,20,0,1
BRDA:143,20,1,1
BRDA:150,21,0,0
BRDA:150,21,1,1
BRDA:150,22,0,1
BRDA:150,22,1,1
BRDA:153,23,0,0
BRDA:153,23,1,1
BRDA:153,24,0,1
BRDA:153,24,1,1
BRDA:159,25,0,1
BRDA:159,25,1,0
BRDA:159,26,0,1
BRDA:159,26,1,1
BRDA:167,27,0,1
BRDA:167,27,1,0
BRDA:167,28,0,1
BRDA:167,28,1,1
BRDA:172,29,0,1
BRDA:172,29,1,0
BRDA:173,30,0,1
BRDA:173,30,1,1
BRDA:178,31,0,1
BRDA:178,31,1,0
BRDA:178,32,0,1
BRDA:178,32,1,1
BRDA:183,33,0,1
BRDA:183,33,1,0
BRDA:184,34,0,1
BRDA:184,34,1,1
BRDA:197,35,0,4
BRDA:197,36,0,4
BRDA:199,37,0,1
BRDA:199,37,1,3
BRDA:202,38,0,1
BRDA:202,38,1,2
BRDA:205,39,0,1
BRDA:205,39,1,1
BRDA:209,40,0,2
BRDA:209,40,1,0
BRDA:209,41,0,2
BRDA:209,41,1,2
BRDA:217,42,0,0
BRDA:217,42,1,0
BRDA:231,43,0,0
BRDA:231,43,1,0
BRDA:238,44,0,0
BRDA:238,44,1,0
BRDA:245,45,0,0
BRDA:245,45,1,0
BRDA:245,46,0,0
BRDA:245,46,1,0
BRDA:254,47,0,0
BRDA:254,47,1,0
BRDA:254,48,0,0
BRDA:254,48,1,0
BRDA:276,49,0,0
BRDA:276,49,1,0
BRDA:276,49,2,0
BRDA:276,49,3,0
BRDA:276,49,4,0
BRDA:276,49,5,0
BRDA:276,49,6,0
BRDA:279,50,0,0
BRDA:279,50,1,0
BRDA:311,51,0,0
BRDA:311,51,1,0
BRDA:314,52,0,0
BRDA:314,52,1,0
BRDA:337,53,0,0
BRDA:337,53,1,0
BRDA:343,54,0,0
BRDA:343,54,1,0
BRDA:345,55,0,0
BRDA:345,55,1,0
BRDA:345,55,2,0
BRDA:348,56,0,0
BRDA:348,56,1,0
BRDA:372,57,0,0
BRDA:372,57,1,0
BRDA:378,58,0,0
BRDA:378,58,1,0
BRDA:378,59,0,0
BRDA:378,59,1,0
BRDA:378,59,2,0
BRDA:397,60,0,0
BRDA:397,60,1,0
BRDA:399,61,0,0
BRDA:399,61,1,0
BRDA:402,62,0,0
BRDA:402,62,1,0
BRDA:415,63,0,0
BRDA:415,63,1,0
BRDA:416,64,0,0
BRDA:416,64,1,0
BRDA:418,65,0,0
BRDA:418,65,1,0
BRDA:433,66,0,0
BRDA:433,66,1,0
BRDA:441,67,0,0
BRDA:441,67,1,0
BRDA:465,68,0,0
BRDA:465,68,1,0
BRDA:467,69,0,0
BRDA:467,69,1,0
BRDA:468,70,0,0
BRDA:468,70,1,0
BRDA:469,71,0,0
BRDA:469,71,1,0
BRDA:483,72,0,0
BRDA:483,72,1,0
BRDA:485,73,0,0
BRDA:485,73,1,0
BRDA:489,74,0,0
BRDA:489,74,1,0
BRDA:491,75,0,0
BRDA:491,75,1,0
BRDA:495,76,0,0
BRDA:495,76,1,0
BRDA:497,77,0,0
BRDA:497,77,1,0
BRDA:504,78,0,0
BRDA:504,78,1,0
BRDA:514,79,0,1
BRDA:515,80,0,1
BRDA:515,80,1,1
BRF:163
BRH:69
end_of_record
