TN:
SF:frontend\src\js\api.js
FN:18,getAuthToken
FN:26,setAuthToken
FN:34,getRefreshToken
FN:42,setRefreshToken
FN:49,removeAuthToken
FN:59,isAuthenticated
FN:67,refreshAccessToken
FN:103,createApiError
FN:121,apiRequest
FN:197,apiGet
FN:207,apiPost
FN:220,apiPatch
FN:232,apiDelete
FN:241,handleApiError
FNF:14
FNH:14
FNDA:18,getAuthToken
FNDA:2,setAuthToken
FNDA:3,getRefreshToken
FNDA:1,setRefreshToken
FNDA:2,removeAuthToken
FNDA:2,isAuthenticated
FNDA:2,refreshAccessToken
FNDA:3,createApiError
FNDA:13,apiRequest
FNDA:1,apiGet
FNDA:1,apiPost
FNDA:1,apiPatch
FNDA:1,apiDelete
FNDA:3,handleApiError
DA:8,1
DA:11,1
DA:12,1
DA:19,18
DA:27,2
DA:35,3
DA:43,1
DA:50,2
DA:51,2
DA:52,2
DA:60,2
DA:68,2
DA:69,2
DA:70,0
DA:73,2
DA:74,2
DA:80,2
DA:81,1
DA:82,1
DA:83,1
DA:84,1
DA:85,0
DA:87,1
DA:91,0
DA:94,1
DA:104,3
DA:109,3
DA:110,3
DA:111,3
DA:112,3
DA:122,13
DA:123,13
DA:125,13
DA:130,13
DA:131,4
DA:134,13
DA:139,13
DA:141,13
DA:142,13
DA:145,12
DA:146,2
DA:148,2
DA:150,1
DA:151,1
DA:154,1
DA:155,1
DA:160,11
DA:161,11
DA:163,11
DA:164,9
DA:165,9
DA:167,0
DA:172,11
DA:173,2
DA:176,9
DA:179,4
DA:180,3
DA:184,1
DA:185,1
DA:186,1
DA:187,1
DA:188,1
DA:198,1
DA:208,1
DA:221,1
DA:233,1
DA:242,3
DA:244,3
LF:68
LH:64
BRDA:69,0,0,0
BRDA:69,0,1,2
BRDA:80,1,0,1
BRDA:80,1,1,1
BRDA:82,2,0,1
BRDA:82,2,1,0
BRDA:84,3,0,0
BRDA:84,3,1,1
BRDA:104,4,0,3
BRDA:104,4,1,0
BRDA:104,4,2,0
BRDA:104,4,3,0
BRDA:121,5,0,8
BRDA:123,6,0,13
BRDA:123,6,1,13
BRDA:130,7,0,4
BRDA:130,7,1,9
BRDA:145,8,0,2
BRDA:145,8,1,10
BRDA:145,9,0,12
BRDA:145,9,1,2
BRDA:148,10,0,1
BRDA:148,10,1,1
BRDA:163,11,0,9
BRDA:163,11,1,2
BRDA:172,12,0,2
BRDA:172,12,1,9
BRDA:173,13,0,2
BRDA:173,13,1,1
BRDA:179,14,0,3
BRDA:179,14,1,1
BRDA:185,15,0,1
BRDA:185,15,1,0
BRDA:245,16,0,3
BRDA:245,16,1,1
BRF:35
BRH:28
end_of_record
TN:
SF:frontend\src\js\auth.js
FN:26,login
FN:47,register
FN:66,logout
FN:85,getCurrentUser
FN:98,getUserProfile
FN:112,updateUserProfile
FN:125,isAuthenticated
FN:133,oauthLogin
FN:140,handleOAuthCallback
FN:153,showUserProfileModal
FN:216,hideUserProfileModal
FN:227,setupProfileModalHandlers
FN:258,(anonymous_12)
FN:269,handleProfileSubmit
FN:289,(anonymous_14)
FN:303,(anonymous_15)
FN:321,updateUserInfoInSidebar
FN:340,setProfileFieldValue
FN:345,getProfileFieldValue
FN:350,showProfileError
FN:358,showProfileSuccess
FN:366,hideProfileMessages
FNF:22
FNH:9
FNDA:3,login
FNDA:2,register
FNDA:3,logout
FNDA:2,getCurrentUser
FNDA:2,getUserProfile
FNDA:2,updateUserProfile
FNDA:2,isAuthenticated
FNDA:2,oauthLogin
FNDA:2,handleOAuthCallback
FNDA:0,showUserProfileModal
FNDA:0,hideUserProfileModal
FNDA:0,setupProfileModalHandlers
FNDA:0,(anonymous_12)
FNDA:0,handleProfileSubmit
FNDA:0,(anonymous_14)
FNDA:0,(anonymous_15)
FNDA:0,updateUserInfoInSidebar
FNDA:0,setProfileFieldValue
FNDA:0,getProfileFieldValue
FNDA:0,showProfileError
FNDA:0,showProfileSuccess
FNDA:0,hideProfileMessages
DA:27,3
DA:28,3
DA:30,2
DA:31,1
DA:32,1
DA:35,2
DA:37,1
DA:38,1
DA:48,2
DA:49,2
DA:51,1
DA:52,1
DA:53,1
DA:56,1
DA:58,1
DA:59,1
DA:67,3
DA:68,3
DA:69,3
DA:70,2
DA:75,3
DA:76,3
DA:77,3
DA:86,2
DA:87,2
DA:89,1
DA:90,1
DA:99,2
DA:100,2
DA:102,1
DA:103,1
DA:113,2
DA:114,2
DA:116,1
DA:117,1
DA:126,2
DA:134,2
DA:141,2
DA:142,2
DA:144,2
DA:145,1
DA:146,1
DA:154,0
DA:155,0
DA:156,0
DA:160,0
DA:161,0
DA:164,0
DA:166,0
DA:169,0
DA:170,0
DA:171,0
DA:172,0
DA:182,0
DA:183,0
DA:184,0
DA:186,0
DA:187,0
DA:188,0
DA:192,0
DA:193,0
DA:194,0
DA:195,0
DA:196,0
DA:199,0
DA:202,0
DA:203,0
DA:205,0
DA:206,0
DA:208,0
DA:209,0
DA:217,0
DA:218,0
DA:219,0
DA:221,0
DA:228,0
DA:229,0
DA:230,0
DA:233,0
DA:234,0
DA:235,0
DA:239,0
DA:240,0
DA:241,0
DA:243,0
DA:244,0
DA:247,0
DA:248,0
DA:251,0
DA:252,0
DA:256,0
DA:257,0
DA:258,0
DA:259,0
DA:260,0
DA:270,0
DA:272,0
DA:273,0
DA:274,0
DA:275,0
DA:278,0
DA:280,0
DA:282,0
DA:289,0
DA:290,0
DA:291,0
DA:295,0
DA:297,0
DA:300,0
DA:303,0
DA:304,0
DA:307,0
DA:308,0
DA:309,0
DA:311,0
DA:312,0
DA:313,0
DA:322,0
DA:323,0
DA:324,0
DA:325,0
DA:326,0
DA:327,0
DA:328,0
DA:329,0
DA:333,0
DA:341,0
DA:342,0
DA:346,0
DA:347,0
DA:351,0
DA:352,0
DA:353,0
DA:354,0
DA:359,0
DA:360,0
DA:361,0
DA:362,0
DA:367,0
DA:368,0
DA:369,0
DA:370,0
LF:142
LH:42
BRDA:30,0,0,1
BRDA:30,0,1,1
BRDA:51,1,0,1
BRDA:51,1,1,0
BRDA:69,2,0,2
BRDA:69,2,1,1
BRDA:144,3,0,1
BRDA:144,3,1,1
BRDA:155,4,0,0
BRDA:155,4,1,0
BRDA:169,5,0,0
BRDA:169,5,1,0
BRDA:171,6,0,0
BRDA:171,6,1,0
BRDA:182,7,0,0
BRDA:182,7,1,0
BRDA:192,8,0,0
BRDA:192,8,1,0
BRDA:193,9,0,0
BRDA:193,9,1,0
BRDA:194,10,0,0
BRDA:194,10,1,0
BRDA:195,11,0,0
BRDA:195,11,1,0
BRDA:196,12,0,0
BRDA:196,12,1,0
BRDA:206,13,0,0
BRDA:206,13,1,0
BRDA:218,14,0,0
BRDA:218,14,1,0
BRDA:233,15,0,0
BRDA:233,15,1,0
BRDA:243,16,0,0
BRDA:243,16,1,0
BRDA:247,17,0,0
BRDA:247,17,1,0
BRDA:251,18,0,0
BRDA:251,18,1,0
BRDA:257,19,0,0
BRDA:257,19,1,0
BRDA:259,20,0,0
BRDA:259,20,1,0
BRDA:273,21,0,0
BRDA:273,21,1,0
BRDA:283,22,0,0
BRDA:283,22,1,0
BRDA:284,23,0,0
BRDA:284,23,1,0
BRDA:285,24,0,0
BRDA:285,24,1,0
BRDA:290,25,0,0
BRDA:290,25,1,0
BRDA:290,26,0,0
BRDA:290,26,1,0
BRDA:308,27,0,0
BRDA:308,27,1,0
BRDA:308,27,2,0
BRDA:311,28,0,0
BRDA:311,28,1,0
BRDA:324,29,0,0
BRDA:324,29,1,0
BRDA:326,30,0,0
BRDA:326,30,1,0
BRDA:327,31,0,0
BRDA:327,31,1,0
BRDA:327,31,2,0
BRDA:327,31,3,0
BRDA:329,32,0,0
BRDA:329,32,1,0
BRDA:342,33,0,0
BRDA:342,33,1,0
BRDA:342,34,0,0
BRDA:342,34,1,0
BRDA:347,35,0,0
BRDA:347,35,1,0
BRDA:352,36,0,0
BRDA:352,36,1,0
BRDA:360,37,0,0
BRDA:360,37,1,0
BRDA:369,38,0,0
BRDA:369,38,1,0
BRDA:370,39,0,0
BRDA:370,39,1,0
BRF:83
BRH:7
end_of_record
TN:
SF:frontend\src\js\cache.js
FN:7,(anonymous_0)
FN:18,(anonymous_1)
FN:26,(anonymous_2)
FN:35,(anonymous_3)
FN:57,(anonymous_4)
FN:72,(anonymous_5)
FN:80,(anonymous_6)
FN:87,(anonymous_7)
FN:94,(anonymous_8)
FN:107,(anonymous_9)
FN:132,(anonymous_10)
FNF:11
FNH:10
FNDA:1,(anonymous_0)
FNDA:16,(anonymous_1)
FNDA:1,(anonymous_2)
FNDA:29,(anonymous_3)
FNDA:28,(anonymous_4)
FNDA:4,(anonymous_5)
FNDA:2,(anonymous_6)
FNDA:24,(anonymous_7)
FNDA:2,(anonymous_8)
FNDA:2,(anonymous_9)
FNDA:0,(anonymous_10)
DA:8,1
DA:9,1
DA:19,16
DA:27,1
DA:36,29
DA:38,29
DA:39,6
DA:43,23
DA:44,4
DA:45,4
DA:48,19
DA:58,28
DA:60,28
DA:73,4
DA:81,2
DA:88,24
DA:95,2
DA:96,2
DA:97,4
DA:98,1
DA:108,2
DA:109,2
DA:110,2
DA:112,2
DA:113,3
DA:114,1
DA:116,2
DA:120,2
DA:129,1
DA:132,1
DA:133,0
LF:31
LH:30
BRDA:38,0,0,6
BRDA:38,0,1,23
BRDA:43,1,0,4
BRDA:43,1,1,19
BRDA:57,2,0,17
BRDA:58,3,0,28
BRDA:58,3,1,17
BRDA:97,4,0,1
BRDA:97,4,1,3
BRDA:113,5,0,1
BRDA:113,5,1,2
BRF:11
BRH:11
end_of_record
TN:
SF:frontend\src\js\config.js
FN:41,(anonymous_0)
FN:44,(anonymous_1)
FN:45,(anonymous_2)
FN:49,(anonymous_3)
FN:85,isValidPeriod
FN:94,getCacheTTL
FNF:6
FNH:5
FNDA:1,(anonymous_0)
FNDA:3,(anonymous_1)
FNDA:0,(anonymous_2)
FNDA:1,(anonymous_3)
FNDA:13,isValidPeriod
FNDA:6,getCacheTTL
DA:7,1
DA:17,1
DA:20,1
DA:30,1
DA:41,1
DA:44,3
DA:45,0
DA:49,1
DA:56,1
DA:66,1
DA:74,1
DA:86,13
DA:95,6
LF:13
LH:12
BRDA:44,0,0,1
BRDA:95,1,0,6
BRDA:95,1,1,3
BRF:3
BRH:3
end_of_record
TN:
SF:frontend\src\js\icons.js
FN:8,getWeatherIcon
FN:25,getIconData
FN:93,createIconSVG
FN:109,getIconPath
FN:125,formatTemperature
FN:136,formatTime
FN:175,formatDate
FN:195,getParameterIcon
FN:211,getParameterIconData
FN:251,createParameterIconSVG
FN:268,getParameterIconPath
FNF:11
FNH:7
FNDA:9,getWeatherIcon
FNDA:9,getIconData
FNDA:9,createIconSVG
FNDA:9,getIconPath
FNDA:8,formatTemperature
FNDA:6,formatTime
FNDA:6,formatDate
FNDA:0,getParameterIcon
FNDA:0,getParameterIconData
FNDA:0,createParameterIconSVG
FNDA:0,getParameterIconPath
DA:9,9
DA:15,9
DA:16,9
DA:18,9
DA:26,9
DA:29,9
DA:30,4
DA:38,5
DA:39,1
DA:47,4
DA:48,1
DA:56,3
DA:57,1
DA:65,2
DA:66,0
DA:74,2
DA:75,1
DA:83,1
DA:94,9
DA:95,9
DA:96,9
DA:97,9
DA:98,9
DA:100,9
DA:101,9
DA:103,9
DA:110,9
DA:119,9
DA:126,8
DA:127,6
DA:137,6
DA:140,4
DA:141,1
DA:142,3
DA:144,0
DA:145,0
DA:147,0
DA:150,3
DA:156,4
DA:159,4
DA:160,4
DA:161,4
DA:164,4
DA:165,4
DA:166,4
DA:167,4
DA:169,4
DA:176,6
DA:178,4
DA:179,4
DA:180,4
DA:181,4
DA:182,4
DA:183,4
DA:184,4
DA:186,4
DA:196,0
DA:202,0
DA:203,0
DA:205,0
DA:212,0
DA:214,0
DA:233,0
DA:234,0
DA:238,0
DA:239,0
DA:240,0
DA:245,0
DA:252,0
DA:253,0
DA:254,0
DA:255,0
DA:256,0
DA:257,0
DA:259,0
DA:260,0
DA:262,0
DA:269,0
DA:283,0
LF:79
LH:52
BRDA:8,0,0,0
BRDA:15,1,0,9
BRDA:15,1,1,0
BRDA:26,2,0,9
BRDA:26,2,1,0
BRDA:29,3,0,4
BRDA:29,3,1,5
BRDA:29,4,0,9
BRDA:29,4,1,8
BRDA:38,5,0,1
BRDA:38,5,1,4
BRDA:38,6,0,5
BRDA:38,6,1,4
BRDA:38,6,2,4
BRDA:47,7,0,1
BRDA:47,7,1,3
BRDA:47,8,0,4
BRDA:47,8,1,3
BRDA:56,9,0,1
BRDA:56,9,1,2
BRDA:56,10,0,3
BRDA:56,10,1,2
BRDA:65,11,0,0
BRDA:65,11,1,2
BRDA:65,12,0,2
BRDA:65,12,1,2
BRDA:65,12,2,2
BRDA:65,12,3,2
BRDA:74,13,0,1
BRDA:74,13,1,1
BRDA:74,14,0,2
BRDA:74,14,1,1
BRDA:119,15,0,9
BRDA:119,15,1,0
BRDA:125,16,0,7
BRDA:126,17,0,2
BRDA:126,17,1,6
BRDA:126,18,0,8
BRDA:126,18,1,7
BRDA:136,19,0,6
BRDA:137,20,0,2
BRDA:137,20,1,4
BRDA:140,21,0,1
BRDA:140,21,1,3
BRDA:142,22,0,0
BRDA:142,22,1,3
BRDA:144,23,0,0
BRDA:144,23,1,0
BRDA:166,24,0,3
BRDA:166,24,1,1
BRDA:167,25,0,4
BRDA:167,25,1,0
BRDA:176,26,0,2
BRDA:176,26,1,4
BRDA:183,27,0,4
BRDA:183,27,1,0
BRDA:184,28,0,4
BRDA:184,28,1,0
BRDA:195,29,0,0
BRDA:202,30,0,0
BRDA:202,30,1,0
BRDA:212,31,0,0
BRDA:212,31,1,0
BRDA:233,32,0,0
BRDA:233,32,1,0
BRDA:239,33,0,0
BRDA:239,33,1,0
BRDA:239,34,0,0
BRDA:239,34,1,0
BRDA:283,35,0,0
BRDA:283,35,1,0
BRF:71
BRH:47
end_of_record
TN:
SF:frontend\src\js\search.js
FN:25,escapeHtml
FN:37,searchCities
FN:47,(anonymous_2)
FN:68,displaySearchResults
FN:80,(anonymous_4)
FN:94,(anonymous_5)
FN:104,hideSearchResults
FN:116,selectCity
FN:149,createSubscriptionDirect
FN:169,initSearch
FN:180,(anonymous_10)
FN:192,(anonymous_11)
FN:206,showNotification
FN:218,(anonymous_13)
FNF:14
FNH:10
FNDA:6,escapeHtml
FNDA:6,searchCities
FNDA:4,(anonymous_2)
FNDA:4,displaySearchResults
FNDA:3,(anonymous_4)
FNDA:0,(anonymous_5)
FNDA:7,hideSearchResults
FNDA:4,selectCity
FNDA:1,createSubscriptionDirect
FNDA:4,initSearch
FNDA:0,(anonymous_10)
FNDA:0,(anonymous_11)
FNDA:2,showNotification
FNDA:0,(anonymous_13)
DA:15,1
DA:16,1
DA:17,1
DA:18,1
DA:26,6
DA:27,5
DA:28,5
DA:29,5
DA:38,6
DA:39,5
DA:42,6
DA:43,1
DA:44,1
DA:47,5
DA:48,4
DA:49,4
DA:50,3
DA:52,3
DA:53,2
DA:55,1
DA:58,1
DA:59,1
DA:69,4
DA:70,4
DA:72,4
DA:73,2
DA:74,2
DA:75,2
DA:78,2
DA:80,2
DA:81,3
DA:82,3
DA:83,3
DA:94,3
DA:95,3
DA:98,2
DA:105,7
DA:106,7
DA:107,7
DA:117,4
DA:120,4
DA:121,4
DA:122,4
DA:125,4
DA:126,3
DA:127,3
DA:128,1
DA:129,1
DA:132,2
DA:133,2
DA:134,1
DA:136,1
DA:139,1
DA:150,1
DA:151,1
DA:153,1
DA:154,1
DA:156,1
DA:158,1
DA:162,0
DA:170,4
DA:171,4
DA:174,3
DA:175,2
DA:179,3
DA:180,2
DA:181,0
DA:182,0
DA:183,0
DA:185,0
DA:188,2
DA:192,3
DA:193,0
DA:194,0
DA:195,0
DA:199,3
DA:200,3
DA:207,2
DA:213,2
DA:214,2
DA:215,2
DA:217,2
DA:218,2
LF:83
LH:75
BRDA:26,0,0,1
BRDA:26,0,1,5
BRDA:38,1,0,5
BRDA:38,1,1,1
BRDA:42,2,0,1
BRDA:42,2,1,5
BRDA:42,3,0,6
BRDA:42,3,1,6
BRDA:50,4,0,3
BRDA:50,4,1,2
BRDA:50,4,2,0
BRDA:52,5,0,2
BRDA:52,5,1,1
BRDA:70,6,0,0
BRDA:70,6,1,4
BRDA:72,7,0,2
BRDA:72,7,1,2
BRDA:72,8,0,4
BRDA:72,8,1,3
BRDA:106,9,0,7
BRDA:106,9,1,0
BRDA:116,10,0,0
BRDA:121,11,0,4
BRDA:121,11,1,0
BRDA:125,12,0,3
BRDA:125,12,1,1
BRDA:127,13,0,1
BRDA:127,13,1,2
BRDA:133,14,0,1
BRDA:133,14,1,1
BRDA:162,15,0,0
BRDA:162,15,1,0
BRDA:171,16,0,1
BRDA:171,16,1,3
BRDA:174,17,0,2
BRDA:174,17,1,1
BRDA:174,18,0,3
BRDA:174,18,1,2
BRDA:179,19,0,2
BRDA:179,19,1,1
BRDA:182,20,0,0
BRDA:182,20,1,0
BRDA:194,21,0,0
BRDA:194,21,1,0
BRDA:194,22,0,0
BRDA:194,22,1,0
BRDA:194,22,2,0
BRDA:206,23,0,0
BRF:48
BRH:33
end_of_record
TN:
SF:frontend\src\js\subscriptions.js
FN:23,getUserSubscriptions
FN:52,loadSubscribedCitiesWithWeather
FN:62,(anonymous_2)
FN:94,renderSubscribedCitiesList
FN:113,(anonymous_4)
FN:125,(anonymous_5)
FN:179,(anonymous_6)
FN:193,(anonymous_7)
FN:202,selectCityFromList
FN:212,(anonymous_9)
FN:219,(anonymous_10)
FN:228,(anonymous_11)
FN:243,createSubscription
FN:296,updateSubscription
FN:312,deleteSubscription
FN:328,getCityLocalTime
FN:339,(anonymous_16)
FN:340,(anonymous_17)
FN:341,(anonymous_18)
FN:354,getTimezoneForCity
FN:393,updateCitiesTime
FN:394,(anonymous_21)
FN:414,initTimeUpdates
FN:423,stopTimeUpdates
FN:433,addNewLocation
FN:444,getCurrentSelectedCityId
FN:453,showSubscriptionSettingsModal
FN:497,setElementValue
FN:505,setupModalHandlers
FN:512,(anonymous_29)
FN:526,(anonymous_30)
FN:535,(anonymous_31)
FN:542,handleUpdate
FN:571,handleCreate
FN:604,handleUnsubscribe
FN:638,getModalFormData
FN:650,hideModal
FN:662,showNotification
FN:674,(anonymous_38)
FNF:39
FNH:20
FNDA:10,getUserSubscriptions
FNDA:3,loadSubscribedCitiesWithWeather
FNDA:3,(anonymous_2)
FNDA:3,renderSubscribedCitiesList
FNDA:1,(anonymous_4)
FNDA:0,(anonymous_5)
FNDA:0,(anonymous_6)
FNDA:0,(anonymous_7)
FNDA:1,selectCityFromList
FNDA:2,(anonymous_9)
FNDA:1,(anonymous_10)
FNDA:0,(anonymous_11)
FNDA:6,createSubscription
FNDA:2,updateSubscription
FNDA:2,deleteSubscription
FNDA:0,getCityLocalTime
FNDA:0,(anonymous_16)
FNDA:0,(anonymous_17)
FNDA:0,(anonymous_18)
FNDA:0,getTimezoneForCity
FNDA:3,updateCitiesTime
FNDA:0,(anonymous_21)
FNDA:2,initTimeUpdates
FNDA:3,stopTimeUpdates
FNDA:2,addNewLocation
FNDA:1,getCurrentSelectedCityId
FNDA:2,showSubscriptionSettingsModal
FNDA:3,setElementValue
FNDA:1,setupModalHandlers
FNDA:4,(anonymous_29)
FNDA:0,(anonymous_30)
FNDA:0,(anonymous_31)
FNDA:0,handleUpdate
FNDA:0,handleCreate
FNDA:0,handleUnsubscribe
FNDA:0,getModalFormData
FNDA:0,hideModal
FNDA:0,showNotification
FNDA:0,(anonymous_38)
DA:14,1
DA:15,1
DA:16,1
DA:24,10
DA:26,10
DA:27,9
DA:28,9
DA:31,9
DA:32,9
DA:33,7
DA:36,7
DA:38,7
DA:40,2
DA:41,1
DA:43,1
DA:44,1
DA:53,3
DA:54,3
DA:56,3
DA:57,1
DA:61,2
DA:63,3
DA:64,3
DA:65,2
DA:72,1
DA:73,1
DA:83,2
DA:85,0
DA:86,0
DA:95,3
DA:96,3
DA:98,3
DA:99,3
DA:100,3
DA:103,3
DA:104,1
DA:105,1
DA:108,2
DA:109,2
DA:111,1
DA:113,1
DA:114,1
DA:115,1
DA:117,1
DA:118,1
DA:120,1
DA:121,0
DA:125,1
DA:126,0
DA:130,1
DA:140,1
DA:141,1
DA:142,1
DA:143,1
DA:144,1
DA:145,1
DA:146,0
DA:151,1
DA:152,1
DA:153,1
DA:155,1
DA:156,1
DA:160,1
DA:161,1
DA:162,1
DA:163,1
DA:164,1
DA:168,1
DA:169,1
DA:170,1
DA:176,1
DA:177,1
DA:178,1
DA:179,1
DA:180,0
DA:181,0
DA:185,1
DA:186,1
DA:189,1
DA:193,1
DA:194,0
DA:203,1
DA:204,0
DA:207,1
DA:208,1
DA:210,1
DA:212,1
DA:213,2
DA:214,2
DA:218,1
DA:219,1
DA:221,1
DA:228,1
DA:229,0
DA:251,6
DA:252,1
DA:255,6
DA:262,6
DA:263,3
DA:264,3
DA:265,2
DA:266,1
DA:268,1
DA:276,1
DA:279,5
DA:280,5
DA:282,4
DA:283,4
DA:285,1
DA:286,1
DA:297,2
DA:298,2
DA:299,1
DA:300,1
DA:302,1
DA:303,1
DA:313,2
DA:314,2
DA:315,1
DA:316,1
DA:318,1
DA:319,1
DA:329,0
DA:330,0
DA:331,0
DA:338,0
DA:339,0
DA:340,0
DA:341,0
DA:343,0
DA:345,0
DA:355,0
DA:357,0
DA:360,0
DA:379,0
DA:380,0
DA:381,0
DA:382,0
DA:383,0
DA:384,0
DA:387,0
DA:394,3
DA:395,0
DA:396,0
DA:398,0
DA:399,0
DA:400,0
DA:401,0
DA:403,0
DA:404,0
DA:405,0
DA:415,2
DA:416,2
DA:417,2
DA:424,3
DA:425,2
DA:426,2
DA:434,2
DA:435,2
DA:436,1
DA:445,1
DA:454,2
DA:455,2
DA:458,1
DA:459,1
DA:460,1
DA:464,1
DA:465,1
DA:466,1
DA:468,1
DA:469,1
DA:470,1
DA:473,1
DA:474,1
DA:475,1
DA:479,1
DA:480,1
DA:481,1
DA:485,1
DA:486,1
DA:487,1
DA:490,1
DA:491,1
DA:498,3
DA:499,3
DA:506,1
DA:507,1
DA:508,1
DA:509,1
DA:512,1
DA:513,4
DA:514,4
DA:515,4
DA:520,1
DA:521,1
DA:522,1
DA:523,1
DA:525,1
DA:526,1
DA:531,1
DA:532,1
DA:534,1
DA:535,1
DA:543,0
DA:544,0
DA:546,0
DA:547,0
DA:548,0
DA:549,0
DA:552,0
DA:553,0
DA:555,0
DA:556,0
DA:557,0
DA:559,0
DA:561,0
DA:562,0
DA:563,0
DA:572,0
DA:573,0
DA:575,0
DA:576,0
DA:577,0
DA:578,0
DA:581,0
DA:582,0
DA:584,0
DA:585,0
DA:586,0
DA:588,0
DA:592,0
DA:594,0
DA:595,0
DA:596,0
DA:605,0
DA:607,0
DA:608,0
DA:611,0
DA:613,0
DA:614,0
DA:615,0
DA:616,0
DA:619,0
DA:620,0
DA:622,0
DA:623,0
DA:624,0
DA:626,0
DA:628,0
DA:629,0
DA:630,0
DA:639,0
DA:651,0
DA:652,0
DA:653,0
DA:663,0
DA:669,0
DA:670,0
DA:671,0
DA:673,0
DA:674,0
LF:261
LH:165
BRDA:23,0,0,8
BRDA:26,1,0,9
BRDA:26,1,1,1
BRDA:28,2,0,1
BRDA:28,2,1,8
BRDA:33,3,0,7
BRDA:33,3,1,1
BRDA:33,4,0,1
BRDA:33,4,1,0
BRDA:40,5,0,1
BRDA:40,5,1,1
BRDA:56,6,0,1
BRDA:56,6,1,2
BRDA:56,7,0,3
BRDA:56,7,1,3
BRDA:69,8,0,2
BRDA:69,8,1,2
BRDA:96,9,0,0
BRDA:96,9,1,3
BRDA:99,10,0,3
BRDA:99,10,1,0
BRDA:103,11,0,1
BRDA:103,11,1,2
BRDA:103,12,0,3
BRDA:103,12,1,3
BRDA:109,13,0,1
BRDA:109,13,1,1
BRDA:117,14,0,1
BRDA:117,14,1,0
BRDA:120,15,0,0
BRDA:120,15,1,1
BRDA:135,16,0,1
BRDA:135,16,1,1
BRDA:141,17,0,1
BRDA:141,17,1,0
BRDA:143,18,0,1
BRDA:143,18,1,0
BRDA:144,19,0,1
BRDA:144,19,1,0
BRDA:145,20,0,0
BRDA:145,20,1,1
BRDA:152,21,0,1
BRDA:152,21,1,0
BRDA:153,22,0,1
BRDA:153,22,1,1
BRDA:161,23,0,1
BRDA:161,23,1,0
BRDA:161,24,0,1
BRDA:161,24,1,1
BRDA:169,25,0,1
BRDA:169,25,1,0
BRDA:170,26,0,1
BRDA:170,26,1,0
BRDA:177,27,0,1
BRDA:177,27,1,0
BRDA:177,28,0,1
BRDA:177,28,1,1
BRDA:185,29,0,1
BRDA:185,29,1,0
BRDA:185,30,0,1
BRDA:185,30,1,1
BRDA:203,31,0,0
BRDA:203,31,1,1
BRDA:203,32,0,1
BRDA:203,32,1,1
BRDA:224,33,0,1
BRDA:224,33,1,0
BRDA:245,34,0,0
BRDA:246,35,0,0
BRDA:247,36,0,0
BRDA:248,37,0,5
BRDA:251,38,0,1
BRDA:251,38,1,5
BRDA:262,39,0,3
BRDA:262,39,1,3
BRDA:264,40,0,2
BRDA:264,40,1,1
BRDA:265,41,0,1
BRDA:265,41,1,1
BRDA:271,42,0,1
BRDA:271,42,1,0
BRDA:272,43,0,1
BRDA:272,43,1,0
BRDA:339,44,0,0
BRDA:339,44,1,0
BRDA:340,45,0,0
BRDA:340,45,1,0
BRDA:341,46,0,0
BRDA:341,46,1,0
BRDA:355,47,0,0
BRDA:355,47,1,0
BRDA:379,48,0,0
BRDA:379,48,1,0
BRDA:381,49,0,0
BRDA:381,49,1,0
BRDA:381,50,0,0
BRDA:381,50,1,0
BRDA:382,51,0,0
BRDA:382,51,1,0
BRDA:382,52,0,0
BRDA:382,52,1,0
BRDA:383,53,0,0
BRDA:383,53,1,0
BRDA:383,54,0,0
BRDA:383,54,1,0
BRDA:387,55,0,0
BRDA:387,55,1,0
BRDA:396,56,0,0
BRDA:396,56,1,0
BRDA:401,57,0,0
BRDA:401,57,1,0
BRDA:403,58,0,0
BRDA:403,58,1,0
BRDA:424,59,0,2
BRDA:424,59,1,1
BRDA:435,60,0,1
BRDA:435,60,1,1
BRDA:455,61,0,1
BRDA:455,61,1,1
BRDA:459,62,0,1
BRDA:459,62,1,0
BRDA:459,63,0,1
BRDA:459,63,1,1
BRDA:464,64,0,1
BRDA:464,64,1,0
BRDA:465,65,0,1
BRDA:465,65,1,1
BRDA:466,66,0,1
BRDA:466,66,1,1
BRDA:469,67,0,1
BRDA:469,67,1,0
BRDA:470,68,0,1
BRDA:470,68,1,1
BRDA:474,69,0,1
BRDA:474,69,1,0
BRDA:480,70,0,1
BRDA:480,70,1,0
BRDA:481,71,0,1
BRDA:481,71,1,0
BRDA:486,72,0,1
BRDA:486,72,1,0
BRDA:499,73,0,3
BRDA:499,73,1,0
BRDA:513,74,0,4
BRDA:513,74,1,0
BRDA:525,75,0,1
BRDA:525,75,1,0
BRDA:526,76,0,0
BRDA:526,76,1,0
BRDA:531,77,0,1
BRDA:531,77,1,0
BRDA:532,78,0,1
BRDA:532,78,1,0
BRDA:534,79,0,1
BRDA:534,79,1,0
BRDA:534,80,0,1
BRDA:534,80,1,1
BRDA:547,81,0,0
BRDA:547,81,1,0
BRDA:559,82,0,0
BRDA:559,82,1,0
BRDA:561,83,0,0
BRDA:561,83,1,0
BRDA:576,84,0,0
BRDA:576,84,1,0
BRDA:592,85,0,0
BRDA:592,85,1,0
BRDA:594,86,0,0
BRDA:594,86,1,0
BRDA:605,87,0,0
BRDA:605,87,1,0
BRDA:607,88,0,0
BRDA:607,88,1,0
BRDA:614,89,0,0
BRDA:614,89,1,0
BRDA:626,90,0,0
BRDA:626,90,1,0
BRDA:628,91,0,0
BRDA:628,91,1,0
BRDA:640,92,0,0
BRDA:640,92,1,0
BRDA:641,93,0,0
BRDA:641,93,1,0
BRDA:642,94,0,0
BRDA:642,94,1,0
BRDA:643,95,0,0
BRDA:643,95,1,0
BRDA:652,96,0,0
BRDA:652,96,1,0
BRDA:662,97,0,0
BRF:190
BRH:90
end_of_record
TN:
SF:frontend\src\js\ui.js
FN:12,initSidebar
FN:16,(anonymous_1)
FN:26,(anonymous_2)
FN:37,handleActiveNav
FN:38,(anonymous_4)
FN:46,initPeriodNavigation
FN:47,(anonymous_6)
FN:48,(anonymous_7)
FN:59,handlePeriodSelect
FN:61,(anonymous_9)
FN:73,handleCitySelect
FN:82,updateSelectedCityDetail
FN:131,updateCityListItem
FN:159,setElementText
FN:168,scrollHourlyForecast
FN:182,toggleAirConditions
FN:185,(anonymous_16)
FN:193,initCityNavigation
FN:206,initDragToScroll
FN:226,(anonymous_19)
FN:234,(anonymous_20)
FN:239,(anonymous_21)
FN:244,(anonymous_22)
FN:252,(anonymous_23)
FN:290,removeDragScrollHandlers
FN:302,initCitiesListDragScroll
FN:322,(anonymous_26)
FN:330,(anonymous_27)
FN:335,(anonymous_28)
FN:340,(anonymous_29)
FN:349,(anonymous_30)
FNF:31
FNH:15
FNDA:2,initSidebar
FNDA:2,(anonymous_1)
FNDA:0,(anonymous_2)
FNDA:1,handleActiveNav
FNDA:2,(anonymous_4)
FNDA:1,initPeriodNavigation
FNDA:1,(anonymous_6)
FNDA:0,(anonymous_7)
FNDA:1,handlePeriodSelect
FNDA:2,(anonymous_9)
FNDA:1,handleCitySelect
FNDA:3,updateSelectedCityDetail
FNDA:2,updateCityListItem
FNDA:6,setElementText
FNDA:3,scrollHourlyForecast
FNDA:2,toggleAirConditions
FNDA:0,(anonymous_16)
FNDA:1,initCityNavigation
FNDA:0,initDragToScroll
FNDA:0,(anonymous_19)
FNDA:0,(anonymous_20)
FNDA:0,(anonymous_21)
FNDA:0,(anonymous_22)
FNDA:0,(anonymous_23)
FNDA:0,removeDragScrollHandlers
FNDA:0,initCitiesListDragScroll
FNDA:0,(anonymous_26)
FNDA:0,(anonymous_27)
FNDA:0,(anonymous_28)
FNDA:0,(anonymous_29)
FNDA:0,(anonymous_30)
DA:13,2
DA:14,2
DA:16,2
DA:17,2
DA:20,2
DA:21,2
DA:22,0
DA:23,0
DA:26,2
DA:27,0
DA:28,0
DA:38,1
DA:39,2
DA:47,1
DA:48,1
DA:49,0
DA:50,0
DA:61,1
DA:62,2
DA:66,1
DA:74,1
DA:83,3
DA:84,3
DA:86,2
DA:87,2
DA:89,2
DA:90,2
DA:92,1
DA:95,1
DA:98,1
DA:101,1
DA:104,1
DA:107,1
DA:108,1
DA:110,1
DA:111,1
DA:115,1
DA:116,1
DA:117,1
DA:118,1
DA:119,1
DA:122,1
DA:123,1
DA:132,2
DA:133,2
DA:135,1
DA:136,1
DA:139,1
DA:140,1
DA:141,1
DA:142,1
DA:143,1
DA:147,1
DA:148,1
DA:149,1
DA:160,6
DA:161,6
DA:169,3
DA:170,3
DA:172,2
DA:173,2
DA:183,2
DA:184,2
DA:185,1
DA:198,3
DA:207,0
DA:208,0
DA:211,0
DA:213,0
DA:217,0
DA:218,0
DA:221,0
DA:226,0
DA:227,0
DA:228,0
DA:229,0
DA:230,0
DA:231,0
DA:234,0
DA:235,0
DA:236,0
DA:239,0
DA:240,0
DA:241,0
DA:244,0
DA:245,0
DA:246,0
DA:247,0
DA:248,0
DA:249,0
DA:252,0
DA:253,0
DA:254,0
DA:259,0
DA:268,0
DA:269,0
DA:272,0
DA:273,0
DA:276,0
DA:277,0
DA:278,0
DA:279,0
DA:280,0
DA:283,0
DA:284,0
DA:291,0
DA:292,0
DA:293,0
DA:294,0
DA:295,0
DA:296,0
DA:303,0
DA:304,0
DA:307,0
DA:308,0
DA:310,0
DA:315,0
DA:316,0
DA:319,0
DA:320,0
DA:322,0
DA:323,0
DA:324,0
DA:325,0
DA:326,0
DA:327,0
DA:330,0
DA:331,0
DA:332,0
DA:335,0
DA:336,0
DA:337,0
DA:340,0
DA:341,0
DA:342,0
DA:343,0
DA:344,0
DA:345,0
DA:349,0
DA:350,0
DA:351,0
LF:141
LH:59
BRDA:20,0,0,2
BRDA:20,0,1,0
BRDA:20,1,0,2
BRDA:20,1,1,2
BRDA:22,2,0,0
BRDA:22,2,1,0
BRDA:84,3,0,1
BRDA:84,3,1,2
BRDA:84,4,0,3
BRDA:84,4,1,2
BRDA:87,5,0,0
BRDA:87,5,1,2
BRDA:90,6,0,1
BRDA:90,6,1,1
BRDA:95,7,0,1
BRDA:95,7,1,0
BRDA:98,8,0,1
BRDA:98,8,1,0
BRDA:101,9,0,1
BRDA:101,9,1,0
BRDA:104,10,0,1
BRDA:104,10,1,0
BRDA:107,11,0,1
BRDA:107,11,1,0
BRDA:110,12,0,1
BRDA:110,12,1,0
BRDA:116,13,0,1
BRDA:116,13,1,0
BRDA:116,14,0,1
BRDA:116,14,1,1
BRDA:133,15,0,1
BRDA:133,15,1,1
BRDA:133,16,0,2
BRDA:133,16,1,1
BRDA:136,17,0,0
BRDA:136,17,1,1
BRDA:140,18,0,1
BRDA:140,18,1,0
BRDA:140,19,0,1
BRDA:140,19,1,1
BRDA:148,20,0,1
BRDA:148,20,1,0
BRDA:148,21,0,1
BRDA:148,21,1,1
BRDA:161,22,0,6
BRDA:161,22,1,0
BRDA:168,23,0,1
BRDA:170,24,0,1
BRDA:170,24,1,2
BRDA:174,25,0,1
BRDA:174,25,1,1
BRDA:184,26,0,1
BRDA:184,26,1,1
BRDA:208,27,0,0
BRDA:208,27,1,0
BRDA:211,28,0,0
BRDA:211,28,1,0
BRDA:211,29,0,0
BRDA:211,29,1,0
BRDA:211,29,2,0
BRDA:217,30,0,0
BRDA:217,30,1,0
BRDA:217,31,0,0
BRDA:217,31,1,0
BRDA:217,31,2,0
BRDA:245,32,0,0
BRDA:245,32,1,0
BRDA:253,33,0,0
BRDA:253,33,1,0
BRDA:291,34,0,0
BRDA:291,34,1,0
BRDA:291,35,0,0
BRDA:291,35,1,0
BRDA:304,36,0,0
BRDA:304,36,1,0
BRDA:307,37,0,0
BRDA:307,37,1,0
BRDA:341,38,0,0
BRDA:341,38,1,0
BRDA:350,39,0,0
BRDA:350,39,1,0
BRF:81
BRH:38
end_of_record
TN:
SF:frontend\src\js\weather.js
FN:42,fetchWeatherForecast
FN:81,fetchCurrentWeather
FN:90,fetchHourlyForecast
FN:99,fetchWeeklyForecast
FN:108,getWeatherDataArray
FN:122,getFirstWeatherItem
FN:132,updateWeatherDisplay
FN:229,startCurrentWeatherTimeUpdates
FN:236,(anonymous_8)
FN:248,stopCurrentWeatherTimeUpdates
FN:266,getParameterName
FN:289,updateCurrentWeatherConditions
FN:291,(anonymous_12)
FN:297,(anonymous_13)
FN:331,(anonymous_14)
FN:341,(anonymous_15)
FN:351,(anonymous_16)
FN:361,(anonymous_17)
FN:371,(anonymous_18)
FN:402,(anonymous_19)
FN:417,(anonymous_20)
FN:427,(anonymous_21)
FN:437,(anonymous_22)
FN:447,(anonymous_23)
FN:462,(anonymous_24)
FN:477,updateHourlyForecast
FN:540,(anonymous_26)
FN:611,(anonymous_27)
FN:622,processDataForPeriod
FN:632,(anonymous_29)
FN:651,(anonymous_30)
FN:670,(anonymous_31)
FN:689,(anonymous_32)
FN:708,(anonymous_33)
FN:738,filterByDay
FN:746,(anonymous_35)
FN:765,groupByDayPeriods
FN:774,(anonymous_37)
FN:787,(anonymous_38)
FN:811,getOneDayPerEntry
FN:816,(anonymous_40)
FN:839,(anonymous_41)
FN:848,getItemDate
FN:867,formatTimeLabel
FN:903,getResponsiveSizes
FN:935,applySizeToIcon
FN:954,updateForecastDetails
FN:956,(anonymous_47)
FN:962,(anonymous_48)
FN:997,(anonymous_49)
FN:1007,(anonymous_50)
FN:1017,(anonymous_51)
FN:1027,(anonymous_52)
FN:1037,(anonymous_53)
FN:1068,(anonymous_54)
FN:1083,(anonymous_55)
FN:1093,(anonymous_56)
FN:1103,(anonymous_57)
FN:1113,(anonymous_58)
FN:1128,(anonymous_59)
FN:1141,clearWeatherCache
FN:1143,(anonymous_61)
FNF:62
FNH:17
FNDA:9,fetchWeatherForecast
FNDA:1,fetchCurrentWeather
FNDA:1,fetchHourlyForecast
FNDA:1,fetchWeeklyForecast
FNDA:11,getWeatherDataArray
FNDA:6,getFirstWeatherItem
FNDA:3,updateWeatherDisplay
FNDA:1,startCurrentWeatherTimeUpdates
FNDA:0,(anonymous_8)
FNDA:0,stopCurrentWeatherTimeUpdates
FNDA:6,getParameterName
FNDA:1,updateCurrentWeatherConditions
FNDA:11,(anonymous_12)
FNDA:0,(anonymous_13)
FNDA:1,(anonymous_14)
FNDA:1,(anonymous_15)
FNDA:0,(anonymous_16)
FNDA:1,(anonymous_17)
FNDA:0,(anonymous_18)
FNDA:0,(anonymous_19)
FNDA:0,(anonymous_20)
FNDA:0,(anonymous_21)
FNDA:0,(anonymous_22)
FNDA:0,(anonymous_23)
FNDA:0,(anonymous_24)
FNDA:4,updateHourlyForecast
FNDA:0,(anonymous_26)
FNDA:0,(anonymous_27)
FNDA:0,processDataForPeriod
FNDA:0,(anonymous_29)
FNDA:0,(anonymous_30)
FNDA:0,(anonymous_31)
FNDA:0,(anonymous_32)
FNDA:0,(anonymous_33)
FNDA:0,filterByDay
FNDA:0,(anonymous_35)
FNDA:0,groupByDayPeriods
FNDA:0,(anonymous_37)
FNDA:0,(anonymous_38)
FNDA:0,getOneDayPerEntry
FNDA:0,(anonymous_40)
FNDA:0,(anonymous_41)
FNDA:0,getItemDate
FNDA:0,formatTimeLabel
FNDA:0,getResponsiveSizes
FNDA:0,applySizeToIcon
FNDA:0,updateForecastDetails
FNDA:0,(anonymous_47)
FNDA:0,(anonymous_48)
FNDA:0,(anonymous_49)
FNDA:0,(anonymous_50)
FNDA:0,(anonymous_51)
FNDA:0,(anonymous_52)
FNDA:0,(anonymous_53)
FNDA:0,(anonymous_54)
FNDA:0,(anonymous_55)
FNDA:0,(anonymous_56)
FNDA:0,(anonymous_57)
FNDA:0,(anonymous_58)
FNDA:0,(anonymous_59)
FNDA:2,clearWeatherCache
FNDA:6,(anonymous_61)
DA:32,1
DA:33,1
DA:48,9
DA:49,1
DA:50,1
DA:54,9
DA:55,9
DA:56,8
DA:57,8
DA:58,1
DA:62,8
DA:63,8
DA:66,7
DA:67,7
DA:69,7
DA:71,1
DA:72,1
DA:82,1
DA:91,1
DA:100,1
DA:109,11
DA:110,5
DA:111,5
DA:113,6
DA:114,6
DA:123,6
DA:124,6
DA:136,3
DA:137,3
DA:139,2
DA:140,2
DA:142,2
DA:143,2
DA:144,1
DA:146,1
DA:149,1
DA:152,1
DA:153,1
DA:154,1
DA:158,1
DA:159,1
DA:160,1
DA:161,1
DA:162,1
DA:168,1
DA:169,1
DA:170,1
DA:171,1
DA:172,1
DA:173,1
DA:177,1
DA:178,1
DA:179,1
DA:183,1
DA:184,1
DA:185,1
DA:189,1
DA:190,1
DA:191,1
DA:193,1
DA:194,0
DA:200,0
DA:201,0
DA:202,0
DA:204,0
DA:209,1
DA:210,1
DA:211,1
DA:212,1
DA:213,1
DA:217,1
DA:219,1
DA:220,1
DA:223,1
DA:231,1
DA:232,0
DA:236,1
DA:237,0
DA:238,0
DA:239,0
DA:240,0
DA:249,0
DA:250,0
DA:251,0
DA:267,6
DA:285,6
DA:286,6
DA:291,1
DA:297,0
DA:299,11
DA:300,11
DA:301,11
DA:303,11
DA:304,11
DA:305,3
DA:306,3
DA:309,3
DA:310,3
DA:313,3
DA:314,3
DA:315,3
DA:316,3
DA:319,8
DA:325,1
DA:331,1
DA:335,1
DA:341,1
DA:345,1
DA:351,0
DA:355,1
DA:361,1
DA:365,1
DA:372,0
DA:390,0
DA:391,0
DA:396,1
DA:403,0
DA:404,0
DA:406,0
DA:411,1
DA:417,0
DA:421,1
DA:427,0
DA:431,1
DA:437,0
DA:441,1
DA:448,0
DA:449,0
DA:451,0
DA:456,1
DA:463,0
DA:464,0
DA:466,0
DA:482,4
DA:483,4
DA:484,1
DA:485,1
DA:488,3
DA:489,3
DA:490,1
DA:491,1
DA:495,2
DA:496,2
DA:498,2
DA:500,1
DA:501,1
DA:503,0
DA:504,0
DA:506,1
DA:510,1
DA:512,1
DA:515,1
DA:516,1
DA:517,1
DA:519,1
DA:523,0
DA:525,0
DA:526,0
DA:528,0
DA:533,0
DA:534,0
DA:538,0
DA:540,0
DA:541,0
DA:542,0
DA:544,0
DA:547,0
DA:548,0
DA:549,0
DA:550,0
DA:551,0
DA:552,0
DA:553,0
DA:554,0
DA:557,0
DA:558,0
DA:559,0
DA:560,0
DA:564,0
DA:565,0
DA:566,0
DA:568,0
DA:569,0
DA:570,0
DA:571,0
DA:572,0
DA:573,0
DA:577,0
DA:578,0
DA:579,0
DA:580,0
DA:581,0
DA:585,0
DA:586,0
DA:587,0
DA:593,0
DA:594,0
DA:597,0
DA:599,0
DA:604,0
DA:606,0
DA:611,0
DA:612,0
DA:623,0
DA:628,0
DA:629,0
DA:630,0
DA:632,0
DA:634,0
DA:640,0
DA:645,0
DA:650,0
DA:652,0
DA:653,0
DA:655,0
DA:658,0
DA:663,0
DA:668,0
DA:672,0
DA:678,0
DA:683,0
DA:688,0
DA:690,0
DA:691,0
DA:693,0
DA:696,0
DA:701,0
DA:706,0
DA:710,0
DA:716,0
DA:721,0
DA:725,0
DA:728,0
DA:739,0
DA:740,0
DA:746,0
DA:747,0
DA:748,0
DA:750,0
DA:755,0
DA:766,0
DA:767,0
DA:768,0
DA:770,0
DA:771,0
DA:772,0
DA:774,0
DA:775,0
DA:776,0
DA:777,0
DA:782,0
DA:787,0
DA:788,0
DA:789,0
DA:794,0
DA:795,0
DA:802,0
DA:812,0
DA:813,0
DA:814,0
DA:816,0
DA:817,0
DA:818,0
DA:821,0
DA:822,0
DA:827,0
DA:828,0
DA:830,0
DA:831,0
DA:838,0
DA:839,0
DA:849,0
DA:851,0
DA:852,0
DA:854,0
DA:855,0
DA:857,0
DA:868,0
DA:869,0
DA:871,0
DA:872,0
DA:873,0
DA:887,0
DA:894,0
DA:895,0
DA:904,0
DA:905,0
DA:912,0
DA:913,0
DA:921,0
DA:936,0
DA:938,0
DA:939,0
DA:940,0
DA:942,0
DA:943,0
DA:956,0
DA:962,0
DA:964,0
DA:965,0
DA:966,0
DA:968,0
DA:969,0
DA:970,0
DA:971,0
DA:972,0
DA:975,0
DA:976,0
DA:979,0
DA:980,0
DA:981,0
DA:982,0
DA:985,0
DA:991,0
DA:997,0
DA:1001,0
DA:1007,0
DA:1011,0
DA:1017,0
DA:1021,0
DA:1027,0
DA:1031,0
DA:1038,0
DA:1056,0
DA:1057,0
DA:1062,0
DA:1069,0
DA:1070,0
DA:1072,0
DA:1077,0
DA:1083,0
DA:1087,0
DA:1093,0
DA:1097,0
DA:1103,0
DA:1107,0
DA:1114,0
DA:1115,0
DA:1117,0
DA:1122,0
DA:1129,0
DA:1130,0
DA:1132,0
DA:1142,2
DA:1143,1
DA:1144,6
DA:1147,1
LF:347
LH:127
BRDA:44,0,0,2
BRDA:45,1,0,8
BRDA:48,2,0,1
BRDA:48,2,1,8
BRDA:55,3,0,8
BRDA:55,3,1,1
BRDA:57,4,0,1
BRDA:57,4,1,7
BRDA:66,5,0,7
BRDA:66,5,1,5
BRDA:109,6,0,5
BRDA:109,6,1,6
BRDA:113,7,0,5
BRDA:113,7,1,1
BRDA:124,8,0,2
BRDA:124,8,1,4
BRDA:134,9,0,3
BRDA:137,10,0,1
BRDA:137,10,1,2
BRDA:140,11,0,0
BRDA:140,11,1,2
BRDA:143,12,0,1
BRDA:143,12,1,1
BRDA:153,13,0,1
BRDA:153,13,1,0
BRDA:153,14,0,1
BRDA:153,14,1,1
BRDA:159,15,0,1
BRDA:159,15,1,0
BRDA:159,16,0,1
BRDA:159,16,1,1
BRDA:161,17,0,1
BRDA:161,17,1,1
BRDA:162,18,0,0
BRDA:162,18,1,1
BRDA:169,19,0,1
BRDA:169,19,1,1
BRDA:171,20,0,1
BRDA:171,20,1,0
BRDA:178,21,0,1
BRDA:178,21,1,0
BRDA:178,22,0,1
BRDA:178,22,1,1
BRDA:184,23,0,1
BRDA:184,23,1,0
BRDA:184,24,0,1
BRDA:184,24,1,1
BRDA:193,25,0,0
BRDA:193,25,1,1
BRDA:193,26,0,1
BRDA:193,26,1,1
BRDA:193,26,2,1
BRDA:194,27,0,0
BRDA:194,27,1,0
BRDA:195,28,0,0
BRDA:195,28,1,0
BRDA:195,28,2,0
BRDA:195,28,3,0
BRDA:210,29,0,1
BRDA:210,29,1,0
BRDA:210,30,0,1
BRDA:210,30,1,1
BRDA:231,31,0,0
BRDA:231,31,1,1
BRDA:238,32,0,0
BRDA:238,32,1,0
BRDA:238,33,0,0
BRDA:238,33,1,0
BRDA:249,34,0,0
BRDA:249,34,1,0
BRDA:285,35,0,6
BRDA:285,35,1,0
BRDA:286,36,0,6
BRDA:286,36,1,0
BRDA:297,37,0,0
BRDA:303,38,0,11
BRDA:303,38,1,0
BRDA:303,39,0,11
BRDA:303,39,1,11
BRDA:304,40,0,3
BRDA:304,40,1,8
BRDA:304,41,0,11
BRDA:304,41,1,11
BRDA:313,42,0,3
BRDA:313,42,1,0
BRDA:403,43,0,0
BRDA:403,43,1,0
BRDA:448,44,0,0
BRDA:448,44,1,0
BRDA:448,45,0,0
BRDA:448,45,1,0
BRDA:463,46,0,0
BRDA:463,46,1,0
BRDA:463,47,0,0
BRDA:463,47,1,0
BRDA:479,48,0,4
BRDA:480,49,0,4
BRDA:483,50,0,1
BRDA:483,50,1,3
BRDA:489,51,0,1
BRDA:489,51,1,2
BRDA:498,52,0,1
BRDA:498,52,1,1
BRDA:501,53,0,0
BRDA:501,53,1,1
BRDA:501,54,0,1
BRDA:501,54,1,0
BRDA:504,55,0,0
BRDA:504,55,1,0
BRDA:515,56,0,1
BRDA:515,56,1,0
BRDA:515,57,0,1
BRDA:515,57,1,1
BRDA:525,58,0,0
BRDA:525,58,1,0
BRDA:544,59,0,0
BRDA:544,59,1,0
BRDA:558,60,0,0
BRDA:558,60,1,0
BRDA:565,61,0,0
BRDA:565,61,1,0
BRDA:565,62,0,0
BRDA:565,62,1,0
BRDA:578,63,0,0
BRDA:578,63,1,0
BRDA:578,64,0,0
BRDA:578,64,1,0
BRDA:586,65,0,0
BRDA:586,65,1,0
BRDA:587,66,0,0
BRDA:587,66,1,0
BRDA:588,67,0,0
BRDA:588,67,1,0
BRDA:588,67,2,0
BRDA:588,67,3,0
BRDA:622,68,0,0
BRDA:623,69,0,0
BRDA:623,69,1,0
BRDA:623,69,2,0
BRDA:623,69,3,0
BRDA:623,69,4,0
BRDA:623,69,5,0
BRDA:628,70,0,0
BRDA:628,70,1,0
BRDA:628,71,0,0
BRDA:628,71,1,0
BRDA:634,72,0,0
BRDA:634,72,1,0
BRDA:636,73,0,0
BRDA:636,73,1,0
BRDA:640,74,0,0
BRDA:640,74,1,0
BRDA:642,75,0,0
BRDA:642,75,1,0
BRDA:653,76,0,0
BRDA:653,76,1,0
BRDA:672,77,0,0
BRDA:672,77,1,0
BRDA:674,78,0,0
BRDA:674,78,1,0
BRDA:678,79,0,0
BRDA:678,79,1,0
BRDA:680,80,0,0
BRDA:680,80,1,0
BRDA:691,81,0,0
BRDA:691,81,1,0
BRDA:710,82,0,0
BRDA:710,82,1,0
BRDA:712,83,0,0
BRDA:712,83,1,0
BRDA:716,84,0,0
BRDA:716,84,1,0
BRDA:718,85,0,0
BRDA:718,85,1,0
BRDA:748,86,0,0
BRDA:748,86,1,0
BRDA:776,87,0,0
BRDA:776,87,1,0
BRDA:787,88,0,0
BRDA:787,88,1,0
BRDA:790,89,0,0
BRDA:790,89,1,0
BRDA:790,89,2,0
BRDA:794,90,0,0
BRDA:794,90,1,0
BRDA:811,91,0,0
BRDA:818,92,0,0
BRDA:818,92,1,0
BRDA:830,93,0,0
BRDA:830,93,1,0
BRDA:830,94,0,0
BRDA:830,94,1,0
BRDA:830,94,2,0
BRDA:849,95,0,0
BRDA:849,95,1,0
BRDA:851,96,0,0
BRDA:851,96,1,0
BRDA:854,97,0,0
BRDA:854,97,1,0
BRDA:867,98,0,0
BRDA:868,99,0,0
BRDA:868,99,1,0
BRDA:869,100,0,0
BRDA:869,100,1,0
BRDA:871,101,0,0
BRDA:871,101,1,0
BRDA:894,102,0,0
BRDA:894,102,1,0
BRDA:894,103,0,0
BRDA:894,103,1,0
BRDA:904,104,0,0
BRDA:904,104,1,0
BRDA:912,105,0,0
BRDA:912,105,1,0
BRDA:936,106,0,0
BRDA:936,106,1,0
BRDA:938,107,0,0
BRDA:938,107,1,0
BRDA:939,108,0,0
BRDA:939,108,1,0
BRDA:940,109,0,0
BRDA:940,109,1,0
BRDA:962,110,0,0
BRDA:968,111,0,0
BRDA:968,111,1,0
BRDA:968,112,0,0
BRDA:968,112,1,0
BRDA:969,113,0,0
BRDA:969,113,1,0
BRDA:969,114,0,0
BRDA:969,114,1,0
BRDA:979,115,0,0
BRDA:979,115,1,0
BRDA:1069,116,0,0
BRDA:1069,116,1,0
BRDA:1114,117,0,0
BRDA:1114,117,1,0
BRDA:1114,118,0,0
BRDA:1114,118,1,0
BRDA:1129,119,0,0
BRDA:1129,119,1,0
BRDA:1129,120,0,0
BRDA:1129,120,1,0
BRDA:1141,121,0,1
BRDA:1142,122,0,1
BRDA:1142,122,1,1
BRF:246
BRH:74
end_of_record
